# gen = 0
0.291461	3.583561
0.291461	3.583561
0.126835	4.140069
0.126835	4.140069
0.825466	2.602537
0.825466	2.602537
0.947425	3.413239
0.825466	2.602537
0.139268	3.886387
0.885894	2.095947
0.885894	2.095947
0.116593	4.086393
0.557501	3.860219
0.885894	2.095947
0.814095	2.194477
0.825782	2.807208
0.825782	2.807208
0.292139	3.541111
0.292139	3.541111
0.207315	4.141076
0.489115	3.636768
0.783448	3.032767
0.249139	3.719314
0.251658	3.777884
0.198855	4.074556
0.489115	3.636768
0.240303	3.550508
0.581596	3.806758
0.682570	2.858983
0.682570	2.198919
0.503755	3.678749
0.503755	3.678749
0.503755	3.678749
0.503755	3.678749
0.503755	3.678749
0.503755	3.678749
0.503755	3.678749
0.503755	3.678749
0.503755	3.678749
0.442153	3.776411

# gen = 1
0.294015	3.037816
0.294015	3.037816
0.128250	3.411308
0.825466	2.602537
0.825466	2.602537
0.825466	2.602537
0.947425	3.334095
0.825466	2.602537
0.827015	1.478945
0.885894	2.095947
0.885894	2.095947
0.489115	2.944799
0.885894	1.582278
0.885894	2.095947
0.814095	2.194477
0.885894	1.582278
0.885894	1.582278
0.249139	3.463094
0.489115	3.187557
0.489115	3.187557
0.297852	3.149631
0.783448	3.032767
0.247284	3.422121
0.503755	3.008841
0.504423	3.079139
0.581596	3.498813
0.581596	3.498813
0.503755	3.702996
0.503755	3.635909
0.510240	2.942126
0.503755	3.678749
0.503755	3.678749
0.503755	3.678749
0.503755	3.678749
0.503755	3.678749
0.503755	3.678749
0.503755	3.678749
0.503755	3.678749
0.503755	3.678749
0.442153	3.776411

# gen = 2
0.885894	1.786755
0.885894	1.786755
0.489115	2.941383
0.971582	2.475324
0.971582	2.475324
0.885894	1.810375
0.489115	2.742228
0.885894	1.810375
0.827015	1.478945
0.847952	1.153509
0.847952	1.153509
0.885894	1.034607
0.847952	1.153509
0.492466	2.061048
0.492466	2.061048
0.885894	1.034607
0.492466	2.061048
0.248919	2.816779
0.248919	2.816779
0.248919	2.816779
0.581596	2.841786
0.583978	2.664861
0.503462	3.052159
0.583978	2.664861
0.503755	2.820031
0.503755	2.820031
0.503755	2.820031
0.503755	3.630912
0.503755	3.630912
0.503755	2.820031
0.503755	3.675506
0.503755	3.675506
0.503755	3.675506
0.503755	3.723122
0.503755	3.723122
0.503755	3.723122
0.503755	3.723122
0.503755	3.723122
0.503755	3.723122
0.442153	3.776411

# gen = 3
0.827015	1.119441
0.827015	1.119441
0.971582	2.358554
0.885894	0.980081
0.885894	0.980081
0.885894	0.980081
0.885894	1.515624
0.885894	1.515624
0.885894	0.980081
0.827015	1.119441
0.847952	1.153509
0.885894	0.980081
0.847952	1.153509
0.229421	1.721210
0.229421	1.721210
0.885894	1.515624
0.229421	1.721210
0.503462	2.769573
0.583978	2.290587
0.583978	2.290587
0.583978	2.326597
0.502625	2.293866
0.502625	2.293866
0.502625	2.293866
0.502625	2.293866
0.502625	2.293866
0.502625	2.293866
0.503755	3.628164
0.503755	3.628164
0.502625	2.293866
0.503755	3.659781
0.503755	3.659781
0.503755	3.659781
0.503755	3.659781
0.503755	3.659781
0.503755	3.659781
0.503755	3.659781
0.503755	3.659781
0.503755	3.659781
0.441698	2.891898

# gen = 4
0.885894	0.972883
0.885894	0.972883
0.827015	0.916165
0.827015	0.916165
0.827015	0.916165
0.827015	0.916165
0.847952	1.153509
0.847952	1.153509
0.885894	0.994587
0.827015	0.916165
0.847952	1.153509
0.847952	1.153509
0.847952	1.153509
0.229421	1.683182
0.229421	1.687090
0.847952	1.153509
0.227885	1.569050
0.503462	1.931354
0.503462	1.931354
0.503462	1.931354
0.502625	2.318423
0.502625	2.293866
0.502629	1.963152
0.502629	1.963152
0.502629	1.963152
0.502629	1.963152
0.502629	1.963152
0.502544	2.713732
0.502544	2.713732
0.502629	1.963152
0.503755	3.659781
0.503755	3.659781
0.503755	3.659781
0.503755	3.659781
0.503755	3.662290
0.503755	3.662290
0.503755	3.662290
0.503755	3.662290
0.503755	3.662290
0.439965	2.865328

# gen = 5
0.827015	0.900511
0.827015	0.900511
0.827015	0.900511
0.827015	0.900511
0.827015	0.900511
0.827015	0.900511
0.827924	0.769787
0.827924	0.769787
0.827924	0.769787
0.827015	0.708456
0.827924	0.769787
0.827924	0.769787
0.827924	0.769787
0.240229	1.625599
0.233000	1.532032
0.847952	1.153509
0.233000	1.532032
0.502629	1.908224
0.502625	1.857691
0.502625	1.857691
0.502625	2.150984
0.494034	2.106928
0.502625	1.857691
0.502629	1.963152
0.502679	1.856723
0.502548	1.754091
0.502548	1.754091
0.502544	2.713732
0.502629	1.938156
0.502629	1.938156
0.503755	3.655510
0.503755	3.655510
0.503755	3.655510
0.503755	3.655510
0.503755	3.662290
0.503755	3.662290
0.503755	3.662290
0.503755	3.662290
0.503755	3.662290
0.439269	3.117218

# gen = 6
0.827018	0.669428
0.827018	0.669428
0.827004	0.745608
0.827924	0.649463
0.827924	0.649463
0.827924	0.649463
0.827924	0.758540
0.827924	0.758540
0.827924	0.758540
0.827004	0.745608
0.827924	0.758540
0.827924	0.567341
0.827924	0.567341
0.502625	1.474318
0.235433	1.382651
0.827924	0.567341
0.235433	1.382651
0.502625	1.769224
0.502625	1.769224
0.502625	1.769224
0.502629	1.756654
0.502629	1.956290
0.502629	1.802100
0.502629	1.956290
0.502629	1.802100
0.502548	1.732597
0.502548	1.754091
0.502629	1.809629
0.502629	1.809629
0.502629	1.809629
0.503755	3.650935
0.503755	3.650935
0.503755	3.650935
0.503755	3.650935
0.503755	3.650935
0.503755	3.650935
0.503755	3.650935
0.503755	3.650935
0.503755	3.650935
0.407519	3.668810

# gen = 7
0.827028	0.631004
0.827028	0.631004
0.827924	0.723740
0.827028	0.631004
0.827028	0.631004
0.827924	0.555569
0.827924	0.555569
0.827924	0.555569
0.827924	0.555569
0.827924	0.555569
0.827924	0.555569
0.827924	0.555569
0.827924	0.555569
0.226738	1.436008
0.502625	1.372364
0.827924	0.567341
0.502625	1.372364
0.502545	1.753598
0.502545	1.753598
0.502545	1.753598
0.502545	1.753598
0.502543	1.840453
0.502549	1.721849
0.502549	1.721849
0.502549	1.738278
0.502549	1.701059
0.502549	1.701059
0.502549	1.701059
0.502549	1.701059
0.502549	1.701059
0.503755	3.644537
0.503755	3.644537
0.503755	3.644537
0.503755	3.644537
0.503755	3.644537
0.503755	3.644537
0.503755	3.644537
0.503755	3.644537
0.503755	3.644537
0.407292	3.662613

# gen = 8
0.827924	0.554761
0.827924	0.554761
0.827005	0.440263
0.827924	0.555569
0.827924	0.555569
0.827924	0.555569
0.827924	0.555569
0.827924	0.566822
0.827924	0.555569
0.827924	0.554085
0.827924	0.554085
0.827924	0.554085
0.827924	0.554085
0.226738	1.404053
0.499099	1.365168
0.827924	0.554085
0.499099	1.365168
0.502549	1.728850
0.502543	1.732921
0.502543	1.732921
0.502549	1.693814
0.502549	1.722255
0.502549	1.707191
0.502549	1.707191
0.502549	1.699667
0.502549	1.699667
0.502549	1.681093
0.502549	1.681093
0.502549	1.681093
0.502549	1.724603
0.503755	3.642571
0.503755	3.642571
0.503755	3.642571
0.503755	3.642571
0.503755	3.642571
0.402515	3.725544
0.402515	3.725544
0.402515	3.725544
0.402515	3.725544
0.402515	3.725544

# gen = 9
0.826985	0.441845
0.826985	0.441845
0.827005	0.437171
0.827924	0.512599
0.827924	0.512599
0.827924	0.554085
0.827924	0.554085
0.827924	0.554085
0.827924	0.365854
0.827924	0.365854
0.827924	0.365854
0.827924	0.365854
0.827924	0.442631
0.827924	0.442631
0.827924	0.442631
0.827924	0.442631
0.827924	0.442631
0.502549	1.720287
0.502549	1.687112
0.502549	1.687112
0.502549	1.665261
0.502549	1.667003
0.502549	1.699667
0.502549	1.699667
0.502549	1.698436
0.502549	1.698436
0.502549	1.667003
0.502549	1.667003
0.502549	1.667003
0.502549	1.724603
0.503755	2.415339
0.503755	2.415339
0.503755	2.415339
0.503755	2.415339
0.503755	2.415339
0.402515	3.700736
0.402515	3.700736
0.402515	3.700736
0.402515	3.700736
0.402515	3.700736

# gen = 10
0.826985	0.410244
0.826985	0.410244
0.827924	0.351728
0.827924	0.365854
0.827924	0.365854
0.827924	0.442631
0.827924	0.365854
0.827924	0.365854
0.827924	0.438820
0.827924	0.323106
0.827924	0.323106
0.827924	0.432948
0.827924	0.432948
0.827924	0.432948
0.827924	0.432948
0.827924	0.432948
0.827924	0.432948
0.502549	1.707408
0.502549	1.666889
0.502549	1.666889
0.502549	1.661096
0.502549	1.661096
0.502549	1.668535
0.502481	1.682018
0.502549	1.696148
0.502549	1.690456
0.502553	1.658854
0.502553	1.658854
0.502553	1.658854
0.502553	1.658854
0.503755	2.415339
0.503755	2.415339
0.503755	2.415339
0.503755	2.415339
0.401728	3.219489
0.402515	3.700736
0.402515	3.700736
0.402515	3.700736
0.402515	3.700736
0.402515	3.700736

# gen = 11
0.827924	0.345420
0.827924	0.345420
0.827924	0.345420
0.827924	0.371123
0.827924	0.371123
0.827924	0.432759
0.827924	0.323133
0.827924	0.323133
0.827924	0.230502
0.827924	0.250982
0.827924	0.250982
0.827924	0.432948
0.827924	0.337714
0.827924	0.337714
0.827924	0.337714
0.827924	0.337714
0.827924	0.337714
0.502481	1.660074
0.502549	1.654103
0.502549	1.654103
0.502549	1.654103
0.502553	1.657117
0.502553	1.657117
0.502617	1.666232
0.502553	1.641409
0.502553	1.641409
0.502553	1.641409
0.502553	1.641409
0.502553	1.650804
0.502553	1.650804
0.503755	2.302522
0.503755	2.302522
0.503755	2.420316
0.503755	2.420316
0.402515	2.992924
0.402515	3.677420
0.402515	3.677420
0.402515	3.677420
0.402515	3.677420
0.402515	3.677420

# gen = 12
0.827924	0.310055
0.827924	0.310055
0.827924	0.310950
0.827924	0.208545
0.827924	0.208545
0.827924	0.216272
0.827924	0.244880
0.827924	0.244880
0.827924	0.213462
0.827924	0.342614
0.827924	0.342614
0.827924	0.337714
0.827924	0.337714
0.827924	0.337714
0.827924	0.337714
0.827924	0.337714
0.827924	0.337714
0.502553	1.644433
0.490097	1.442467
0.490097	1.442467
0.502553	1.640865
0.502553	1.633475
0.502553	1.639153
0.502617	1.650571
0.502553	1.639153
0.502553	1.639153
0.502553	1.639153
0.502553	1.639153
0.502617	1.650571
0.502617	1.650571
0.405143	2.286803
0.405143	2.286803
0.503755	2.331649
0.503755	2.331649
0.405143	2.286803
0.405143	2.286803
0.402515	3.677420
0.402515	3.677420
0.402515	3.677420
0.402515	3.677420

# gen = 13
0.827924	0.263164
0.827924	0.263164
0.827924	0.216272
0.827924	0.216272
0.827924	0.216272
0.827924	0.216272
0.827924	0.223292
0.827924	0.223292
0.827924	0.337714
0.827924	0.330332
0.827924	0.330332
0.827924	0.330332
0.827924	0.245065
0.827924	0.245065
0.827924	0.334163
0.827924	0.334163
0.827924	0.334163
0.490097	1.423362
0.490097	1.423362
0.490097	1.423362
0.502553	1.607655
0.502553	1.631540
0.502553	1.631540
0.502553	1.631540
0.502553	1.630827
0.502553	1.630827
0.502553	1.630827
0.406877	1.625735
0.406877	1.625735
0.406877	1.625735
0.405143	2.278485
0.405143	2.278485
0.405143	2.278485
0.395177	2.466492
0.395177	2.466492
0.395177	2.466492
0.395177	2.466492
0.395177	2.466492
0.395177	2.466492
0.395177	2.466492

# gen = 14
0.827924	0.216272
0.827924	0.216272
0.827924	0.216272
0.827924	0.191393
0.827924	0.191393
0.827924	0.242208
0.827924	0.270758
0.827924	0.270758
0.827924	0.242116
0.827924	0.338798
0.827924	0.338798
0.827924	0.223888
0.827924	0.223888
0.827924	0.223888
0.827924	0.331498
0.827924	0.331498
0.827924	0.331498
0.827924	0.331498
0.827924	0.331498
0.827924	0.331498
0.490425	1.449964
0.502553	1.630827
0.502553	1.629210
0.502553	1.629210
0.410754	1.559911
0.410754	1.559911
0.502553	1.625510
0.502553	1.625510
0.502553	1.625510
0.502553	1.625510
0.405143	2.266177
0.405143	2.266177
0.405143	2.266177
0.405143	2.266177
0.395177	2.437112
0.395177	2.437112
0.395177	2.437112
0.395177	2.437112
0.395177	2.437112
0.395177	2.437112

# gen = 15
0.827924	0.212810
0.827924	0.212810
0.827924	0.126463
0.827924	0.201755
0.827924	0.201755
0.827924	0.235506
0.827924	0.235506
0.827924	0.235506
0.827924	0.204989
0.827924	0.329025
0.827924	0.329025
0.827924	0.219239
0.827924	0.316721
0.827924	0.316721
0.827924	0.108211
0.827924	0.108211
0.827924	0.320970
0.827924	0.320970
0.827924	0.196414
0.827924	0.196414
0.827924	0.196414
0.502553	1.625365
0.502553	1.625365
0.502553	1.625365
0.827924	0.196414
0.827924	0.196414
0.502553	1.625510
0.502553	1.625510
0.502553	1.625510
0.502553	1.625510
0.405143	2.236525
0.405143	2.236525
0.405143	2.236525
0.405143	2.236525
0.395177	2.416964
0.395177	2.416964
0.395177	2.416964
0.395177	2.416964
0.395177	2.416964
0.395177	2.416964

# gen = 16
0.827924	0.139053
0.827924	0.139053
0.827924	0.080212
0.827924	0.080212
0.827924	0.080212
0.827924	0.235506
0.827924	0.235506
0.827924	0.235506
0.827924	0.230123
0.827924	0.316881
0.827924	0.316881
0.827924	0.105298
0.827924	0.196785
0.827924	0.196785
0.827924	0.196785
0.827924	0.196785
0.827924	0.196414
0.827924	0.196414
0.827924	0.196414
0.827924	0.196414
0.827924	0.189938
0.502486	1.140233
0.502553	1.578998
0.502553	1.613105
0.502486	1.140233
0.513215	1.458031
0.513215	1.458031
0.502553	1.576263
0.502553	1.597234
0.502553	1.597234
0.405143	2.196578
0.405143	2.196578
0.405143	2.196578
0.405143	2.196578
0.395177	2.418573
0.395177	2.418573
0.395177	2.418573
0.395177	2.418573
0.395177	2.418573
0.395177	2.418573

# gen = 17
0.827924	0.079383
0.827924	0.079383
0.827924	0.054316
0.827924	0.054316
0.827924	0.054316
0.828940	0.217305
0.827924	0.062329
0.827924	0.062329
0.827924	0.168687
0.827924	0.306922
0.827924	0.306922
0.827924	0.193332
0.827924	0.193332
0.827924	0.193332
0.827924	0.196414
0.827924	0.196414
0.827924	0.182812
0.827924	0.182812
0.827924	0.182812
0.827924	0.182812
0.827924	0.182812
0.502484	1.058114
0.502523	1.507624
0.502553	1.579945
0.502484	1.058114
0.513215	1.445389
0.513215	1.445389
0.513215	1.445389
0.513215	1.445389
0.513215	1.445389
0.405143	2.183906
0.405143	2.183906
0.405143	2.183906
0.405143	2.183906
0.395177	2.429632
0.395177	2.429632
0.395177	2.429632
0.395177	2.429632
0.395177	2.429632
0.395177	2.429632

# gen = 18
0.827909	0.076311
0.827909	0.076311
0.827924	0.022091
0.827924	0.022091
0.827924	0.022091
0.827924	0.191893
0.827924	0.191893
0.827924	0.191893
0.827924	0.159634
0.827924	0.215427
0.827924	0.215427
0.827924	0.174696
0.827924	0.202109
0.827924	0.202109
0.827924	0.182812
0.827924	0.182812
0.827924	0.185239
0.827924	0.185239
0.827924	0.185239
0.827924	0.185239
0.827924	0.185239
0.502484	1.015154
0.513215	1.428071
0.513215	1.438581
0.502484	1.015154
0.513215	1.438581
0.513215	1.438581
0.513215	1.438581
0.513215	1.438581
0.513215	1.438581
0.405143	2.166467
0.405143	2.166467
0.405143	2.166467
0.405143	2.166467
0.395035	2.332468
0.372823	2.685024
0.372823	2.685024
0.372823	2.685024
0.372823	2.685024
0.372823	2.685024

# gen = 19
0.827924	-0.009174
0.827924	-0.009174
0.827924	-0.009174
0.827924	0.070293
0.827924	0.070293
0.827924	0.125219
0.827924	0.125219
0.827924	0.125219
0.827924	0.213896
0.827924	0.185237
0.827924	0.185237
0.827924	0.243253
0.827924	0.185239
0.827924	0.185239
0.827924	0.126063
0.827924	0.126063
0.827924	0.204523
0.827924	0.204523
0.827924	0.177921
0.827924	0.177921
0.827924	0.177921
0.502484	1.011291
0.405643	1.291097
0.501717	1.151737
0.502484	1.011291
0.501717	1.151737
0.501717	1.151737
0.501717	1.151737
0.501717	1.151737
0.513215	1.435410
0.405143	2.140081
0.405143	2.140081
0.405143	2.140081
0.405143	2.140081
0.372823	2.035650
0.372302	2.604586
0.372302	2.604586
0.372302	2.604586
0.372302	2.604586
0.372302	2.604586

# gen = 20
0.827924	-0.009174
0.827924	-0.001253
0.827924	-0.001253
0.827924	-0.001253
0.827924	-0.001253
0.827924	0.125219
0.827924	0.133578
0.827924	0.133578
0.827924	0.186487
0.827924	0.176066
0.827924	0.176066
0.827924	0.212054
0.827924	0.128014
0.827924	0.128014
0.827924	0.142121
0.827924	0.142121
0.827924	0.142121
0.827924	0.142121
0.827924	0.142121
0.827924	0.142121
0.827924	0.142121
0.501719	0.982353
0.405153	1.260259
0.501717	1.141514
0.501719	0.982353
0.501717	1.151737
0.501717	1.151737
0.501717	1.151737
0.501717	1.151737
0.501689	1.212272
0.372823	2.003848
0.372823	2.003848
0.372823	2.003848
0.372823	2.003848
0.372318	2.212397
0.372302	2.196727
0.372302	2.196727
0.372302	2.196727
0.372302	2.196727
0.372302	2.196727

# gen = 21
0.827924	-0.009231
0.827924	-0.010658
0.827924	0.021852
0.827924	0.021852
0.827924	0.021852
0.827924	0.105202
0.827924	0.128014
0.827924	0.128014
0.827924	0.177861
0.827924	0.142121
0.827924	0.142121
0.827924	0.201647
0.827924	0.157397
0.827924	0.157397
0.827924	0.144105
0.827924	0.153246
0.827924	0.081376
0.827924	0.081376
0.827924	0.081376
0.827924	0.081376
0.827924	0.081376
0.501719	0.976963
0.501717	1.145545
0.501717	1.137422
0.501719	0.976963
0.501717	1.137514
0.501717	1.137514
0.501717	1.137514
0.501717	1.137514
0.501689	1.213055
0.372313	1.995570
0.372313	1.995570
0.372313	1.995570
0.372313	1.995570
0.372313	1.995570
0.372302	2.196727
0.372302	2.196727
0.372302	2.196727
0.372302	2.196727
0.372302	2.196727

# gen = 22
0.827924	-0.013819
0.827924	-0.013819
0.827924	-0.008665
0.827924	-0.008665
0.827924	-0.008665
0.834784	0.022102
0.827924	0.109177
0.827924	0.109177
0.827924	0.130718
0.827924	0.146080
0.827924	0.146080
0.827924	0.063739
0.827924	0.063739
0.827924	0.063739
0.827924	0.063739
0.827924	0.076297
0.827924	0.076297
0.827924	0.082968
0.827924	0.082968
0.827924	0.082968
0.827924	0.058636
0.827924	0.058636
0.501717	1.128713
0.501717	1.126196
0.488990	0.760363
0.501717	1.036437
0.501717	1.036437
0.501717	1.036437
0.501717	1.036437
0.501689	1.191156
0.372313	1.995570
0.372313	1.995570
0.372313	1.995570
0.372313	1.995570
0.372313	1.995570
0.372302	2.196727
0.372302	2.196727
0.372302	2.196727
0.372302	2.196727
0.372302	2.196727

# gen = 23
0.827924	-0.016538
0.827924	-0.016538
0.827924	-0.016538
0.827924	-0.016538
0.827924	-0.016538
0.834784	0.007713
0.827924	0.048910
0.827924	0.048910
0.827924	0.131462
0.827924	0.110554
0.827924	0.110554
0.827924	0.064887
0.827924	0.062712
0.827924	0.062712
0.827924	-0.029847
0.827924	-0.029847
0.827924	-0.029847
0.827924	-0.029847
0.827924	-0.029847
0.827924	-0.029847
0.488990	0.760363
0.488990	0.760363
0.501717	1.036437
0.501717	1.026058
0.488990	0.760363
0.501689	1.022371
0.501689	1.022371
0.501689	1.022371
0.501689	1.022371
0.501689	1.189520
0.372313	1.969857
0.372313	1.969857
0.372313	1.969857
0.372313	1.969857
0.372302	1.998684
0.372302	1.998684
0.372302	1.998684
0.372302	1.998684
0.372302	1.998684
0.372302	1.998684

# gen = 24
0.834784	-0.127314
0.834784	-0.127314
0.827924	-0.016538
0.827924	-0.016538
0.827924	-0.016538
0.834784	-0.005201
0.834784	-0.005201
0.834784	-0.005201
0.827924	-0.013877
0.827924	-0.029847
0.827924	-0.029847
0.827924	0.070548
0.827924	-0.024089
0.827924	-0.024089
0.827924	-0.036862
0.827924	-0.036862
0.827924	-0.036862
0.827924	-0.036862
0.827924	-0.036862
0.827924	-0.036862
0.488990	0.760363
0.488990	0.760363
0.501689	1.022371
0.501689	1.022371
0.428212	0.731073
0.428212	0.731073
0.428212	0.731073
0.428212	0.731073
0.428212	0.731073
0.428212	0.731073
0.372313	1.959144
0.372313	1.959144
0.372313	1.959144
0.372313	1.959144
0.372302	2.015949
0.372302	2.015949
0.372302	2.015949
0.372302	2.015949
0.372302	2.015949
0.372302	2.015949

# gen = 25
0.834784	-0.160357
0.834784	-0.160357
0.827924	-0.016538
0.827924	-0.016538
0.827924	-0.016538
0.827924	-0.030359
0.827924	-0.030824
0.827924	-0.030824
0.827924	-0.023118
0.827924	-0.030651
0.827924	-0.030651
0.827924	-0.036862
0.827924	-0.036862
0.827924	-0.036862
0.827924	-0.036285
0.827924	-0.036862
0.827924	-0.036862
0.827924	-0.036862
0.827924	-0.036862
0.827924	-0.036862
0.428212	0.720092
0.428212	0.701037
0.428212	0.701037
0.428212	0.701037
0.428212	0.701037
0.428212	0.701037
0.428212	0.701037
0.428212	0.701037
0.428212	0.739974
0.428212	0.739974
0.372313	1.887948
0.372313	1.887948
0.372313	1.887948
0.372313	1.887948
0.372302	2.015949
0.372302	2.015949
0.372302	2.015949
0.372302	2.015949
0.372302	2.015949
0.372302	2.015949

# gen = 26
0.834784	-0.160357
0.834784	-0.160357
0.827924	-0.027147
0.827924	-0.027147
0.827924	-0.027147
0.827924	-0.032058
0.827924	-0.036862
0.827924	-0.036862
0.827924	-0.040268
0.827924	-0.036862
0.827924	-0.036862
0.827924	-0.036862
0.827924	-0.039460
0.827924	-0.039460
0.827924	-0.051193
0.827924	-0.019972
0.827924	-0.019972
0.827924	-0.036862
0.827924	-0.036862
0.827924	-0.036862
0.428212	0.682303
0.428212	0.682303
0.428212	0.696581
0.428212	0.696581
0.428212	0.696581
0.428212	0.696581
0.428212	0.696581
0.428212	0.696581
0.428212	0.721376
0.428212	0.721376
0.372303	1.855478
0.372303	1.855478
0.372303	1.855478
0.372303	1.855478
0.372302	1.908047
0.372302	1.908047
0.372302	1.908047
0.372302	1.908047
0.372302	1.908047
0.372302	1.908047

# gen = 27
0.834784	-0.199638
0.834784	-0.199638
0.827924	-0.093311
0.827924	-0.030030
0.827924	-0.030030
0.827924	-0.037956
0.827924	-0.049154
0.827924	-0.049154
0.827924	-0.051735
0.827924	-0.055593
0.827924	-0.055593
0.827924	-0.035983
0.827924	-0.050901
0.827924	-0.050901
0.827924	-0.037086
0.827924	-0.009530
0.827924	-0.009530
0.827924	-0.009530
0.827924	-0.009530
0.827924	-0.009530
0.472130	0.658885
0.472130	0.658885
0.428212	0.675010
0.428212	0.681801
0.428212	0.681801
0.428212	0.681801
0.428212	0.681801
0.428212	0.681801
0.428212	0.681801
0.428212	0.681801
0.372302	1.848579
0.372302	1.848579
0.372302	1.848579
0.372302	1.848579
0.372302	1.908047
0.372302	1.908047
0.372302	1.908047
0.372302	1.908047
0.372302	1.908047
0.372302	1.908047

# gen = 28
0.834784	-0.200483
0.834784	-0.200483
0.834784	-0.200483
0.827924	-0.050022
0.827924	-0.050022
0.827924	-0.051780
0.827924	-0.051780
0.827924	-0.051780
0.827924	-0.055593
0.827924	-0.056029
0.827924	-0.056029
0.827924	-0.035868
0.827924	-0.009530
0.827924	-0.009530
0.827924	-0.009530
0.827924	-0.009530
0.827924	-0.009530
0.827924	-0.009530
0.827924	-0.009530
0.442875	0.441369
0.442875	0.441369
0.442875	0.441369
0.428212	0.639648
0.428212	0.639648
0.428212	0.639648
0.428212	0.639648
0.428212	0.639648
0.428212	0.639648
0.428212	0.710027
0.428212	0.710027
0.372302	1.841296
0.372302	1.841296
0.372302	1.841296
0.372302	1.841296
0.372302	1.893255
0.372302	1.893255
0.372302	1.893255
0.372302	1.893255
0.372302	1.893255
0.372302	1.893255

# gen = 29
0.834784	-0.200483
0.834784	-0.200483
0.834784	-0.250649
0.828136	-0.145466
0.828136	-0.145466
0.828136	-0.145466
0.827924	-0.061998
0.827924	-0.061998
0.827924	-0.058707
0.827924	-0.058707
0.827924	0.003291
0.827924	0.003291
0.827924	-0.009530
0.827924	-0.009530
0.827924	-0.009530
0.827924	-0.009530
0.827924	-0.009530
0.827924	-0.009530
0.827924	-0.009530
0.442875	0.435637
0.442875	0.435637
0.442875	0.435637
0.428212	0.612952
0.428212	0.612952
0.428212	0.612952
0.428212	0.626489
0.428212	0.626489
0.428212	0.626489
0.428212	0.626489
0.428212	0.626489
0.303745	1.691064
0.303745	1.691064
0.303745	1.691064
0.303745	1.691064
0.372302	1.868847
0.372302	1.868847
0.372302	1.868847
0.372302	1.868847
0.372302	1.868847
0.372302	1.868847

# gen = 30
0.834784	-0.200483
0.834784	-0.200483
0.834784	-0.250649
0.827923	-0.151538
0.827923	-0.151538
0.827923	-0.151538
0.828136	-0.142929
0.828136	-0.142929
0.828136	-0.142929
0.827924	-0.032621
0.827924	-0.032621
0.827924	-0.012292
0.827924	-0.051799
0.827924	-0.051799
0.827924	-0.051799
0.827924	-0.009530
0.827924	-0.089742
0.827924	-0.089742
0.827924	-0.089742
0.442875	0.435637
0.442875	0.435637
0.442875	0.435637
0.428212	0.589321
0.428212	0.607911
0.428212	0.607911
0.428212	0.607911
0.428212	0.607911
0.428212	0.607911
0.428212	0.632160
0.428212	0.632160
0.403137	1.488937
0.403137	1.488937
0.403137	1.488937
0.372941	1.272220
0.372302	1.909734
0.372302	1.909734
0.372302	1.909734
0.372302	1.909734
0.372302	1.909734
0.372302	1.909734

# gen = 31
0.834784	-0.220580
0.834784	-0.220580
0.834784	-0.220580
0.827923	-0.151538
0.827923	-0.151538
0.827923	-0.151538
0.827923	-0.142295
0.827924	-0.091168
0.827924	-0.085406
0.827924	-0.048398
0.827924	-0.048398
0.827924	-0.007804
0.827924	-0.124807
0.827924	-0.124807
0.827924	-0.108059
0.827924	-0.104136
0.827924	-0.104136
0.827924	-0.104136
0.451431	0.367227
0.451431	0.367227
0.451431	0.367227
0.451431	0.367227
0.428212	0.474813
0.428212	0.586545
0.428212	0.579892
0.428212	0.579892
0.428212	0.579892
0.428212	0.579892
0.428212	0.579892
0.428212	0.579892
0.378260	1.266961
0.378260	1.266961
0.378260	1.266961
0.372941	1.272181
0.372302	1.909730
0.372302	1.909730
0.372302	1.909730
0.372302	1.909730
0.372302	1.909730
0.372302	1.909730

# gen = 32
0.834784	-0.220580
0.834784	-0.220580
0.834784	-0.220580
0.827923	-0.155223
0.827923	-0.155223
0.827923	-0.155223
0.827923	-0.155223
0.827924	-0.115920
0.827924	-0.101195
0.827924	-0.101195
0.827924	-0.101195
0.827924	-0.122285
0.827924	-0.079833
0.827924	-0.079833
0.827924	-0.079833
0.827924	-0.110168
0.827924	-0.110168
0.827924	-0.160801
0.451431	0.367227
0.451431	0.367227
0.451431	0.367227
0.451431	0.367227
0.428212	0.455005
0.478073	0.540039
0.478073	0.540039
0.478073	0.540039
0.428212	0.455005
0.428212	0.455005
0.428212	0.455005
0.428212	0.455005
0.379688	1.181222
0.379688	1.181222
0.371818	1.259100
0.371818	1.259100
0.372302	1.902068
0.372302	1.902068
0.372302	1.902068
0.372302	1.902068
0.372302	1.902068
0.372302	1.902068

# gen = 33
0.834784	-0.220580
0.834784	-0.220580
0.834784	-0.220580
0.827923	-0.156691
0.827923	-0.156691
0.827903	-0.155709
0.827811	-0.144607
0.827924	-0.130988
0.827924	-0.103140
0.827924	-0.091186
0.827924	-0.091186
0.827924	-0.121190
0.827924	-0.079833
0.827924	-0.079833
0.827924	-0.122700
0.827924	-0.122700
0.827924	-0.122700
0.451431	0.316594
0.451431	0.316594
0.451431	0.316594
0.451060	0.338469
0.451060	0.338469
0.451431	0.371113
0.428212	0.448307
0.428212	0.457821
0.428212	0.457821
0.428212	0.457821
0.428212	0.457821
0.428212	0.457821
0.428212	0.457821
0.385236	1.146701
0.385236	1.146701
0.371818	1.259100
0.371818	1.259100
0.372302	1.902068
0.372302	1.902068
0.372302	1.902068
0.372302	1.902068
0.372302	1.902068
0.372302	1.902068

# gen = 34
0.834784	-0.220580
0.834784	-0.220580
0.834784	-0.220580
0.827903	-0.168906
0.827903	-0.168906
0.827812	-0.168296
0.827804	-0.177576
0.827804	-0.177576
0.827924	-0.068371
0.827924	-0.068371
0.827924	-0.068371
0.827924	-0.154586
0.827924	-0.076078
0.827924	-0.076078
0.827924	-0.076078
0.827924	-0.076078
0.451431	0.273434
0.451431	0.273434
0.451431	0.273434
0.451431	0.273434
0.442588	0.318363
0.442588	0.318363
0.442588	0.318363
0.429318	0.432550
0.429318	0.432550
0.429318	0.432550
0.428212	0.507536
0.428212	0.507536
0.428212	0.507536
0.428212	0.507536
0.385236	1.115652
0.385236	1.115652
0.371818	1.262865
0.371818	1.262865
0.371818	1.262865
0.371818	1.262865
0.371818	1.262865
0.371818	1.262865
0.371818	1.262865
0.371818	1.262865

# gen = 35
0.834784	-0.220580
0.834784	-0.220580
0.834784	-0.220580
0.827904	-0.210234
0.827904	-0.210234
0.827812	-0.200240
0.827801	-0.144993
0.827801	-0.144993
0.827924	-0.065949
0.827924	-0.132438
0.827924	-0.132438
0.827924	-0.147268
0.827924	-0.147268
0.827924	-0.147268
0.827924	-0.147268
0.827924	-0.147268
0.451431	0.272300
0.451431	0.272300
0.451431	0.272300
0.451431	0.272300
0.442588	0.318363
0.442588	0.318363
0.442588	0.318363
0.429318	0.371152
0.429318	0.371152
0.429318	0.371152
0.428206	0.454534
0.428212	0.509478
0.428212	0.509478
0.428212	0.509478
0.428212	0.509478
0.385236	1.115652
0.371818	1.262865
0.371818	1.262865
0.371818	1.262865
0.371818	1.262865
0.371818	1.262865
0.371818	1.262865
0.371818	1.262865
0.371818	1.262865

# gen = 36
0.827900	-0.236079
0.827900	-0.236079
0.827900	-0.236079
0.827900	-0.236079
0.827900	-0.236079
0.827800	-0.181109
0.827800	-0.181109
0.827800	-0.181109
0.827924	-0.160681
0.827924	-0.160681
0.827924	-0.160681
0.827924	-0.174374
0.827924	-0.137597
0.827924	-0.137597
0.827924	-0.137597
0.827924	-0.137597
0.451431	0.235666
0.451431	0.235666
0.451431	0.235666
0.451431	0.235666
0.451431	0.235666
0.451431	0.235666
0.451431	0.235666
0.451431	0.235666
0.429318	0.371152
0.428208	0.384765
0.428206	0.471699
0.428206	0.471699
0.428206	0.471699
0.428206	0.471699
0.385236	1.027442
0.385236	1.086515
0.371818	1.260286
0.371818	1.260286
0.371818	1.260286
0.371818	1.260286
0.371818	1.260286
0.371818	1.260286
0.371818	1.260286
0.371818	1.260286

# gen = 37
0.827900	-0.254319
0.827900	-0.254319
0.827900	-0.252576
0.827800	-0.224714
0.827800	-0.224714
0.827800	-0.221621
0.827800	-0.221621
0.827800	-0.221621
0.827800	-0.203874
0.827924	-0.211056
0.827924	-0.211056
0.827924	-0.174614
0.827924	-0.174614
0.827924	-0.174614
0.827924	-0.165093
0.827924	-0.165093
0.451431	0.230866
0.451431	0.230866
0.451431	0.234033
0.451431	0.234033
0.451431	0.234033
0.451431	0.235666
0.451431	0.237385
0.451431	0.237385
0.429318	0.346233
0.428208	0.384765
0.428206	0.501165
0.428206	0.469265
0.428206	0.469265
0.428206	0.469265
0.385236	0.984598
0.385236	0.984598
0.371818	1.262044
0.371818	1.283357
0.371818	1.283357
0.371818	1.283357
0.371818	1.283357
0.371818	1.283357
0.371818	1.283357
0.371818	1.283357

# gen = 38
0.827800	-0.270353
0.827800	-0.270353
0.827800	-0.270353
0.827786	-0.295575
0.827800	-0.196309
0.827800	-0.221621
0.827800	-0.221621
0.827800	-0.221621
0.827798	-0.193512
0.827924	-0.213356
0.827924	-0.213356
0.827924	-0.213356
0.827924	-0.232986
0.827924	-0.232986
0.827924	-0.232986
0.451431	0.219847
0.451431	0.219847
0.451431	0.219847
0.451431	0.219847
0.451431	0.219847
0.451431	0.219847
0.451431	0.234780
0.451431	0.234780
0.451431	0.234780
0.429318	0.346233
0.428206	0.385075
0.428206	0.469070
0.428206	0.469070
0.428206	0.469070
0.428206	0.469070
0.385236	0.984598
0.385236	0.984598
0.371818	1.158317
0.371818	1.158317
0.371818	1.158317
0.371818	1.158317
0.371818	1.158317
0.371818	1.158317
0.371818	1.158317
0.371818	1.158317

# gen = 39
0.827800	-0.274268
0.827800	-0.274268
0.827800	-0.274268
0.827779	-0.271526
0.827800	-0.264833
0.827798	-0.197899
0.827798	-0.197899
0.827798	-0.197899
0.827798	-0.197899
0.827924	-0.213356
0.827924	-0.213356
0.827924	-0.213356
0.827924	-0.213356
0.827924	-0.213356
0.827924	-0.213356
0.451431	0.198560
0.451431	0.198560
0.451431	0.217546
0.451431	0.209199
0.451431	0.209199
0.451431	0.209199
0.451431	0.231524
0.451431	0.233621
0.451431	0.233621
0.429318	0.346233
0.428206	0.385075
0.428206	0.449405
0.428206	0.449405
0.428206	0.449405
0.428206	0.449405
0.385236	0.982922
0.385236	0.982922
0.370926	1.122350
0.370926	1.122350
0.370926	1.122350
0.370926	1.122350
0.370926	1.122350
0.370926	1.122350
0.370926	1.122350
0.370926	1.122350

# gen = 40
0.827800	-0.289899
0.827800	-0.289899
0.827800	-0.275747
0.827779	-0.271526
0.827800	-0.289899
0.827788	-0.239748
0.827788	-0.239748
0.827788	-0.239748
0.827798	-0.207082
0.827924	-0.210666
0.827924	-0.210666
0.827924	-0.213356
0.827924	-0.213356
0.827924	-0.213356
0.827924	-0.213356
0.451431	0.198477
0.451431	0.198477
0.451431	0.209635
0.451431	0.198477
0.451431	0.198477
0.451431	0.198477
0.451431	0.209635
0.451431	0.209635
0.451431	0.238132
0.429318	0.342956
0.427011	0.352050
0.428206	0.457787
0.428206	0.457787
0.428206	0.457787
0.399480	0.799534
0.399480	0.799534
0.385236	0.983932
0.370926	1.121723
0.370926	1.121723
0.370926	1.121723
0.370926	1.121723
0.370926	1.121723
0.370926	1.121723
0.370926	1.121723
0.370926	1.121723

# gen = 41
0.827800	-0.290968
0.827800	-0.290968
0.827788	-0.268291
0.827779	-0.267188
0.827788	-0.247738
0.827788	-0.247738
0.827788	-0.247738
0.827788	-0.247738
0.827790	-0.243575
0.827924	-0.198401
0.827924	-0.198401
0.827924	-0.186328
0.827924	-0.186328
0.827924	-0.186328
0.827924	-0.186328
0.451431	0.175158
0.451431	0.175158
0.451431	0.175673
0.451431	0.175673
0.451431	0.175673
0.451431	0.175673
0.451431	0.175673
0.451431	0.175673
0.451431	0.175673
0.428813	0.328551
0.427011	0.352050
0.427544	0.435113
0.427544	0.435113
0.427544	0.435113
0.399480	0.741426
0.399480	0.765833
0.385236	0.981716
0.370926	1.096866
0.370926	1.096866
0.370926	1.096866
0.370926	1.096866
0.370926	1.096866
0.370926	1.096866
0.370926	1.096866
0.370926	1.096866

# gen = 42
0.827800	-0.290968
0.827800	-0.290968
0.827788	-0.268291
0.827773	-0.273032
0.827773	-0.273032
0.827773	-0.273032
0.827773	-0.273032
0.827773	-0.273032
0.827788	-0.248392
0.827924	-0.205973
0.827924	-0.205973
0.827924	-0.205973
0.827924	-0.205973
0.827924	-0.205973
0.827924	-0.205973
0.451431	0.175133
0.451431	0.175133
0.451431	0.175673
0.451431	0.175673
0.451431	0.175673
0.451431	0.175673
0.451431	0.175673
0.451431	0.175673
0.451431	0.175673
0.428912	0.303546
0.427011	0.352050
0.427544	0.462774
0.427544	0.357346
0.427544	0.357346
0.399480	0.741426
0.399480	0.765833
0.385236	0.981716
0.370926	1.096866
0.370926	1.096866
0.370926	1.096866
0.370926	1.096866
0.370926	1.096866
0.370926	1.096866
0.370926	1.096866
0.370926	1.096866

# gen = 43
0.827800	-0.297049
0.827800	-0.297049
0.827773	-0.273092
0.827773	-0.282250
0.827773	-0.282250
0.827773	-0.282250
0.827773	-0.282250
0.827773	-0.282250
0.827788	-0.249061
0.827924	-0.205973
0.827924	-0.205973
0.827924	-0.242079
0.827924	-0.205973
0.827924	-0.205973
0.827924	-0.205973
0.451431	0.163611
0.451431	0.163611
0.451431	0.163611
0.451431	0.163611
0.451431	0.163611
0.451431	0.163611
0.451431	0.163611
0.451431	0.166127
0.451431	0.166127
0.451431	0.166127
0.427011	0.343445
0.451431	0.166127
0.427011	0.343445
0.427011	0.343445
0.398221	0.709495
0.398221	0.709495
0.385236	0.981716
0.369544	1.063275
0.369544	1.063275
0.369544	1.063275
0.369544	1.063275
0.369544	1.063275
0.369544	1.063275
0.369544	1.063275
0.369544	1.063275

# gen = 44
0.827800	-0.326467
0.827800	-0.326467
0.827773	-0.280763
0.827773	-0.286672
0.827773	-0.286672
0.827773	-0.280763
0.827773	-0.280763
0.827773	-0.280763
0.827788	-0.249816
0.827924	-0.209807
0.827924	-0.209807
0.827924	-0.178327
0.827924	-0.178327
0.827924	-0.178327
0.827924	-0.178327
0.451431	0.162917
0.451431	0.162917
0.451431	0.162917
0.451431	0.162917
0.451431	0.162917
0.451431	0.162917
0.451431	0.162917
0.451431	0.166127
0.451431	0.166127
0.451431	0.166127
0.427377	0.290522
0.427377	0.290522
0.427011	0.355296
0.427011	0.355296
0.398221	0.669323
0.398221	0.694894
0.373415	0.973553
0.369544	1.032074
0.369544	1.032074
0.369544	1.032074
0.369544	1.032074
0.369544	1.032074
0.369544	1.032074
0.369544	1.032074
0.369544	1.032074

# gen = 45
0.827800	-0.326467
0.827800	-0.326467
0.827772	-0.282995
0.827800	-0.319736
0.827800	-0.319736
0.827772	-0.282995
0.827773	-0.280763
0.827773	-0.280763
0.827773	-0.280763
0.827924	-0.209881
0.827924	-0.209881
0.827924	-0.209881
0.827924	-0.209881
0.827924	-0.209881
0.827924	-0.209881
0.451431	0.160465
0.451431	0.160465
0.451431	0.160465
0.451431	0.162831
0.451431	0.162831
0.451431	0.162831
0.451431	0.162831
0.451431	0.162831
0.451431	0.162831
0.451431	0.162831
0.426922	0.310347
0.427011	0.355056
0.427011	0.355056
0.427011	0.355056
0.398221	0.663180
0.398221	0.694232
0.373371	0.966537
0.369544	1.032074
0.369544	1.032074
0.369544	1.032074
0.369544	1.032074
0.369544	1.032074
0.369544	1.032074
0.369544	1.032074
0.369544	1.032074

# gen = 46
0.827772	-0.331316
0.827772	-0.331316
0.827773	-0.284723
0.827773	-0.326073
0.827773	-0.326073
0.827769	-0.263649
0.827769	-0.263649
0.827769	-0.263649
0.827769	-0.263649
0.827924	-0.209881
0.827924	-0.209881
0.827924	-0.209881
0.827924	-0.261726
0.827924	-0.261726
0.827924	-0.261726
0.451431	0.158211
0.451431	0.158211
0.451431	0.158211
0.451431	0.157301
0.451431	0.157301
0.451431	0.157301
0.451431	0.162831
0.451431	0.162831
0.451431	0.162831
0.451431	0.162831
0.426922	0.310347
0.427011	0.312272
0.427011	0.312272
0.427011	0.312272
0.398221	0.648824
0.398221	0.648824
0.373371	0.942738
0.369544	1.031230
0.369544	1.031230
0.369544	1.031230
0.369544	1.031230
0.369544	1.031230
0.369544	1.031230
0.369544	1.031230
0.369544	1.031230

# gen = 47
0.827772	-0.331316
0.827772	-0.331316
0.827774	-0.335815
0.827772	-0.324592
0.827769	-0.311083
0.827769	-0.311083
0.827769	-0.263334
0.827769	-0.263334
0.827769	-0.263334
0.827924	-0.239079
0.827924	-0.239079
0.827924	-0.239079
0.827924	-0.239079
0.827924	-0.239079
0.827924	-0.239079
0.451431	0.156722
0.451431	0.133724
0.451431	0.155369
0.451431	0.157248
0.451431	0.157248
0.451431	0.157248
0.451431	0.157248
0.451431	0.157248
0.451431	0.162831
0.451431	0.162831
0.426922	0.310347
0.427011	0.312243
0.427011	0.312243
0.427011	0.326846
0.397007	0.663463
0.397083	0.668705
0.373371	0.942738
0.369544	1.031230
0.369544	1.031230
0.369544	1.031230
0.369544	1.031230
0.369544	1.031230
0.369544	1.031230
0.369544	1.031230
0.369544	1.031230

# gen = 48
0.827772	-0.343043
0.827772	-0.343043
0.827772	-0.343043
0.827772	-0.343043
0.827769	-0.306230
0.827765	-0.287034
0.827769	-0.263537
0.827769	-0.263537
0.827769	-0.263537
0.827924	-0.241123
0.827924	-0.241123
0.827924	-0.241123
0.827924	-0.241123
0.827924	-0.241123
0.827924	-0.241123
0.451431	0.155639
0.451431	0.133724
0.451431	0.153121
0.451431	0.153121
0.451431	0.153121
0.451431	0.138246
0.451431	0.138246
0.451431	0.138246
0.451431	0.162665
0.451431	0.162665
0.426791	0.308799
0.427011	0.282171
0.427011	0.282171
0.427011	0.282171
0.397007	0.644475
0.397007	0.665469
0.374541	0.921308
0.369544	1.029842
0.369544	1.029842
0.369544	1.029842
0.369544	1.029842
0.369544	1.029842
0.369544	1.029842
0.369544	1.029842
0.369544	1.029842

# gen = 49
0.827772	-0.348834
0.827772	-0.348834
0.827772	-0.338034
0.827767	-0.326740
0.827767	-0.326740
0.827765	-0.284068
0.827769	-0.263537
0.827769	-0.263537
0.827769	-0.263537
0.827924	-0.256062
0.827924	-0.256062
0.827924	-0.256062
0.827924	-0.256062
0.827924	-0.256062
0.827924	-0.256062
0.451431	0.137673
0.451431	0.130621
0.453087	0.136817
0.451431	0.138246
0.451431	0.138246
0.451431	0.138246
0.443926	0.125572
0.443926	0.125572
0.443926	0.125572
0.427011	0.258286
0.426583	0.264310
0.427011	0.289207
0.427011	0.289207
0.427011	0.289207
0.397007	0.647164
0.397007	0.647164
0.374541	0.921308
0.369544	1.038760
0.369544	1.038760
0.369544	1.038760
0.369544	1.038760
0.369544	1.038760
0.369544	1.038760
0.369544	1.038760
0.369544	1.038760

# gen = 50
0.827767	-0.356747
0.827767	-0.356747
0.827767	-0.356747
0.827767	-0.325847
0.827767	-0.325847
0.827765	-0.284068
0.827769	-0.263537
0.827769	-0.263537
0.827769	-0.263537
0.827924	-0.256062
0.827924	-0.256062
0.827924	-0.256062
0.827924	-0.256062
0.827924	-0.256062
0.827924	-0.256062
0.451431	0.130691
0.443899	0.122771
0.453087	0.136817
0.453087	0.136817
0.453087	0.136817
0.453087	0.136817
0.443899	0.122771
0.443899	0.122771
0.443899	0.122771
0.428099	0.225416
0.426583	0.264310
0.427011	0.316014
0.427011	0.316014
0.427011	0.316014
0.397007	0.644310
0.397007	0.648088
0.374541	0.921308
0.369544	1.045011
0.369544	1.045011
0.369544	1.045011
0.369544	1.045011
0.369544	1.045011
0.369544	1.045011
0.369544	1.045011
0.369544	1.045011

# gen = 51
0.827767	-0.359072
0.827767	-0.359072
0.827767	-0.359072
0.827767	-0.326071
0.827767	-0.326071
0.827756	-0.271408
0.827769	-0.263372
0.827769	-0.263372
0.827769	-0.263372
0.827924	-0.253522
0.827924	-0.253522
0.827924	-0.253522
0.827924	-0.253522
0.827924	-0.253522
0.827924	-0.253522
0.443932	0.125258
0.453087	0.104138
0.453087	0.104138
0.453087	0.104138
0.453087	0.104138
0.443899	0.125676
0.453087	0.104138
0.443899	0.125676
0.443899	0.125676
0.428099	0.225416
0.426583	0.247690
0.427011	0.262185
0.427011	0.262185
0.427011	0.311429
0.397007	0.659724
0.397007	0.659724
0.374541	0.921308
0.369544	1.045011
0.369544	1.045011
0.369544	1.045011
0.369544	1.045011
0.369544	1.045011
0.369544	1.045011
0.369544	1.045011
0.369544	1.045011

# gen = 52
0.827756	-0.372544
0.827756	-0.372544
0.827756	-0.372544
0.827767	-0.354409
0.827767	-0.354409
0.827756	-0.279432
0.827769	-0.262760
0.827769	-0.262760
0.827769	-0.262760
0.827924	-0.253522
0.827924	-0.253522
0.827924	-0.253522
0.827924	-0.253522
0.827924	-0.253522
0.827924	-0.253522
0.453087	0.104138
0.444004	0.101936
0.444004	0.101936
0.453087	0.104138
0.453087	0.104138
0.453087	0.104138
0.453087	0.090101
0.443899	0.125676
0.443899	0.125676
0.426962	0.236509
0.426583	0.247690
0.427011	0.310475
0.427011	0.310475
0.410688	0.574588
0.395874	0.656695
0.395874	0.656695
0.374541	0.921308
0.369533	1.022979
0.369533	1.022979
0.369533	1.022979
0.369533	1.022979
0.369533	1.022979
0.369533	1.022979
0.369533	1.022979
0.369533	1.022979

# gen = 53
0.827755	-0.379253
0.827755	-0.379253
0.827755	-0.379253
0.827755	-0.379253
0.827755	-0.379253
0.827754	-0.283950
0.827769	-0.282527
0.827769	-0.282527
0.827769	-0.282527
0.827924	-0.253522
0.827924	-0.253522
0.827924	-0.240718
0.827924	-0.240718
0.827924	-0.240718
0.827924	-0.240718
0.444004	0.081787
0.444004	0.081787
0.444004	0.081787
0.443926	0.100146
0.443926	0.100146
0.443926	0.100146
0.443926	0.100146
0.443899	0.125676
0.443899	0.125676
0.426962	0.236509
0.426583	0.247626
0.426583	0.247626
0.426583	0.247626
0.411076	0.548259
0.395874	0.653098
0.395874	0.659949
0.374541	0.895845
0.369533	0.971581
0.369533	0.971581
0.369533	0.971581
0.369533	0.971581
0.369533	0.971581
0.369533	0.971581
0.369533	0.971581
0.369533	0.971581

# gen = 54
0.827756	-0.381152
0.827755	-0.379253
0.827755	-0.380101
0.827754	-0.363381
0.827754	-0.363381
0.827754	-0.328972
0.827769	-0.288813
0.827769	-0.288813
0.827769	-0.288813
0.827924	-0.236559
0.827924	-0.236559
0.827924	-0.236559
0.827924	-0.236559
0.827924	-0.236559
0.827924	-0.236559
0.443929	0.081775
0.443929	0.081775
0.443929	0.081775
0.443926	0.099511
0.443926	0.099511
0.443926	0.099511
0.443926	0.099511
0.443899	0.127542
0.443899	0.116419
0.426962	0.236509
0.426583	0.247626
0.426583	0.247626
0.426583	0.247626
0.411076	0.548259
0.395874	0.604088
0.395874	0.604088
0.374541	0.900499
0.369533	0.972023
0.369533	0.972023
0.369533	0.972023
0.369533	0.972023
0.369533	0.972023
0.369533	0.972023
0.369533	0.972023
0.369533	0.972023

# gen = 55
0.827754	-0.383885
0.827754	-0.383885
0.827755	-0.353706
0.827754	-0.383885
0.827754	-0.383885
0.827754	-0.328956
0.827754	-0.328956
0.827754	-0.328956
0.827754	-0.328956
0.827924	-0.240642
0.827924	-0.240642
0.827924	-0.255917
0.827924	-0.255917
0.827924	-0.255917
0.827924	-0.255917
0.443929	0.081775
0.443929	0.081775
0.443929	0.081775
0.443929	0.081775
0.443929	0.081775
0.443929	0.081775
0.443929	0.081775
0.443899	0.102273
0.443899	0.092462
0.426867	0.231326
0.426583	0.245356
0.426583	0.245356
0.426583	0.245356
0.411076	0.548259
0.395874	0.594817
0.395874	0.578055
0.374541	0.900499
0.355194	1.036458
0.355194	1.036458
0.355194	1.036458
0.355194	1.036458
0.355194	1.036458
0.355194	1.036458
0.355194	1.036458
0.355194	1.036458

# gen = 56
0.827754	-0.384191
0.827754	-0.385847
0.827754	-0.385847
0.827754	-0.385847
0.827754	-0.385847
0.827754	-0.342977
0.827754	-0.342977
0.827754	-0.342977
0.827754	-0.342977
0.827924	-0.261652
0.827924	-0.261652
0.827924	-0.255917
0.827924	-0.330331
0.827924	-0.330331
0.827924	-0.330331
0.443899	0.075182
0.443929	0.081775
0.443899	0.075422
0.443929	0.062736
0.443929	0.062736
0.443929	0.062736
0.443899	0.084195
0.443899	0.084195
0.443899	0.084195
0.426867	0.231326
0.426583	0.256022
0.426583	0.256022
0.426583	0.256022
0.411076	0.548259
0.395874	0.577399
0.395874	0.577399
0.353498	0.916788
0.355194	1.057636
0.355194	1.057636
0.355194	1.057636
0.355194	1.057636
0.355194	1.057636
0.355194	1.057636
0.355194	1.057636
0.355194	1.057636

# gen = 57
0.827754	-0.386486
0.827754	-0.386486
0.827754	-0.394689
0.827754	-0.394689
0.827754	-0.394689
0.827754	-0.342977
0.827754	-0.342977
0.827754	-0.342977
0.827754	-0.342977
0.827754	-0.342977
0.827754	-0.342977
0.827924	-0.334508
0.827924	-0.338658
0.827924	-0.338658
0.827924	-0.338658
0.443900	0.066700
0.443900	0.066700
0.443900	0.066700
0.443929	0.062736
0.443929	0.062736
0.443929	0.062736
0.443899	0.083690
0.443899	0.083690
0.443899	0.083690
0.426583	0.225464
0.426583	0.225464
0.426583	0.225464
0.426583	0.225464
0.411076	0.548259
0.395538	0.585130
0.306770	0.723131
0.306770	0.723131
0.355194	1.057636
0.355194	1.057636
0.355194	1.057636
0.355194	1.057636
0.355194	1.057636
0.355194	1.057636
0.355194	1.057636
0.355194	1.057636

# gen = 58
0.827754	-0.395396
0.827754	-0.385927
0.827754	-0.362571
0.827754	-0.362571
0.827754	-0.362571
0.827754	-0.388836
0.827754	-0.405199
0.827754	-0.405199
0.827754	-0.335018
0.827754	-0.335018
0.827754	-0.335018
0.827924	-0.341004
0.827924	-0.341004
0.827924	-0.341004
0.827924	-0.341004
0.443900	0.066700
0.443900	0.066700
0.443900	0.066700
0.445292	0.058863
0.445292	0.058863
0.447355	0.025091
0.443899	0.078643
0.443899	0.078643
0.443899	0.078643
0.426583	0.225464
0.426583	0.239366
0.426583	0.239366
0.426583	0.239366
0.411076	0.548259
0.395538	0.585130
0.306770	0.722909
0.306770	0.722909
0.306770	0.724866
0.306770	0.724866
0.306770	0.724866
0.306770	0.724866
0.306770	0.724866
0.306770	0.724866
0.306770	0.724866
0.306770	0.724866

# gen = 59
0.827754	-0.404350
0.827754	-0.385927
0.827754	-0.383847
0.827754	-0.383847
0.827754	-0.383847
0.827754	-0.330907
0.827754	-0.370041
0.827754	-0.370041
0.827754	-0.335018
0.827754	-0.335018
0.827754	-0.335018
0.827754	-0.335018
0.827924	-0.341004
0.827924	-0.341004
0.827924	-0.341004
0.443909	0.066492
0.443900	0.066700
0.443900	0.066700
0.445325	0.042951
0.445325	0.042951
0.447355	0.025091
0.443899	0.072431
0.443899	0.072431
0.443899	0.072431
0.426583	0.194203
0.426583	0.239366
0.426583	0.239366
0.426583	0.239366
0.411076	0.548259
0.395538	0.587911
0.260525	0.476561
0.260525	0.476561
0.260525	0.476561
0.260525	0.476561
0.260525	0.476561
0.260525	0.476561
0.260525	0.476561
0.260525	0.476561
0.260525	0.476561
0.260525	0.476561

# gen = 60
0.827754	-0.408221
0.827754	-0.408221
0.827754	-0.385582
0.827754	-0.385582
0.827754	-0.385582
0.827754	-0.370041
0.827754	-0.370041
0.827754	-0.370041
0.827754	-0.370041
0.827754	-0.370041
0.827754	-0.370041
0.827754	-0.370041
0.827924	-0.339874
0.827924	-0.339874
0.827924	-0.371368
0.443900	0.066081
0.443900	0.066081
0.447355	0.015918
0.447355	0.015918
0.447355	0.015918
0.447355	0.015918
0.443899	0.072249
0.443899	0.072249
0.443899	0.072249
0.426583	0.174093
0.426583	0.174093
0.426583	0.174093
0.260525	0.395660
0.260525	0.476561
0.249068	0.423450
0.260525	0.476561
0.260525	0.476561
0.260525	0.476561
0.260525	0.476561
0.260525	0.476561
0.260525	0.476561
0.260525	0.476561
0.260525	0.476561
0.260525	0.476561
0.260525	0.476561

# gen = 61
0.827754	-0.416799
0.827754	-0.416799
0.827754	-0.377445
0.827754	-0.377445
0.827754	-0.377445
0.827754	-0.370690
0.827754	-0.369934
0.827754	-0.369934
0.827754	-0.376613
0.827754	-0.376613
0.827754	-0.376613
0.827754	-0.376613
0.827924	-0.310219
0.827924	-0.310219
0.443900	0.021252
0.443837	0.044311
0.447355	0.012420
0.447355	0.015407
0.447355	0.015407
0.447355	0.015407
0.447355	0.015407
0.447355	0.015407
0.443899	0.095451
0.443899	0.032269
0.426583	0.179137
0.426583	0.179137
0.426583	0.179137
0.260525	0.372022
0.260525	0.476561
0.260525	0.372022
0.260525	0.463093
0.260525	0.463093
0.260525	0.463093
0.260525	0.463093
0.260525	0.463093
0.260525	0.463093
0.260525	0.463093
0.260525	0.463093
0.260525	0.463093
0.260525	0.463093

# gen = 62
0.827754	-0.416799
0.827754	-0.416799
0.827754	-0.377727
0.827754	-0.394994
0.827754	-0.394994
0.827754	-0.361883
0.827754	-0.379739
0.827754	-0.379739
0.827754	-0.352724
0.827754	-0.352724
0.827754	-0.352724
0.827754	-0.352724
0.827754	-0.352724
0.827754	-0.352724
0.447355	0.012613
0.443899	0.031823
0.447355	0.009295
0.447355	0.012613
0.447355	0.012613
0.447355	0.012613
0.447355	0.012613
0.447355	-0.007216
0.443899	0.031823
0.426375	0.154034
0.426583	0.178532
0.426583	0.179022
0.426583	0.179022
0.260525	0.356419
0.260525	0.463093
0.260525	0.372022
0.260525	0.463093
0.260525	0.463093
0.260525	0.463093
0.260525	0.463093
0.260525	0.463093
0.260525	0.463093
0.260525	0.463093
0.260525	0.463093
0.260525	0.463093
0.260525	0.463093

# gen = 63
0.827754	-0.423369
0.827754	-0.423369
0.827754	-0.409165
0.827754	-0.372631
0.827754	-0.372631
0.827754	-0.368006
0.827754	-0.368006
0.827754	-0.368006
0.827754	-0.352724
0.827754	-0.352724
0.827754	-0.352724
0.827754	-0.367605
0.827754	-0.367605
0.827754	-0.367605
0.447355	0.012108
0.447355	0.014395
0.447355	0.003353
0.447355	0.010319
0.447355	0.010319
0.447355	0.010319
0.447355	0.010319
0.443899	0.031642
0.443899	0.031642
0.426103	0.152845
0.426583	0.178898
0.426583	0.178898
0.426583	0.178898
0.260525	0.356419
0.260525	0.372022
0.260525	0.372022
0.260525	0.463093
0.260525	0.463093
0.260525	0.463093
0.260525	0.463093
0.260525	0.463093
0.260525	0.463093
0.260525	0.463093
0.260525	0.463093
0.260525	0.463093
0.260525	0.463093

# gen = 64
0.827754	-0.423369
0.827754	-0.423369
0.827754	-0.391230
0.827754	-0.391230
0.827754	-0.391230
0.827754	-0.355328
0.827754	-0.355328
0.827754	-0.355328
0.827754	-0.355328
0.827754	-0.355328
0.827754	-0.355328
0.827754	-0.355328
0.827754	-0.355328
0.449316	-0.041849
0.447355	0.001994
0.447355	0.012363
0.447355	0.001994
0.447355	0.001994
0.447355	0.001994
0.447355	0.001994
0.447355	0.001994
0.443899	0.031642
0.443899	0.031642
0.426103	0.143044
0.426583	0.157305
0.426583	0.157305
0.426583	0.157305
0.260525	0.356419
0.260525	0.356877
0.260525	0.356877
0.260525	0.463093
0.260525	0.463093
0.260525	0.463093
0.260525	0.463093
0.260525	0.463093
0.260525	0.463093
0.260525	0.463093
0.260525	0.463093
0.260525	0.463093
0.260525	0.463093

# gen = 65
0.827754	-0.423369
0.827754	-0.423369
0.827754	-0.420118
0.827754	-0.420118
0.827754	-0.420118
0.827754	-0.333802
0.827754	-0.355330
0.827754	-0.355330
0.827754	-0.390054
0.827754	-0.386933
0.827754	-0.386933
0.827754	-0.386933
0.827754	-0.386933
0.449316	-0.041849
0.447355	0.001994
0.447355	0.001994
0.447355	0.001994
0.447355	0.001994
0.447355	0.001994
0.447355	0.001994
0.447355	0.001994
0.443899	0.031642
0.443899	0.031642
0.426583	0.127197
0.426583	0.127197
0.426583	0.127197
0.267364	0.342199
0.267364	0.342199
0.267364	0.342199
0.267364	0.342199
0.260525	0.459802
0.260525	0.459802
0.253833	0.464686
0.253833	0.464686
0.253833	0.464686
0.253833	0.464686
0.253833	0.464686
0.253833	0.464686
0.253833	0.464686
0.253833	0.464686

# gen = 66
0.827754	-0.437955
0.827754	-0.437955
0.827754	-0.437955
0.827754	-0.437955
0.827754	-0.437955
0.827754	-0.360625
0.827754	-0.447592
0.827754	-0.447592
0.827754	-0.447592
0.827754	-0.447592
0.827754	-0.447592
0.827754	-0.410208
0.827754	-0.410208
0.827754	-0.410208
0.827754	-0.410208
0.827754	-0.410208
0.827754	-0.410208
0.827754	-0.410208
0.447355	0.001656
0.447355	0.001656
0.447355	0.001656
0.447355	0.009457
0.447355	0.009457
0.426713	0.125880
0.426713	0.125880
0.426713	0.125880
0.267364	0.342199
0.267364	0.342199
0.267364	0.342199
0.267364	0.342199
0.253958	0.440188
0.253958	0.440188
0.253833	0.464686
0.253833	0.464686
0.253833	0.464686
0.253833	0.464686
0.253833	0.464686
0.253833	0.464686
0.253833	0.464686
0.253833	0.464686

# gen = 67
0.827754	-0.479600
0.827754	-0.479600
0.827754	-0.437955
0.827754	-0.462390
0.827754	-0.462390
0.827754	-0.447592
0.827754	-0.447592
0.827754	-0.447592
0.827754	-0.449314
0.827754	-0.449314
0.827754	-0.449314
0.827754	-0.419519
0.827754	-0.409534
0.827754	-0.409534
0.827754	-0.442077
0.827754	-0.442077
0.827754	-0.442077
0.827754	-0.442077
0.447620	-0.016185
0.447620	-0.016185
0.447355	0.001414
0.447355	0.001414
0.447355	0.001414
0.426713	0.125807
0.426713	0.117944
0.426713	0.117944
0.426713	0.117944
0.426713	0.117944
0.267364	0.342199
0.267364	0.342199
0.267364	0.362009
0.267364	0.362009
0.253833	0.464686
0.253833	0.464686
0.253833	0.464686
0.253833	0.464686
0.253833	0.464686
0.253833	0.464686
0.253833	0.464686
0.253833	0.464686

# gen = 68
0.827754	-0.479600
0.827754	-0.479600
0.827754	-0.459860
0.827754	-0.462390
0.827754	-0.462390
0.827754	-0.447592
0.827754	-0.450478
0.827754	-0.450478
0.827754	-0.462024
0.827754	-0.440984
0.827754	-0.440984
0.827754	-0.440984
0.827754	-0.442337
0.827754	-0.442337
0.827754	-0.442337
0.827754	-0.442337
0.827754	-0.442337
0.447620	-0.030006
0.447620	-0.030006
0.447620	-0.030006
0.447355	-0.011167
0.447355	-0.011167
0.447355	-0.011167
0.426713	0.106519
0.426713	0.106519
0.426713	0.106519
0.426713	0.106519
0.426713	0.106519
0.267364	0.336988
0.267364	0.336988
0.253620	0.356349
0.253620	0.356349
0.253833	0.464686
0.253833	0.464686
0.253833	0.464686
0.253833	0.464686
0.253833	0.464686
0.253833	0.464686
0.253833	0.464686
0.253833	0.464686

# gen = 69
0.827754	-0.483117
0.827754	-0.483117
0.827754	-0.459886
0.827754	-0.462712
0.827754	-0.462712
0.827754	-0.450600
0.827754	-0.450600
0.827754	-0.450600
0.827754	-0.440984
0.827754	-0.440984
0.825574	-0.401703
0.827754	-0.442337
0.827754	-0.442702
0.827754	-0.442702
0.827754	-0.442702
0.827754	-0.442702
0.827754	-0.442702
0.447620	-0.040443
0.447620	-0.040443
0.447620	-0.040443
0.447620	-0.040443
0.447355	-0.015157
0.447355	-0.015157
0.427071	0.095694
0.427071	0.095694
0.427071	0.095694
0.426713	0.107958
0.426713	0.107958
0.267364	0.336966
0.267364	0.336966
0.253620	0.337961
0.253620	0.337961
0.253833	0.464686
0.253833	0.464686
0.253833	0.464686
0.253833	0.464686
0.253833	0.464686
0.253833	0.464686
0.253833	0.464686
0.253833	0.464686

# gen = 70
0.827754	-0.483117
0.827754	-0.483117
0.827754	-0.465755
0.827754	-0.465755
0.827754	-0.465755
0.827754	-0.450600
0.827754	-0.450600
0.827754	-0.450600
0.827754	-0.442702
0.827754	-0.442702
0.825574	-0.401703
0.827754	-0.442694
0.827754	-0.442694
0.827754	-0.442694
0.827754	-0.475322
0.827754	-0.475322
0.827754	-0.475322
0.447620	-0.040443
0.447620	-0.040443
0.447620	-0.040443
0.447620	-0.040443
0.447357	-0.032727
0.447357	-0.032727
0.447355	-0.001762
0.447355	-0.001762
0.447355	-0.001762
0.426713	0.115167
0.426713	0.115167
0.267364	0.326196
0.267364	0.326196
0.267364	0.326196
0.267364	0.326196
0.253833	0.464686
0.253833	0.464686
0.253833	0.464686
0.253833	0.464686
0.253833	0.464686
0.253833	0.464686
0.253833	0.464686
0.253833	0.464686

# gen = 71
0.827754	-0.487276
0.827754	-0.487276
0.827754	-0.474733
0.827754	-0.474733
0.827754	-0.474733
0.827754	-0.450600
0.827754	-0.450600
0.827754	-0.450600
0.827754	-0.475541
0.827754	-0.475541
0.825574	-0.401703
0.827754	-0.475541
0.827754	-0.475322
0.827754	-0.475322
0.827754	-0.474929
0.827754	-0.474929
0.827754	-0.474929
0.454143	-0.052393
0.447620	-0.041996
0.447620	-0.041996
0.447364	-0.043616
0.447364	-0.043616
0.447364	-0.043616
0.447364	-0.043616
0.447355	-0.001762
0.447355	-0.001762
0.426713	0.115167
0.426713	0.115167
0.253677	0.318221
0.253677	0.318221
0.267364	0.326196
0.267364	0.326196
0.253833	0.457718
0.253833	0.457718
0.253833	0.457718
0.253833	0.457718
0.253833	0.457718
0.253833	0.457718
0.253833	0.457718
0.253833	0.457718

# gen = 72
0.827754	-0.492540
0.827754	-0.492540
0.827754	-0.492540
0.827754	-0.475541
0.827754	-0.475541
0.827754	-0.474027
0.827754	-0.494872
0.827754	-0.494872
0.827754	-0.474929
0.827754	-0.474929
0.825574	-0.389160
0.827754	-0.479577
0.827754	-0.473380
0.827754	-0.473380
0.827754	-0.473380
0.827754	-0.473380
0.827754	-0.473380
0.452595	-0.053362
0.447620	-0.047472
0.447620	-0.047472
0.447364	-0.043616
0.447364	-0.043616
0.447364	-0.043616
0.447364	-0.043616
0.447355	-0.001766
0.447355	-0.001766
0.426713	0.115167
0.426289	0.159573
0.267364	0.317760
0.267364	0.317760
0.267364	0.317760
0.267364	0.317760
0.253833	0.451396
0.253833	0.491888
0.253833	0.491888
0.253833	0.491888
0.253833	0.491888
0.253833	0.491888
0.253833	0.491888
0.253833	0.491888

# gen = 73
0.827754	-0.501142
0.827754	-0.501142
0.827754	-0.501142
0.827754	-0.475541
0.827754	-0.475541
0.827754	-0.491288
0.827754	-0.501142
0.827754	-0.472132
0.827754	-0.473380
0.825574	-0.428824
0.825574	-0.428824
0.827754	-0.473380
0.827754	-0.473380
0.827754	-0.473380
0.827754	-0.473380
0.827754	-0.473380
0.827754	-0.473380
0.452595	-0.054446
0.452595	-0.054446
0.447620	-0.047472
0.447364	-0.046624
0.447364	-0.053833
0.447364	-0.053833
0.447364	-0.053833
0.447355	-0.029942
0.447355	-0.029942
0.426713	0.115167
0.426289	0.168314
0.267364	0.317760
0.267364	0.317760
0.254132	0.306944
0.254132	0.306944
0.267364	0.318219
0.253833	0.491886
0.253833	0.491886
0.253833	0.491886
0.253833	0.491886
0.253833	0.491886
0.253833	0.491886
0.253833	0.491886

# gen = 74
0.827754	-0.501142
0.827754	-0.501142
0.827754	-0.501142
0.827754	-0.475541
0.827754	-0.475541
0.827754	-0.500816
0.827754	-0.504317
0.827754	-0.504317
0.827754	-0.485082
0.825574	-0.428824
0.825574	-0.428824
0.827754	-0.473380
0.827754	-0.473380
0.827754	-0.473380
0.827754	-0.473380
0.827754	-0.473380
0.827754	-0.473380
0.452595	-0.055196
0.452595	-0.055196
0.447364	-0.049390
0.447364	-0.049390
0.447355	-0.055124
0.447355	-0.055124
0.447364	-0.054688
0.447355	-0.055124
0.447355	-0.055124
0.425300	0.106632
0.425300	0.106632
0.254132	0.305627
0.254132	0.305627
0.254132	0.305627
0.254132	0.305627
0.253833	0.381050
0.253833	0.544690
0.253833	0.544690
0.253833	0.544690
0.253833	0.544690
0.253833	0.544690
0.253833	0.544690
0.253833	0.544690

# gen = 75
0.827754	-0.503920
0.827754	-0.503920
0.827754	-0.503920
0.827754	-0.476376
0.827754	-0.476376
0.827754	-0.515651
0.827754	-0.515651
0.827754	-0.475133
0.827754	-0.474878
0.825574	-0.428824
0.825574	-0.428824
0.827754	-0.459513
0.827754	-0.469161
0.827754	-0.469161
0.827754	-0.478292
0.827754	-0.478292
0.827754	-0.478292
0.447328	-0.055496
0.447328	-0.055496
0.447328	-0.055496
0.447355	-0.055792
0.447364	-0.065030
0.447364	-0.065030
0.447364	-0.065030
0.447281	-0.054080
0.447281	-0.054080
0.425300	0.094071
0.425300	0.094071
0.254132	0.305627
0.254132	0.305627
0.254132	0.305627
0.254132	0.305627
0.254132	0.306619
0.253833	0.544690
0.253833	0.544690
0.253833	0.544690
0.253833	0.544690
0.253833	0.544690
0.253833	0.544690
0.253833	0.544690

# gen = 76
0.854321	-0.698665
0.854321	-0.698665
0.854321	-0.698665
0.827754	-0.478687
0.827754	-0.478687
0.827754	-0.515651
0.827754	-0.515651
0.827754	-0.475421
0.827754	-0.471335
0.825574	-0.428824
0.825574	-0.428824
0.827754	-0.478357
0.827754	-0.478357
0.827754	-0.478357
0.827754	-0.478357
0.827754	-0.478357
0.827754	-0.478357
0.447328	-0.064883
0.447328	-0.057378
0.447328	-0.057378
0.447364	-0.065030
0.447364	-0.065030
0.447364	-0.065030
0.447281	-0.063757
0.447281	-0.063757
0.447281	-0.063757
0.425300	0.096582
0.425300	0.096582
0.254132	0.305627
0.254132	0.305627
0.254132	0.305627
0.254132	0.305627
0.254132	0.307765
0.253833	0.515216
0.253833	0.515216
0.253833	0.515216
0.253833	0.515216
0.253833	0.515216
0.253833	0.515216
0.253833	0.515216

# gen = 77
0.854321	-0.698665
0.854321	-0.698665
0.854321	-0.698665
0.827754	-0.515655
0.827754	-0.515655
0.827754	-0.515655
0.827754	-0.515655
0.827754	-0.476478
0.827754	-0.473730
0.827754	-0.478357
0.825544	-0.437090
0.827754	-0.478357
0.827754	-0.478357
0.827754	-0.478357
0.827754	-0.480266
0.827754	-0.480266
0.827754	-0.480266
0.447281	-0.068525
0.447281	-0.068525
0.447281	-0.068525
0.447281	-0.068525
0.447281	-0.068525
0.447281	-0.075703
0.447281	-0.075703
0.447281	-0.075703
0.447281	-0.075703
0.425300	0.096582
0.425300	0.096582
0.254132	0.305622
0.254132	0.305622
0.254132	0.305622
0.254132	0.305622
0.254132	0.307418
0.253833	0.368016
0.253833	0.368016
0.253833	0.368016
0.253833	0.368016
0.253833	0.368016
0.253833	0.368016
0.253833	0.368016

# gen = 78
0.854321	-0.698665
0.854321	-0.698665
0.854321	-0.698665
0.827754	-0.523466
0.827754	-0.523466
0.827754	-0.523466
0.827754	-0.523466
0.827754	-0.478180
0.827754	-0.478357
0.827754	-0.478357
0.825544	-0.437090
0.827754	-0.476246
0.827754	-0.476246
0.827754	-0.476246
0.827754	-0.476246
0.827754	-0.487587
0.827754	-0.487587
0.827754	-0.487587
0.447281	-0.068525
0.447281	-0.068525
0.447281	-0.068525
0.447281	-0.076654
0.447281	-0.076654
0.447281	-0.076654
0.447280	-0.068515
0.447280	-0.068515
0.425300	0.096582
0.425300	0.096582
0.254132	0.304804
0.254132	0.304804
0.254132	0.304804
0.254132	0.304804
0.254132	0.306420
0.253833	0.389083
0.253833	0.389083
0.253833	0.389083
0.253833	0.389083
0.253833	0.389083
0.253833	0.389083
0.253833	0.389083

# gen = 79
0.854321	-0.698665
0.854321	-0.698665
0.854321	-0.698665
0.827754	-0.525643
0.827754	-0.525643
0.827754	-0.525643
0.827754	-0.525643
0.827754	-0.480249
0.827754	-0.493404
0.827754	-0.474700
0.825544	-0.437090
0.827754	-0.501385
0.827754	-0.501385
0.827754	-0.501385
0.827754	-0.501385
0.827754	-0.501385
0.827754	-0.501385
0.827754	-0.501385
0.447281	-0.072747
0.447281	-0.072747
0.447281	-0.072747
0.447281	-0.078256
0.447281	-0.078256
0.447281	-0.078256
0.447280	-0.073572
0.447280	-0.073572
0.425416	0.089509
0.425300	0.097209
0.425300	0.097209
0.254132	0.304804
0.253834	0.302249
0.253834	0.302249
0.254132	0.305147
0.253833	0.389081
0.253833	0.389081
0.253833	0.389081
0.253833	0.389081
0.253833	0.389081
0.253833	0.389081
0.253833	0.389081

# gen = 80
0.854321	-0.698665
0.854321	-0.711661
0.854321	-0.711661
0.827754	-0.525643
0.827754	-0.525643
0.827754	-0.525643
0.827754	-0.525643
0.827754	-0.490725
0.827754	-0.501385
0.827754	-0.501385
0.825419	-0.452421
0.827754	-0.500273
0.827754	-0.500273
0.827754	-0.500273
0.827754	-0.500273
0.827754	-0.500273
0.827754	-0.500273
0.827754	-0.500273
0.447281	-0.077809
0.447281	-0.077809
0.447281	-0.077809
0.447281	-0.078322
0.447281	-0.078322
0.447281	-0.078322
0.447280	-0.062977
0.447280	-0.062977
0.425416	0.082232
0.425300	0.105990
0.425300	0.105990
0.254132	0.290810
0.254132	0.290810
0.254132	0.290810
0.254132	0.290810
0.253833	0.389081
0.253833	0.389081
0.253833	0.389081
0.253833	0.389081
0.253833	0.389081
0.253833	0.389081
0.253833	0.389081

# gen = 81
0.854321	-0.698665
0.854321	-0.711661
0.854321	-0.751857
0.827754	-0.528966
0.827754	-0.528966
0.827754	-0.528966
0.827754	-0.528966
0.827754	-0.508225
0.827754	-0.508225
0.827754	-0.500273
0.825419	-0.452421
0.827754	-0.500273
0.827754	-0.500273
0.827754	-0.500273
0.827754	-0.504854
0.827754	-0.504854
0.827754	-0.506709
0.827754	-0.506709
0.447281	-0.077871
0.447281	-0.077871
0.447281	-0.077871
0.447281	-0.078322
0.447281	-0.078322
0.447281	-0.078322
0.447280	-0.062974
0.447280	-0.062974
0.425416	0.082232
0.425300	0.122301
0.425300	0.122301
0.254132	0.290810
0.254132	0.290810
0.254132	0.290810
0.254132	0.290810
0.253833	0.396188
0.253833	0.396188
0.253833	0.396188
0.253833	0.396188
0.253833	0.396188
0.253833	0.396188
0.253833	0.396188

# gen = 82
0.854321	-0.698665
0.854321	-0.711661
0.854321	-0.751857
0.827754	-0.531278
0.827754	-0.531278
0.827754	-0.531278
0.827754	-0.531278
0.827754	-0.515420
0.827754	-0.515420
0.827754	-0.501561
0.827754	-0.501561
0.827754	-0.500273
0.827754	-0.500273
0.827754	-0.500273
0.827754	-0.500273
0.827754	-0.500273
0.827754	-0.500273
0.827754	-0.500273
0.447281	-0.078322
0.447281	-0.078322
0.447281	-0.078322
0.459214	-0.081753
0.459214	-0.081753
0.459214	-0.081753
0.447280	-0.062974
0.447280	-0.062974
0.447280	-0.062974
0.425300	0.110420
0.425300	0.110420
0.254132	0.290810
0.254132	0.289775
0.254132	0.289775
0.254132	0.289775
0.253824	0.292526
0.253824	0.292526
0.253824	0.292526
0.253824	0.292526
0.253824	0.292526
0.253824	0.292526
0.253824	0.292526

# gen = 83
0.854321	-0.747458
0.854321	-0.747458
0.854321	-0.747458
0.827754	-0.531386
0.827754	-0.531386
0.827754	-0.531386
0.827754	-0.531386
0.827754	-0.531386
0.827754	-0.531386
0.827754	-0.506464
0.827754	-0.494659
0.827754	-0.494659
0.827754	-0.504609
0.827754	-0.504609
0.827754	-0.504609
0.827754	-0.504609
0.827754	-0.504609
0.827754	-0.504609
0.459214	-0.081212
0.459214	-0.081212
0.459214	-0.081212
0.459214	-0.081753
0.459214	-0.081753
0.459214	-0.082625
0.459214	-0.082625
0.447280	-0.079287
0.447280	-0.079287
0.425300	0.110420
0.425300	0.110420
0.253830	0.289823
0.254132	0.283393
0.254132	0.283393
0.254132	0.283393
0.253824	0.293630
0.253824	0.293630
0.253824	0.293630
0.253824	0.293630
0.253824	0.293630
0.253824	0.293630
0.253824	0.293630

# gen = 84
0.854321	-0.747458
0.854321	-0.747458
0.854321	-0.747991
0.854321	-0.747991
0.854321	-0.747991
0.854321	-0.747991
0.854321	-0.747991
0.854321	-0.747991
0.854321	-0.747991
0.827754	-0.521847
0.827754	-0.503415
0.827754	-0.502851
0.827754	-0.502851
0.827754	-0.502851
0.827754	-0.504609
0.827754	-0.504609
0.827754	-0.504609
0.827754	-0.504609
0.459214	-0.081574
0.459214	-0.081574
0.459214	-0.081574
0.459214	-0.081985
0.459214	-0.081985
0.459214	-0.082625
0.447381	-0.080065
0.447072	-0.078959
0.447072	-0.078959
0.425300	0.110420
0.425300	0.110420
0.254132	0.284422
0.253828	0.283313
0.253828	0.283313
0.253828	0.283313
0.253824	0.293630
0.253824	0.293630
0.253824	0.293630
0.253824	0.293630
0.253824	0.293630
0.253824	0.293630
0.253824	0.293630

# gen = 85
0.854321	-0.747991
0.854321	-0.747991
0.854321	-0.748394
0.854321	-0.752311
0.854321	-0.752311
0.854321	-0.752311
0.854321	-0.752311
0.854321	-0.752311
0.854321	-0.752311
0.827726	-0.520868
0.827754	-0.504609
0.827754	-0.498745
0.827754	-0.504609
0.827754	-0.504609
0.827754	-0.511764
0.827754	-0.511764
0.827754	-0.511764
0.827754	-0.511764
0.447938	-0.083430
0.447938	-0.083430
0.447938	-0.083430
0.447938	-0.083430
0.447938	-0.083430
0.447938	-0.083430
0.447381	-0.080072
0.447072	-0.078959
0.447072	-0.078959
0.425300	0.120165
0.425300	0.120165
0.253828	0.281143
0.253828	0.283254
0.253828	0.283254
0.253828	0.283254
0.253824	0.283287
0.253824	0.283287
0.253824	0.283287
0.253824	0.283287
0.253824	0.283287
0.253824	0.283287
0.253824	0.283287

# gen = 86
0.854321	-0.749236
0.854321	-0.749236
0.854321	-0.743897
0.854321	-0.743897
0.854321	-0.743897
0.854321	-0.758748
0.854321	-0.758748
0.854321	-0.758748
0.854321	-0.758748
0.827726	-0.520868
0.827754	-0.506392
0.827754	-0.471195
0.827754	-0.494415
0.827754	-0.494415
0.827754	-0.513950
0.827754	-0.513950
0.827754	-0.513950
0.827754	-0.513950
0.447938	-0.084211
0.447938	-0.084211
0.447938	-0.084211
0.447938	-0.083692
0.447938	-0.083692
0.447938	-0.083692
0.447938	-0.083692
0.447072	-0.055566
0.434279	0.008840
0.425300	0.120165
0.425300	0.120165
0.253828	0.281143
0.253828	0.282969
0.253828	0.282969
0.253828	0.283254
0.253824	0.292228
0.253824	0.292228
0.253824	0.292228
0.253824	0.292228
0.253824	0.292228
0.253824	0.292228
0.253824	0.292228

# gen = 87
0.854321	-0.758748
0.854321	-0.743897
0.854321	-0.758763
0.854321	-0.758763
0.854321	-0.758763
0.854321	-0.758751
0.854321	-0.758751
0.854321	-0.758751
0.854321	-0.757977
0.827726	-0.520868
0.827754	-0.513950
0.827754	-0.471201
0.827754	-0.508439
0.827754	-0.508439
0.827754	-0.508439
0.827754	-0.508439
0.827754	-0.516556
0.827754	-0.516556
0.447938	-0.084213
0.447938	-0.084213
0.447938	-0.084213
0.447938	-0.084204
0.447938	-0.084204
0.447938	-0.084204
0.447938	-0.084204
0.447072	-0.045562
0.433775	0.012221
0.425300	0.099646
0.425300	0.099646
0.253828	0.281143
0.253828	0.281611
0.253828	0.282969
0.253828	0.283221
0.253824	0.305362
0.253824	0.305362
0.253824	0.305362
0.253824	0.305362
0.253824	0.305362
0.253824	0.305362
0.253824	0.305362

# gen = 88
0.854321	-0.758763
0.854321	-0.753623
0.854321	-0.731518
0.854321	-0.757988
0.854321	-0.757988
0.854321	-0.758197
0.854321	-0.758197
0.854321	-0.758197
0.854321	-0.758737
0.827754	-0.522660
0.827754	-0.504371
0.827754	-0.481225
0.827754	-0.481225
0.827754	-0.481225
0.827754	-0.481225
0.827754	-0.481225
0.827754	-0.481225
0.827754	-0.481225
0.447938	-0.087097
0.447938	-0.087097
0.447938	-0.087097
0.447938	-0.084204
0.447938	-0.084204
0.447938	-0.084204
0.447938	-0.084204
0.447072	-0.045562
0.433775	0.012215
0.423953	0.081401
0.423953	0.081401
0.253828	0.280567
0.253828	0.269619
0.253824	0.282867
0.253824	0.282867
0.253824	0.305362
0.253824	0.305362
0.253824	0.305362
0.253824	0.305362
0.253824	0.305362
0.253824	0.305362
0.253824	0.305362

# gen = 89
0.854321	-0.758763
0.854321	-0.751361
0.854321	-0.751361
0.854321	-0.759094
0.854321	-0.759094
0.854321	-0.759094
0.854321	-0.758098
0.854321	-0.758098
0.854321	-0.758098
0.827754	-0.522834
0.827754	-0.503828
0.827754	-0.481225
0.827754	-0.481225
0.827754	-0.481225
0.827754	-0.481225
0.827754	-0.481225
0.827754	-0.481225
0.827754	-0.481225
0.447938	-0.087828
0.447938	-0.087828
0.447938	-0.087828
0.447938	-0.084817
0.447938	-0.084817
0.447938	-0.084817
0.447938	-0.084817
0.447072	-0.034726
0.433775	0.012215
0.423953	0.076486
0.423363	0.117342
0.253824	0.271660
0.253824	0.268996
0.253828	0.270434
0.253828	0.270434
0.253824	0.283442
0.253824	0.283442
0.253824	0.283442
0.253824	0.283442
0.253824	0.283442
0.253824	0.283442
0.253824	0.283442

# gen = 90
0.854321	-0.758763
0.854321	-0.747251
0.854321	-0.759087
0.854321	-0.759087
0.854321	-0.759087
0.854321	-0.758098
0.854321	-0.758098
0.854321	-0.758098
0.854321	-0.758098
0.827492	-0.525716
0.827492	-0.525716
0.827754	-0.481225
0.827754	-0.481225
0.827754	-0.481225
0.827754	-0.481225
0.827754	-0.481225
0.827754	-0.481225
0.827754	-0.481225
0.447938	-0.087853
0.447938	-0.087853
0.447938	-0.087853
0.447938	-0.088346
0.447938	-0.088346
0.447938	-0.088346
0.447938	-0.088346
0.447007	-0.060481
0.433775	0.012215
0.423953	0.076486
0.423363	0.117342
0.253824	0.269444
0.253824	0.268996
0.253828	0.270429
0.253828	0.270429
0.253824	0.283442
0.253824	0.283442
0.253824	0.283442
0.253824	0.283442
0.253824	0.283442
0.253824	0.283442
0.253824	0.283442

# gen = 91
0.854321	-0.759370
0.854321	-0.758098
0.854321	-0.758098
0.854321	-0.758098
0.854321	-0.758098
0.854321	-0.758098
0.854321	-0.758098
0.854321	-0.758098
0.854321	-0.758098
0.827430	-0.526362
0.827430	-0.526362
0.827754	-0.475978
0.827754	-0.475978
0.827754	-0.475978
0.827754	-0.475978
0.827754	-0.475978
0.827754	-0.467946
0.827754	-0.467946
0.447938	-0.087853
0.447938	-0.087853
0.447938	-0.087853
0.447938	-0.093014
0.447938	-0.093014
0.447938	-0.093014
0.447938	-0.093014
0.446958	-0.073314
0.433775	0.008478
0.423953	0.076486
0.423363	0.117342
0.253824	0.268480
0.253824	0.268480
0.253824	0.269151
0.253824	0.269151
0.253824	0.269151
0.253824	0.269151
0.253824	0.269151
0.253824	0.269151
0.253824	0.269151
0.253824	0.269151
0.253824	0.269151

# gen = 92
0.854321	-0.759370
0.854321	-0.758098
0.854321	-0.745526
0.854321	-0.751564
0.854321	-0.751564
0.854321	-0.751564
0.854321	-0.751564
0.854321	-0.751564
0.854321	-0.751564
0.827430	-0.526362
0.827152	-0.521339
0.827754	-0.482321
0.827754	-0.475978
0.827754	-0.475978
0.827754	-0.475978
0.827754	-0.483848
0.827754	-0.466883
0.827754	-0.466883
0.447938	-0.093194
0.447938	-0.093194
0.447938	-0.093014
0.447938	-0.093014
0.447938	-0.093014
0.447938	-0.093014
0.447938	-0.093014
0.446958	-0.073314
0.433775	0.008478
0.423509	0.094854
0.423363	0.117342
0.253824	0.268480
0.253824	0.266292
0.253824	0.269150
0.253824	0.269150
0.253824	0.269150
0.253824	0.269150
0.253824	0.269150
0.253824	0.269150
0.253824	0.269150
0.253824	0.269150
0.253824	0.269150

# gen = 93
0.854321	-0.761953
0.854321	-0.761953
0.854321	-0.751564
0.854321	-0.751564
0.854321	-0.751564
0.854321	-0.751564
0.854321	-0.751564
0.854321	-0.751564
0.854321	-0.751564
0.827881	-0.527122
0.827152	-0.515795
0.827754	-0.467042
0.827754	-0.467042
0.827754	-0.467042
0.827754	-0.448635
0.827754	-0.448635
0.827754	-0.448635
0.827754	-0.448635
0.447938	-0.093194
0.447938	-0.093194
0.447938	-0.093014
0.447938	-0.093014
0.447938	-0.093014
0.447938	-0.093014
0.447938	-0.093014
0.446958	-0.073314
0.433775	-0.013356
0.423509	0.094520
0.423363	0.117342
0.253824	0.266260
0.253824	0.266228
0.253824	0.266228
0.253824	0.266228
0.253824	0.271920
0.253824	0.271920
0.253824	0.271920
0.253824	0.271920
0.253824	0.271920
0.253824	0.271920
0.253824	0.271920

# gen = 94
0.854321	-0.761953
0.854321	-0.753450
0.854321	-0.751564
0.854321	-0.751564
0.854321	-0.751564
0.854321	-0.751564
0.854321	-0.751564
0.854321	-0.751564
0.854321	-0.751564
0.827910	-0.527816
0.827152	-0.515795
0.827754	-0.485550
0.827754	-0.485550
0.827754	-0.485550
0.827754	-0.448635
0.827754	-0.448635
0.827754	-0.448635
0.827754	-0.448635
0.447938	-0.093401
0.447938	-0.093401
0.447938	-0.093182
0.447938	-0.093182
0.447938	-0.093182
0.447938	-0.093182
0.447938	-0.093182
0.446958	-0.073314
0.433775	-0.013356
0.423509	0.081277
0.423363	0.117333
0.253824	0.263885
0.253824	0.266228
0.253824	0.266228
0.253824	0.266228
0.253824	0.266228
0.253824	0.266228
0.253824	0.266228
0.253824	0.266228
0.253824	0.266228
0.253824	0.266228
0.253824	0.266228

# gen = 95
0.854321	-0.761953
0.854321	-0.751564
0.854321	-0.751564
0.854321	-0.751564
0.854321	-0.751564
0.854321	-0.751566
0.854321	-0.751566
0.854321	-0.751566
0.854321	-0.751566
0.827910	-0.530672
0.827152	-0.515795
0.827754	-0.526143
0.827754	-0.448635
0.827754	-0.448635
0.827754	-0.448635
0.827754	-0.448635
0.827754	-0.448635
0.827754	-0.448635
0.447938	-0.093401
0.447938	-0.093401
0.447938	-0.093182
0.447938	-0.093182
0.447938	-0.093378
0.447938	-0.093378
0.447938	-0.093378
0.446958	-0.069161
0.433775	-0.013356
0.423509	0.081277
0.423363	0.117333
0.253824	0.261283
0.253824	0.266227
0.253824	0.266227
0.253824	0.266227
0.253824	0.266227
0.253824	0.266227
0.253824	0.266227
0.253824	0.266227
0.253824	0.266227
0.253824	0.266227
0.253824	0.266227

# gen = 96
0.854321	-0.761953
0.854321	-0.746678
0.854321	-0.728913
0.854321	-0.750873
0.854321	-0.750873
0.854321	-0.750873
0.854321	-0.750873
0.854321	-0.750873
0.854321	-0.750873
0.827910	-0.530620
0.827152	-0.515795
0.827754	-0.523571
0.827754	-0.523571
0.827754	-0.523571
0.827754	-0.448635
0.827754	-0.448635
0.827754	-0.448635
0.827754	-0.448635
0.447938	-0.093401
0.447938	-0.093401
0.447938	-0.093182
0.447938	-0.104964
0.447938	-0.104964
0.447938	-0.104964
0.447938	-0.104964
0.446930	-0.048379
0.433775	-0.013288
0.423363	0.092063
0.423363	0.092063
0.259812	0.259691
0.253824	0.266227
0.253824	0.266227
0.253824	0.266227
0.233993	0.369043
0.233993	0.369043
0.233993	0.369043
0.233993	0.369043
0.233993	0.369043
0.233993	0.369043
0.233993	0.369043

# gen = 97
0.854321	-0.761953
0.854321	-0.750873
0.854321	-0.750873
0.854321	-0.750873
0.854321	-0.750873
0.854321	-0.749733
0.854321	-0.749733
0.854321	-0.749733
0.854321	-0.749733
0.827910	-0.531487
0.826836	-0.517401
0.827754	-0.483658
0.827754	-0.483658
0.827754	-0.483658
0.827754	-0.446232
0.827754	-0.446232
0.827754	-0.446232
0.827754	-0.446232
0.447938	-0.105991
0.447938	-0.105991
0.447938	-0.105991
0.447938	-0.104964
0.447938	-0.104964
0.447938	-0.104964
0.447938	-0.104964
0.446930	-0.102553
0.433775	-0.013288
0.423363	0.080169
0.423363	0.080169
0.259812	0.259652
0.253824	0.266227
0.253824	0.266227
0.253824	0.266227
0.233993	0.369043
0.233993	0.369043
0.233993	0.369043
0.233993	0.369043
0.233993	0.369043
0.233993	0.369043
0.233993	0.369043

# gen = 98
0.854321	-0.761953
0.854321	-0.750873
0.854321	-0.749733
0.854321	-0.749733
0.854321	-0.749733
0.854321	-0.749733
0.854321	-0.744780
0.854321	-0.744780
0.854321	-0.744780
0.827910	-0.531487
0.826836	-0.517401
0.827754	-0.482301
0.827754	-0.482172
0.827754	-0.482172
0.827754	-0.482172
0.827754	-0.482172
0.827754	-0.482172
0.827754	-0.482172
0.447938	-0.106069
0.447938	-0.106069
0.447938	-0.106069
0.447938	-0.106069
0.447938	-0.106069
0.447938	-0.106069
0.447938	-0.104964
0.446930	-0.102553
0.433698	-0.023816
0.423363	0.080169
0.423363	0.080169
0.259812	0.259652
0.253824	0.265538
0.253824	0.265538
0.253824	0.266227
0.234738	0.336265
0.233993	0.371343
0.233993	0.371343
0.233993	0.371343
0.233993	0.371343
0.233993	0.371343
0.233993	0.371343

# gen = 99
0.854321	-0.761953
0.854321	-0.749773
0.854321	-0.749733
0.854321	-0.739415
0.854321	-0.739415
0.854321	-0.739415
0.854321	-0.739415
0.854321	-0.739415
0.854321	-0.739415
0.827910	-0.537833
0.826836	-0.505092
0.827754	-0.494780
0.827754	-0.482172
0.827754	-0.482172
0.827754	-0.517928
0.827754	-0.517928
0.827754	-0.500627
0.827754	-0.500627
0.447938	-0.106069
0.447938	-0.106069
0.447938	-0.106108
0.447938	-0.106108
0.447938	-0.106108
0.447938	-0.106108
0.447938	-0.106108
0.446886	-0.102953
0.433698	-0.023816
0.423363	0.078379
0.423363	0.104645
0.259812	0.258977
0.253781	0.260569
0.253781	0.260569
0.253781	0.260569
0.233993	0.335127
0.232370	0.341973
0.232370	0.341973
0.232370	0.341973
0.232370	0.341973
0.232370	0.341973
0.232370	0.341973

