# MOEAD_V5_AJUSTADO - Hipervolumen promedio por generación
# gen	hv_mean	hv_std	hv_min	hv_max
1	3.4999117221e+00	1.3350066516e-01	3.3226332388e+00	3.6933279590e+00
2	3.8576812016e+00	1.9720665285e-01	3.4687927835e+00	4.1517466437e+00
3	4.1810406464e+00	1.5584896853e-01	3.9059474328e+00	4.4333018050e+00
4	4.4264218006e+00	1.6941232256e-01	4.0959066831e+00	4.6807539217e+00
5	4.6620663499e+00	2.0595315035e-01	4.3359470020e+00	4.8956938389e+00
6	4.7722401373e+00	2.7679511906e-01	4.0430378946e+00	4.9721009582e+00
7	4.9308785561e+00	2.9559044543e-01	4.1685657152e+00	5.1816351167e+00
8	5.0427415285e+00	3.2070285193e-01	4.2612067154e+00	5.3106211518e+00
9	5.1450608796e+00	3.5067090176e-01	4.3127529529e+00	5.4608806974e+00
10	5.2036387795e+00	3.7015714406e-01	4.3457051701e+00	5.5698347203e+00
11	5.3556165368e+00	3.5170659367e-01	4.5002138387e+00	5.7636654397e+00
12	5.4104755946e+00	3.4599281384e-01	4.5491061382e+00	5.7709990732e+00
13	5.4763276405e+00	3.6417938007e-01	4.5702007285e+00	5.8305990959e+00
14	5.5313541186e+00	3.7343344085e-01	4.5797580073e+00	5.8464113993e+00
15	5.5685940710e+00	3.8989615183e-01	4.5607596533e+00	5.9035061075e+00
16	5.6145034564e+00	4.2531974153e-01	4.5293520661e+00	6.0185766852e+00
17	5.6490514554e+00	4.3268671689e-01	4.5386362083e+00	6.0722816820e+00
18	5.7242691168e+00	4.2647159798e-01	4.5846488098e+00	6.0989321399e+00
19	5.7576220729e+00	4.3848060132e-01	4.5905636748e+00	6.1259280617e+00
20	5.8014236049e+00	4.3534384205e-01	4.6164781052e+00	6.1276665459e+00
21	5.8205083436e+00	4.3127440587e-01	4.6379331180e+00	6.1382121247e+00
22	5.8542008108e+00	3.9157010580e-01	4.7872722115e+00	6.1481463126e+00
23	5.8742204368e+00	3.8817594528e-01	4.8158053524e+00	6.1713025587e+00
24	5.9029998703e+00	3.9287644794e-01	4.8268432342e+00	6.1801211802e+00
25	5.9087253200e+00	3.8784790903e-01	4.8470484230e+00	6.1990216630e+00
26	5.9614786511e+00	2.6863879745e-01	5.2535144003e+00	6.2019908571e+00
27	5.9848694837e+00	2.7037786046e-01	5.2750982440e+00	6.2248492659e+00
28	5.9921478428e+00	2.7016420540e-01	5.2810857175e+00	6.2340574618e+00
29	6.0076290598e+00	2.6249269216e-01	5.3241062043e+00	6.2443180958e+00
30	6.0243580408e+00	2.4973486642e-01	5.3705419628e+00	6.2494968284e+00
31	6.0350366291e+00	2.5094133774e-01	5.3758565581e+00	6.2629976730e+00
32	6.0414576646e+00	2.4766663564e-01	5.3877221659e+00	6.2647657486e+00
33	6.0674747199e+00	2.5392176534e-01	5.3985776528e+00	6.2781154768e+00
34	6.0730123970e+00	2.5312480483e-01	5.4026886872e+00	6.2693224763e+00
35	6.0769792197e+00	2.4789433024e-01	5.4132193930e+00	6.2727764824e+00
36	6.0857794350e+00	2.4329056375e-01	5.4377352108e+00	6.2765070402e+00
37	6.1004999066e+00	2.5132550708e-01	5.4298814473e+00	6.2815234995e+00
38	6.1052508752e+00	2.4893453741e-01	5.4442439576e+00	6.2836601222e+00
39	6.1142300973e+00	2.5175428167e-01	5.4456071986e+00	6.2957985944e+00
40	6.1307643764e+00	2.5119566166e-01	5.4449685841e+00	6.3062217215e+00
41	6.1314160456e+00	2.5070213038e-01	5.4468551946e+00	6.3019577388e+00
42	6.1666659254e+00	1.4090049452e-01	5.8129573561e+00	6.2998404448e+00
43	6.1709372219e+00	1.4029864338e-01	5.8148224714e+00	6.3030309846e+00
44	6.1725929633e+00	1.3970045533e-01	5.8175942040e+00	6.3044151443e+00
45	6.1742499432e+00	1.3869643904e-01	5.8246719136e+00	6.3045979821e+00
46	6.1774657290e+00	1.3650262441e-01	5.8307307036e+00	6.3049185310e+00
47	6.1827788839e+00	1.2807946457e-01	5.8626864293e+00	6.3073462184e+00
48	6.1833698486e+00	1.2834894304e-01	5.8646560442e+00	6.3073609481e+00
49	6.1915640650e+00	1.2493763133e-01	5.8666504097e+00	6.3089438698e+00
50	6.1923740966e+00	1.2378377790e-01	5.8703645353e+00	6.3098343320e+00
51	6.1922431040e+00	1.2508412892e-01	5.8655726460e+00	6.3126954392e+00
52	6.1901584736e+00	1.2487920681e-01	5.8656071620e+00	6.3124491374e+00
53	6.1907850980e+00	1.2175107853e-01	5.8750696397e+00	6.3090835114e+00
54	6.1923948491e+00	1.2127407424e-01	5.8780295709e+00	6.3088716420e+00
55	6.1937343606e+00	1.2056872469e-01	5.8808093922e+00	6.3089136636e+00
56	6.1961987709e+00	1.1676956145e-01	5.8958408370e+00	6.3128488958e+00
57	6.1972550619e+00	1.1541315540e-01	5.8999316123e+00	6.3100610865e+00
58	6.1995424548e+00	1.1648734724e-01	5.9008536721e+00	6.3122052820e+00
59	6.2267896751e+00	8.9688870917e-02	6.0612736010e+00	6.3805173498e+00
60	6.2271703749e+00	8.9700327578e-02	6.0618426378e+00	6.3799682960e+00
61	6.2421974933e+00	6.9090557960e-02	6.1346753621e+00	6.3781209866e+00
62	6.2424426708e+00	6.8910092050e-02	6.1347641309e+00	6.3788537827e+00
63	6.2428634859e+00	6.8895216599e-02	6.1350614492e+00	6.3786894891e+00
64	6.2439720975e+00	6.8874821407e-02	6.1351026459e+00	6.3789019608e+00
65	6.2466296255e+00	6.7698661411e-02	6.1354078782e+00	6.3787099823e+00
66	6.2622621592e+00	7.9651487821e-02	6.1361035275e+00	6.3789947022e+00
67	6.2629190276e+00	7.9507503167e-02	6.1361971730e+00	6.3784988073e+00
68	6.2614706257e+00	7.6738102603e-02	6.1364667324e+00	6.3790154675e+00
69	6.2623653704e+00	7.5694946294e-02	6.1364232172e+00	6.3788907587e+00
70	6.2626353458e+00	7.5834128394e-02	6.1365733433e+00	6.3795803615e+00
71	6.2630367710e+00	7.5865594599e-02	6.1366561975e+00	6.3808204150e+00
72	6.2631877958e+00	7.5833083491e-02	6.1366997462e+00	6.3806211869e+00
73	6.2641349946e+00	7.7047856068e-02	6.1369457629e+00	6.3841601567e+00
74	6.2630425296e+00	7.6212345488e-02	6.1369931927e+00	6.3835024844e+00
75	6.2630349590e+00	7.6130836946e-02	6.1369997016e+00	6.3827769145e+00
76	6.2635570235e+00	7.4866737471e-02	6.1424596954e+00	6.3823235974e+00
77	6.2637150647e+00	7.4892149128e-02	6.1424041764e+00	6.3823680753e+00
78	6.2640352665e+00	7.4866126543e-02	6.1421099554e+00	6.3820939956e+00
79	6.2650850316e+00	7.5721098041e-02	6.1422466723e+00	6.3836278773e+00
80	6.2652239136e+00	7.5703664753e-02	6.1425859271e+00	6.3835984151e+00
81	6.2653285331e+00	7.5765050794e-02	6.1426008191e+00	6.3837770284e+00
82	6.2656551046e+00	7.5587601689e-02	6.1424945804e+00	6.3836900612e+00
83	6.2658631721e+00	7.5591338818e-02	6.1425059089e+00	6.3837243297e+00
84	6.2657324410e+00	7.5980995673e-02	6.1397501579e+00	6.3832898444e+00
85	6.2657918012e+00	7.6094056565e-02	6.1398465765e+00	6.3834926395e+00
86	6.2656634364e+00	7.6210612708e-02	6.1398747430e+00	6.3835993138e+00
87	6.2661338139e+00	7.6171064161e-02	6.1398916734e+00	6.3838103932e+00
88	6.2662929169e+00	7.6195483913e-02	6.1402898593e+00	6.3836665333e+00
89	6.2663175998e+00	7.6287214709e-02	6.1400270138e+00	6.3835193943e+00
90	6.2662371362e+00	7.6480388792e-02	6.1400382157e+00	6.3843492204e+00
91	6.2669273199e+00	7.7517579036e-02	6.1396282423e+00	6.3846680064e+00
92	6.2669650239e+00	7.7553208182e-02	6.1395985564e+00	6.3846869665e+00
93	6.2677406331e+00	7.8808092817e-02	6.1395830249e+00	6.3839767015e+00
94	6.2679908035e+00	7.8606956235e-02	6.1397378524e+00	6.3838619508e+00
95	6.2681725062e+00	7.8686297338e-02	6.1397709071e+00	6.3837438603e+00
96	6.2686054086e+00	7.9035588987e-02	6.1396534026e+00	6.3859832569e+00
97	6.2741095981e+00	7.9597013900e-02	6.1397784368e+00	6.3860851404e+00
98	6.2742012265e+00	7.9549391234e-02	6.1397879864e+00	6.3859992927e+00
99	6.2742970179e+00	7.9499010096e-02	6.1398301999e+00	6.3862705632e+00
100	6.2745427307e+00	7.9476554485e-02	6.1398287906e+00	6.3863033113e+00
