# MOEAD_V8_5 - Hipervolumen promedio por generación
# gen	hv_mean	hv_std	hv_min	hv_max
1	3.3079412343e+00	1.8902894562e-01	2.9652657258e+00	3.5740233452e+00
2	3.7868286223e+00	2.1019035124e-01	3.3696487716e+00	4.0910378819e+00
3	4.1153956622e+00	2.4052418844e-01	3.6316951580e+00	4.5142747124e+00
4	4.1843100470e+00	2.8829788877e-01	3.8044215710e+00	4.6626123841e+00
5	4.4184487149e+00	2.5384121177e-01	4.0155465012e+00	4.8139260470e+00
6	4.5683004631e+00	2.8605021143e-01	4.0739113451e+00	5.0335702312e+00
7	4.7232226058e+00	2.6719652445e-01	4.2262492949e+00	5.3107396409e+00
8	4.9111100938e+00	1.6505879196e-01	4.7300761798e+00	5.2574123702e+00
9	5.0325990942e+00	3.0137468973e-01	4.2872507600e+00	5.3476321023e+00
10	5.1922643830e+00	3.6612962492e-01	4.3361211023e+00	5.5708431065e+00
11	5.3967951392e+00	2.0222360137e-01	4.9319536983e+00	5.6164307505e+00
12	5.4732257633e+00	2.0618045452e-01	4.9734062942e+00	5.6094935336e+00
13	5.5495703797e+00	2.1855216977e-01	5.0125159563e+00	5.7567367266e+00
14	5.6006546694e+00	2.1045984058e-01	5.0807462204e+00	5.8243499327e+00
15	5.7346011110e+00	2.1800533391e-01	5.1907465212e+00	5.9387284925e+00
16	5.7652978361e+00	2.1712459135e-01	5.2470853104e+00	5.9763516018e+00
17	5.8326819507e+00	1.2377703440e-01	5.6796385912e+00	6.0204149664e+00
18	5.8918483341e+00	1.2288707233e-01	5.7312223029e+00	6.0655849419e+00
19	5.9246633026e+00	1.0667869856e-01	5.7996103942e+00	6.0910736762e+00
20	5.9425962898e+00	1.1557895448e-01	5.8108496334e+00	6.1472234948e+00
21	5.9758772606e+00	1.0465620243e-01	5.8355251444e+00	6.1496649607e+00
22	6.0101494197e+00	1.0524512083e-01	5.8882449802e+00	6.1628594872e+00
23	6.0466344882e+00	1.1450055613e-01	5.9141813370e+00	6.2436619672e+00
24	6.0752123632e+00	1.0686900369e-01	5.9418283442e+00	6.2596272939e+00
25	6.1024133736e+00	9.3951166377e-02	5.9734712797e+00	6.2698003526e+00
26	6.1305753461e+00	7.8973465583e-02	6.0212922995e+00	6.2813163536e+00
27	6.1532427198e+00	6.8769620302e-02	6.0337236674e+00	6.2602933017e+00
28	6.1616564325e+00	6.8600003090e-02	6.0414305343e+00	6.2725354860e+00
29	6.1666505228e+00	5.5910873800e-02	6.0598910263e+00	6.2630022948e+00
30	6.1752242505e+00	5.6132374463e-02	6.0691035099e+00	6.2679895005e+00
31	6.1842666113e+00	5.6293302043e-02	6.0795482450e+00	6.2793789356e+00
32	6.1932432937e+00	5.5234280144e-02	6.0861132681e+00	6.2905394697e+00
33	6.1996143619e+00	4.9778672673e-02	6.1159934128e+00	6.2907812531e+00
34	6.2102056314e+00	4.7347573505e-02	6.1259716902e+00	6.2981042846e+00
35	6.2140576819e+00	4.6346488564e-02	6.1372196596e+00	6.2954763516e+00
36	6.2196653561e+00	4.8818335907e-02	6.1393380491e+00	6.3082749665e+00
37	6.2417515562e+00	5.1901549917e-02	6.1573520438e+00	6.3266132057e+00
38	6.2462472599e+00	5.0512223079e-02	6.1711222636e+00	6.3314538560e+00
39	6.2501965460e+00	5.1743060700e-02	6.1742935406e+00	6.3411288284e+00
40	6.2542095253e+00	5.1186567066e-02	6.1775934399e+00	6.3373408961e+00
41	6.2557511242e+00	5.1671788750e-02	6.1790665127e+00	6.3445355396e+00
42	6.2586712457e+00	5.2095599259e-02	6.1777743145e+00	6.3447098296e+00
43	6.2628917158e+00	5.2815574508e-02	6.1785974281e+00	6.3477979863e+00
44	6.2635367710e+00	5.3596749605e-02	6.1767460454e+00	6.3524807833e+00
45	6.2665252442e+00	5.2098104606e-02	6.1782363245e+00	6.3493899381e+00
46	6.2676622916e+00	5.1250504927e-02	6.1843471040e+00	6.3507772047e+00
47	6.2687570212e+00	5.2653580847e-02	6.1798775475e+00	6.3482069097e+00
48	6.2714348743e+00	5.2289902535e-02	6.1855087926e+00	6.3548252869e+00
49	6.2733694493e+00	5.0238104033e-02	6.1913166730e+00	6.3528882118e+00
50	6.2754374197e+00	5.2383752836e-02	6.1889013417e+00	6.3559587856e+00
51	6.2705981671e+00	6.1824390326e-02	6.1717170986e+00	6.3573699109e+00
52	6.2721049172e+00	6.1026577559e-02	6.1771629125e+00	6.3576636996e+00
53	6.2739608285e+00	5.9565133858e-02	6.1819954736e+00	6.3586531329e+00
54	6.2747136996e+00	5.9217715965e-02	6.1834459861e+00	6.3558315474e+00
55	6.2742274497e+00	5.8385594638e-02	6.1829790430e+00	6.3558309472e+00
56	6.2746957792e+00	5.8953345063e-02	6.1826418658e+00	6.3612642134e+00
57	6.2762806482e+00	5.8939042256e-02	6.1838746826e+00	6.3612783315e+00
58	6.2768547936e+00	6.0916280787e-02	6.1791021827e+00	6.3653976877e+00
59	6.2779920708e+00	6.0788458814e-02	6.1794610626e+00	6.3671757493e+00
60	6.2791525963e+00	6.0223743665e-02	6.1812158814e+00	6.3673711507e+00
61	6.2783702327e+00	5.9769212411e-02	6.1811829417e+00	6.3673738884e+00
62	6.2796016688e+00	5.8689445680e-02	6.1835182711e+00	6.3690697223e+00
63	6.2800026946e+00	5.9658819808e-02	6.1842167592e+00	6.3686417171e+00
64	6.2803113231e+00	5.9995884706e-02	6.1823952179e+00	6.3689406616e+00
65	6.2814056527e+00	6.0537170751e-02	6.1821701562e+00	6.3717312185e+00
66	6.2818656347e+00	6.0610108427e-02	6.1825955126e+00	6.3730373190e+00
67	6.2835319633e+00	6.1121013973e-02	6.1823212856e+00	6.3731122309e+00
68	6.2830519232e+00	6.0487629849e-02	6.1805798108e+00	6.3711800678e+00
69	6.2841010004e+00	6.0221830682e-02	6.1821499641e+00	6.3723294168e+00
70	6.2853977095e+00	5.9679407936e-02	6.1822901337e+00	6.3730348355e+00
71	6.2855503785e+00	5.9595290897e-02	6.1831612237e+00	6.3730915700e+00
72	6.2855490779e+00	5.8623196189e-02	6.1849050145e+00	6.3736595432e+00
73	6.2864656696e+00	5.8981198411e-02	6.1844897069e+00	6.3743720273e+00
74	6.2885232658e+00	5.9795938018e-02	6.1852989213e+00	6.3758457357e+00
75	6.2874013645e+00	5.9539503063e-02	6.1834789293e+00	6.3766915423e+00
76	6.2874778665e+00	5.9757721790e-02	6.1850213176e+00	6.3751866630e+00
77	6.2843079541e+00	5.9348503466e-02	6.1737316621e+00	6.3722077187e+00
78	6.2849623726e+00	5.8132208018e-02	6.1758114919e+00	6.3717566292e+00
79	6.2845667853e+00	5.8428623771e-02	6.1759547561e+00	6.3708988643e+00
80	6.2846089425e+00	5.8488450698e-02	6.1749173082e+00	6.3726311745e+00
81	6.2872474729e+00	5.7120330535e-02	6.1789361608e+00	6.3738531631e+00
82	6.2878256339e+00	5.6509222881e-02	6.1794385801e+00	6.3724574057e+00
83	6.2879290578e+00	5.6384197633e-02	6.1807084247e+00	6.3724658543e+00
84	6.2876411746e+00	5.6472343573e-02	6.1808321577e+00	6.3726573736e+00
85	6.2873038600e+00	5.5859861622e-02	6.1829572716e+00	6.3732351888e+00
86	6.2869607295e+00	5.6714164702e-02	6.1800566877e+00	6.3723730435e+00
87	6.2861398102e+00	5.6297222108e-02	6.1820018156e+00	6.3726836245e+00
88	6.2854955542e+00	5.6940452696e-02	6.1778152928e+00	6.3739050465e+00
89	6.2857187329e+00	5.5717469943e-02	6.1790608996e+00	6.3738344101e+00
90	6.2854518326e+00	5.7260960768e-02	6.1763375350e+00	6.3727103082e+00
91	6.2860276760e+00	5.6848429951e-02	6.1788176964e+00	6.3751893835e+00
92	6.2855334266e+00	5.6422063055e-02	6.1812423339e+00	6.3732963527e+00
93	6.2858740862e+00	5.7816285836e-02	6.1790642147e+00	6.3735194527e+00
94	6.2862591395e+00	5.6818701497e-02	6.1791924194e+00	6.3718584173e+00
95	6.2864384986e+00	5.6590507099e-02	6.1797180018e+00	6.3717642185e+00
96	6.2867620822e+00	5.6208926464e-02	6.1809086063e+00	6.3723163697e+00
97	6.2870522744e+00	5.6198300106e-02	6.1804820738e+00	6.3725621637e+00
98	6.2873597128e+00	5.6486264758e-02	6.1811870458e+00	6.3742378726e+00
99	6.2872032082e+00	5.6684503214e-02	6.1813673971e+00	6.3740713013e+00
100	6.2876911654e+00	5.6940652662e-02	6.1810302065e+00	6.3755138262e+00
