# MOEAD_V6 - Hipervolumen promedio por generación
# gen	hv_mean	hv_std	hv_min	hv_max
1	3.3826224732e+00	1.3585822363e-01	3.1856951700e+00	3.6323102358e+00
2	3.6712124000e+00	1.8576580708e-01	3.3458806088e+00	3.8700402315e+00
3	3.9949909325e+00	1.6768539993e-01	3.6596801898e+00	4.2825778981e+00
4	4.2094419690e+00	2.8989330222e-01	3.6121591290e+00	4.4714666175e+00
5	4.4779612927e+00	2.9763383554e-01	3.8775241426e+00	4.8420423806e+00
6	4.6196262719e+00	3.0935186142e-01	4.0224411436e+00	4.9106525438e+00
7	4.8251463174e+00	3.5918973333e-01	4.1220764342e+00	5.2111990112e+00
8	5.0500482274e+00	3.9821305311e-01	4.2335973262e+00	5.4693701871e+00
9	5.1909146717e+00	3.7197370928e-01	4.3037037271e+00	5.5653270159e+00
10	5.2663485831e+00	3.6026604115e-01	4.3983806675e+00	5.5997774146e+00
11	5.3404150051e+00	3.5949814246e-01	4.4473653500e+00	5.6125880828e+00
12	5.3792230172e+00	3.4835699298e-01	4.5202692835e+00	5.6717834871e+00
13	5.4589115619e+00	3.6450702186e-01	4.5512389271e+00	5.7776613235e+00
14	5.5260456668e+00	3.5337096441e-01	4.6285180385e+00	5.8371582550e+00
15	5.6246095478e+00	2.9860669484e-01	4.8977099211e+00	5.9152865668e+00
16	5.6686683957e+00	3.0657994715e-01	4.9329915374e+00	5.9511740151e+00
17	5.6889442547e+00	3.1939501832e-01	4.9040901885e+00	5.9516702531e+00
18	5.7447877383e+00	2.9958056887e-01	4.9677484049e+00	6.0077784318e+00
19	5.7858350469e+00	3.1077285716e-01	4.9875285552e+00	6.0399340856e+00
20	5.8556900379e+00	2.0987015699e-01	5.3759351594e+00	6.0743434429e+00
21	5.8973944143e+00	2.1329188674e-01	5.4376729667e+00	6.1369638001e+00
22	5.9375933644e+00	2.2295432318e-01	5.4536975321e+00	6.1663577085e+00
23	5.9591706287e+00	2.1588552797e-01	5.4690306437e+00	6.1751529313e+00
24	5.9714264794e+00	2.1789752723e-01	5.4702992065e+00	6.1737839784e+00
25	6.0072262015e+00	1.7478982835e-01	5.6802081389e+00	6.2100014178e+00
26	6.0363381691e+00	1.6542266011e-01	5.6942002606e+00	6.2203150126e+00
27	6.0635649699e+00	1.3615741894e-01	5.8574952895e+00	6.2297402054e+00
28	6.0638578683e+00	1.6959622400e-01	5.6868786982e+00	6.2375513001e+00
29	6.0782459329e+00	1.6688243954e-01	5.7098503956e+00	6.2486752463e+00
30	6.0882131364e+00	1.7028001569e-01	5.7109419237e+00	6.2609797974e+00
31	6.0962829158e+00	1.7422681275e-01	5.7099832143e+00	6.2754633376e+00
32	6.1077427463e+00	1.5656075603e-01	5.7961888770e+00	6.2817060452e+00
33	6.1371132268e+00	1.1844904686e-01	5.9199999060e+00	6.2858183642e+00
34	6.1400011713e+00	1.1382467336e-01	5.9272896596e+00	6.2909410187e+00
35	6.1670341586e+00	1.1419396516e-01	5.9067181294e+00	6.2948973332e+00
36	6.1662264416e+00	1.1437645577e-01	5.9115456065e+00	6.3032997742e+00
37	6.1761432785e+00	1.1994279472e-01	5.9106315461e+00	6.3182008092e+00
38	6.1837186323e+00	1.1953007417e-01	5.9123527287e+00	6.3220224036e+00
39	6.1899081332e+00	1.2164060100e-01	5.9134636680e+00	6.3230982431e+00
40	6.2069868019e+00	1.2006276458e-01	5.9208260632e+00	6.3300357164e+00
41	6.2105314094e+00	1.1886207498e-01	5.9211168819e+00	6.3337848379e+00
42	6.2176549825e+00	1.1754653681e-01	5.9289814625e+00	6.3390970245e+00
43	6.2204111136e+00	1.1843664793e-01	5.9300757444e+00	6.3397045612e+00
44	6.2232032060e+00	1.2239549661e-01	5.9301828065e+00	6.3517710197e+00
45	6.2290265709e+00	1.1417589034e-01	5.9640626758e+00	6.3581317260e+00
46	6.2274526224e+00	1.1344510090e-01	5.9640849691e+00	6.3535122190e+00
47	6.2324354783e+00	1.1529349619e-01	5.9648406901e+00	6.3548131956e+00
48	6.2303061929e+00	1.1904496878e-01	5.9559498743e+00	6.3588421108e+00
49	6.2328152116e+00	1.1866312747e-01	5.9624692384e+00	6.3646860287e+00
50	6.2347121267e+00	1.2062444744e-01	5.9562565840e+00	6.3618598169e+00
51	6.2361999533e+00	1.2143388565e-01	5.9563225290e+00	6.3634521246e+00
52	6.2387999615e+00	1.2206463348e-01	5.9568501116e+00	6.3655396966e+00
53	6.2395485793e+00	1.2173469306e-01	5.9573446907e+00	6.3680136588e+00
54	6.2402061758e+00	1.2165403736e-01	5.9573734223e+00	6.3683049968e+00
55	6.2409330762e+00	1.2280878086e-01	5.9574108980e+00	6.3694663607e+00
56	6.2441293261e+00	1.2246569177e-01	5.9582030731e+00	6.3685774445e+00
57	6.2435181851e+00	1.2400901158e-01	5.9584974524e+00	6.3751156613e+00
58	6.2450307233e+00	1.2405706674e-01	5.9589778966e+00	6.3748940968e+00
59	6.2478714941e+00	1.2560583612e-01	5.9590296032e+00	6.3776473668e+00
60	6.2489191311e+00	1.2430015700e-01	5.9599309679e+00	6.3763989973e+00
61	6.2505554087e+00	1.2460598174e-01	5.9600740911e+00	6.3766881244e+00
62	6.2505649628e+00	1.2608216544e-01	5.9546103932e+00	6.3773988827e+00
63	6.2516061781e+00	1.2628619342e-01	5.9546171375e+00	6.3791373061e+00
64	6.2518102340e+00	1.2632150339e-01	5.9546452447e+00	6.3801324716e+00
65	6.2484207748e+00	1.2862001218e-01	5.9547276959e+00	6.3794058439e+00
66	6.2487543752e+00	1.2922755352e-01	5.9543233862e+00	6.3802507009e+00
67	6.2484780915e+00	1.3073473324e-01	5.9485113653e+00	6.3804343315e+00
68	6.2469959832e+00	1.3058204519e-01	5.9485065950e+00	6.3803922522e+00
69	6.2477201585e+00	1.3080305007e-01	5.9487349953e+00	6.3815263706e+00
70	6.2495715617e+00	1.2991612672e-01	5.9476863476e+00	6.3798059055e+00
71	6.2501664211e+00	1.2992070610e-01	5.9481338137e+00	6.3799901731e+00
72	6.2502118468e+00	1.2991358397e-01	5.9479508387e+00	6.3796622809e+00
73	6.2482148026e+00	1.3350393499e-01	5.9330052672e+00	6.3800027368e+00
74	6.2492137789e+00	1.3383995429e-01	5.9329991660e+00	6.3798800456e+00
75	6.2497352858e+00	1.3399107528e-01	5.9333663569e+00	6.3800301324e+00
76	6.2495402657e+00	1.3355650554e-01	5.9334300559e+00	6.3803462638e+00
77	6.2491854059e+00	1.3393176884e-01	5.9322060015e+00	6.3805347223e+00
78	6.2494120420e+00	1.3456584281e-01	5.9322150337e+00	6.3822296374e+00
79	6.2490945451e+00	1.3506792148e-01	5.9322568862e+00	6.3866151532e+00
80	6.2489160611e+00	1.3481594187e-01	5.9322177666e+00	6.3862323591e+00
81	6.2493621215e+00	1.3467273399e-01	5.9322973269e+00	6.3876369450e+00
82	6.2499392847e+00	1.3521021850e-01	5.9322409393e+00	6.3876404817e+00
83	6.2500644774e+00	1.3530278529e-01	5.9322678685e+00	6.3882160552e+00
84	6.2512303302e+00	1.3518005937e-01	5.9323619464e+00	6.3882593226e+00
85	6.2516498960e+00	1.3502733895e-01	5.9323556213e+00	6.3886150174e+00
86	6.2510198820e+00	1.3508015047e-01	5.9322367016e+00	6.3889191110e+00
87	6.2509024881e+00	1.3493234872e-01	5.9322368840e+00	6.3886542466e+00
88	6.2512401061e+00	1.3516749887e-01	5.9322734121e+00	6.3896212934e+00
89	6.2510943924e+00	1.3512465451e-01	5.9322781020e+00	6.3897354627e+00
90	6.2513267271e+00	1.3521069170e-01	5.9323094454e+00	6.3896428612e+00
91	6.2513380777e+00	1.3514033536e-01	5.9322853642e+00	6.3890630647e+00
92	6.2518597205e+00	1.3550713205e-01	5.9323297488e+00	6.3887891803e+00
93	6.2520328828e+00	1.3562809063e-01	5.9323390692e+00	6.3892001998e+00
94	6.2520041073e+00	1.3557611650e-01	5.9323303776e+00	6.3879281698e+00
95	6.2521342729e+00	1.3572046816e-01	5.9322970787e+00	6.3891299850e+00
96	6.2522554873e+00	1.3564156977e-01	5.9323878670e+00	6.3892256130e+00
97	6.2526109131e+00	1.3554962679e-01	5.9323684582e+00	6.3896065900e+00
98	6.2524365728e+00	1.3615636715e-01	5.9323684638e+00	6.3894640992e+00
99	6.2524378002e+00	1.3609980658e-01	5.9323684348e+00	6.3895373363e+00
100	6.2524846300e+00	1.3601600569e-01	5.9325739108e+00	6.3888519067e+00
