# MOEAD_V8_3 - Hipervolumen promedio por generación
# gen	hv_mean	hv_std	hv_min	hv_max
1	3.3276011162e+00	1.5893783272e-01	3.1328965497e+00	3.5598292466e+00
2	3.7241594526e+00	2.1597136173e-01	3.4367450633e+00	4.0933717539e+00
3	3.9780977670e+00	3.4258502216e-01	3.1631402890e+00	4.4040747331e+00
4	4.2374735602e+00	4.2634280762e-01	3.2205465743e+00	4.7081510836e+00
5	4.4314023571e+00	4.3904842372e-01	3.2115590671e+00	4.6823626753e+00
6	4.6213641771e+00	4.4371564647e-01	3.4115793942e+00	4.9949717070e+00
7	4.8081314727e+00	4.5424495561e-01	3.5629145828e+00	5.1839737298e+00
8	5.0512718793e+00	1.9868495723e-01	4.5874032930e+00	5.2665579406e+00
9	5.1614222565e+00	1.8583091739e-01	4.7145028211e+00	5.3411149629e+00
10	5.1837021988e+00	3.6228121962e-01	4.2184609870e+00	5.4679734710e+00
11	5.2781792341e+00	3.8572682231e-01	4.2479895329e+00	5.6285352625e+00
12	5.3542647203e+00	4.1175895639e-01	4.2217619220e+00	5.6257036575e+00
13	5.4930877998e+00	3.4615373186e-01	4.5918193090e+00	5.7728049769e+00
14	5.5732158945e+00	3.4378315890e-01	4.6767867525e+00	5.8543987702e+00
15	5.6334635317e+00	3.5255664400e-01	4.6977673825e+00	5.8832746963e+00
16	5.6728277420e+00	3.6316356926e-01	4.7125540703e+00	5.9187271190e+00
17	5.7338107339e+00	3.8646005362e-01	4.7103629494e+00	5.9924849793e+00
18	5.7499811034e+00	3.7725668792e-01	4.7252331496e+00	5.9827191749e+00
19	5.7739981767e+00	3.7503038104e-01	4.7604808169e+00	6.0208984615e+00
20	5.8164580042e+00	3.8386340336e-01	4.7933736545e+00	6.0995967074e+00
21	5.8367652280e+00	3.5778417836e-01	4.8828257702e+00	6.0982592577e+00
22	5.8744553831e+00	3.6333155809e-01	4.8919240746e+00	6.1158370480e+00
23	5.8962035975e+00	3.6542440811e-01	4.9169190096e+00	6.1262216466e+00
24	5.9066701311e+00	3.5836421041e-01	4.9417364814e+00	6.1135957349e+00
25	5.9115986270e+00	3.6872609774e-01	4.9526336673e+00	6.1437753281e+00
26	5.9327528877e+00	3.5335336630e-01	5.0240638093e+00	6.1722532876e+00
27	5.9482912696e+00	3.5298630572e-01	5.0294608644e+00	6.1753172425e+00
28	5.9675550691e+00	3.5373625373e-01	5.0465382294e+00	6.1929114086e+00
29	5.9939028571e+00	2.9806769249e-01	5.2378888480e+00	6.2094301001e+00
30	6.0013006742e+00	2.9580441695e-01	5.2474328976e+00	6.2132637881e+00
31	6.0123928871e+00	2.7339149971e-01	5.3179405090e+00	6.2169165729e+00
32	6.0316981245e+00	2.6722875679e-01	5.3367846859e+00	6.2207809452e+00
33	6.0573623666e+00	2.1245964799e-01	5.5336691130e+00	6.2319521835e+00
34	6.0629744706e+00	2.0966264468e-01	5.5479186430e+00	6.2367220234e+00
35	6.0768615608e+00	1.8882418272e-01	5.6131034738e+00	6.2569760660e+00
36	6.0853644826e+00	1.8539106164e-01	5.6318012523e+00	6.2509097918e+00
37	6.0891753858e+00	1.8304517920e-01	5.6447176888e+00	6.2672026845e+00
38	6.0956474085e+00	1.8096715768e-01	5.6606634954e+00	6.2675314443e+00
39	6.1056930198e+00	1.6222906098e-01	5.7381099447e+00	6.2755776006e+00
40	6.1092751962e+00	1.5953585487e-01	5.7484690052e+00	6.2733783910e+00
41	6.1476485466e+00	9.9833273948e-02	5.9458518819e+00	6.2733130495e+00
42	6.1515143309e+00	9.9795982538e-02	5.9514465797e+00	6.2735083055e+00
43	6.1642858837e+00	9.5535495980e-02	5.9522271117e+00	6.2716862019e+00
44	6.1680474073e+00	9.6342911983e-02	5.9524759187e+00	6.2735529436e+00
45	6.1740420214e+00	9.7867279542e-02	5.9522948103e+00	6.2711155212e+00
46	6.1771690092e+00	9.7676780612e-02	5.9546804876e+00	6.2749698444e+00
47	6.1783405452e+00	9.7760726259e-02	5.9546804876e+00	6.2750074514e+00
48	6.1829942831e+00	1.0083359560e-01	5.9547092294e+00	6.2798715364e+00
49	6.1840273730e+00	1.0058056213e-01	5.9565238717e+00	6.2770594720e+00
50	6.1970462982e+00	9.6127544719e-02	5.9567402701e+00	6.2776761080e+00
51	6.1975714007e+00	9.6752293277e-02	5.9567402701e+00	6.2835084683e+00
52	6.2028893534e+00	9.7428575409e-02	5.9567402701e+00	6.2836902089e+00
53	6.2033826827e+00	9.7950806652e-02	5.9568367418e+00	6.2863080453e+00
54	6.2059064615e+00	9.7898004542e-02	5.9568367418e+00	6.2836042614e+00
55	6.2061566692e+00	1.0222719561e-01	5.9435538039e+00	6.2869199962e+00
56	6.2088056943e+00	1.0241218622e-01	5.9435538039e+00	6.2874801877e+00
57	6.2085294515e+00	1.0291953564e-01	5.9435538039e+00	6.2924606938e+00
58	6.2105033898e+00	1.0338298797e-01	5.9444259814e+00	6.2955384546e+00
59	6.2119051052e+00	1.0464848775e-01	5.9444296853e+00	6.2956965327e+00
60	6.2144021542e+00	1.0527043358e-01	5.9448073477e+00	6.3001209871e+00
61	6.2151140699e+00	1.0525595494e-01	5.9453556854e+00	6.3001439203e+00
62	6.2170274695e+00	1.0662873484e-01	5.9457373606e+00	6.3078091674e+00
63	6.2172865366e+00	1.0616756436e-01	5.9457373606e+00	6.3012317857e+00
64	6.2180569892e+00	1.0687733055e-01	5.9457373606e+00	6.3093064178e+00
65	6.2195296153e+00	1.0710702475e-01	5.9457373606e+00	6.3105204232e+00
66	6.2194663294e+00	1.0700947887e-01	5.9457373606e+00	6.3117126964e+00
67	6.2209942124e+00	1.0802615671e-01	5.9457373606e+00	6.3117953681e+00
68	6.2209172688e+00	1.0784899549e-01	5.9457373606e+00	6.3109674685e+00
69	6.2199982233e+00	1.0765741715e-01	5.9457373606e+00	6.3118453255e+00
70	6.2202444980e+00	1.0709351763e-01	5.9475550676e+00	6.3091746249e+00
71	6.2203019189e+00	1.0704218110e-01	5.9475550676e+00	6.3094337389e+00
72	6.2208864891e+00	1.0748232575e-01	5.9459225915e+00	6.3116549068e+00
73	6.2210144229e+00	1.0736331609e-01	5.9459225915e+00	6.3116214174e+00
74	6.2233856252e+00	1.0694198095e-01	5.9459225915e+00	6.3116374220e+00
75	6.2226443047e+00	1.0748369712e-01	5.9459225915e+00	6.3116471477e+00
76	6.2215664487e+00	1.0738907262e-01	5.9459225915e+00	6.3118148080e+00
77	6.2224225720e+00	1.0739035511e-01	5.9460074692e+00	6.3117582048e+00
78	6.2241053070e+00	1.0699113459e-01	5.9460074692e+00	6.3118941660e+00
79	6.2233021757e+00	1.0787949654e-01	5.9460074692e+00	6.3136020518e+00
80	6.2259388030e+00	1.0754664097e-01	5.9460074692e+00	6.3136431225e+00
81	6.2259981042e+00	1.0731265244e-01	5.9463162020e+00	6.3136764502e+00
82	6.2263862508e+00	1.0750371078e-01	5.9463718055e+00	6.3146847773e+00
83	6.2266652612e+00	1.0747654379e-01	5.9463718055e+00	6.3152988467e+00
84	6.2252313730e+00	1.0776240205e-01	5.9463718055e+00	6.3138866141e+00
85	6.2260752739e+00	1.0820906276e-01	5.9463718055e+00	6.3156490405e+00
86	6.2261448935e+00	1.0831733769e-01	5.9463718055e+00	6.3156212514e+00
87	6.2367456043e+00	1.1043940483e-01	5.9464249320e+00	6.3156341122e+00
88	6.2367178590e+00	1.1060740948e-01	5.9464249320e+00	6.3167364441e+00
89	6.2368722783e+00	1.1047121925e-01	5.9464249320e+00	6.3167271312e+00
90	6.2357549161e+00	1.1064984317e-01	5.9464249320e+00	6.3167313908e+00
91	6.2368005135e+00	1.1132035051e-01	5.9464249320e+00	6.3182205007e+00
92	6.2346022302e+00	1.1088558975e-01	5.9464249320e+00	6.3182828097e+00
93	6.2347147532e+00	1.1109961551e-01	5.9464249320e+00	6.3184269609e+00
94	6.2341646107e+00	1.1095383129e-01	5.9464249320e+00	6.3189595364e+00
95	6.2347244782e+00	1.1082549187e-01	5.9464249320e+00	6.3190885820e+00
96	6.2349157323e+00	1.1077728019e-01	5.9464249320e+00	6.3190810357e+00
97	6.2350476236e+00	1.1095156822e-01	5.9464249320e+00	6.3201167191e+00
98	6.2353682385e+00	1.1097380766e-01	5.9464249320e+00	6.3195978575e+00
99	6.2355858933e+00	1.1144689569e-01	5.9464249320e+00	6.3214422171e+00
100	6.2341377559e+00	1.1026430678e-01	5.9487670811e+00	6.3204738842e+00
