# MOEAD_V8_2 - Hipervolumen promedio por generación
# gen	hv_mean	hv_std	hv_min	hv_max
1	3.3146542909e+00	1.6458291778e-01	2.9915005897e+00	3.5740233452e+00
2	3.7974676554e+00	1.9898763063e-01	3.3772756913e+00	4.0887802460e+00
3	4.0867996954e+00	1.8556343408e-01	3.8382512473e+00	4.4891781931e+00
4	4.1790973824e+00	2.9979513925e-01	3.7614517626e+00	4.6507505157e+00
5	4.3893635225e+00	3.7486984576e-01	3.8882323960e+00	4.8941026265e+00
6	4.5545847645e+00	3.1632772206e-01	4.0743621097e+00	4.9971913686e+00
7	4.6874246905e+00	3.4014730576e-01	4.2187032896e+00	5.2057512259e+00
8	4.8240429449e+00	3.4033780586e-01	4.2941543028e+00	5.3569975984e+00
9	5.0164874109e+00	3.4922330526e-01	4.3880011890e+00	5.3998130037e+00
10	5.1332420588e+00	3.4238062867e-01	4.4643817493e+00	5.5360348649e+00
11	5.0811288555e+00	5.3331618006e-01	3.9165505559e+00	5.6597711780e+00
12	5.0506761413e+00	6.2151245074e-01	3.9841041019e+00	5.7000021710e+00
13	5.1298865798e+00	6.0650695018e-01	4.0037716207e+00	5.7478677099e+00
14	5.1986622849e+00	5.8212880511e-01	4.1277898639e+00	5.7621252561e+00
15	5.2733894681e+00	5.9799530305e-01	4.1924650232e+00	5.7933019562e+00
16	5.3563128204e+00	5.6836606109e-01	4.3214903358e+00	5.8401249491e+00
17	5.3908786290e+00	5.7062465961e-01	4.3864494061e+00	5.8803690305e+00
18	5.4276927016e+00	5.2861562617e-01	4.5453000295e+00	5.9031370504e+00
19	5.4650854675e+00	5.1851918744e-01	4.5794087712e+00	5.9758307147e+00
20	5.5010889694e+00	5.2415604870e-01	4.5890568511e+00	6.0316435909e+00
21	5.5678555938e+00	5.5637811912e-01	4.5977058325e+00	6.0850037936e+00
22	5.6504357871e+00	4.9542721261e-01	4.7970419049e+00	6.1156031408e+00
23	5.6618001531e+00	4.9003392014e-01	4.7954562540e+00	6.1481119704e+00
24	5.6930246791e+00	4.7277273104e-01	4.8735770958e+00	6.1505351241e+00
25	5.7359582743e+00	4.6384919109e-01	4.8842184753e+00	6.1620317187e+00
26	5.7721842540e+00	4.7829880026e-01	4.9048042455e+00	6.1938940246e+00
27	5.8191984614e+00	4.2451362139e-01	5.1098292502e+00	6.2015814104e+00
28	5.8386347866e+00	4.1274924276e-01	5.1713812735e+00	6.2032113620e+00
29	5.8807488230e+00	4.1954989864e-01	5.1746707242e+00	6.2070791225e+00
30	5.8987085867e+00	4.0738576831e-01	5.2524168066e+00	6.2220058083e+00
31	5.9276519969e+00	4.1238714846e-01	5.2666381984e+00	6.2324612082e+00
32	5.9456538457e+00	3.9188101093e-01	5.2916781890e+00	6.2339779571e+00
33	6.0089766864e+00	3.0416324008e-01	5.4086690518e+00	6.2488729461e+00
34	6.0597036748e+00	2.3377583086e-01	5.5723090663e+00	6.2628991825e+00
35	6.0991062918e+00	2.1954869972e-01	5.5818325666e+00	6.2722915587e+00
36	6.1119223426e+00	2.1723210749e-01	5.5836104878e+00	6.2877983712e+00
37	6.1159484659e+00	2.1622264103e-01	5.5846983693e+00	6.2909779955e+00
38	6.1500811002e+00	1.4628723924e-01	5.8657471049e+00	6.2903693100e+00
39	6.1547009558e+00	1.4651254090e-01	5.8733171991e+00	6.2923716018e+00
40	6.1973301552e+00	1.0839257716e-01	5.9508120658e+00	6.3098628670e+00
41	6.2007668922e+00	1.0695885219e-01	5.9552254112e+00	6.3041665151e+00
42	6.2102019372e+00	1.0839472042e-01	5.9554993558e+00	6.3100321449e+00
43	6.2183198210e+00	1.0329331666e-01	5.9767985295e+00	6.3115482959e+00
44	6.2380540769e+00	6.6442825832e-02	6.1033546642e+00	6.3138223945e+00
45	6.2432344065e+00	6.5736161094e-02	6.1065561632e+00	6.3225893662e+00
46	6.2424419285e+00	6.6048436342e-02	6.1074849393e+00	6.3236349569e+00
47	6.2475416381e+00	6.5370527094e-02	6.1161394405e+00	6.3218089259e+00
48	6.2500163438e+00	6.7197463813e-02	6.1161398466e+00	6.3256229987e+00
49	6.2488882627e+00	6.5795646529e-02	6.1176747743e+00	6.3273593319e+00
50	6.2513748732e+00	6.5255469067e-02	6.1223735785e+00	6.3284782597e+00
51	6.2525078730e+00	6.5311014689e-02	6.1222984696e+00	6.3284238958e+00
52	6.2547915881e+00	6.5788957085e-02	6.1278150402e+00	6.3322962140e+00
53	6.2561688277e+00	6.5932989630e-02	6.1281024078e+00	6.3312355932e+00
54	6.2565676639e+00	6.6052653072e-02	6.1280274097e+00	6.3298678186e+00
55	6.2566042127e+00	6.5972267136e-02	6.1275956223e+00	6.3333118045e+00
56	6.2584245227e+00	6.6966995559e-02	6.1312433419e+00	6.3362443536e+00
57	6.2571553625e+00	6.4732699677e-02	6.1313982292e+00	6.3354754253e+00
58	6.2603814772e+00	6.5667906999e-02	6.1352237388e+00	6.3373687886e+00
59	6.2620671306e+00	6.6757841025e-02	6.1385808297e+00	6.3513328264e+00
60	6.2625224914e+00	6.6694975515e-02	6.1406280254e+00	6.3547688634e+00
61	6.2632194586e+00	6.8308234072e-02	6.1366380200e+00	6.3542938791e+00
62	6.2670484995e+00	6.8714168304e-02	6.1443201416e+00	6.3556814148e+00
63	6.2665845797e+00	6.7792172304e-02	6.1486354334e+00	6.3572481245e+00
64	6.2671611124e+00	6.7920334270e-02	6.1494181760e+00	6.3583247976e+00
65	6.2699718118e+00	6.9594651786e-02	6.1504747238e+00	6.3619467635e+00
66	6.2686552518e+00	6.8395356976e-02	6.1505847448e+00	6.3634309729e+00
67	6.2701985618e+00	6.9300138177e-02	6.1531762415e+00	6.3642124991e+00
68	6.2707755602e+00	6.8146632227e-02	6.1584215061e+00	6.3639385240e+00
69	6.2710503929e+00	6.8361805903e-02	6.1578829809e+00	6.3656027316e+00
70	6.2704398230e+00	6.7446088998e-02	6.1596534019e+00	6.3679681424e+00
71	6.2722719271e+00	6.8152137341e-02	6.1633002412e+00	6.3692083401e+00
72	6.2722122707e+00	6.6709611317e-02	6.1669644596e+00	6.3655798125e+00
73	6.2725104279e+00	6.7217979487e-02	6.1650683047e+00	6.3646636650e+00
74	6.2739515610e+00	6.8248789309e-02	6.1652643286e+00	6.3674811028e+00
75	6.2749397539e+00	6.8933200614e-02	6.1653408226e+00	6.3673697543e+00
76	6.2765655464e+00	6.9884431533e-02	6.1653673213e+00	6.3710045261e+00
77	6.2756357296e+00	6.9026720012e-02	6.1655366102e+00	6.3687539001e+00
78	6.2757253357e+00	6.8506851315e-02	6.1667689762e+00	6.3692513754e+00
79	6.2765186841e+00	6.9682993018e-02	6.1666324847e+00	6.3694601931e+00
80	6.2754957934e+00	7.1243087358e-02	6.1589030557e+00	6.3747016123e+00
81	6.2749598872e+00	6.8572102996e-02	6.1651531331e+00	6.3685930649e+00
82	6.2737538289e+00	6.9846670146e-02	6.1585436966e+00	6.3703792791e+00
83	6.2739954954e+00	6.9280350661e-02	6.1609952246e+00	6.3690305301e+00
84	6.2750145043e+00	7.2454073062e-02	6.1504633900e+00	6.3666419019e+00
85	6.2731854351e+00	7.1556222475e-02	6.1484282255e+00	6.3662072846e+00
86	6.2736074443e+00	7.2068577884e-02	6.1469315741e+00	6.3654815597e+00
87	6.2734681623e+00	7.0893674367e-02	6.1485525282e+00	6.3630336942e+00
88	6.2741034158e+00	7.2079464272e-02	6.1496367276e+00	6.3691229909e+00
89	6.2745147317e+00	7.2955134623e-02	6.1474009502e+00	6.3711163787e+00
90	6.2748209649e+00	7.2127843336e-02	6.1489272954e+00	6.3674241667e+00
91	6.2763784245e+00	7.3442564725e-02	6.1481740482e+00	6.3685419164e+00
92	6.2759262714e+00	7.3780140549e-02	6.1469420351e+00	6.3695882606e+00
93	6.2761539843e+00	7.3573734605e-02	6.1475158900e+00	6.3697301394e+00
94	6.2774928648e+00	7.2932458584e-02	6.1543515960e+00	6.3718239037e+00
95	6.2767308660e+00	7.2067902901e-02	6.1547103801e+00	6.3682264117e+00
96	6.2756014622e+00	7.1107110692e-02	6.1547366485e+00	6.3680451987e+00
97	6.2760216327e+00	7.1510894195e-02	6.1538492926e+00	6.3699438370e+00
98	6.2769614184e+00	7.2311884400e-02	6.1545729770e+00	6.3677925284e+00
99	6.2785784453e+00	7.3143830994e-02	6.1543669179e+00	6.3669734985e+00
100	6.2774038819e+00	7.4314128342e-02	6.1483333843e+00	6.3676153217e+00
