# gen = 0
0.290700	3.927624
0.659436	2.309688
0.659436	2.309688
0.680488	3.276999
0.680488	3.276999
0.616851	2.560727
0.273652	3.795101
0.273652	3.795101
0.731265	3.957055
0.116645	3.798181
0.288899	3.740845
0.616851	2.560727
0.616851	2.560727
0.616851	2.560727
0.616851	2.560727
0.825921	3.110740
0.042550	3.355928
0.858007	2.281450
0.447689	2.132924
0.447689	2.132924
0.600335	3.333120
0.631182	1.674836
0.617370	3.173805
0.631182	1.674836
0.435004	2.357232
0.302358	3.059403
0.302358	3.059403
0.435004	2.357232
0.038110	3.788836
0.409300	3.354344
0.617062	2.046866
0.409300	3.354344
0.064072	4.051301
0.064072	4.051301
0.064072	4.051301
0.064072	4.051301
0.064072	4.051301
0.064072	4.051301
0.064072	4.051301
0.064072	4.051301

# gen = 1
0.306760	3.341342
0.659436	2.309688
0.659436	2.309688
0.616851	2.553529
0.616851	2.553529
0.616851	2.553433
0.280851	2.928612
0.280851	2.928612
0.616851	1.882530
0.120855	3.017962
0.120855	3.017962
0.858007	1.709355
0.858007	1.709355
0.858007	1.709355
0.631182	1.590329
0.617370	2.177796
0.042550	3.021035
0.444020	1.791958
0.444020	1.791958
0.444020	1.791958
0.434164	2.691737
0.631182	1.675405
0.617062	2.040416
0.410869	2.319928
0.410869	2.319928
0.435896	1.879589
0.435896	1.879589
0.410869	2.319928
0.064072	3.400177
0.409300	3.354344
0.064072	3.400177
0.409300	3.354344
0.064072	4.051301
0.064072	4.051301
0.064072	4.051301
0.064072	4.051301
0.064072	4.051301
0.064072	4.051301
0.064072	4.051301
0.064072	4.051301

# gen = 2
0.616851	2.529367
0.616851	1.246628
0.614679	2.196225
0.614679	2.196225
0.614679	2.196225
0.616851	1.289125
0.617370	1.431409
0.617370	1.431409
0.858007	0.886235
0.607401	2.528932
0.607401	2.528932
0.444020	1.614616
0.631182	1.607706
0.631182	1.607706
0.858007	0.886235
0.431264	2.121547
0.444020	1.413993
0.444020	1.413993
0.410869	1.784979
0.410869	1.784979
0.410869	2.319928
0.631182	1.188886
0.631182	1.188886
0.411046	2.053636
0.411046	2.053636
0.410869	1.784979
0.410869	1.784979
0.411046	2.053636
0.069947	2.750428
0.069947	2.750428
0.064072	3.398744
0.086339	2.938614
0.064072	4.022838
0.064072	4.022838
0.064072	4.022838
0.064072	4.022838
0.064072	4.022838
0.064072	4.022838
0.064072	4.022838
0.064072	4.022838

# gen = 3
0.614679	1.703852
0.616851	1.171350
0.607401	1.832872
0.616851	0.910168
0.616851	0.910168
0.616851	0.910168
0.617370	1.381967
0.617370	1.381967
0.616851	0.910168
0.405451	2.175156
0.405451	2.175156
0.444020	1.405461
0.444020	1.405461
0.444020	1.405461
0.625186	1.104317
0.410879	1.669752
0.625186	1.104317
0.625186	1.104317
0.411046	1.684393
0.411046	1.684393
0.411046	1.684393
0.631182	1.192774
0.631182	1.192774
0.411046	2.039848
0.411046	2.053636
0.411046	1.684393
0.411046	1.684393
0.411046	2.053636
0.070088	2.424386
0.069840	2.261836
0.086339	2.881487
0.086339	2.881487
0.086339	2.881487
0.086339	2.881487
0.086339	2.881487
0.086339	2.881487
0.086339	2.881487
0.086339	2.881487
0.086339	2.881487
0.064072	3.822873

# gen = 4
0.616851	0.910168
0.616851	0.910168
0.544318	1.698584
0.428251	0.859516
0.428251	0.859516
0.428251	0.859516
0.444295	1.201867
0.444295	1.201867
0.428251	0.859516
0.411322	1.566709
0.411322	1.566709
0.444020	0.989664
0.625186	1.102019
0.625186	1.102019
0.625186	1.102019
0.631182	1.032151
0.625186	1.102019
0.625186	1.102019
0.411046	1.684393
0.411046	1.684393
0.411046	1.684393
0.411046	1.542981
0.411046	1.656304
0.077272	1.972881
0.077272	1.972881
0.411046	1.656304
0.411046	1.656304
0.077272	1.972881
0.069840	2.262705
0.069840	2.210571
0.086339	2.881487
0.086339	2.881487
0.086339	2.881487
0.086339	2.881487
0.086339	2.881487
0.086339	2.881487
0.086339	2.881487
0.086339	2.881487
0.086339	2.881487
0.064072	3.865136

# gen = 5
0.444295	0.536139
0.444295	0.536139
0.444020	0.931941
0.428251	0.859516
0.428251	0.859516
0.428251	0.859516
0.426819	0.992821
0.426819	0.992821
0.428251	0.859516
0.625186	1.102019
0.625186	1.102019
0.444020	0.918138
0.625186	1.101713
0.625186	1.101713
0.625186	1.101713
0.444020	0.918138
0.625186	1.101713
0.625186	1.101713
0.411046	1.547485
0.411046	1.547485
0.411046	1.547485
0.411046	1.518253
0.411046	1.418004
0.077272	1.971655
0.077272	1.971655
0.411046	1.418004
0.411046	1.418004
0.077272	1.971655
0.069840	2.208507
0.069840	2.208507
0.086339	2.881487
0.086339	2.881487
0.086339	2.881487
0.086339	2.881487
0.086339	2.881487
0.086339	2.881487
0.086339	2.881487
0.086339	2.881487
0.064072	2.990363
0.064072	2.990363

# gen = 6
0.444295	0.534714
0.444295	0.534714
0.625186	0.502429
0.625186	0.720425
0.625186	0.720425
0.428251	0.859516
0.428251	0.859516
0.428251	0.859516
0.428251	0.859516
0.625186	1.102019
0.625186	1.102019
0.428251	0.859516
0.441433	0.941558
0.441433	0.941558
0.441433	0.941558
0.444020	0.918138
0.441433	0.941558
0.441433	0.941558
0.411046	1.279113
0.411046	1.279113
0.411046	1.279113
0.411046	1.279113
0.411046	1.279113
0.077272	1.971655
0.077272	1.971655
0.411046	1.279113
0.411046	1.279113
0.077272	1.971655
0.069531	2.207502
0.069531	2.207502
0.086339	2.878949
0.086339	2.878949
0.086339	2.878949
0.086339	2.878949
0.086339	2.878949
0.086339	2.878949
0.086339	2.878949
0.086339	2.878949
0.064072	2.990363
0.059141	2.996451

# gen = 7
0.444295	0.494725
0.444295	0.494725
0.444295	0.494725
0.449005	0.568700
0.449005	0.568700
0.428239	0.845045
0.428239	0.845045
0.428239	0.845045
0.428247	0.708933
0.444020	0.914890
0.444020	0.914890
0.428247	0.708933
0.441433	0.774158
0.441433	0.774158
0.441433	0.774158
0.441433	0.774158
0.441433	0.774158
0.441433	0.774158
0.411046	1.250977
0.411046	1.250977
0.411046	1.250977
0.411046	1.253497
0.411046	1.253497
0.411046	1.253497
0.077388	1.816146
0.411046	1.253497
0.411046	1.253497
0.077388	1.816146
0.069072	2.164342
0.069072	2.164342
0.086339	2.878949
0.086339	2.878949
0.086339	2.878949
0.086339	2.878949
0.086339	2.878949
0.086339	2.878949
0.086339	2.878949
0.086339	2.878949
0.064431	2.878684
0.059141	2.996451

# gen = 8
0.444295	0.488878
0.444295	0.488878
0.444295	0.488878
0.444295	0.488878
0.444295	0.488878
0.441433	0.774158
0.428247	0.743850
0.428247	0.743850
0.428247	0.591699
0.441433	0.774516
0.441433	0.774516
0.428247	0.591699
0.441433	0.774158
0.441433	0.774158
0.441433	0.774158
0.441433	0.774158
0.441433	0.774158
0.441433	0.628867
0.411046	1.215456
0.411046	1.215456
0.411046	1.215456
0.411046	1.215456
0.411046	1.243836
0.411046	1.243836
0.411046	1.243836
0.411046	1.225149
0.411046	1.225149
0.411046	1.225149
0.411046	1.225149
0.411046	1.225149
0.086339	2.631064
0.086339	2.631064
0.086339	2.631064
0.086339	2.631064
0.086339	2.631064
0.086339	2.631064
0.086339	2.631064
0.086339	2.631064
0.069072	2.175332
0.059141	2.996451

# gen = 9
0.441526	0.458058
0.441526	0.458058
0.441526	0.458058
0.441526	0.458058
0.441526	0.458058
0.428131	0.651675
0.428247	0.687661
0.428247	0.687661
0.428247	0.591307
0.441433	0.769610
0.441433	0.769610
0.428247	0.591307
0.441433	0.774158
0.441433	0.774158
0.441433	0.774158
0.441433	0.774158
0.441433	0.595507
0.441433	0.595507
0.411046	1.187410
0.411046	1.187410
0.411046	1.187410
0.411046	1.187410
0.411046	1.187968
0.411046	1.205779
0.411046	1.161138
0.411046	1.161138
0.411046	1.161138
0.411046	1.162560
0.411046	1.162560
0.411046	1.162560
0.068203	2.185951
0.068203	2.185951
0.068203	2.185951
0.068203	2.185951
0.068203	2.185951
0.068203	2.185951
0.068203	2.185951
0.068203	2.185951
0.068203	2.185951
0.059141	2.996451

# gen = 10
0.441433	0.399449
0.441433	0.399449
0.441526	0.391140
0.441526	0.391140
0.441526	0.391140
0.428201	0.650634
0.428247	0.682355
0.428247	0.682355
0.428416	0.588351
0.441433	0.679185
0.441433	0.679185
0.428416	0.588351
0.441433	0.595507
0.441433	0.595507
0.413042	0.665220
0.413042	0.665220
0.413042	0.665220
0.441433	0.617564
0.411046	1.158565
0.411046	1.158565
0.411046	1.158565
0.411046	1.135033
0.411046	1.167335
0.411046	1.161133
0.411046	1.161133
0.411046	1.161133
0.411046	1.146132
0.411046	1.161408
0.411046	1.161408
0.411046	1.161408
0.068203	2.185951
0.068203	2.185951
0.068203	2.185951
0.068203	2.185951
0.068203	2.185951
0.068203	2.185951
0.068203	2.185951
0.068203	2.185951
0.068203	2.185951
0.052196	2.244650

# gen = 11
0.441433	0.399449
0.441433	0.399449
0.441526	0.391140
0.441433	0.383828
0.441433	0.383828
0.441433	0.527133
0.441433	0.595507
0.441433	0.595507
0.441433	0.527133
0.441433	0.651818
0.441433	0.651818
0.441433	0.527133
0.441433	0.595507
0.441433	0.595507
0.413042	0.659263
0.413042	0.659263
0.413042	0.659263
0.413042	0.688741
0.411046	1.153782
0.411046	1.153782
0.411046	1.153782
0.411046	1.135033
0.411046	1.161408
0.411046	1.159757
0.411046	1.159757
0.411046	1.159757
0.411046	1.139142
0.411046	1.139142
0.411046	1.139142
0.411046	1.139142
0.068203	2.185951
0.068203	2.185951
0.068203	2.185951
0.068203	2.185951
0.068203	2.185951
0.068203	2.185951
0.068203	2.185951
0.068203	2.185951
0.068203	2.185951
0.052196	2.244650

# gen = 12
0.441433	0.317449
0.441433	0.317449
0.441433	0.381122
0.441433	0.381122
0.441433	0.381122
0.441433	0.520907
0.441433	0.574180
0.441433	0.574180
0.441433	0.520907
0.413042	0.626947
0.413042	0.626947
0.441433	0.520907
0.441433	0.533670
0.441433	0.533670
0.413042	0.640541
0.413042	0.640541
0.413042	0.640541
0.413042	0.640541
0.411046	1.153782
0.411046	1.153782
0.411046	1.153782
0.411046	1.127924
0.411046	1.160503
0.411046	1.152308
0.411046	1.101790
0.411046	1.101790
0.411046	1.101790
0.411046	1.101790
0.411046	1.101790
0.411046	1.101790
0.068203	2.185951
0.068203	2.185951
0.068203	2.185951
0.068203	2.185951
0.068203	2.185951
0.068203	2.185951
0.068203	2.185951
0.068203	2.185951
0.068203	2.185951
0.052195	2.244656

# gen = 13
0.441433	0.296928
0.441433	0.296928
0.441433	0.380057
0.441433	0.380057
0.441433	0.380057
0.441433	0.382205
0.441433	0.533670
0.441433	0.533670
0.441433	0.382205
0.413042	0.617459
0.413042	0.617459
0.441433	0.382205
0.438685	0.525405
0.438685	0.525405
0.413042	0.627774
0.413042	0.638686
0.413042	0.638686
0.413042	0.638686
0.411046	1.131132
0.411046	1.131132
0.411046	1.110412
0.411046	1.094097
0.411046	1.101790
0.411046	1.101790
0.411046	1.101790
0.411046	1.083937
0.411046	1.083937
0.411046	1.083937
0.411046	1.083937
0.411046	1.083937
0.068203	2.185951
0.068203	2.185951
0.068203	2.185951
0.068203	2.185951
0.068203	2.185951
0.068203	2.185951
0.068203	2.185951
0.068203	2.185951
0.068203	2.185951
0.052195	2.244656

# gen = 14
0.441433	0.223898
0.441433	0.223898
0.441433	0.223898
0.441433	0.223898
0.441433	0.223898
0.441433	0.223898
0.438685	0.525405
0.438685	0.525405
0.441433	0.223898
0.438685	0.390874
0.438685	0.390874
0.438685	0.390874
0.438685	0.390874
0.438685	0.390874
0.413042	0.627431
0.413042	0.627431
0.413042	0.638686
0.411153	0.634942
0.411046	1.123537
0.411046	1.123537
0.411046	1.091723
0.411046	1.075060
0.411046	1.101790
0.411046	1.101790
0.411046	1.055188
0.411046	1.055188
0.411046	1.074474
0.411046	1.074474
0.411046	1.074474
0.411046	1.074474
0.068203	2.178331
0.068203	2.178331
0.068203	2.178331
0.068203	2.178331
0.068203	2.178331
0.068203	2.178331
0.068203	2.178331
0.068203	2.178331
0.068203	2.189247
0.052195	2.244656

# gen = 15
0.441433	0.219362
0.441433	0.224595
0.441433	0.230617
0.441433	0.231094
0.441433	0.231094
0.441433	0.231094
0.438685	0.422834
0.438685	0.422834
0.441433	0.231094
0.438685	0.390874
0.438685	0.390874
0.438685	0.390874
0.438685	0.390874
0.438685	0.390874
0.438685	0.390874
0.438685	0.390874
0.413042	0.637775
0.438685	0.390874
0.411046	1.117648
0.411046	1.117648
0.411046	1.088937
0.413042	0.637775
0.411046	1.074479
0.411046	1.074479
0.413042	0.637775
0.411046	1.053235
0.411046	1.053235
0.411046	1.053235
0.411046	1.053235
0.411046	1.053235
0.068203	2.178331
0.068203	2.178331
0.068203	2.178331
0.068203	2.178331
0.068203	2.178331
0.068203	2.178331
0.068203	2.178331
0.068203	2.178331
0.068203	2.178331
0.052195	2.244656

# gen = 16
0.441433	0.214500
0.441433	0.222418
0.438691	0.210150
0.438691	0.210150
0.438691	0.210150
0.438675	0.211330
0.438685	0.404970
0.438685	0.404970
0.438771	0.209438
0.438771	0.209438
0.438771	0.209438
0.438771	0.209438
0.438685	0.390874
0.438685	0.390874
0.438685	0.390874
0.438685	0.390874
0.413042	0.637675
0.438685	0.390874
0.411046	0.969795
0.411046	0.969795
0.411046	0.715658
0.413042	0.650140
0.411046	1.070127
0.411046	1.053235
0.413042	0.650140
0.411046	1.053235
0.411046	1.053235
0.411046	1.057786
0.411046	1.057786
0.411046	1.057786
0.068203	2.156465
0.068203	2.156465
0.068203	2.156465
0.068203	2.156465
0.068203	2.156465
0.068203	2.156465
0.068203	2.156465
0.068203	2.156465
0.068203	2.156465
0.052195	2.244942

# gen = 17
0.438493	0.206927
0.438493	0.206927
0.438771	0.208368
0.438493	0.206927
0.438493	0.206927
0.438493	0.206927
0.438771	0.205342
0.438771	0.205342
0.438685	0.226414
0.438771	0.207386
0.438771	0.207386
0.438771	0.207386
0.438771	0.207386
0.438685	0.226414
0.438685	0.226414
0.438685	0.226414
0.410733	0.604999
0.438685	0.226414
0.411046	0.958238
0.411046	0.958238
0.411046	0.709688
0.413042	0.650140
0.411046	1.036459
0.411046	1.053235
0.411046	0.709688
0.411046	1.043063
0.411046	1.043063
0.411046	1.056935
0.411046	1.056935
0.411046	1.056935
0.068203	2.156465
0.068203	2.156465
0.068203	2.156465
0.068203	2.156465
0.068203	2.156465
0.068203	2.156465
0.068203	2.156465
0.068203	2.156465
0.068203	2.156465
0.000000	2.684360

# gen = 18
0.438771	0.204258
0.438771	0.204258
0.438771	0.204258
0.438485	0.203963
0.438485	0.203963
0.438493	0.206927
0.438682	0.237219
0.438682	0.237219
0.438682	0.237219
0.438685	0.219547
0.438685	0.219547
0.438685	0.219547
0.438685	0.219547
0.438685	0.219547
0.438685	0.218211
0.438685	0.214937
0.438685	0.214937
0.438685	0.214937
0.411046	0.591995
0.411046	0.591995
0.411046	0.591995
0.411080	0.643829
0.411046	0.709608
0.411046	1.033662
0.411046	0.709608
0.411046	0.889895
0.411046	0.889895
0.411046	0.889895
0.411046	0.889895
0.411046	1.044075
0.068767	2.147963
0.068767	2.147963
0.068767	2.147963
0.068767	2.147963
0.068767	2.147963
0.068767	2.147963
0.068767	2.147963
0.068767	2.147963
0.068203	2.130678
0.000000	2.684360

# gen = 19
0.438498	0.203530
0.438498	0.203530
0.438681	0.181563
0.460883	0.160220
0.438485	0.203987
0.438485	0.203987
0.438682	0.221599
0.438682	0.221599
0.438682	0.221599
0.438685	0.222470
0.438685	0.222470
0.438685	0.222470
0.438685	0.209283
0.438685	0.209283
0.438685	0.195708
0.438685	0.207343
0.438685	0.207343
0.438685	0.207343
0.411046	0.591995
0.411046	0.591995
0.411046	0.591995
0.411080	0.587932
0.411080	0.587932
0.411046	0.876675
0.411046	0.698485
0.411046	0.876675
0.411046	0.876675
0.411046	0.876675
0.411046	0.876675
0.411046	0.876675
0.068205	2.131114
0.068205	2.131114
0.068205	2.131114
0.068205	2.131114
0.068205	2.131114
0.068205	2.131114
0.068205	2.131114
0.068205	2.131114
0.000000	2.684360
0.000000	2.684360

# gen = 20
0.438682	0.196809
0.438682	0.196809
0.460883	0.143773
0.460883	0.143773
0.438681	0.182716
0.438485	0.192001
0.438682	0.203535
0.438682	0.203535
0.438682	0.203535
0.438685	0.222168
0.438685	0.222168
0.438685	0.206857
0.438685	0.206857
0.438685	0.206857
0.438685	0.207343
0.438685	0.207343
0.428281	0.382830
0.428281	0.382830
0.411046	0.591995
0.411046	0.591995
0.411046	0.591995
0.411046	0.591995
0.411046	0.591995
0.411046	0.842404
0.411046	0.733302
0.411046	0.876675
0.411046	0.876675
0.411046	0.876675
0.411046	0.876675
0.411046	0.876675
0.068205	2.131114
0.068205	2.131114
0.068205	2.131114
0.068205	2.131114
0.068205	2.131114
0.068205	2.131114
0.068205	2.131114
0.068205	2.131114
0.000294	2.585880
0.000000	2.684360

# gen = 21
0.464608	0.186603
0.464608	0.186603
0.460883	0.143773
0.438681	0.179065
0.438681	0.179065
0.438485	0.192001
0.438682	0.193896
0.438682	0.193896
0.438682	0.193896
0.438682	0.200950
0.438682	0.200950
0.438685	0.207343
0.438685	0.207343
0.438685	0.207343
0.438685	0.207343
0.438685	0.207343
0.428281	0.382830
0.428281	0.382830
0.411046	0.591995
0.411046	0.591995
0.411046	0.591995
0.411046	0.591995
0.411046	0.591995
0.411046	0.781175
0.411046	0.781175
0.411046	0.867913
0.411046	0.867913
0.411046	0.867913
0.411046	0.867913
0.411046	0.867913
0.068205	2.131114
0.068205	2.131114
0.068205	2.131114
0.068205	2.131114
0.068205	2.131114
0.068205	2.131114
0.068205	2.131114
0.068205	2.131114
0.000294	2.585880
0.000000	2.684360

# gen = 22
0.438681	0.179356
0.438681	0.179356
0.438477	0.165407
0.438477	0.165407
0.438477	0.165407
0.438485	0.182620
0.438682	0.191038
0.438682	0.191038
0.438682	0.193016
0.438682	0.193016
0.438682	0.193016
0.438685	0.215677
0.428281	0.336648
0.428281	0.336648
0.428281	0.336648
0.428281	0.336648
0.428281	0.382752
0.428281	0.382752
0.411046	0.587936
0.411046	0.587936
0.411046	0.587936
0.411046	0.593843
0.411046	0.658181
0.411046	0.658181
0.411046	0.658181
0.411046	0.867913
0.411046	0.867913
0.411046	0.867913
0.411046	0.867913
0.411046	0.867913
0.068205	2.131114
0.068205	2.131114
0.068205	2.131114
0.068205	2.131114
0.068205	2.131114
0.068205	2.131114
0.068205	2.131114
0.068205	2.131114
0.000294	2.585880
0.000000	2.684360

# gen = 23
0.438681	0.168301
0.438681	0.168301
0.438476	0.154234
0.438476	0.154234
0.438476	0.154234
0.438485	0.173590
0.438485	0.173590
0.438485	0.173590
0.438682	0.199708
0.438682	0.199708
0.438682	0.199708
0.438685	0.208088
0.438685	0.208088
0.428281	0.340895
0.428281	0.340895
0.428281	0.340895
0.428281	0.340895
0.428281	0.340895
0.410834	0.530757
0.410834	0.530757
0.410834	0.530757
0.411046	0.603437
0.411046	0.649429
0.411046	0.649429
0.411046	0.648926
0.411046	0.648926
0.411046	0.648926
0.411046	0.648926
0.411046	0.648926
0.411046	0.648926
0.068205	2.131114
0.068205	2.131114
0.068205	2.131114
0.068205	2.131114
0.068205	2.131114
0.068205	2.131114
0.068205	2.131114
0.068205	2.131114
0.001465	2.551877
0.000000	2.641870

# gen = 24
0.438476	0.158913
0.438476	0.158913
0.438476	0.154234
0.438476	0.154234
0.438476	0.154234
0.438482	0.170559
0.438482	0.170559
0.438482	0.170559
0.438490	0.191525
0.438490	0.191525
0.438490	0.191525
0.438685	0.179961
0.438685	0.179961
0.428281	0.340895
0.428281	0.359026
0.428281	0.359026
0.428281	0.359026
0.428281	0.359026
0.410834	0.530167
0.410834	0.530167
0.410834	0.530167
0.410847	0.566847
0.411046	0.657294
0.411046	0.654748
0.411046	0.654748
0.411046	0.648926
0.411046	0.655500
0.411046	0.655500
0.411046	0.655500
0.411046	0.655500
0.068205	2.130430
0.068205	2.130430
0.068205	2.130430
0.068205	2.130430
0.068205	2.130430
0.068205	2.130430
0.068205	2.130430
0.068205	2.130430
0.001465	2.551877
0.000000	2.641870

# gen = 25
0.438476	0.147461
0.438476	0.147461
0.438476	0.147461
0.438475	0.160744
0.438475	0.160744
0.438482	0.169655
0.438482	0.169655
0.438482	0.169655
0.438490	0.175114
0.438490	0.175114
0.438490	0.175114
0.438685	0.181486
0.438685	0.181486
0.428281	0.340895
0.428281	0.360961
0.428281	0.360961
0.428281	0.360961
0.428281	0.360961
0.410834	0.512100
0.410834	0.512100
0.410834	0.512100
0.410845	0.558862
0.411046	0.651630
0.411046	0.656306
0.411046	0.656306
0.411046	0.656306
0.411046	0.649717
0.411046	0.649717
0.411046	0.649717
0.411046	0.649717
0.068205	2.105577
0.068205	2.105577
0.068205	2.105577
0.068205	2.105577
0.068205	2.105577
0.068205	2.105577
0.068205	2.105577
0.068205	2.105577
0.001465	2.551877
0.000000	2.641870

# gen = 26
0.438476	0.142999
0.438476	0.142999
0.438476	0.147461
0.438475	0.152195
0.438475	0.177519
0.438482	0.169671
0.438482	0.169671
0.438482	0.169671
0.438490	0.208524
0.438490	0.208524
0.438490	0.208524
0.438490	0.208524
0.428259	0.305213
0.428072	0.330886
0.428281	0.364795
0.428281	0.364795
0.428281	0.364795
0.428281	0.364795
0.410647	0.511604
0.410834	0.514896
0.410834	0.514896
0.410834	0.514896
0.411046	0.656306
0.411046	0.636060
0.411046	0.636060
0.411046	0.649690
0.411046	0.649690
0.411046	0.649690
0.411046	0.649690
0.411046	0.649690
0.068205	2.105577
0.068205	2.105577
0.068205	2.105577
0.068205	2.105577
0.068205	2.105577
0.068205	2.105577
0.068205	2.105577
0.068205	2.105577
0.004493	2.491897
0.000000	2.641870

# gen = 27
0.438476	0.140181
0.438476	0.140181
0.438476	0.147461
0.438475	0.156455
0.438475	0.156455
0.438482	0.146828
0.438482	0.146828
0.438482	0.146828
0.438490	0.188987
0.427892	0.243938
0.427892	0.243938
0.427892	0.243938
0.427892	0.243938
0.428072	0.323934
0.428072	0.323934
0.428072	0.323934
0.428072	0.323934
0.428072	0.323934
0.410834	0.505883
0.410834	0.505883
0.410834	0.505883
0.410834	0.497578
0.410834	0.497578
0.411046	0.655305
0.411046	0.655305
0.411046	0.655305
0.411046	0.655305
0.411046	0.655305
0.411046	0.655305
0.411046	0.655305
0.068205	2.067182
0.068205	2.067182
0.068205	2.067182
0.068205	2.067182
0.068205	2.067182
0.068205	2.067182
0.068205	2.067182
0.068205	2.067182
0.004493	2.491897
0.000000	2.641870

# gen = 28
0.438475	0.130334
0.438475	0.130334
0.438475	0.143583
0.438475	0.156455
0.438475	0.156455
0.438482	0.130112
0.438482	0.130112
0.438482	0.130112
0.438482	0.130112
0.427892	0.238268
0.427892	0.238268
0.427892	0.238268
0.427892	0.238268
0.428072	0.332912
0.428072	0.323191
0.428072	0.323191
0.428072	0.323191
0.428072	0.323191
0.410813	0.503494
0.410813	0.503494
0.410834	0.477333
0.410834	0.472368
0.410834	0.472368
0.411046	0.655305
0.411046	0.632798
0.411046	0.602234
0.411046	0.602234
0.411046	0.612313
0.411046	0.612313
0.411046	0.612313
0.068205	2.067182
0.068205	2.067182
0.068205	2.067182
0.068205	2.067182
0.068205	2.067182
0.068205	2.067182
0.068205	2.067182
0.068205	2.067182
0.004493	2.491897
0.000000	2.569223

# gen = 29
0.438482	0.130112
0.438475	0.128163
0.438475	0.082886
0.438482	0.121312
0.438482	0.121312
0.438482	0.121312
0.438482	0.121312
0.438482	0.121312
0.438482	0.121312
0.427155	0.219572
0.427155	0.219572
0.427892	0.233779
0.427892	0.233779
0.428072	0.323191
0.428072	0.323191
0.428072	0.325932
0.428072	0.325932
0.428072	0.325932
0.410834	0.465965
0.410834	0.465965
0.410834	0.465965
0.410831	0.452355
0.410831	0.452355
0.411046	0.611512
0.411046	0.611512
0.411046	0.611512
0.411046	0.611512
0.411046	0.611512
0.411046	0.611512
0.411046	0.611512
0.068205	2.057769
0.068205	2.057769
0.068205	2.057769
0.068205	2.057769
0.068205	2.057769
0.068205	2.057769
0.068205	2.057769
0.068205	2.057769
0.004493	2.491897
0.000000	2.537072

# gen = 30
0.438482	0.128853
0.438475	0.128163
0.438475	0.082886
0.438482	0.121312
0.438482	0.121312
0.438482	0.121312
0.438482	0.121312
0.438482	0.121312
0.438482	0.121312
0.427155	0.217555
0.427155	0.217555
0.427155	0.217555
0.427155	0.217555
0.428072	0.282521
0.428072	0.282521
0.428072	0.333010
0.428072	0.333010
0.428072	0.333010
0.410832	0.450771
0.410832	0.450771
0.410832	0.450771
0.410511	0.490211
0.410511	0.490211
0.411046	0.522607
0.411046	0.610179
0.411046	0.597889
0.411046	0.625816
0.411046	0.625816
0.411046	0.625816
0.040502	1.259698
0.068205	2.057769
0.068205	2.057769
0.068205	2.057769
0.068205	2.057769
0.068205	2.057769
0.068205	2.057769
0.068205	2.057769
0.068205	2.057769
0.003595	2.417667
0.000000	2.537072

# gen = 31
0.438475	0.076038
0.438475	0.076038
0.438475	0.076038
0.438475	0.076038
0.438482	0.126108
0.438482	0.126108
0.438482	0.126108
0.438482	0.126108
0.428045	0.180205
0.428045	0.180205
0.427155	0.218093
0.427155	0.212993
0.427155	0.215859
0.427155	0.215859
0.427155	0.215859
0.428072	0.285391
0.428072	0.285391
0.428072	0.348934
0.410833	0.450184
0.410832	0.450771
0.410511	0.480637
0.410511	0.480637
0.410511	0.480637
0.411046	0.592892
0.411046	0.625816
0.411046	0.618374
0.411046	0.622784
0.411046	0.622784
0.411046	0.622784
0.040502	1.231211
0.068205	2.057755
0.068205	2.057755
0.068205	2.057755
0.068205	2.057755
0.068205	2.057755
0.068205	2.057755
0.068205	2.057755
0.068205	2.057755
0.040502	1.231211
0.000000	2.537072

# gen = 32
0.438475	0.076038
0.438475	0.076038
0.438475	0.079633
0.438475	0.079633
0.438482	0.117133
0.438482	0.110069
0.438482	0.110069
0.438482	0.110069
0.428045	0.176494
0.427155	0.191740
0.427155	0.215720
0.427155	0.225162
0.427155	0.225162
0.427155	0.225162
0.427155	0.225162
0.428072	0.282848
0.428072	0.282848
0.428072	0.282848
0.428072	0.282848
0.410512	0.458111
0.410511	0.480637
0.410511	0.480637
0.410511	0.480637
0.410511	0.480637
0.411046	0.616094
0.411046	0.616094
0.411046	0.616094
0.411046	0.616094
0.411046	0.616094
0.064823	1.172512
0.068205	2.057755
0.068205	2.057755
0.068205	2.057755
0.068205	2.057755
0.068205	2.057755
0.068205	2.057755
0.068205	2.057755
0.068205	2.057755
0.040502	1.231211
0.000000	2.537072

# gen = 33
0.438475	0.069430
0.438475	0.079152
0.438475	0.079152
0.438475	0.079152
0.438475	0.085005
0.438475	0.085005
0.438475	0.085005
0.438475	0.085005
0.428045	0.176494
0.427155	0.191740
0.427118	0.215617
0.427118	0.215617
0.427118	0.215617
0.427118	0.215617
0.427118	0.215617
0.428072	0.282848
0.428072	0.266156
0.428072	0.266156
0.428072	0.266156
0.410512	0.458111
0.410511	0.483099
0.410485	0.482849
0.410511	0.480452
0.410511	0.480452
0.411046	0.622908
0.411046	0.615048
0.411046	0.617793
0.411046	0.617793
0.411046	0.617793
0.065142	1.172249
0.068205	2.057755
0.068205	2.057755
0.068205	2.057755
0.068205	2.057755
0.068205	2.057755
0.068205	2.057755
0.068205	2.057755
0.068205	2.057755
0.040502	1.243198
0.000000	2.537072

# gen = 34
0.438475	0.065989
0.438475	0.065989
0.438475	0.076602
0.438475	0.076602
0.438475	0.076602
0.438475	0.076602
0.438475	0.076602
0.438475	0.076602
0.438475	0.076602
0.427155	0.185889
0.427117	0.196808
0.427117	0.196808
0.427117	0.196808
0.427117	0.196808
0.427117	0.196808
0.428072	0.274163
0.428072	0.274163
0.428072	0.224570
0.428072	0.224570
0.428072	0.224570
0.410461	0.468727
0.410485	0.476117
0.410485	0.476117
0.410485	0.476117
0.411046	0.622779
0.411046	0.622779
0.411046	0.622779
0.411046	0.622779
0.411046	0.622779
0.065142	1.170760
0.068205	2.057755
0.068205	2.057755
0.068205	2.057755
0.068205	2.057755
0.068205	2.057755
0.068205	2.057755
0.068205	2.057755
0.068205	2.057755
0.040502	1.243198
0.000000	2.537072

# gen = 35
0.438475	0.065194
0.438475	0.065194
0.438475	0.065194
0.438475	0.065194
0.438475	0.065194
0.438475	0.065194
0.438475	0.065194
0.438475	0.065194
0.428440	0.149891
0.428440	0.149891
0.428440	0.149891
0.427117	0.198596
0.427117	0.198596
0.427117	0.198596
0.427117	0.198596
0.428072	0.254039
0.428072	0.254039
0.428072	0.254039
0.424331	0.304167
0.424331	0.304167
0.410461	0.468727
0.410485	0.471349
0.410485	0.494069
0.410485	0.494069
0.411046	0.523067
0.411046	0.523067
0.411046	0.523067
0.411046	0.523067
0.411046	0.523067
0.075975	1.150338
0.068205	2.057755
0.068205	2.057755
0.068205	2.057755
0.068205	2.057755
0.068205	2.057755
0.068205	2.057755
0.068205	2.057755
0.068205	2.057755
0.040502	1.256180
0.000000	2.537072

# gen = 36
0.438475	0.064237
0.438475	0.064237
0.438475	0.064237
0.438475	0.064237
0.438475	0.064237
0.438475	0.064237
0.438475	0.064237
0.428184	0.128639
0.428440	0.135297
0.428440	0.135297
0.428440	0.135297
0.427117	0.198596
0.427117	0.198596
0.427117	0.198596
0.427117	0.198161
0.427117	0.198161
0.427117	0.198161
0.427117	0.198161
0.424331	0.307174
0.410950	0.449629
0.410461	0.458439
0.410485	0.471349
0.410485	0.494069
0.410485	0.494069
0.411046	0.524573
0.411046	0.524573
0.411046	0.524573
0.411046	0.524573
0.063360	1.061247
0.063360	1.061247
0.068205	2.043638
0.068205	2.043638
0.068205	2.043638
0.068205	2.043638
0.068205	2.043638
0.068205	2.043638
0.068205	2.043638
0.068205	2.043638
0.040502	1.256180
0.000000	2.537072

# gen = 37
0.438475	0.050929
0.438475	0.050929
0.438475	0.050929
0.438475	0.073208
0.438475	0.073208
0.438475	0.073208
0.438475	0.073208
0.428184	0.128445
0.427117	0.154283
0.427117	0.154283
0.427117	0.154283
0.427117	0.198161
0.427117	0.217176
0.427117	0.217176
0.427117	0.217176
0.424261	0.286852
0.424331	0.236716
0.424331	0.236716
0.411417	0.403213
0.411417	0.403213
0.410370	0.390488
0.410370	0.390488
0.410370	0.390488
0.410370	0.390488
0.411046	0.469197
0.411046	0.469197
0.411046	0.469197
0.411046	0.469197
0.067030	1.048822
0.067030	1.048822
0.068205	2.043638
0.068205	2.043638
0.068205	2.043638
0.068205	2.043638
0.068205	2.043638
0.068205	2.043638
0.068205	2.043638
0.068205	2.043638
0.040502	1.256180
0.000000	2.510924

# gen = 38
0.438475	0.050809
0.438475	0.050809
0.438475	0.050809
0.438475	0.050809
0.438475	0.050809
0.438475	0.040134
0.438475	0.040134
0.427122	0.128631
0.438475	0.040134
0.427117	0.143471
0.427117	0.180705
0.424331	0.204494
0.424331	0.204494
0.424331	0.235097
0.424331	0.236755
0.424246	0.199326
0.424331	0.236755
0.410356	0.366746
0.410356	0.366746
0.410356	0.366746
0.410356	0.366746
0.410356	0.366746
0.410356	0.366746
0.410356	0.366746
0.411046	0.472186
0.411046	0.472186
0.411046	0.472186
0.411046	0.472186
0.067030	1.021958
0.067030	1.021958
0.068205	2.043638
0.068205	2.043638
0.068205	2.043638
0.068205	2.043638
0.068205	2.043638
0.068205	2.043638
0.068205	2.043638
0.068205	2.043638
0.040502	1.256180
0.000000	2.510953

# gen = 39
0.438475	0.050809
0.438475	0.050809
0.438475	0.050809
0.438475	0.056604
0.438475	0.056604
0.438475	0.032378
0.438475	0.032378
0.438475	0.032378
0.438475	0.032378
0.427067	0.131019
0.424396	0.173459
0.424396	0.173459
0.424246	0.198313
0.424246	0.198313
0.424246	0.202236
0.424245	0.201058
0.424245	0.201058
0.424245	0.201058
0.410356	0.371868
0.410356	0.371868
0.410356	0.371868
0.410356	0.371868
0.410356	0.371868
0.410356	0.371868
0.411046	0.463526
0.411046	0.468781
0.411046	0.468781
0.411046	0.468781
0.067083	1.020166
0.067083	1.020166
0.068205	2.035922
0.068205	2.035922
0.068205	2.035922
0.068205	2.035922
0.068205	2.035922
0.068205	2.035922
0.068205	2.035922
0.068205	2.035922
0.040502	1.279091
0.000000	2.510953

# gen = 40
0.438475	0.030570
0.438475	0.030570
0.438475	0.047925
0.438475	0.047925
0.438475	0.047925
0.438475	0.027536
0.438475	0.027536
0.438475	0.027536
0.438475	0.027536
0.426867	0.127463
0.424396	0.173403
0.424246	0.188358
0.424246	0.188358
0.424246	0.188358
0.424245	0.194934
0.420631	0.282703
0.420631	0.282703
0.420631	0.282703
0.410356	0.371868
0.410356	0.398388
0.410356	0.398388
0.410356	0.398388
0.410356	0.369872
0.410356	0.369872
0.411046	0.477737
0.411046	0.477737
0.411046	0.477737
0.411046	0.477737
0.081453	0.946417
0.081453	0.946417
0.068205	1.536940
0.068205	1.536940
0.068205	1.536940
0.068205	1.536940
0.068205	1.536940
0.068205	1.536940
0.068205	1.536940
0.068205	1.536940
0.040502	1.265784
0.000000	2.510953

# gen = 41
0.438475	0.027515
0.438475	0.027515
0.438475	0.027515
0.438475	0.042862
0.438475	0.042862
0.438475	0.022834
0.438475	0.022834
0.438475	0.022834
0.438475	0.022834
0.425634	0.140413
0.424249	0.153543
0.424246	0.168526
0.424246	0.168526
0.420586	0.227893
0.420586	0.227893
0.420586	0.227893
0.420586	0.227893
0.420586	0.227893
0.410337	0.371870
0.410356	0.407082
0.410356	0.407082
0.410356	0.407082
0.410356	0.407082
0.410356	0.407082
0.411046	0.469856
0.411046	0.469856
0.411046	0.489752
0.411046	0.489752
0.081453	0.946417
0.081453	0.946417
0.040502	1.270600
0.040502	1.270600
0.040502	1.270600
0.040502	1.270600
0.040502	1.270600
0.040502	1.270600
0.040502	1.270600
0.040502	1.270600
0.040502	1.270600
0.000000	2.234295

# gen = 42
0.438475	0.018381
0.438475	0.018381
0.438475	0.024189
0.438475	0.022834
0.438475	0.022834
0.438475	0.022834
0.438475	0.022834
0.438475	0.022834
0.425634	0.124193
0.425634	0.124193
0.423850	0.158337
0.423850	0.158337
0.423850	0.158337
0.420516	0.221678
0.420586	0.240286
0.420586	0.240286
0.420586	0.240286
0.420586	0.240286
0.410565	0.358233
0.410356	0.407220
0.410356	0.420901
0.410356	0.420901
0.410356	0.420901
0.410356	0.420901
0.411046	0.469856
0.411046	0.469856
0.411046	0.489752
0.411046	0.489752
0.208077	0.736329
0.208077	0.736329
0.040502	1.270600
0.040502	1.270600
0.040502	1.270600
0.040502	1.270600
0.040502	1.270600
0.040502	1.270600
0.040502	1.270600
0.040502	1.270600
0.040502	1.270600
0.000000	2.234295

# gen = 43
0.438475	0.018381
0.438475	0.022765
0.438475	0.022765
0.438475	0.022765
0.438475	0.022765
0.438475	0.022765
0.438475	0.022765
0.438475	0.022765
0.425634	0.121608
0.423850	0.134597
0.423850	0.134597
0.423850	0.183667
0.423850	0.183667
0.420516	0.221678
0.420586	0.234236
0.420586	0.234236
0.420586	0.216520
0.420586	0.216520
0.410565	0.358233
0.410258	0.375989
0.410350	0.433111
0.410350	0.433111
0.410350	0.433111
0.410350	0.433111
0.410350	0.433111
0.211609	0.695637
0.211609	0.695637
0.211609	0.695637
0.211609	0.695637
0.211609	0.695637
0.040502	1.264805
0.040502	1.264805
0.040502	1.264805
0.040502	1.264805
0.040502	1.264805
0.040502	1.264805
0.040502	1.264805
0.040502	1.264805
0.040502	1.282464
0.000000	1.759689

# gen = 44
0.438475	0.012524
0.438475	0.012524
0.438475	0.021924
0.438475	0.021924
0.438475	0.021924
0.438475	0.013284
0.438475	0.013284
0.438475	0.013284
0.425634	0.114308
0.423850	0.134597
0.423695	0.141941
0.420530	0.166279
0.420586	0.197508
0.420516	0.221678
0.420586	0.215078
0.420586	0.215078
0.420586	0.215078
0.420586	0.215078
0.410350	0.349188
0.410198	0.352247
0.410350	0.432190
0.410350	0.432190
0.410350	0.432190
0.410350	0.432190
0.213864	0.647456
0.211609	0.695637
0.211609	0.695637
0.211609	0.695637
0.211609	0.695637
0.211609	0.695637
0.040502	1.264805
0.040502	1.264805
0.040502	1.264805
0.040502	1.264805
0.040502	1.264805
0.040502	1.264805
0.040502	1.264805
0.040502	1.264805
0.040502	1.264805
0.000000	1.759689

# gen = 45
0.438475	0.011947
0.438475	0.011947
0.438475	0.018421
0.438475	0.018421
0.438475	0.018421
0.438475	0.018421
0.438475	0.018421
0.438475	0.018421
0.425634	0.114308
0.423677	0.135145
0.423695	0.139814
0.420530	0.166279
0.420535	0.161606
0.420516	0.213048
0.420516	0.213048
0.420586	0.211931
0.420586	0.211931
0.420586	0.211931
0.410181	0.338140
0.409491	0.380176
0.409491	0.380176
0.410350	0.394549
0.410350	0.394549
0.410350	0.394549
0.218002	0.533721
0.211619	0.664070
0.211619	0.664070
0.211619	0.664070
0.211619	0.664070
0.211619	0.664070
0.040502	1.264805
0.040502	1.264805
0.040502	1.264805
0.040502	1.264805
0.040502	1.264805
0.040502	1.264805
0.040502	1.264805
0.040502	1.264805
0.040502	1.284341
0.000000	1.759689

# gen = 46
0.438475	0.009079
0.438475	0.009079
0.438475	0.001350
0.438475	0.018421
0.438475	0.018421
0.438475	0.018421
0.438475	0.018421
0.438475	0.018421
0.425591	0.114080
0.438475	0.018421
0.423695	0.136255
0.420530	0.163026
0.420530	0.163026
0.420530	0.163026
0.420516	0.220946
0.420516	0.220946
0.420516	0.220946
0.420516	0.220946
0.409447	0.346845
0.409491	0.360435
0.409491	0.360435
0.410350	0.401988
0.410350	0.401988
0.410350	0.401988
0.218002	0.533721
0.211619	0.664070
0.211619	0.664070
0.211619	0.664070
0.211619	0.664070
0.211619	0.664070
0.040502	1.264805
0.040502	1.264805
0.040502	1.264805
0.040502	1.264805
0.040502	1.264805
0.040502	1.264805
0.040502	1.264805
0.040502	1.264805
0.040502	1.264805
0.000000	1.759689

# gen = 47
0.438475	0.007052
0.438475	0.007052
0.438475	0.022498
0.438475	0.022498
0.438475	0.022498
0.438475	0.022498
0.438475	0.022498
0.438475	0.022498
0.425847	0.110930
0.425852	0.122358
0.423695	0.143645
0.420516	0.160419
0.420516	0.160419
0.420516	0.160419
0.420516	0.220945
0.420516	0.220945
0.420516	0.220945
0.410866	0.320946
0.409447	0.346845
0.409491	0.328078
0.409491	0.350885
0.409491	0.350885
0.409491	0.350885
0.409491	0.350885
0.218002	0.533721
0.211619	0.662271
0.211619	0.662271
0.211619	0.659724
0.211619	0.659724
0.211619	0.659724
0.040502	1.261289
0.040502	1.261289
0.040502	1.261289
0.040502	1.261289
0.040502	1.261289
0.040502	1.261289
0.040502	1.261289
0.040502	1.261289
0.040502	1.261289
0.000000	1.759689

# gen = 48
0.438475	0.007052
0.438475	0.010246
0.438475	0.022498
0.438475	0.022498
0.438475	0.022498
0.438475	0.022498
0.438475	0.022498
0.438475	0.022498
0.425820	0.107800
0.425820	0.107800
0.423695	0.143645
0.420516	0.160419
0.420516	0.157028
0.420516	0.157028
0.420516	0.190040
0.420516	0.190040
0.420516	0.190040
0.410866	0.309318
0.409447	0.346845
0.409491	0.350885
0.409491	0.350885
0.409491	0.350885
0.409491	0.350885
0.409491	0.350885
0.218002	0.533721
0.211619	0.591815
0.211619	0.659724
0.211619	0.659724
0.211619	0.659724
0.211619	0.659724
0.040502	1.261289
0.040502	1.261289
0.040502	1.261289
0.040502	1.261289
0.040502	1.261289
0.040502	1.261289
0.040502	1.261289
0.040502	1.261289
0.040502	1.272147
0.000000	1.751068

# gen = 49
0.438475	0.007052
0.438475	0.010246
0.438475	0.022498
0.438475	0.037209
0.438475	0.037209
0.438475	0.037209
0.438475	0.037209
0.425820	0.086675
0.425820	0.086675
0.425820	0.086675
0.423695	0.144210
0.420516	0.158048
0.420516	0.158048
0.420516	0.158048
0.420516	0.158048
0.420516	0.158048
0.410932	0.277382
0.410866	0.309318
0.409446	0.342493
0.409491	0.350833
0.409491	0.350833
0.409491	0.350885
0.409491	0.350885
0.409491	0.350885
0.217578	0.522768
0.217578	0.522768
0.211619	0.653493
0.211619	0.653493
0.211619	0.653493
0.211619	0.653493
0.040502	1.261289
0.040502	1.261289
0.040502	1.261289
0.040502	1.261289
0.040502	1.261289
0.040502	1.261289
0.040502	1.261289
0.040502	1.261289
0.040502	1.261289
0.000000	1.751068

# gen = 50
0.438475	0.007052
0.438475	0.010246
0.438475	-0.005734
0.438475	-0.005734
0.438475	-0.005734
0.438475	-0.005734
0.438475	-0.005734
0.425820	0.086674
0.425820	0.099763
0.425820	0.099763
0.425820	0.099763
0.420516	0.158048
0.420516	0.156949
0.420516	0.156949
0.420516	0.157868
0.420516	0.157868
0.410787	0.279503
0.409102	0.303476
0.409102	0.303476
0.409491	0.360859
0.409491	0.360859
0.409491	0.360859
0.222782	0.493150
0.211570	0.564759
0.222782	0.493150
0.222782	0.493150
0.211449	0.566220
0.211449	0.566220
0.211449	0.566220
0.211449	0.566220
0.040502	1.261289
0.040502	1.261289
0.040502	1.261289
0.040502	1.261289
0.040502	1.261289
0.040502	1.261289
0.040502	1.261289
0.040502	1.261289
0.040502	1.272830
0.000000	1.751068

# gen = 51
0.438475	-0.013187
0.438475	-0.013187
0.438475	-0.005984
0.438475	-0.005984
0.438475	-0.005984
0.438475	-0.005963
0.438475	-0.005963
0.438475	-0.005963
0.425820	0.099763
0.425820	0.099763
0.425820	0.099763
0.420516	0.145733
0.420516	0.170464
0.420516	0.170464
0.420516	0.170464
0.420516	0.170464
0.420516	0.170464
0.409102	0.299764
0.409100	0.308684
0.409103	0.353227
0.409103	0.353227
0.409491	0.359894
0.223017	0.475405
0.223017	0.475405
0.222782	0.485916
0.222782	0.485916
0.211449	0.566220
0.211449	0.566220
0.211449	0.566220
0.211449	0.556596
0.040502	1.261289
0.040502	1.261289
0.040502	1.261289
0.040502	1.261289
0.040502	1.261289
0.040502	1.261289
0.040502	1.261289
0.040502	1.261289
0.040502	1.261289
0.000000	1.751068

# gen = 52
0.438475	-0.018587
0.438475	-0.018587
0.438475	-0.002729
0.438475	-0.002729
0.438475	-0.002729
0.438475	-0.002729
0.438475	-0.002729
0.438475	-0.002729
0.425820	0.099640
0.425820	0.099640
0.425820	0.099640
0.420516	0.141477
0.420516	0.163369
0.420516	0.163369
0.420516	0.163369
0.420516	0.163369
0.420516	0.163369
0.409102	0.296702
0.409005	0.312137
0.409103	0.344303
0.409103	0.344303
0.409491	0.351675
0.223017	0.463439
0.223017	0.463439
0.222677	0.480877
0.222677	0.480877
0.211449	0.566220
0.211449	0.566220
0.211449	0.566220
0.211449	0.566220
0.040502	1.258152
0.040502	1.258152
0.040502	1.258152
0.040502	1.258152
0.040502	1.258152
0.040502	1.258152
0.040502	1.258152
0.040502	1.258152
0.040502	1.258152
0.000000	1.751068

# gen = 53
0.438475	-0.018936
0.438475	-0.018509
0.438475	-0.018509
0.438475	-0.002859
0.438475	-0.002859
0.438475	-0.002859
0.438475	-0.002859
0.438475	-0.002859
0.425820	0.099640
0.425820	0.100144
0.425820	0.100144
0.420516	0.141477
0.420516	0.163369
0.420516	0.163369
0.420516	0.163369
0.420516	0.163369
0.420516	0.163369
0.409102	0.296702
0.409005	0.320003
0.409103	0.331959
0.409103	0.331959
0.409103	0.331959
0.230471	0.439022
0.230471	0.439022
0.230471	0.439022
0.222677	0.480877
0.211456	0.564287
0.211456	0.564287
0.211449	0.561296
0.211449	0.561296
0.040502	1.258152
0.040502	1.258152
0.040502	1.258152
0.040502	1.258152
0.040502	1.258152
0.040502	1.258152
0.040502	1.258152
0.040502	1.258152
0.040502	1.258152
0.000000	1.751068

# gen = 54
0.438475	-0.018944
0.438475	-0.018944
0.438475	-0.018944
0.438475	-0.002859
0.438475	-0.002859
0.438475	-0.002859
0.438475	-0.002859
0.438475	-0.002859
0.425820	0.099003
0.425820	0.086048
0.425820	0.086048
0.420516	0.138386
0.420516	0.163369
0.420516	0.163369
0.420516	0.163369
0.420516	0.165860
0.420516	0.165860
0.409102	0.296702
0.409005	0.310967
0.409103	0.331501
0.409103	0.331501
0.230471	0.439022
0.230471	0.439022
0.230471	0.439022
0.230471	0.439022
0.230471	0.439022
0.210991	0.558607
0.210991	0.558607
0.210991	0.558607
0.210991	0.558607
0.040502	1.258152
0.040502	1.258152
0.040502	1.258152
0.040502	1.258152
0.040502	1.258152
0.040502	1.258152
0.040502	1.258152
0.040502	1.258152
0.040502	1.279592
0.000000	1.751068

# gen = 55
0.438475	-0.018944
0.438475	-0.018914
0.438475	-0.002860
0.438475	-0.002860
0.438475	-0.002860
0.438475	-0.002860
0.438475	-0.002860
0.438475	-0.002860
0.425820	0.082251
0.425820	0.082251
0.425820	0.082251
0.420516	0.138386
0.420516	0.163369
0.420516	0.168227
0.420516	0.170545
0.420516	0.170545
0.420516	0.170545
0.409102	0.296702
0.409005	0.309724
0.409005	0.309724
0.235321	0.382023
0.230471	0.438983
0.230471	0.438983
0.230471	0.438983
0.230471	0.438983
0.230471	0.438983
0.210991	0.558607
0.210991	0.558607
0.210991	0.550072
0.210991	0.550072
0.040502	1.251507
0.040502	1.251507
0.040502	1.251507
0.040502	1.251507
0.040502	1.251507
0.040502	1.251507
0.040502	1.251507
0.040502	1.251507
0.040502	1.280162
0.000000	1.751068

# gen = 56
0.438475	-0.021805
0.438475	-0.012444
0.438475	-0.002860
0.438475	-0.017419
0.438475	-0.017419
0.438475	-0.017419
0.438475	-0.017419
0.438475	-0.017419
0.425820	0.082251
0.425820	0.082251
0.425820	0.082251
0.420452	0.136481
0.420516	0.154175
0.420516	0.154175
0.420516	0.154175
0.420516	0.154175
0.420516	0.154175
0.409102	0.295432
0.409005	0.309724
0.409005	0.309724
0.235321	0.382023
0.230471	0.420967
0.230471	0.420967
0.230471	0.420967
0.230471	0.420967
0.230471	0.420967
0.210975	0.550390
0.210975	0.550390
0.210991	0.549724
0.210975	0.550390
0.040502	1.233784
0.040502	1.233784
0.040502	1.233784
0.040502	1.233784
0.040502	1.233784
0.040502	1.233784
0.040502	1.233784
0.040502	1.233784
0.040502	1.252051
0.000000	1.751068

# gen = 57
0.438475	-0.024520
0.438475	-0.024520
0.438475	-0.017419
0.438475	-0.017419
0.438475	-0.017419
0.438475	-0.030522
0.438475	-0.030522
0.438475	-0.030522
0.425820	0.082251
0.425820	0.082251
0.425820	0.082251
0.420452	0.135218
0.420454	0.139010
0.420516	0.165159
0.420516	0.164478
0.420516	0.164478
0.420516	0.164478
0.420516	0.164478
0.409005	0.309724
0.409005	0.309724
0.235321	0.382023
0.230471	0.415866
0.230471	0.417387
0.230471	0.417387
0.230471	0.417387
0.230471	0.417387
0.210975	0.550277
0.210975	0.550277
0.210991	0.549724
0.210975	0.550277
0.040502	1.233784
0.040502	1.233784
0.040502	1.233784
0.040502	1.233784
0.040502	1.233784
0.040502	1.233784
0.040502	1.233784
0.040502	1.233784
0.040502	1.233784
0.000000	1.751068

# gen = 58
0.438475	-0.030522
0.438475	-0.030522
0.438475	-0.017606
0.438475	-0.017606
0.438475	-0.017606
0.438475	-0.030522
0.438475	-0.030522
0.438475	-0.030522
0.425820	0.082251
0.425576	0.083477
0.425576	0.083477
0.420452	0.135218
0.420454	0.139010
0.420398	0.158868
0.420516	0.152857
0.420516	0.152857
0.420516	0.152857
0.420516	0.152857
0.409005	0.309520
0.409005	0.309520
0.235321	0.377120
0.230471	0.403379
0.230471	0.403379
0.230471	0.403379
0.230471	0.403379
0.230471	0.403379
0.210991	0.549575
0.210991	0.549575
0.210991	0.549575
0.210975	0.550277
0.040502	1.233784
0.040502	1.233784
0.040502	1.233784
0.040502	1.233784
0.040502	1.233784
0.040502	1.233784
0.040502	1.233784
0.040502	1.233784
0.040502	1.233784
0.000000	1.697619

# gen = 59
0.438475	-0.030522
0.438475	-0.030522
0.438475	-0.014884
0.438475	-0.014884
0.438475	-0.014884
0.438475	-0.034338
0.438475	-0.034338
0.438475	-0.034338
0.450685	-0.081911
0.450685	-0.081911
0.450685	-0.081911
0.450685	-0.081911
0.420452	0.135521
0.420452	0.152044
0.420452	0.152044
0.420516	0.175834
0.420516	0.175834
0.420516	0.175834
0.420516	0.175834
0.409005	0.309520
0.420516	0.175834
0.230471	0.381711
0.230471	0.381711
0.230471	0.381711
0.230471	0.381711
0.230471	0.381711
0.230471	0.381711
0.210991	0.548435
0.210991	0.548435
0.210991	0.548435
0.040502	1.233784
0.040502	1.233784
0.040502	1.233784
0.040502	1.233784
0.040502	1.233784
0.040502	1.233784
0.040502	1.233784
0.040502	1.233784
0.040502	1.233784
0.000000	1.697619

# gen = 60
0.450685	-0.081652
0.450685	-0.081652
0.438475	-0.033149
0.438475	-0.027008
0.438475	-0.027008
0.438475	-0.027008
0.438475	-0.027008
0.438475	-0.027008
0.438458	0.018784
0.438458	0.018784
0.438458	0.018784
0.438458	0.018784
0.438458	0.018784
0.420452	0.152044
0.420451	0.152428
0.420516	0.175834
0.420516	0.190426
0.420516	0.190426
0.420516	0.190426
0.409005	0.309520
0.420516	0.190426
0.230471	0.376602
0.230471	0.376602
0.230471	0.376602
0.230471	0.376602
0.230471	0.376602
0.230471	0.376602
0.210991	0.548435
0.210991	0.548435
0.210991	0.548435
0.040502	1.233784
0.040502	1.233784
0.040502	1.233784
0.040502	1.233784
0.040502	1.233784
0.040502	1.233784
0.040502	1.233784
0.040502	1.233784
0.040502	1.233784
0.000000	1.696153

# gen = 61
0.450685	-0.081652
0.450685	-0.081652
0.438458	-0.033313
0.438458	-0.033313
0.438458	-0.033313
0.438475	-0.026980
0.438475	-0.026980
0.438475	-0.026980
0.438458	0.018784
0.438458	0.049567
0.438458	0.049567
0.438458	0.049567
0.438458	0.049567
0.438475	-0.026980
0.420451	0.152428
0.419021	0.161018
0.420516	0.202093
0.420516	0.202093
0.420516	0.202093
0.409005	0.309520
0.420516	0.202093
0.230471	0.376548
0.230471	0.376548
0.230471	0.376548
0.230471	0.376548
0.230471	0.376548
0.230471	0.376548
0.230471	0.376548
0.230471	0.376548
0.210190	0.519909
0.040502	1.221595
0.040502	1.221595
0.040502	1.221595
0.040502	1.221595
0.040502	1.221595
0.040502	1.221595
0.040502	1.221595
0.040502	1.221595
0.040502	1.261544
0.000000	1.696153

# gen = 62
0.450685	-0.081652
0.450685	-0.081652
0.438458	-0.035146
0.438458	-0.035146
0.438458	-0.032812
0.438458	-0.025984
0.438475	-0.009590
0.438475	-0.009590
0.438458	0.019126
0.438458	0.035029
0.438458	0.053648
0.438457	-0.036919
0.438457	-0.036919
0.438475	-0.035350
0.419021	0.152514
0.419021	0.152514
0.420516	0.198476
0.420516	0.228830
0.420516	0.228830
0.409005	0.262784
0.230471	0.359127
0.230471	0.376543
0.230471	0.376548
0.230471	0.376548
0.230471	0.376548
0.230471	0.376548
0.230471	0.378287
0.230471	0.378287
0.230471	0.378287
0.210190	0.519909
0.040502	1.221595
0.040502	1.221595
0.040502	1.221595
0.040502	1.221595
0.040502	1.221595
0.040502	1.221595
0.040502	1.221595
0.040502	1.221595
0.040502	1.221595
0.000000	1.696153

# gen = 63
0.450685	-0.081652
0.450685	-0.081652
0.438475	-0.035599
0.438475	-0.035599
0.438458	-0.032812
0.438458	-0.021854
0.438475	-0.033776
0.438475	-0.033776
0.436406	-0.022590
0.438458	0.016845
0.438458	0.016845
0.438457	-0.029873
0.438457	-0.029873
0.438475	-0.035384
0.419021	0.129044
0.419021	0.129044
0.418997	0.198104
0.418997	0.198104
0.418997	0.198104
0.409005	0.262784
0.230471	0.359127
0.230471	0.361815
0.230471	0.376548
0.230471	0.375677
0.230471	0.374074
0.230471	0.374074
0.230471	0.378287
0.230471	0.378287
0.230471	0.378287
0.210190	0.519909
0.040502	1.218815
0.040502	1.218815
0.040502	1.218815
0.040502	1.218815
0.040502	1.218815
0.040502	1.218815
0.040502	1.218815
0.040502	1.218815
0.040502	1.218815
0.000000	1.696153

# gen = 64
0.450685	-0.082064
0.450685	-0.082064
0.451923	-0.066388
0.461545	-0.074935
0.438458	-0.032812
0.436407	-0.024765
0.436407	-0.024765
0.436407	-0.024765
0.436406	-0.022590
0.436407	-0.024765
0.436407	-0.024765
0.436407	-0.024765
0.436407	-0.024765
0.419021	0.129043
0.419021	0.129043
0.419021	0.129043
0.418997	0.171483
0.418997	0.132303
0.418997	0.132303
0.409005	0.253322
0.230471	0.359127
0.230471	0.356939
0.230471	0.356939
0.230471	0.356939
0.230471	0.356939
0.251291	0.293023
0.230471	0.356939
0.230471	0.380775
0.230471	0.380775
0.210190	0.519909
0.040502	1.218815
0.040502	1.218815
0.040502	1.218815
0.040502	1.218815
0.040502	1.218815
0.040502	1.218815
0.040502	1.218815
0.040502	1.218815
0.040502	1.218815
0.000000	1.696153

# gen = 65
0.450685	-0.082064
0.450671	-0.072514
0.450671	-0.072514
0.450671	-0.072514
0.438458	-0.039113
0.436407	-0.024785
0.436407	-0.047327
0.436407	-0.047327
0.436406	-0.024798
0.436406	-0.024798
0.436406	-0.024798
0.436406	-0.024798
0.436406	-0.024798
0.419021	0.129043
0.419021	0.131460
0.419021	0.131460
0.418579	0.161679
0.418579	0.161679
0.408912	0.258923
0.408912	0.258923
0.230471	0.359044
0.251291	0.291131
0.251291	0.291131
0.251291	0.291131
0.251291	0.291131
0.251291	0.291131
0.230471	0.372762
0.230471	0.379883
0.230471	0.379883
0.210190	0.519640
0.040502	1.218815
0.040502	1.218815
0.040502	1.218815
0.040502	1.218815
0.040502	1.218815
0.040502	1.218815
0.040502	1.218815
0.040502	1.218815
0.040502	1.242302
0.000000	1.696153

# gen = 66
0.450685	-0.082064
0.450671	-0.080128
0.450671	-0.080128
0.450671	-0.080128
0.438458	-0.039113
0.436406	-0.024830
0.436406	-0.028147
0.436406	-0.028147
0.436406	-0.024842
0.436406	-0.024842
0.436406	-0.024842
0.436406	-0.007381
0.436406	-0.007381
0.419021	0.127340
0.419021	0.127340
0.418579	0.166810
0.418579	0.166810
0.418579	0.166810
0.251218	0.257474
0.251291	0.275576
0.251291	0.275576
0.251291	0.291131
0.251291	0.291131
0.251291	0.291131
0.251291	0.291131
0.251291	0.291131
0.230471	0.375903
0.230471	0.379553
0.230471	0.379553
0.210190	0.516265
0.040502	1.215777
0.040502	1.215777
0.040502	1.215777
0.040502	1.215777
0.040502	1.215777
0.040502	1.215777
0.040502	1.215777
0.040502	1.215777
0.040502	1.215777
0.000000	1.663344

# gen = 67
0.450685	-0.082064
0.450671	-0.080128
0.450671	-0.080128
0.450671	-0.080128
0.438458	-0.039113
0.436406	-0.028191
0.436406	-0.024373
0.436406	-0.024373
0.436406	-0.007439
0.436406	-0.007439
0.436406	-0.007439
0.436406	-0.007439
0.436406	-0.007439
0.419021	0.127340
0.418579	0.138977
0.418579	0.158865
0.418579	0.158865
0.418579	0.158865
0.251218	0.257474
0.251219	0.268855
0.251219	0.268855
0.251291	0.291131
0.251291	0.291131
0.251291	0.291131
0.251291	0.291131
0.251291	0.291131
0.230471	0.374452
0.230471	0.391394
0.230471	0.391394
0.210190	0.516265
0.040502	1.206859
0.040502	1.206859
0.040502	1.206859
0.040502	1.206859
0.040502	1.206859
0.040502	1.206859
0.040502	1.206859
0.040502	1.206859
0.040502	1.225364
0.000000	1.663344

# gen = 68
0.450671	-0.084564
0.450671	-0.073530
0.450671	-0.073530
0.450671	-0.058306
0.438458	-0.039113
0.436406	-0.025068
0.436406	-0.025068
0.436406	-0.003698
0.436406	-0.007450
0.436406	-0.007450
0.436406	-0.007450
0.436406	-0.007450
0.436406	-0.050162
0.419021	0.127340
0.418579	0.138977
0.418579	0.161348
0.418579	0.133200
0.418579	0.133200
0.251218	0.255292
0.255523	0.264665
0.251218	0.268710
0.251291	0.290280
0.251291	0.290280
0.251291	0.290280
0.251291	0.290280
0.251291	0.290280
0.230471	0.374452
0.230471	0.390431
0.230471	0.390431
0.210190	0.517309
0.040502	1.206859
0.040502	1.206859
0.040502	1.206859
0.040502	1.206859
0.040502	1.206859
0.040502	1.206859
0.040502	1.206859
0.040502	1.206859
0.040502	1.206859
0.000000	1.540119

# gen = 69
0.450671	-0.084564
0.450671	-0.073530
0.450671	-0.071131
0.450671	-0.071131
0.438458	-0.038846
0.436406	-0.025068
0.436406	-0.050162
0.436406	-0.050162
0.436406	-0.050162
0.436406	-0.007450
0.436406	-0.007450
0.436406	-0.007450
0.436406	-0.007450
0.419021	0.127340
0.418579	0.133395
0.418579	0.133395
0.418579	0.133395
0.418579	0.133395
0.257617	0.253573
0.257617	0.253573
0.257617	0.253573
0.251291	0.290227
0.251291	0.288838
0.251291	0.288838
0.251291	0.288838
0.251291	0.288838
0.230471	0.374452
0.230471	0.389996
0.230471	0.389996
0.210123	0.517777
0.040502	1.183752
0.040502	1.183752
0.040502	1.183752
0.040502	1.183752
0.040502	1.183752
0.040502	1.183752
0.040502	1.183752
0.040502	1.183752
0.040502	1.213617
0.000000	1.540119

# gen = 70
0.450671	-0.084564
0.450671	-0.073530
0.450671	-0.071131
0.436406	-0.050166
0.436406	-0.040745
0.436406	-0.050162
0.436406	-0.050162
0.436406	-0.050162
0.436406	-0.050162
0.436406	-0.050162
0.436406	-0.050162
0.436406	-0.007450
0.436406	-0.007450
0.419021	0.124537
0.418579	0.131916
0.418579	0.132899
0.418579	0.173026
0.418579	0.173026
0.257617	0.253573
0.257617	0.253573
0.257617	0.253573
0.251291	0.288836
0.251291	0.288836
0.251291	0.288836
0.251291	0.303679
0.251291	0.303679
0.230471	0.374452
0.229954	0.402825
0.230471	0.389996
0.209318	0.515966
0.040502	1.183177
0.040502	1.183177
0.040502	1.183177
0.040502	1.183177
0.040502	1.183177
0.040502	1.183177
0.040502	1.183177
0.040502	1.183177
0.040502	1.183177
0.000000	1.540119

# gen = 71
0.450671	-0.084564
0.450671	-0.084564
0.450671	-0.084564
0.436406	-0.050162
0.436406	-0.050162
0.436406	-0.050162
0.436406	-0.050162
0.436406	-0.050162
0.436406	-0.049962
0.436406	-0.049962
0.436406	-0.049962
0.436406	-0.014613
0.436406	-0.014613
0.419021	0.123888
0.418579	0.131793
0.418579	0.131793
0.418579	0.131793
0.418579	0.131793
0.257617	0.250498
0.257617	0.250498
0.257617	0.250498
0.251291	0.288607
0.251291	0.288607
0.251291	0.288607
0.251291	0.290589
0.251291	0.302464
0.230471	0.374452
0.229243	0.380221
0.230471	0.389996
0.209318	0.515966
0.040502	1.172696
0.040502	1.172696
0.040502	1.172696
0.040502	1.172696
0.040502	1.172696
0.040502	1.172696
0.040502	1.172696
0.040502	1.172696
0.040502	1.172696
0.000000	1.540119

# gen = 72
0.450671	-0.084564
0.450671	-0.072853
0.450671	-0.072853
0.436406	-0.050162
0.436406	-0.046901
0.436406	-0.050792
0.436406	-0.014725
0.436406	-0.014725
0.436406	-0.014725
0.436406	-0.014725
0.436406	-0.014725
0.436406	-0.014725
0.436406	-0.014725
0.419021	0.123888
0.418579	0.137711
0.418579	0.131778
0.418579	0.131778
0.418579	0.131778
0.257617	0.250498
0.257617	0.250498
0.257617	0.250498
0.257617	0.251112
0.257617	0.251112
0.257617	0.251112
0.251291	0.290515
0.251291	0.306722
0.230209	0.370344
0.229243	0.380221
0.230471	0.408407
0.212623	0.492600
0.040502	1.153341
0.040502	1.153341
0.040502	1.153341
0.040502	1.153341
0.040502	1.153341
0.040502	1.153341
0.040502	1.153341
0.040502	1.153341
0.040502	1.153341
0.000000	1.540119

# gen = 73
0.450671	-0.084564
0.450671	-0.072853
0.450671	-0.072853
0.437414	-0.060178
0.436406	-0.047288
0.437414	-0.060178
0.436406	-0.014725
0.436406	-0.014725
0.436406	-0.011947
0.436406	0.000036
0.436406	0.000036
0.436406	0.000036
0.436406	0.000036
0.436406	0.000036
0.436406	0.000036
0.418579	0.136043
0.418579	0.136043
0.418579	0.136043
0.418579	0.136043
0.257617	0.250494
0.257617	0.250494
0.257617	0.250518
0.257617	0.250518
0.257617	0.250518
0.251150	0.256846
0.251150	0.256846
0.230209	0.370344
0.229243	0.380221
0.230055	0.375301
0.212623	0.492600
0.040502	1.153341
0.040502	1.153341
0.040502	1.153341
0.040502	1.153341
0.040502	1.153341
0.040502	1.153341
0.040502	1.153341
0.040502	1.153341
0.040502	1.153341
0.000000	1.540119

# gen = 74
0.450671	-0.084564
0.450671	-0.072853
0.450671	-0.072853
0.437414	-0.060178
0.436382	-0.052781
0.436382	-0.052781
0.436406	-0.014725
0.436406	-0.014725
0.436406	-0.014725
0.435289	0.008760
0.435289	0.008760
0.435289	0.008760
0.435289	0.008760
0.435289	0.008760
0.435289	0.008760
0.418579	0.135870
0.418579	0.135870
0.418579	0.135870
0.418579	0.135870
0.257617	0.250494
0.257617	0.250494
0.257617	0.250494
0.257617	0.250494
0.257617	0.250494
0.251150	0.256384
0.251150	0.256384
0.230209	0.346593
0.229243	0.380221
0.229243	0.380221
0.212623	0.492600
0.040502	1.136786
0.040502	1.136786
0.040502	1.136786
0.040502	1.136786
0.040502	1.136786
0.040502	1.136786
0.040502	1.136786
0.040502	1.136786
0.040502	1.136786
0.000000	1.540119

# gen = 75
0.450671	-0.090239
0.450671	-0.090239
0.450671	-0.090239
0.450671	-0.090239
0.436593	-0.054099
0.436382	-0.052781
0.436382	-0.032248
0.436382	-0.032248
0.436406	-0.014728
0.435289	0.006085
0.435289	0.018809
0.435289	0.018809
0.435289	0.008760
0.435289	0.008760
0.435289	-0.045710
0.418579	0.141745
0.418579	0.141745
0.418579	0.141745
0.418579	0.141745
0.257617	0.249932
0.257617	0.249932
0.257617	0.250494
0.257617	0.250494
0.257617	0.250494
0.251150	0.259507
0.251150	0.259507
0.230209	0.346593
0.229243	0.380221
0.229243	0.380221
0.212623	0.492600
0.040502	1.136786
0.040502	1.136786
0.040502	1.136786
0.040502	1.136786
0.040502	1.136786
0.040502	1.136786
0.040502	1.136786
0.040502	1.136786
0.040502	1.203589
0.000000	1.540119

# gen = 76
0.450671	-0.090242
0.450671	-0.090242
0.450671	-0.090239
0.450671	-0.094585
0.450671	-0.094585
0.436382	-0.052781
0.435289	-0.044503
0.435289	-0.031348
0.435289	-0.031348
0.435289	-0.031348
0.435289	-0.031348
0.435289	0.007150
0.435289	0.007150
0.435289	0.007150
0.435289	0.007150
0.418579	0.141745
0.418579	0.141745
0.418579	0.141745
0.418579	0.141745
0.257617	0.249929
0.257617	0.249929
0.257617	0.250494
0.257617	0.250494
0.257617	0.250494
0.251150	0.259507
0.251150	0.259507
0.230790	0.344941
0.228497	0.372565
0.228497	0.372565
0.212623	0.492600
0.040502	1.120471
0.040502	1.120471
0.040502	1.120471
0.040502	1.120471
0.040502	1.120471
0.040502	1.120471
0.040502	1.120471
0.040502	1.120471
0.040502	1.120471
0.000000	1.540119

# gen = 77
0.450671	-0.090242
0.450671	-0.090242
0.450671	-0.090239
0.450671	-0.083544
0.450671	-0.083544
0.436382	-0.052781
0.435289	-0.042755
0.435289	-0.031348
0.435289	-0.031348
0.435289	-0.031348
0.435289	-0.031348
0.435289	-0.031348
0.435289	-0.031348
0.435289	-0.031348
0.435289	0.007258
0.418579	0.139333
0.418579	0.129878
0.418579	0.129878
0.418579	0.129878
0.257617	0.246898
0.257617	0.246898
0.257617	0.249929
0.257617	0.249929
0.257617	0.251626
0.251150	0.259507
0.251150	0.259507
0.230790	0.344941
0.227641	0.360934
0.227641	0.360934
0.212623	0.484654
0.040502	1.120471
0.040502	1.120471
0.040502	1.120471
0.040502	1.120471
0.040502	1.120471
0.040502	1.120471
0.040502	1.120471
0.040502	1.120471
0.040502	1.120471
0.000000	1.397057

# gen = 78
0.450671	-0.098485
0.450671	-0.098485
0.450671	-0.098485
0.450671	-0.098485
0.450671	-0.098485
0.436382	-0.052781
0.435289	-0.047510
0.435289	-0.047510
0.435289	-0.047510
0.435289	-0.047510
0.435289	-0.047510
0.435289	-0.010895
0.435289	-0.010895
0.435289	-0.010895
0.418579	0.126195
0.418579	0.127318
0.418579	0.127318
0.418579	0.127318
0.418579	0.127318
0.257617	0.246221
0.257617	0.246221
0.257617	0.246221
0.257617	0.249929
0.257617	0.251626
0.251119	0.255674
0.251119	0.255674
0.230790	0.337440
0.227641	0.354892
0.227641	0.371865
0.212529	0.466764
0.040502	1.120034
0.040502	1.120034
0.040502	1.120034
0.040502	1.120034
0.040502	1.120034
0.040502	1.120034
0.040502	1.120034
0.040502	1.120034
0.001127	1.357340
0.000000	1.397057

# gen = 79
0.450671	-0.118268
0.450671	-0.118268
0.450671	-0.098600
0.450671	-0.098600
0.450671	-0.098600
0.436382	-0.055228
0.435289	-0.042433
0.435289	-0.042433
0.435289	-0.048598
0.435289	-0.048598
0.435289	-0.048598
0.435289	-0.048598
0.435289	-0.048598
0.435289	-0.048598
0.435289	-0.048598
0.418579	0.126431
0.418579	0.126431
0.418579	0.126431
0.418579	0.126431
0.257027	0.243505
0.257617	0.246221
0.257617	0.246221
0.257617	0.246221
0.257617	0.246221
0.247827	0.262559
0.247827	0.262559
0.230790	0.337122
0.227641	0.354892
0.227641	0.371865
0.212529	0.466764
0.040502	1.120034
0.040502	1.120034
0.040502	1.120034
0.040502	1.120034
0.040502	1.120034
0.040502	1.120034
0.040502	1.120034
0.040502	1.120034
0.001127	1.357340
0.000000	1.397057

# gen = 80
0.450671	-0.118268
0.450671	-0.113356
0.450671	-0.095497
0.450671	-0.098760
0.450671	-0.098760
0.436382	-0.054926
0.435289	-0.048598
0.435289	-0.048598
0.435289	-0.046248
0.435289	-0.048600
0.435289	-0.048600
0.435289	-0.048600
0.435289	-0.039941
0.435289	-0.039941
0.435289	-0.039941
0.418579	0.126431
0.418579	0.126431
0.418579	0.126431
0.418579	0.126431
0.257027	0.243505
0.257617	0.246221
0.257617	0.246221
0.257617	0.246221
0.257027	0.249229
0.247827	0.262559
0.247827	0.262559
0.230009	0.341447
0.227441	0.364004
0.227641	0.371074
0.212529	0.466417
0.040502	1.120034
0.040502	1.120034
0.040502	1.120034
0.040502	1.120034
0.040502	1.120034
0.040502	1.120034
0.040502	1.120034
0.040502	1.120034
0.001127	1.357340
0.000000	1.397057

# gen = 81
0.450671	-0.118739
0.450671	-0.118739
0.450671	-0.118739
0.450671	-0.118739
0.450671	-0.118739
0.436382	-0.054926
0.435289	-0.048603
0.435289	-0.048603
0.435289	-0.048087
0.435289	-0.048087
0.435289	-0.048087
0.435289	-0.048087
0.435289	-0.048087
0.435289	-0.048087
0.418579	0.123096
0.418579	0.126431
0.418579	0.126431
0.418579	0.126431
0.418579	0.126431
0.257027	0.243505
0.257617	0.246221
0.257617	0.246221
0.257617	0.246221
0.257027	0.249229
0.247827	0.270281
0.247827	0.270281
0.230009	0.341447
0.227441	0.364004
0.227641	0.383278
0.212529	0.466417
0.040502	1.120034
0.040502	1.120034
0.040502	1.120034
0.040502	1.120034
0.040502	1.120034
0.040502	1.120034
0.040502	1.120034
0.040502	1.120034
0.001127	1.357340
0.000000	1.397057

# gen = 82
0.450671	-0.118739
0.450671	-0.118739
0.450671	-0.118739
0.450671	-0.118739
0.450671	-0.118739
0.436382	-0.054926
0.435289	-0.048645
0.435289	-0.029456
0.435289	-0.029456
0.435289	-0.029456
0.435289	-0.029456
0.435289	-0.029456
0.435289	-0.048105
0.435289	-0.048105
0.418579	0.123013
0.418579	0.123013
0.418579	0.123013
0.418579	0.123013
0.418579	0.123013
0.257027	0.243505
0.257617	0.246221
0.257617	0.246221
0.257617	0.246221
0.257027	0.249229
0.247827	0.277762
0.247827	0.277762
0.230009	0.341447
0.227441	0.366040
0.227441	0.366040
0.212529	0.467520
0.040502	1.108962
0.040502	1.108962
0.040502	1.108962
0.040502	1.108962
0.040502	1.108962
0.040502	1.108962
0.040502	1.108962
0.040502	1.108962
0.001127	1.357340
0.000000	1.397057

# gen = 83
0.450671	-0.118739
0.450671	-0.118739
0.450671	-0.118974
0.450671	-0.118974
0.450671	-0.118974
0.436382	-0.054926
0.435289	-0.047797
0.435289	-0.029824
0.435289	-0.046947
0.435289	-0.048195
0.435289	-0.048195
0.435289	-0.048195
0.435289	-0.048195
0.435289	-0.048195
0.418579	0.123013
0.418579	0.123033
0.418579	0.123033
0.418579	0.123226
0.418579	0.123226
0.256971	0.243116
0.256971	0.243116
0.257027	0.243297
0.257027	0.243297
0.257027	0.243297
0.247827	0.277762
0.247827	0.295217
0.230009	0.341447
0.227441	0.356331
0.227441	0.356331
0.212529	0.467520
0.040502	1.108962
0.040502	1.108962
0.040502	1.108962
0.040502	1.108962
0.040502	1.108962
0.040502	1.108962
0.040502	1.108962
0.040502	1.108962
0.001127	1.345400
0.000000	1.397057

# gen = 84
0.450671	-0.118974
0.450671	-0.118974
0.450671	-0.118974
0.450671	-0.120779
0.450671	-0.120779
0.436382	-0.054926
0.435289	-0.048195
0.435289	-0.048195
0.435289	-0.048200
0.435289	-0.045168
0.435289	-0.045168
0.435289	-0.045168
0.435289	-0.045168
0.435289	-0.045168
0.420126	0.118690
0.418579	0.123033
0.418579	0.123033
0.418579	0.123033
0.418579	0.123033
0.256971	0.243116
0.256971	0.243116
0.257027	0.242924
0.257027	0.242924
0.257027	0.242924
0.247827	0.273689
0.247827	0.298829
0.230009	0.341447
0.227441	0.368935
0.227441	0.368935
0.212529	0.467520
0.040502	1.096638
0.040502	1.096638
0.040502	1.096638
0.040502	1.096638
0.040502	1.096638
0.040502	1.096638
0.040502	1.096638
0.040502	1.096638
0.028564	1.163284
0.000000	1.397057

# gen = 85
0.450671	-0.118974
0.450671	-0.112464
0.450671	-0.112464
0.450671	-0.112464
0.450671	-0.112464
0.436382	-0.054926
0.435289	-0.045177
0.435289	-0.045177
0.435289	-0.045177
0.435289	-0.020388
0.435289	-0.020388
0.435289	-0.020388
0.435289	-0.020388
0.435289	-0.020388
0.420126	0.118690
0.418579	0.127726
0.418579	0.127726
0.418579	0.122807
0.418579	0.122807
0.256971	0.242907
0.256971	0.242907
0.256971	0.242907
0.256971	0.242907
0.257027	0.245236
0.247827	0.273689
0.247827	0.298829
0.230009	0.338203
0.227441	0.372526
0.227441	0.359193
0.212529	0.467520
0.041256	0.813299
0.041256	0.813299
0.041256	0.813299
0.041256	0.813299
0.041256	0.813299
0.041256	0.813299
0.041256	0.813299
0.041256	0.813299
0.028564	1.163284
0.000000	1.464463

# gen = 86
0.450671	-0.119981
0.450671	-0.119981
0.450671	-0.119981
0.450671	-0.119981
0.450671	-0.119981
0.436382	-0.055001
0.435289	-0.043531
0.435289	-0.043531
0.435289	-0.015965
0.435289	-0.015965
0.435289	-0.015965
0.435289	-0.015965
0.435289	-0.015965
0.435289	-0.015965
0.420126	0.118690
0.418579	0.126860
0.418579	0.126860
0.418579	0.126860
0.418579	0.126860
0.256971	0.242907
0.256971	0.242907
0.256971	0.242907
0.256971	0.242907
0.256971	0.242907
0.247827	0.273689
0.247827	0.298829
0.230009	0.338151
0.227441	0.356730
0.227441	0.356730
0.212395	0.493191
0.041256	0.813299
0.041256	0.813299
0.041256	0.813299
0.041256	0.813299
0.041256	0.813299
0.041256	0.813299
0.041256	0.813299
0.041256	0.813299
0.027708	0.964295
0.000000	1.464463

# gen = 87
0.450671	-0.120141
0.450671	-0.120141
0.450671	-0.120141
0.450671	-0.120141
0.450671	-0.120141
0.436382	-0.055805
0.435289	-0.042084
0.435289	-0.026533
0.435289	-0.039574
0.435289	-0.025507
0.435289	-0.025507
0.435289	-0.025507
0.435289	-0.025507
0.435289	-0.025507
0.420126	0.118690
0.418579	0.126860
0.418579	0.126860
0.418579	0.126860
0.418579	0.126860
0.256971	0.242746
0.256971	0.242746
0.256971	0.242746
0.256971	0.242746
0.255884	0.243327
0.245303	0.274017
0.245303	0.274017
0.230009	0.338151
0.227441	0.375541
0.227441	0.375541
0.212395	0.493191
0.041256	0.811973
0.041256	0.811973
0.041256	0.811973
0.041256	0.811973
0.041256	0.811973
0.041256	0.811973
0.041256	0.811973
0.041256	0.811973
0.027708	0.964295
0.000000	1.464463

# gen = 88
0.450671	-0.120141
0.450671	-0.120141
0.450671	-0.116007
0.450671	-0.116007
0.450671	-0.116007
0.436382	-0.055805
0.435289	-0.047990
0.435289	-0.047990
0.435289	-0.018038
0.435289	-0.025507
0.435289	-0.025507
0.435289	-0.025507
0.435289	-0.025507
0.435289	-0.025507
0.420126	0.118690
0.418579	0.126750
0.418579	0.126750
0.418579	0.122741
0.418579	0.122741
0.256971	0.242746
0.256971	0.242746
0.256971	0.242746
0.256971	0.242746
0.255875	0.243133
0.245312	0.262508
0.245303	0.274062
0.230009	0.338151
0.227441	0.375541
0.227441	0.375541
0.212395	0.493191
0.041256	0.811272
0.041256	0.811272
0.041256	0.811272
0.041256	0.811272
0.041256	0.811272
0.041256	0.811272
0.041256	0.811272
0.041256	0.811272
0.027708	0.964295
0.000000	1.290348

# gen = 89
0.450671	-0.120141
0.450671	-0.116007
0.450671	-0.117600
0.450671	-0.117600
0.450671	-0.117600
0.436382	-0.055805
0.435289	-0.046437
0.435289	-0.046437
0.435289	-0.009938
0.435289	-0.009938
0.435289	-0.009938
0.435289	-0.020092
0.435289	-0.020092
0.435289	-0.020092
0.420126	0.118690
0.418579	0.122471
0.418579	0.122471
0.418579	0.122471
0.418579	0.122471
0.256971	0.242545
0.256971	0.242545
0.256971	0.242545
0.256971	0.242545
0.255875	0.243133
0.245303	0.267824
0.245303	0.267824
0.230009	0.338151
0.227441	0.356104
0.227441	0.356104
0.212395	0.464682
0.041256	0.811272
0.041256	0.811272
0.041256	0.811272
0.041256	0.811272
0.041256	0.811272
0.041256	0.811272
0.041256	0.811272
0.041256	0.811272
0.027708	0.872184
0.000000	1.290348

# gen = 90
0.450671	-0.120141
0.450671	-0.116065
0.450671	-0.117600
0.450671	-0.117600
0.450671	-0.117600
0.436382	-0.055805
0.435289	-0.046434
0.435289	-0.046434
0.435289	-0.009938
0.435289	-0.048392
0.435289	-0.048392
0.435289	-0.015784
0.435289	-0.015784
0.435289	-0.015784
0.420126	0.118690
0.418579	0.122641
0.418579	0.122471
0.418579	0.122471
0.418579	0.122471
0.256971	0.242323
0.256971	0.242323
0.256971	0.242323
0.256971	0.242323
0.255875	0.243238
0.245303	0.262673
0.245303	0.262673
0.230009	0.338151
0.227441	0.356104
0.227441	0.356104
0.212395	0.464682
0.041256	0.811272
0.041256	0.811272
0.041256	0.811272
0.041256	0.811272
0.041256	0.811272
0.041256	0.811272
0.041256	0.811272
0.041256	0.811272
0.027620	0.864748
0.000000	1.290348

# gen = 91
0.450671	-0.120141
0.450671	-0.117605
0.450671	-0.117605
0.450671	-0.117605
0.450671	-0.117605
0.437006	-0.060137
0.435289	-0.046434
0.435289	-0.030770
0.435289	-0.015784
0.435289	-0.015784
0.435289	-0.015784
0.435289	-0.015784
0.435289	-0.015784
0.435289	-0.015784
0.419116	0.116297
0.418579	0.122470
0.418579	0.122470
0.418579	0.122470
0.418579	0.122470
0.256971	0.242323
0.256971	0.242323
0.256971	0.242323
0.256971	0.242323
0.255875	0.243238
0.245303	0.270514
0.245303	0.270514
0.230009	0.338151
0.227441	0.360094
0.227441	0.360094
0.212395	0.464682
0.041256	0.811272
0.041256	0.811272
0.041256	0.811272
0.041256	0.811272
0.041256	0.811272
0.041256	0.811272
0.041256	0.811272
0.041256	0.811272
0.027620	0.864748
0.000000	1.094002

# gen = 92
0.450671	-0.120141
0.450671	-0.117605
0.450671	-0.117605
0.450671	-0.117605
0.450671	-0.117605
0.437006	-0.061580
0.435289	-0.047075
0.435289	-0.047075
0.435289	-0.015784
0.435289	-0.005331
0.435289	-0.005331
0.435289	-0.015950
0.435289	-0.015784
0.435289	-0.015784
0.419116	0.116297
0.418579	0.124264
0.418579	0.124264
0.418579	0.124264
0.418579	0.124264
0.256971	0.242323
0.256971	0.242323
0.256971	0.242323
0.256971	0.242323
0.255875	0.243230
0.245303	0.263283
0.245303	0.263283
0.230009	0.338151
0.227441	0.357602
0.227441	0.357602
0.212395	0.464682
0.041256	0.811189
0.041256	0.811189
0.041256	0.811189
0.041256	0.811189
0.041256	0.811189
0.041256	0.811189
0.041256	0.811189
0.041256	0.811189
0.027620	0.864748
0.000000	1.062508

# gen = 93
0.450671	-0.120141
0.450671	-0.117605
0.450671	-0.104510
0.450671	-0.104510
0.450671	-0.104510
0.437006	-0.060996
0.435289	-0.047317
0.435289	-0.047317
0.435289	-0.009852
0.435289	-0.005331
0.435289	-0.005331
0.435289	-0.005331
0.435289	-0.005331
0.435289	-0.005331
0.419116	0.116297
0.418579	0.124264
0.418579	0.134482
0.418579	0.134482
0.418579	0.134678
0.256971	0.242323
0.256971	0.242323
0.256971	0.242323
0.256971	0.242323
0.255875	0.243230
0.245303	0.263283
0.245303	0.263283
0.230009	0.338151
0.227441	0.354313
0.227441	0.354313
0.212395	0.463515
0.041256	0.811189
0.041256	0.811189
0.041256	0.811189
0.041256	0.811189
0.041256	0.811189
0.041256	0.811189
0.041256	0.811189
0.041256	0.811189
0.027620	0.864748
0.000000	1.031674

# gen = 94
0.450671	-0.120141
0.450671	-0.117457
0.450671	-0.104510
0.450671	-0.104510
0.450671	-0.104510
0.437006	-0.060996
0.435289	-0.047317
0.435289	-0.047317
0.435289	-0.015567
0.435289	-0.015567
0.435289	-0.015567
0.435289	-0.015567
0.435289	-0.015567
0.435289	-0.015567
0.419116	0.116297
0.418579	0.133780
0.418579	0.133780
0.418579	0.133780
0.418579	0.133780
0.256971	0.242323
0.256971	0.242323
0.256971	0.242323
0.256971	0.242323
0.255875	0.243230
0.245303	0.263117
0.245303	0.263117
0.230009	0.334929
0.227441	0.351260
0.227441	0.351260
0.212028	0.461396
0.041256	0.811189
0.041256	0.811189
0.041256	0.811189
0.041256	0.811189
0.041256	0.811189
0.041256	0.811189
0.041256	0.811189
0.041256	0.811189
0.027620	0.834389
0.000000	1.031674

# gen = 95
0.450671	-0.120141
0.450671	-0.116845
0.450671	-0.116845
0.450671	-0.116845
0.450671	-0.116845
0.437006	-0.061773
0.435289	-0.043383
0.435289	-0.043383
0.435289	-0.015567
0.435289	-0.015567
0.435289	-0.015567
0.435289	-0.048168
0.435289	-0.048168
0.435289	-0.048168
0.419116	0.116297
0.418579	0.133780
0.418579	0.133780
0.418579	0.133780
0.418579	0.133780
0.256971	0.242323
0.256971	0.242323
0.256971	0.242323
0.256971	0.242323
0.254859	0.243688
0.245129	0.262724
0.245129	0.262724
0.230009	0.334929
0.227441	0.357716
0.227441	0.357716
0.212028	0.464089
0.041256	0.811189
0.041256	0.811189
0.041256	0.811189
0.041256	0.811189
0.041256	0.811189
0.041256	0.811189
0.041256	0.811189
0.041256	0.811189
0.027620	0.834389
0.000000	1.036000

# gen = 96
0.450671	-0.120141
0.450671	-0.116845
0.450671	-0.116845
0.450671	-0.116845
0.450671	-0.116845
0.437006	-0.061979
0.435289	-0.043383
0.435289	-0.043383
0.435289	-0.048119
0.435289	-0.048119
0.435289	-0.048119
0.435289	-0.048119
0.435289	-0.048119
0.435289	-0.048119
0.419116	0.116297
0.418579	0.129413
0.418579	0.131626
0.418579	0.131626
0.418579	0.131626
0.256971	0.242300
0.256971	0.242300
0.256971	0.242300
0.256971	0.242300
0.254859	0.243662
0.245129	0.262724
0.245129	0.262729
0.230009	0.334339
0.227441	0.357716
0.227441	0.357716
0.212028	0.464089
0.041256	0.811189
0.041256	0.811189
0.041256	0.811189
0.041256	0.811189
0.041256	0.811189
0.041256	0.811189
0.041256	0.811189
0.041256	0.811189
0.027620	0.834389
0.000000	1.036000

# gen = 97
0.450671	-0.120141
0.450671	-0.116881
0.450671	-0.116881
0.450671	-0.116881
0.450671	-0.116881
0.437006	-0.061909
0.435289	-0.048119
0.435289	-0.048119
0.435289	-0.048122
0.435289	-0.048122
0.435289	-0.048122
0.435289	-0.048122
0.435289	-0.048122
0.435289	-0.048122
0.419116	0.116297
0.418579	0.139047
0.418579	0.139047
0.418579	0.139047
0.418579	0.139047
0.256971	0.242280
0.256971	0.242280
0.256971	0.242280
0.256971	0.242280
0.254859	0.243599
0.245129	0.262724
0.245129	0.262729
0.230009	0.334339
0.227441	0.354466
0.227441	0.354466
0.212028	0.464056
0.041256	0.774093
0.041256	0.774093
0.041256	0.774093
0.041256	0.774093
0.041256	0.774093
0.041256	0.774093
0.041256	0.774093
0.041256	0.774093
0.027620	0.828747
0.000000	1.036000

# gen = 98
0.450671	-0.120141
0.450671	-0.119048
0.450671	-0.116973
0.450671	-0.116973
0.450671	-0.116973
0.437006	-0.061909
0.435289	-0.048122
0.435289	-0.048122
0.435289	-0.048122
0.435289	-0.048122
0.435289	-0.048122
0.435289	-0.048481
0.435289	-0.048481
0.435289	-0.048481
0.419116	0.116297
0.418579	0.123019
0.418579	0.123019
0.418579	0.174389
0.418579	0.174389
0.256971	0.242280
0.256971	0.242280
0.256971	0.242280
0.256971	0.242280
0.254859	0.243410
0.245129	0.262976
0.245129	0.262976
0.230009	0.334339
0.227441	0.354466
0.227441	0.354466
0.211653	0.468789
0.041256	0.774093
0.041256	0.774093
0.041256	0.774093
0.041256	0.774093
0.041256	0.774093
0.041256	0.774093
0.041256	0.774093
0.041256	0.774093
0.027620	0.828747
0.000000	1.035521

# gen = 99
0.450671	-0.120141
0.450671	-0.119048
0.450671	-0.116973
0.450671	-0.116973
0.450671	-0.116973
0.437006	-0.061909
0.435289	-0.048122
0.435289	-0.048122
0.435289	-0.048481
0.435289	-0.048481
0.435289	-0.048481
0.435289	-0.048481
0.435289	-0.048481
0.435289	-0.048481
0.419116	0.116297
0.418579	0.123187
0.418579	0.123187
0.418579	0.174389
0.418579	0.174389
0.256971	0.242280
0.256971	0.242280
0.256971	0.242280
0.256971	0.242280
0.254859	0.243410
0.245129	0.262735
0.245129	0.262676
0.230009	0.334339
0.227441	0.360329
0.227441	0.360329
0.211653	0.469132
0.041256	0.774093
0.041256	0.774093
0.041256	0.774093
0.041256	0.774093
0.041256	0.774093
0.041256	0.774093
0.041256	0.774093
0.041256	0.774093
0.027620	0.828747
0.000000	1.035521

