# gen = 0
0.653370	2.401769
0.653370	2.401769
0.335228	3.914295
0.996420	2.913720
0.160794	3.567846
0.324801	3.348014
0.997042	3.098597
0.826716	2.951300
0.240926	3.510636
0.997042	2.959417
0.404854	3.437832
0.118373	4.048170
0.430307	4.060279
0.692862	2.393114
0.218023	4.634658
0.692862	2.808729
0.588942	3.901868
0.588942	4.079503
0.549548	4.350359
0.770369	4.217570
0.684662	2.252672
0.650655	2.362967
0.565951	4.389311
0.278571	3.761350
0.684662	3.064246
0.685603	2.811561
0.278696	2.959779
0.549562	3.644873
0.297390	3.881352
0.862963	1.734082
0.164738	4.034451
0.309303	3.524559
0.309303	3.524559
0.734732	3.443031
0.708741	2.813046
0.708741	2.813046
0.238768	3.724079
0.238768	3.158762
0.238768	3.158762
0.121760	4.779827

# gen = 1
0.825565	2.162224
0.825565	2.162224
0.160794	3.099438
0.653370	1.394119
0.654340	1.720340
0.997042	3.107430
0.324801	2.997143
0.435893	2.792831
0.240926	3.506132
0.997042	2.959417
0.242721	2.694817
0.403867	3.222761
0.432818	2.247789
0.432818	2.247789
0.218023	4.634658
0.692862	2.261592
0.684741	1.643017
0.684741	1.643017
0.590143	3.403698
0.548248	3.957287
0.684662	2.252672
0.650655	2.362967
0.278571	3.266820
0.277158	3.567457
0.684662	3.064246
0.685603	2.811561
0.685603	2.426383
0.278314	3.203613
0.306350	2.791410
0.778841	2.677334
0.778841	2.677334
0.339562	3.340217
0.339562	3.340217
0.238768	3.581126
0.708741	2.814460
0.240443	2.601150
0.240443	2.601150
0.232190	2.732053
0.232190	2.732053
0.121760	4.779827

# gen = 2
0.653370	1.401583
0.653370	1.401583
0.415150	2.560085
0.653370	1.394119
0.654340	1.720340
0.997042	2.556974
0.435893	2.792831
0.242015	1.921943
0.242015	1.921943
0.324801	2.673858
0.403881	2.194369
0.256712	3.034121
0.432818	2.247789
0.432818	2.247789
0.215738	3.655021
0.692862	1.715145
0.684741	1.643017
0.684741	1.643017
0.540383	2.735763
0.540383	2.735763
0.684662	2.120218
0.684662	2.120218
0.283540	3.058803
0.278314	3.131347
0.685603	1.965642
0.684662	1.761183
0.684662	1.761183
0.278314	2.422280
0.278314	2.422280
0.778841	2.704112
0.708741	2.525170
0.339562	3.340217
0.339562	3.340217
0.321096	2.802151
0.240443	2.668066
0.235305	2.430429
0.235305	2.430429
0.225881	2.685143
0.225881	2.685143
0.121760	4.779827

# gen = 3
0.653370	1.401583
0.653370	1.401583
0.435893	1.778597
0.653370	1.394119
0.240736	1.512066
0.324801	2.145446
0.324801	2.145446
0.654340	1.034344
0.654340	1.034344
0.324801	2.673858
0.242015	1.921943
0.539089	2.361147
0.684741	1.250901
0.684741	1.250901
0.207565	2.568441
0.684662	1.670431
0.684662	1.670431
0.684741	1.643017
0.540383	2.285430
0.282931	2.401602
0.684662	2.120218
0.684662	2.120218
0.684662	1.218604
0.278314	2.342638
0.685603	1.965642
0.284910	2.265442
0.286765	2.433144
0.278314	2.422280
0.279119	2.324198
0.778841	2.703332
0.321096	2.491011
0.339562	2.810051
0.291979	2.725843
0.291979	2.725843
0.236139	2.169716
0.236139	2.169716
0.235305	2.430429
0.225881	2.685143
0.225881	2.685143
0.121760	4.779827

# gen = 4
0.653370	1.401583
0.653370	1.401583
0.435893	1.778597
0.653370	1.152367
0.653370	1.152367
0.654340	0.724311
0.539089	1.681226
0.654340	1.034344
0.654340	1.034344
0.324801	2.673858
0.684741	0.941292
0.209503	2.323117
0.684741	1.250901
0.684741	1.250901
0.540383	2.238365
0.688288	1.124101
0.684662	1.670431
0.684741	1.643017
0.684741	1.428751
0.282931	2.159330
0.296185	2.103410
0.685603	1.977025
0.684662	1.218604
0.684662	2.098881
0.684662	1.767640
0.684662	2.098881
0.279119	2.197703
0.278292	1.537794
0.278292	1.537794
0.291979	2.561341
0.236139	2.169716
0.236139	1.670604
0.291979	2.418288
0.291979	2.418288
0.236139	2.051514
0.236139	2.051514
0.225881	2.037725
0.225881	2.693587
0.120454	2.917552
0.120454	2.917552

# gen = 5
0.654340	0.615743
0.654340	0.615743
0.653361	0.776112
0.654340	1.026586
0.654340	0.507319
0.654340	0.724311
0.530544	1.536319
0.652640	0.711779
0.652640	0.711779
0.308284	1.662463
0.654340	0.895428
0.209503	1.934915
0.684741	1.250901
0.684741	1.250901
0.684741	1.290458
0.688288	1.124101
0.684741	1.496327
0.684741	1.496327
0.684741	1.425912
0.684662	1.265838
0.684662	0.805165
0.684741	1.448015
0.684662	1.218604
0.684662	0.836639
0.684662	0.836639
0.236551	1.920104
0.684662	2.087370
0.278292	1.537794
0.278292	1.537794
0.291979	2.440400
0.291979	2.023254
0.236139	1.670441
0.291979	2.208720
0.291979	2.208720
0.236139	2.051514
0.226002	1.753102
0.226002	1.753102
0.225881	1.743170
0.120454	2.917552
0.120454	2.917552

# gen = 6
0.654340	0.377697
0.654340	0.377697
0.652635	0.640683
0.653355	0.834365
0.654340	0.507319
0.652640	0.594003
0.297138	1.223205
0.654340	0.498793
0.654340	0.498793
0.308284	1.643116
0.652921	0.675155
0.207982	1.732869
0.653896	0.427521
0.653896	0.427521
0.684741	1.268421
0.684741	1.070710
0.684741	1.255766
0.684741	1.255766
0.684662	0.764974
0.684662	1.098873
0.684662	0.937116
0.684658	0.808085
0.684658	0.808085
0.684662	0.823869
0.684662	0.823869
0.278292	1.557600
0.684662	1.590280
0.221154	1.342087
0.221154	1.342087
0.291979	2.210222
0.291979	1.820349
0.236139	1.670441
0.291979	1.678524
0.291979	1.639913
0.291979	1.639913
0.226002	1.753102
0.225881	1.737416
0.225881	1.737416
0.120454	2.917552
0.120454	2.917552

# gen = 7
0.654340	0.377697
0.654340	0.377697
0.654340	0.376055
0.654340	0.401374
0.654340	0.342633
0.654340	0.342633
0.652921	0.295113
0.652921	0.295113
0.654340	0.498793
0.318491	1.516224
0.653896	0.306314
0.205809	1.483000
0.653786	0.229675
0.653786	0.229675
0.684741	1.255766
0.684741	1.070710
0.684741	1.210033
0.684741	1.210033
0.684662	0.764974
0.684662	0.823815
0.684662	0.775400
0.684657	0.819255
0.684658	0.808085
0.684662	0.775400
0.684662	0.823869
0.684662	1.025494
0.278292	1.557600
0.221154	1.342087
0.276302	1.314019
0.276302	1.314019
0.226002	1.740665
0.291979	1.642941
0.291979	1.642941
0.291979	1.386054
0.225037	1.405725
0.226002	1.740665
0.225881	1.385233
0.225881	1.385233
0.116019	2.099570
0.120454	2.917552

# gen = 8
0.654340	0.370751
0.654340	0.370751
0.654340	0.347424
0.654340	0.347424
0.654340	0.342633
0.654340	0.245448
0.652921	0.295113
0.652921	0.295113
0.655394	0.296936
0.654340	0.402937
0.652921	0.091395
0.654085	0.228968
0.653786	0.229675
0.653786	0.229675
0.653786	0.081687
0.684662	0.675036
0.684741	0.865210
0.684741	0.865210
0.684662	0.764974
0.684659	0.609243
0.684662	0.748851
0.684657	0.819255
0.684658	0.808085
0.684662	0.649048
0.684662	0.649048
0.684658	0.635480
0.684658	0.635480
0.221154	1.215425
0.276302	1.314019
0.276302	1.314019
0.227798	1.653703
0.225063	1.479202
0.291979	1.386054
0.291979	1.386054
0.225037	1.405725
0.227798	1.653703
0.224188	1.423264
0.116019	2.102874
0.116019	2.099570
0.116019	2.102874

# gen = 9
0.652957	0.287562
0.652957	0.287562
0.654340	0.237795
0.654340	0.300928
0.654340	0.300928
0.654340	0.245448
0.652921	0.254764
0.652921	0.240807
0.652921	0.240807
0.654318	0.340528
0.652913	0.175264
0.654085	0.228968
0.652921	0.294415
0.653786	0.229675
0.651109	0.295047
0.653807	0.119956
0.684657	0.585868
0.684657	0.585868
0.684662	0.764974
0.650278	0.007612
0.684741	0.694536
0.684659	0.537294
0.684658	0.808085
0.684659	0.537294
0.684662	0.649048
0.684658	0.635480
0.684658	0.635480
0.222381	1.160244
0.227798	1.267866
0.227798	1.267866
0.227798	1.646783
0.225063	1.479202
0.225037	1.337093
0.225037	1.337093
0.226939	1.372407
0.224188	1.429748
0.224188	1.423264
0.122081	1.924095
0.122081	1.924095
0.116019	2.102874

# gen = 10
0.654340	0.205415
0.654340	0.205415
0.652921	0.193230
0.654340	0.259981
0.654340	0.300928
0.654340	0.245448
0.652921	0.253969
0.652931	0.162271
0.652921	0.240807
0.652921	0.239803
0.651109	0.130338
0.654318	0.188843
0.654318	0.188843
0.652713	0.128985
0.651109	0.295047
0.651109	0.256131
0.684662	0.447576
0.651847	0.167279
0.684662	0.415967
0.650278	0.007612
0.652820	0.164798
0.684658	0.637129
0.684658	0.483475
0.684659	0.494833
0.684659	0.494833
0.224995	0.973948
0.684658	0.383056
0.242066	0.971079
0.227798	1.190050
0.227798	1.190050
0.225063	1.475225
0.225063	1.475225
0.225037	1.337093
0.225037	1.337093
0.224178	1.238029
0.227798	1.182872
0.227798	1.182872
0.118380	1.910847
0.118380	1.910847
0.116019	2.102874

# gen = 11
0.652921	0.203405
0.652921	0.203405
0.654340	0.173098
0.652921	0.240851
0.652921	0.238324
0.652921	0.238324
0.652921	0.012679
0.651175	0.064810
0.652975	0.025612
0.652921	0.064497
0.651109	0.130338
0.654318	0.052224
0.654318	0.052224
0.652713	0.128985
0.651109	0.187123
0.651109	0.187123
0.684659	0.394469
0.651847	0.146037
0.684659	0.475194
0.650278	0.007612
0.652820	0.164798
0.651338	-0.025884
0.684658	0.389362
0.684659	0.494833
0.684659	0.494833
0.216172	0.912733
0.224321	0.890269
0.224321	0.890269
0.227798	1.190050
0.227798	1.190050
0.225063	1.471246
0.225063	1.471246
0.225037	1.260426
0.224178	1.264257
0.224178	1.238029
0.227798	1.182872
0.224178	1.264257
0.117311	1.842255
0.117311	1.842255
0.116019	2.102874

# gen = 12
0.652921	0.125240
0.652921	0.125240
0.652921	0.008775
0.651171	-0.067634
0.652883	0.151371
0.652883	0.151371
0.652921	0.012679
0.651175	0.064810
0.652975	0.054541
0.652882	0.095108
0.651109	0.130338
0.652713	0.063349
0.652921	-0.039377
0.651847	0.139440
0.651109	0.187123
0.651109	0.187123
0.655199	-0.026418
0.651345	-0.040373
0.651338	-0.100449
0.650036	-0.039603
0.652549	0.131113
0.650278	-0.046014
0.684658	0.389693
0.684659	0.515490
0.684659	0.515490
0.224352	0.838360
0.224321	0.856082
0.224321	0.856082
0.224334	0.877805
0.224334	0.877805
0.224180	1.297444
0.224180	1.297444
0.225037	1.260426
0.227798	1.105382
0.227798	1.105382
0.227798	1.182872
0.117206	1.633514
0.117132	1.836694
0.117132	1.836694
0.116019	2.102874

# gen = 13
0.651178	-0.076424
0.652882	0.081703
0.652882	-0.025339
0.651171	-0.067634
0.651142	-0.078656
0.652885	0.052237
0.652921	0.012679
0.651114	0.029311
0.651114	0.029311
0.651142	-0.024687
0.652716	0.023111
0.652713	0.063349
0.652921	-0.098525
0.651109	0.113209
0.651109	0.187123
0.651109	0.118376
0.652921	-0.098525
0.650039	-0.065237
0.650278	-0.071248
0.650036	-0.039603
0.651345	-0.123455
0.650278	-0.046014
0.652549	-0.027671
0.654294	0.073875
0.654294	0.073875
0.224352	0.838360
0.218201	0.839355
0.224321	0.856082
0.224334	0.877805
0.224334	0.877805
0.225037	1.085186
0.212960	1.295705
0.224180	1.108476
0.227798	1.105382
0.224978	1.104712
0.224978	1.104712
0.117237	1.605205
0.101682	1.734125
0.089854	1.791332
0.089854	1.791332

# gen = 14
0.651178	-0.076424
0.652882	0.031913
0.651067	-0.052131
0.652882	-0.082824
0.651114	-0.070635
0.651114	-0.070635
0.652713	-0.036180
0.652921	-0.055653
0.652921	-0.055653
0.651142	-0.108420
0.651019	0.019463
0.651019	0.019463
0.651281	-0.153660
0.651109	0.078725
0.651109	0.007590
0.651109	0.007590
0.650060	-0.049750
0.650039	-0.065237
0.650226	-0.175944
0.650034	-0.060674
0.650278	-0.117310
0.650278	-0.117310
0.651320	-0.130541
0.651320	-0.130541
0.224352	0.689893
0.225278	0.811685
0.225278	0.811685
0.218201	0.837603
0.218201	0.837603
0.224334	0.877803
0.225054	1.024054
0.224180	1.156782
0.224180	0.990807
0.224180	0.990807
0.224978	1.104712
0.224787	1.112302
0.224180	1.156782
0.090891	1.536982
0.090891	1.536982
0.089854	1.791332

# gen = 15
0.651067	-0.095182
0.652713	-0.036553
0.651070	-0.121046
0.651130	-0.086054
0.652718	-0.102400
0.652718	-0.102400
0.650973	-0.073584
0.651360	-0.215832
0.651360	-0.215832
0.651142	-0.163977
0.651019	0.019463
0.651019	0.019463
0.651142	-0.163977
0.651109	0.075808
0.651109	0.078725
0.650280	-0.061321
0.650060	-0.049750
0.650039	-0.065237
0.650226	-0.175944
0.650034	-0.060674
0.650227	-0.187790
0.650227	-0.187790
0.651320	-0.136165
0.651320	-0.136165
0.231370	0.654561
0.216602	0.701602
0.224191	0.655755
0.224195	0.685266
0.217721	0.825027
0.217721	0.825027
0.225278	0.821022
0.224787	1.150306
0.224180	0.879365
0.224180	0.958905
0.224180	0.958905
0.224180	0.950202
0.224180	0.950202
0.090891	1.530554
0.090891	1.530554
0.089854	1.791332

# gen = 16
0.651360	-0.213480
0.651360	-0.213480
0.651120	-0.147850
0.651011	-0.144121
0.651130	-0.168240
0.651130	-0.168240
0.651360	-0.215239
0.650974	-0.104128
0.650974	-0.104128
0.651129	-0.218458
0.651142	-0.186277
0.651142	-0.186277
0.650030	-0.149963
0.651109	-0.056648
0.651109	-0.056648
0.650228	-0.066236
0.650060	-0.049750
0.650039	-0.065237
0.650063	-0.063166
0.650034	-0.060674
0.650226	-0.188017
0.650226	-0.188017
0.651320	-0.116300
0.651320	-0.116300
0.231370	0.654561
0.288662	0.664452
0.224191	0.637190
0.224191	0.637190
0.216602	0.677839
0.216602	0.677839
0.224191	0.641616
0.217156	0.960964
0.217861	0.777879
0.217721	0.780205
0.224180	0.930925
0.224180	0.816610
0.224180	0.816610
0.090891	1.449710
0.090891	1.449710
0.089854	1.791332

# gen = 17
0.651120	-0.219093
0.651120	-0.219093
0.651137	-0.208217
0.651142	-0.199319
0.651126	-0.176245
0.651130	-0.226012
0.651130	-0.154960
0.650974	-0.104128
0.650974	-0.104128
0.651129	-0.206653
0.651129	-0.217899
0.651129	-0.217899
0.650030	-0.150177
0.651109	-0.056648
0.651109	-0.056648
0.650014	-0.171961
0.650014	-0.171961
0.650039	-0.065237
0.650063	-0.078294
0.650034	-0.060674
0.650063	-0.063883
0.650063	-0.063883
0.651320	-0.188529
0.651320	-0.188529
0.231370	0.654561
0.224191	0.580931
0.224191	0.580931
0.224191	0.594777
0.224191	0.604821
0.224191	0.604821
0.224191	0.641616
0.209790	0.726050
0.216590	0.743105
0.216590	0.743105
0.216892	0.834145
0.217721	0.786045
0.217721	0.786045
0.090891	1.449710
0.090891	1.449710
0.089854	1.791332

# gen = 18
0.651120	-0.219093
0.651120	-0.219093
0.651129	-0.232565
0.651131	-0.206792
0.651126	-0.216207
0.651130	-0.200213
0.651126	-0.226211
0.649939	-0.132520
0.649939	-0.132520
0.651129	-0.232781
0.651129	-0.208642
0.651129	-0.208642
0.649988	-0.230808
0.651109	-0.056648
0.651109	-0.056648
0.650014	-0.171961
0.650014	-0.172830
0.650014	-0.172830
0.650039	-0.112112
0.650014	-0.167458
0.650063	-0.145722
0.650063	-0.145722
0.650117	-0.155605
0.224191	0.565439
0.224191	0.565439
0.224191	0.569738
0.250774	0.397913
0.224191	0.581222
0.224191	0.581222
0.224191	0.604821
0.224191	0.641616
0.216596	0.711357
0.224191	0.603682
0.224191	0.603682
0.216525	0.743839
0.217721	0.695128
0.217721	0.695128
0.091301	0.925370
0.091301	0.925370
0.089854	1.791332

# gen = 19
0.651120	-0.219093
0.651120	-0.219093
0.651120	-0.216229
0.651129	-0.253885
0.651126	-0.216207
0.651129	-0.253885
0.649939	-0.164504
0.649939	-0.178659
0.649939	-0.178659
0.649904	-0.237079
0.651109	-0.201193
0.651109	-0.201193
0.649988	-0.230808
0.650066	-0.079528
0.650066	-0.079528
0.650014	-0.202605
0.650014	-0.178124
0.650014	-0.178124
0.650015	-0.173205
0.650014	-0.172830
0.650014	-0.172830
0.650063	-0.140854
0.650063	-0.140854
0.224191	0.563751
0.224191	0.563751
0.250774	0.397501
0.250774	0.397501
0.224191	0.536596
0.224191	0.536596
0.223200	0.581549
0.224191	0.622402
0.224191	0.585683
0.224191	0.585683
0.224191	0.603682
0.217721	0.683376
0.216596	0.708113
0.216596	0.708113
0.091301	0.911584
0.091301	0.911584
0.089854	1.791332

# gen = 20
0.649916	-0.228953
0.649916	-0.228953
0.651126	-0.219624
0.651126	-0.219624
0.649959	-0.223367
0.651109	-0.201193
0.649883	-0.225920
0.649928	-0.255594
0.649928	-0.255594
0.649904	-0.238706
0.649939	-0.145635
0.650066	-0.078118
0.649940	-0.100385
0.650015	-0.205617
0.650014	-0.197180
0.650014	-0.178696
0.617360	0.125624
0.617360	0.125624
0.650015	-0.173481
0.650013	-0.179594
0.650013	-0.179594
0.650014	-0.271354
0.650014	-0.193493
0.224191	0.548536
0.224191	0.529293
0.250774	0.397501
0.252983	0.395327
0.224191	0.524688
0.224191	0.524688
0.224191	0.547714
0.224191	0.603682
0.224191	0.585683
0.224191	0.548390
0.224191	0.548390
0.216596	0.661163
0.091301	0.890895
0.091301	0.890895
0.091301	0.907670
0.091301	0.907670
0.089854	1.820112

# gen = 21
0.649916	-0.261198
0.649916	-0.261198
0.649916	-0.228953
0.649916	-0.228953
0.649928	-0.240606
0.649928	-0.255604
0.649883	-0.225920
0.649884	-0.248509
0.649884	-0.248509
0.649904	-0.238706
0.649929	-0.255104
0.650014	-0.188494
0.649939	-0.145635
0.650015	-0.206060
0.650014	-0.200106
0.650014	-0.178696
0.650014	-0.176020
0.617360	0.125624
0.650014	-0.176020
0.650013	-0.238524
0.650013	-0.177674
0.650013	-0.177674
0.650014	-0.283412
0.224211	0.530052
0.224191	0.524127
0.250774	0.397501
0.252983	0.395327
0.224191	0.524127
0.250774	0.397374
0.250774	0.397374
0.224191	0.562166
0.224191	0.562166
0.224191	0.540321
0.224191	0.540321
0.216596	0.633304
0.089424	0.879932
0.086584	0.876757
0.086584	0.876757
0.091301	0.907670
0.089854	1.820112

# gen = 22
0.649916	-0.261585
0.649916	-0.261585
0.649882	-0.261812
0.649903	-0.255488
0.649905	-0.226949
0.649905	-0.226949
0.649883	-0.225920
0.649883	-0.260572
0.649883	-0.260572
0.649886	-0.226398
0.649884	-0.246811
0.649884	-0.246811
0.649939	-0.158080
0.650014	-0.198377
0.650014	-0.191691
0.650014	-0.178696
0.650014	-0.224084
0.617360	0.125624
0.650014	-0.298751
0.650013	-0.176201
0.650013	-0.177674
0.650013	-0.177674
0.249470	0.387677
0.224190	0.529681
0.222758	0.519639
0.250774	0.397501
0.252983	0.395327
0.224191	0.522633
0.250774	0.397374
0.250774	0.397374
0.224191	0.562166
0.224191	0.562166
0.224191	0.539821
0.224191	0.539821
0.216596	0.633304
0.091588	0.858555
0.086461	0.875815
0.086584	0.866087
0.086584	0.866087
0.089854	1.820112

# gen = 23
0.649905	-0.268157
0.649905	-0.268157
0.649883	-0.273203
0.649883	-0.273203
0.649905	-0.270964
0.649905	-0.270964
0.649883	-0.225920
0.649878	-0.252519
0.649878	-0.252519
0.649886	-0.265008
0.649884	-0.246811
0.649884	-0.246811
0.649884	-0.273552
0.649884	-0.273552
0.650013	-0.198366
0.649939	-0.162965
0.650014	-0.235695
0.617273	0.125494
0.617273	0.125494
0.650013	-0.176201
0.650013	-0.177674
0.650013	-0.302128
0.249470	0.387677
0.224190	0.520695
0.224190	0.491463
0.250774	0.397501
0.252983	0.395327
0.224191	0.522286
0.250774	0.397374
0.250774	0.397374
0.224598	0.507127
0.224598	0.507127
0.224191	0.539821
0.224191	0.539821
0.216596	0.633304
0.091588	0.858555
0.087878	0.864271
0.087878	0.864271
0.086584	0.866087
0.089808	1.374730

# gen = 24
0.649878	-0.289936
0.649885	-0.278726
0.649883	-0.268150
0.649883	-0.268150
0.649905	-0.272271
0.649905	-0.272271
0.649878	-0.252519
0.649878	-0.283481
0.649878	-0.283481
0.649886	-0.259682
0.649878	-0.285904
0.649878	-0.285904
0.649884	-0.279120
0.649884	-0.279120
0.650013	-0.232667
0.649939	-0.162965
0.650013	-0.232667
0.462460	0.166317
0.462460	0.166317
0.650013	-0.304966
0.650013	-0.304966
0.250774	0.393932
0.249470	0.387677
0.223776	0.518563
0.224190	0.489935
0.250774	0.396709
0.252983	0.395327
0.224204	0.513166
0.250774	0.397374
0.250774	0.397374
0.224200	0.503781
0.224189	0.518362
0.224191	0.546588
0.224191	0.546588
0.087878	0.861198
0.093080	0.850004
0.093080	0.850004
0.078167	0.856256
0.086584	0.866087
0.089808	1.374730

# gen = 25
0.649878	-0.299701
0.649878	-0.299701
0.649905	-0.282109
0.649878	-0.283611
0.649878	-0.268968
0.649886	-0.259682
0.649878	-0.290368
0.649878	-0.301186
0.649878	-0.301186
0.649878	-0.271028
0.649878	-0.271028
0.649878	-0.285904
0.649878	-0.286454
0.649878	-0.286454
0.649939	-0.203625
0.649884	-0.265879
0.649884	-0.265879
0.462460	0.166317
0.462460	0.166317
0.650013	-0.343074
0.650013	-0.343074
0.252983	0.382134
0.252983	0.382134
0.224200	0.503817
0.250774	0.413491
0.250774	0.396709
0.252983	0.395327
0.224200	0.502900
0.250774	0.397374
0.250774	0.397374
0.224360	0.502671
0.223776	0.516296
0.224191	0.529798
0.093080	0.890726
0.086587	0.859087
0.093080	0.850004
0.093080	0.850004
0.078167	0.856256
0.078473	0.905787
0.086587	0.859087

# gen = 26
0.649879	-0.301744
0.649879	-0.301744
0.649878	-0.295325
0.649878	-0.291328
0.649878	-0.293285
0.649878	-0.293285
0.649878	-0.287919
0.649878	-0.283614
0.649878	-0.283614
0.649878	-0.285927
0.649878	-0.301999
0.649878	-0.278409
0.649878	-0.286454
0.649878	-0.286454
0.649877	-0.215381
0.649877	-0.215381
0.649878	-0.292800
0.649884	-0.275482
0.462460	0.166317
0.649884	-0.280870
0.649884	-0.280870
0.254973	0.375199
0.254973	0.375199
0.270042	0.397721
0.250745	0.403070
0.250774	0.396709
0.252983	0.395327
0.250774	0.410269
0.250774	0.397374
0.250774	0.393172
0.250774	0.393172
0.223776	0.516262
0.223776	0.516262
0.089010	0.863315
0.086587	0.855875
0.093080	0.850004
0.093080	0.850004
0.026558	1.006397
0.078473	0.882018
0.086587	0.855875

# gen = 27
0.649878	-0.329148
0.649878	-0.329148
0.649878	-0.297206
0.649878	-0.295541
0.649878	-0.280081
0.649878	-0.280081
0.649878	-0.318290
0.649878	-0.282026
0.649878	-0.282026
0.649878	-0.278409
0.649877	-0.293628
0.649878	-0.278409
0.649878	-0.286989
0.649878	-0.286989
0.649877	-0.290842
0.649877	-0.290842
0.649878	-0.268187
0.649877	-0.291003
0.462460	0.166317
0.649877	-0.218702
0.649884	-0.280870
0.254973	0.375198
0.254973	0.375198
0.270042	0.388292
0.270042	0.388292
0.252983	0.387338
0.252983	0.387338
0.250774	0.396357
0.250774	0.396357
0.250774	0.393172
0.250774	0.393172
0.224122	0.512639
0.223402	0.525756
0.093080	0.832644
0.086587	0.855679
0.091111	0.823177
0.091111	0.823177
0.026558	1.006397
0.078473	0.882018
0.085645	0.843801

# gen = 28
0.649878	-0.329148
0.649878	-0.329148
0.649878	-0.307932
0.649878	-0.304983
0.649878	-0.307631
0.649878	-0.280972
0.649877	-0.326167
0.649877	-0.303724
0.649877	-0.303724
0.649878	-0.292200
0.649877	-0.294676
0.649878	-0.292200
0.649878	-0.280678
0.649878	-0.280678
0.649877	-0.297343
0.649877	-0.276196
0.649877	-0.219076
0.649877	-0.291003
0.462460	0.166317
0.649877	-0.284499
0.649877	-0.284499
0.254973	0.375198
0.462460	0.166317
0.462460	0.166317
0.270042	0.388292
0.251012	0.375267
0.251012	0.375267
0.250774	0.386926
0.250774	0.394993
0.253279	0.372060
0.250774	0.394993
0.224122	0.512639
0.223402	0.525911
0.086588	0.831253
0.086588	0.831253
0.091111	0.823177
0.091111	0.823177
0.026787	0.978084
0.026787	0.978084
0.085645	0.843801

# gen = 29
0.649878	-0.329148
0.649878	-0.329495
0.649877	-0.331032
0.649877	-0.302866
0.649877	-0.325793
0.649878	-0.336025
0.649877	-0.326167
0.649877	-0.315907
0.649877	-0.315907
0.649878	-0.302607
0.649877	-0.322498
0.649878	-0.302607
0.649877	-0.303948
0.649877	-0.285978
0.649877	-0.297343
0.649877	-0.276196
0.649877	-0.285978
0.441820	0.108568
0.441820	0.108568
0.462460	0.114221
0.462460	0.114221
0.251012	0.367181
0.462460	0.166317
0.462460	0.166317
0.248494	0.386378
0.251012	0.375267
0.251012	0.375267
0.248494	0.386378
0.251012	0.389214
0.250774	0.365773
0.250774	0.365773
0.223553	0.511876
0.223402	0.525911
0.087456	0.814268
0.085637	0.830314
0.091111	0.823177
0.091111	0.823177
0.062080	0.843528
0.026787	0.978084
0.085645	0.838154

# gen = 30
0.649877	-0.332107
0.649878	-0.330236
0.649877	-0.336026
0.649877	-0.336026
0.649877	-0.326058
0.649877	-0.326058
0.649877	-0.326167
0.649877	-0.340894
0.649877	-0.340894
0.649878	-0.304346
0.649877	-0.346029
0.649878	-0.304346
0.649877	-0.326412
0.649877	-0.326412
0.649877	-0.297343
0.649877	-0.298407
0.649877	-0.298407
0.441820	0.108568
0.441820	0.108568
0.446176	0.076065
0.446176	0.076065
0.471079	0.154528
0.462460	0.150356
0.462460	0.150356
0.260164	0.372150
0.260164	0.372150
0.251012	0.375267
0.248494	0.386378
0.248494	0.375819
0.250774	0.360744
0.250774	0.360744
0.223553	0.511686
0.223402	0.575028
0.085637	0.812060
0.060562	0.825009
0.091111	0.799408
0.091111	0.799408
0.060562	0.825009
0.026787	0.978084
0.026860	0.986538

# gen = 31
0.649877	-0.351641
0.649877	-0.351641
0.649877	-0.342090
0.649877	-0.338926
0.649877	-0.305525
0.649877	-0.317852
0.649877	-0.317852
0.649877	-0.323952
0.649877	-0.323952
0.649877	-0.309172
0.649877	-0.338971
0.649878	-0.314425
0.649877	-0.326412
0.649877	-0.326412
0.649877	-0.310356
0.649877	-0.279990
0.649877	-0.279990
0.441820	0.108568
0.441820	0.108568
0.446176	0.076065
0.441820	0.092383
0.462460	0.022811
0.462460	0.199954
0.462460	0.199954
0.251012	0.371720
0.251012	0.371720
0.251012	0.375267
0.260164	0.367974
0.260164	0.367974
0.250774	0.360744
0.248494	0.422705
0.222672	0.507767
0.222672	0.507767
0.084459	0.802741
0.084459	0.802741
0.091983	0.769056
0.091111	0.799408
0.060562	0.803689
0.026787	0.978084
0.026860	0.986538

# gen = 32
0.649877	-0.351641
0.649877	-0.338528
0.649877	-0.342090
0.649877	-0.349644
0.649877	-0.323952
0.649877	-0.323952
0.649877	-0.306461
0.649877	-0.340520
0.649877	-0.340520
0.649877	-0.303060
0.649877	-0.330438
0.649878	-0.308650
0.649877	-0.323308
0.649877	-0.323308
0.649877	-0.279909
0.649877	-0.279909
0.462460	0.006610
0.441820	0.098214
0.441820	0.092823
0.441820	0.025859
0.441820	0.025859
0.435935	0.129162
0.435935	0.129162
0.462460	0.002085
0.251012	0.369736
0.251012	0.370915
0.251012	0.370915
0.260164	0.367974
0.260164	0.367974
0.250774	0.360744
0.248494	0.422705
0.222672	0.507767
0.222672	0.507767
0.091111	0.799171
0.084459	0.794804
0.091983	0.769056
0.084459	0.794804
0.060562	0.803689
0.025369	0.967514
0.025369	0.967514

# gen = 33
0.649877	-0.351641
0.649877	-0.340519
0.649877	-0.340519
0.649877	-0.350929
0.649877	-0.300006
0.649877	-0.323952
0.649877	-0.350929
0.649877	-0.341028
0.649877	-0.341028
0.649877	-0.318384
0.649877	-0.323627
0.649877	-0.318384
0.649877	-0.323308
0.649877	-0.323308
0.649877	-0.279909
0.649877	-0.279909
0.462460	0.006610
0.442652	0.080551
0.462460	0.004512
0.441820	0.015659
0.441820	0.091247
0.435935	0.129162
0.435935	0.129162
0.441820	0.020537
0.441820	0.020537
0.260164	0.365451
0.260164	0.365451
0.260164	0.344541
0.260164	0.344541
0.250774	0.360744
0.248494	0.369596
0.222672	0.507742
0.222672	0.507742
0.091983	0.774097
0.084082	0.792227
0.091983	0.768044
0.091983	0.768044
0.060562	0.803689
0.025369	0.967514
0.025369	0.967514

# gen = 34
0.649877	-0.351641
0.649877	-0.340619
0.649877	-0.336597
0.649877	-0.327043
0.649877	-0.360810
0.649877	-0.360810
0.649877	-0.302611
0.649877	-0.341028
0.649877	-0.341028
0.649877	-0.298700
0.649877	-0.338394
0.649877	-0.298700
0.649877	-0.323308
0.649877	-0.323308
0.649877	-0.315830
0.649877	-0.315830
0.462460	0.006610
0.443683	0.005901
0.443683	0.005901
0.441820	0.010411
0.441820	0.020100
0.435935	0.129162
0.435935	0.129162
0.435945	0.126758
0.435945	0.126758
0.260164	0.365451
0.260164	0.361097
0.260164	0.344541
0.260164	0.344541
0.250774	0.360741
0.223841	0.474272
0.222672	0.507742
0.222672	0.509913
0.091983	0.769664
0.091983	0.769664
0.088012	0.759825
0.088012	0.759825
0.060562	0.803689
0.025168	0.932897
0.024411	0.974418

# gen = 35
0.649877	-0.361174
0.649877	-0.361174
0.649877	-0.338853
0.649877	-0.334958
0.649877	-0.359137
0.649877	-0.359137
0.649877	-0.278098
0.649877	-0.322787
0.649877	-0.322787
0.649877	-0.293318
0.649877	-0.338394
0.649877	-0.293318
0.649877	-0.371553
0.649877	-0.371553
0.649877	-0.326791
0.649877	-0.326791
0.440565	0.004536
0.443683	0.005604
0.443683	0.005604
0.441820	0.010411
0.441820	0.020100
0.435935	0.129162
0.435935	0.129162
0.435945	0.128012
0.435945	0.128012
0.260164	0.348144
0.260164	0.348144
0.260164	0.344541
0.260164	0.344541
0.250774	0.360741
0.224373	0.454631
0.222672	0.486477
0.222672	0.486477
0.088012	0.759150
0.088012	0.758670
0.088012	0.758670
0.088012	0.759825
0.060166	0.790431
0.021758	0.919166
0.021758	0.919166

# gen = 36
0.649877	-0.361174
0.649877	-0.359181
0.649877	-0.361183
0.649877	-0.341107
0.649877	-0.359137
0.649877	-0.359137
0.649877	-0.336877
0.649877	-0.344018
0.649877	-0.344018
0.649877	-0.293318
0.646999	-0.315071
0.646999	-0.315071
0.649877	-0.316720
0.649877	-0.316720
0.649877	-0.326791
0.649877	-0.326206
0.440565	0.000997
0.443683	-0.000098
0.443683	-0.000098
0.440100	-0.005204
0.440100	-0.005204
0.435935	0.065231
0.435935	0.129162
0.435935	0.126899
0.435935	0.126899
0.260164	0.344414
0.260164	0.344414
0.260164	0.344541
0.250968	0.333289
0.250968	0.333289
0.228386	0.431293
0.222672	0.483417
0.222672	0.483417
0.088012	0.758738
0.088012	0.758670
0.088012	0.758670
0.088012	0.758738
0.060166	0.790431
0.021758	0.919166
0.021758	0.933367

# gen = 37
0.649877	-0.361174
0.649877	-0.359181
0.649877	-0.341467
0.649877	-0.360240
0.649877	-0.313163
0.649877	-0.313163
0.649877	-0.360240
0.649877	-0.327519
0.649877	-0.359160
0.649877	-0.334853
0.646999	-0.315071
0.646999	-0.315071
0.649877	-0.333702
0.649877	-0.333702
0.649877	-0.332726
0.649877	-0.332726
0.440565	0.000872
0.443683	-0.000098
0.443683	-0.000098
0.435042	0.035514
0.436361	0.059608
0.435299	0.108854
0.435299	0.108854
0.435935	0.096003
0.435935	0.096003
0.260164	0.344414
0.250968	0.333237
0.250968	0.333237
0.250968	0.331028
0.250968	0.331028
0.228386	0.425753
0.222672	0.464004
0.222672	0.464004
0.088012	0.739264
0.088012	0.739264
0.088012	0.758670
0.088012	0.758738
0.060166	0.790431
0.021758	0.915799
0.021758	0.933367

# gen = 38
0.649877	-0.364201
0.649877	-0.364201
0.649877	-0.364065
0.649877	-0.363963
0.649877	-0.313163
0.649877	-0.313163
0.649877	-0.347623
0.649877	-0.338593
0.649877	-0.358561
0.649877	-0.340778
0.646999	-0.320414
0.646999	-0.315071
0.649877	-0.359232
0.649877	-0.333702
0.649877	-0.332726
0.649877	-0.332726
0.440565	0.000872
0.440565	-0.002266
0.440565	-0.002266
0.434914	0.035473
0.435276	0.049433
0.435299	0.108854
0.435299	0.108854
0.435299	0.076509
0.435299	0.076509
0.250968	0.338031
0.250968	0.333237
0.250968	0.333237
0.250968	0.331028
0.250968	0.337214
0.228726	0.418920
0.222672	0.443481
0.222672	0.443481
0.088012	0.739264
0.088012	0.739264
0.088012	0.749308
0.088012	0.749308
0.060166	0.790431
0.022848	0.914351
0.021291	0.934932

# gen = 39
0.649877	-0.365129
0.649877	-0.365129
0.649877	-0.346125
0.649877	-0.385406
0.649877	-0.347825
0.649877	-0.347825
0.646999	-0.318032
0.649877	-0.344931
0.649877	-0.338835
0.647111	-0.350211
0.646999	-0.320414
0.646999	-0.315071
0.649877	-0.344883
0.649877	-0.344883
0.440565	-0.009238
0.440565	-0.009238
0.441151	-0.011160
0.440565	-0.008114
0.440565	-0.008114
0.434914	0.035473
0.435075	0.041847
0.435075	0.041847
0.435299	0.057693
0.435299	0.075229
0.435299	0.075229
0.250968	0.329346
0.250968	0.329346
0.250968	0.331459
0.250968	0.311793
0.250968	0.311793
0.228726	0.391756
0.222672	0.445349
0.222672	0.445349
0.088012	0.739264
0.088012	0.739264
0.088012	0.735107
0.088012	0.735107
0.059397	0.768955
0.022848	0.914351
0.021291	0.934932

# gen = 40
0.649877	-0.365129
0.649877	-0.365129
0.649877	-0.386888
0.649877	-0.365562
0.649877	-0.347825
0.649877	-0.353979
0.646999	-0.318032
0.646999	-0.355060
0.647001	-0.337310
0.647001	-0.337310
0.646993	-0.319036
0.646993	-0.319036
0.646997	-0.334709
0.649877	-0.344883
0.649877	-0.344883
0.440565	-0.009406
0.441151	-0.011160
0.440565	-0.008114
0.440565	-0.020298
0.440565	-0.020298
0.435075	0.041847
0.435075	0.041847
0.435299	0.024190
0.435299	0.024190
0.435299	0.075229
0.250968	0.311793
0.250968	0.311793
0.250968	0.331457
0.250968	0.311793
0.250968	0.331457
0.230384	0.372001
0.222672	0.445196
0.222672	0.445196
0.088012	0.735175
0.088012	0.735175
0.088012	0.735107
0.088012	0.735107
0.060229	0.762715
0.024104	0.871242
0.021291	0.934932

# gen = 41
0.649877	-0.365129
0.649877	-0.365129
0.649877	-0.353980
0.647033	-0.347006
0.647014	-0.324704
0.647014	-0.324704
0.646999	-0.318032
0.646999	-0.334057
0.646993	-0.309514
0.647001	-0.337338
0.646991	-0.354075
0.646993	-0.319036
0.646993	-0.321081
0.647080	-0.321007
0.649877	-0.344941
0.440570	-0.042442
0.441151	-0.011604
0.441151	-0.011604
0.440565	-0.016572
0.440565	-0.016572
0.435075	0.041847
0.435075	0.041847
0.435299	0.075229
0.435299	0.075229
0.435299	0.075229
0.250968	0.311793
0.250968	0.311793
0.250968	0.331457
0.246239	0.310548
0.246239	0.310548
0.230384	0.372001
0.222672	0.445196
0.222440	0.491866
0.088012	0.734250
0.088012	0.734250
0.088012	0.733012
0.088012	0.733012
0.060229	0.762715
0.024104	0.871242
0.021291	0.934932

# gen = 42
0.649877	-0.365129
0.649877	-0.365129
0.649877	-0.353980
0.647014	-0.346741
0.647001	-0.324666
0.647001	-0.324666
0.646999	-0.318032
0.646993	-0.343882
0.646993	-0.343882
0.646993	-0.348022
0.646991	-0.354075
0.646993	-0.319036
0.646993	-0.321081
0.647080	-0.370121
0.647080	-0.370121
0.440570	-0.055619
0.440565	-0.026268
0.440565	-0.026268
0.440565	-0.010376
0.440565	-0.010376
0.435075	0.035892
0.435075	0.035892
0.435299	0.074389
0.435299	0.090639
0.435299	0.090639
0.245976	0.311666
0.245976	0.311666
0.246294	0.316417
0.246239	0.310069
0.246239	0.310069
0.230384	0.372001
0.222672	0.444970
0.222440	0.491866
0.086709	0.711896
0.086709	0.711896
0.088012	0.733012
0.088012	0.733012
0.060236	0.762359
0.026077	0.870547
0.021291	0.934932

# gen = 43
0.649877	-0.368418
0.649877	-0.368418
0.646993	-0.365001
0.646993	-0.365001
0.646967	-0.327540
0.646993	-0.359993
0.646993	-0.326425
0.646993	-0.343882
0.646993	-0.321406
0.646993	-0.321406
0.646991	-0.354075
0.646993	-0.316292
0.646993	-0.321989
0.647080	-0.371980
0.647080	-0.371980
0.440570	-0.055619
0.440565	-0.027621
0.440565	-0.027621
0.440565	-0.026268
0.435988	0.030169
0.435074	0.047489
0.435074	0.047489
0.435299	0.041296
0.428732	0.132812
0.428732	0.132812
0.246258	0.309529
0.246258	0.309529
0.245976	0.312254
0.246239	0.310069
0.245976	0.312254
0.230384	0.373489
0.222440	0.470782
0.222440	0.470782
0.086703	0.711639
0.086703	0.711639
0.088012	0.733012
0.088012	0.733012
0.057291	0.747471
0.031034	0.864996
0.021291	0.934932

# gen = 44
0.649877	-0.368418
0.649877	-0.368418
0.646993	-0.365001
0.646955	-0.347525
0.646955	-0.347525
0.646993	-0.377160
0.646993	-0.377160
0.646993	-0.329358
0.646993	-0.332135
0.646993	-0.332135
0.646991	-0.354075
0.646993	-0.330514
0.646991	-0.345567
0.647080	-0.381607
0.440565	-0.051828
0.448118	-0.074455
0.440565	-0.028861
0.440570	-0.054723
0.440565	-0.026541
0.435299	-0.008034
0.435074	0.047489
0.434758	0.043240
0.435299	-0.008034
0.428732	0.113909
0.428732	0.113909
0.247261	0.284976
0.247261	0.284976
0.245976	0.312254
0.246239	0.310069
0.245976	0.312254
0.230384	0.373398
0.222440	0.434438
0.222440	0.434438
0.086703	0.710729
0.086703	0.710729
0.088012	0.721333
0.088012	0.721333
0.057291	0.747471
0.031034	0.856945
0.021291	0.934932

# gen = 45
0.646993	-0.373614
0.646993	-0.373614
0.646993	-0.377786
0.646953	-0.364755
0.646955	-0.347525
0.646993	-0.356939
0.646993	-0.377204
0.646993	-0.340486
0.646993	-0.338588
0.646993	-0.329458
0.646991	-0.354075
0.646993	-0.329458
0.646991	-0.345567
0.647080	-0.381146
0.440570	-0.052424
0.451583	-0.088940
0.440570	-0.052424
0.440570	-0.054723
0.440565	-0.028488
0.435299	-0.008038
0.435025	-0.013972
0.434758	0.043240
0.435299	-0.008038
0.428732	0.117589
0.428732	0.113909
0.247261	0.284976
0.247261	0.284976
0.247261	0.272766
0.247261	0.272766
0.245976	0.312254
0.230661	0.369007
0.222154	0.434402
0.222154	0.434402
0.086703	0.710729
0.086703	0.710729
0.088012	0.712053
0.088012	0.712053
0.057291	0.747471
0.031034	0.839024
0.021291	0.934932

# gen = 46
0.646993	-0.373614
0.646993	-0.373614
0.646993	-0.366434
0.646953	-0.399265
0.642771	-0.327613
0.646993	-0.374468
0.646993	-0.374468
0.646993	-0.322659
0.646993	-0.322659
0.646993	-0.296753
0.646991	-0.352953
0.646993	-0.331655
0.646991	-0.387072
0.646991	-0.387072
0.440570	-0.054031
0.451583	-0.092784
0.451583	-0.092784
0.440570	-0.054723
0.440565	-0.028488
0.435054	-0.012513
0.434641	0.020055
0.428783	0.079824
0.428783	0.079824
0.428732	0.103476
0.428732	0.103476
0.247261	0.283096
0.247261	0.283096
0.247261	0.272766
0.247261	0.272766
0.245976	0.312254
0.230661	0.369007
0.222154	0.434401
0.222154	0.434401
0.086703	0.710049
0.086703	0.710049
0.086708	0.710751
0.086708	0.710751
0.057291	0.747471
0.031034	0.837671
0.021291	0.934932

# gen = 47
0.642578	-0.381721
0.642578	-0.381721
0.646993	-0.384831
0.646953	-0.397113
0.642771	-0.327613
0.646993	-0.369517
0.646993	-0.369517
0.646993	-0.346811
0.646993	-0.323065
0.646993	-0.323367
0.646991	-0.374598
0.646993	-0.331655
0.646991	-0.398366
0.646991	-0.398366
0.449391	-0.089176
0.451583	-0.092784
0.451583	-0.093262
0.440570	-0.054723
0.440565	-0.028488
0.435054	-0.012322
0.428620	0.041165
0.428732	0.093446
0.428732	0.044332
0.428732	0.091375
0.428732	0.091375
0.247261	0.283096
0.247261	0.283096
0.247261	0.272145
0.247261	0.272145
0.245954	0.311968
0.230661	0.369007
0.222154	0.433602
0.222154	0.433602
0.086708	0.707526
0.086708	0.707526
0.086703	0.710233
0.086703	0.710233
0.057291	0.747471
0.031034	0.837276
0.020687	0.924801

# gen = 48
0.642578	-0.381721
0.642578	-0.381721
0.646993	-0.384831
0.646953	-0.397113
0.642578	-0.381721
0.646993	-0.367832
0.646993	-0.367832
0.646991	-0.392029
0.646991	-0.392029
0.646993	-0.313243
0.646991	-0.398445
0.646993	-0.313243
0.646991	-0.398366
0.451583	-0.093437
0.449391	-0.090827
0.451583	-0.093289
0.451583	-0.093425
0.451583	-0.093425
0.440565	-0.028488
0.434174	-0.009524
0.428620	0.041165
0.428732	0.044141
0.428732	0.044141
0.428732	0.090750
0.428732	0.051293
0.247261	0.273504
0.247261	0.271985
0.247261	0.271985
0.247261	0.272145
0.245954	0.311968
0.230647	0.368691
0.222154	0.433602
0.222154	0.433602
0.086708	0.707526
0.086218	0.707288
0.086708	0.707044
0.086708	0.707044
0.057291	0.742904
0.031034	0.837276
0.020687	0.924801

# gen = 49
0.646993	-0.397428
0.646993	-0.397428
0.646991	-0.432444
0.642578	-0.365396
0.642578	-0.365396
0.646993	-0.381686
0.646993	-0.381686
0.646991	-0.392029
0.646991	-0.392029
0.646991	-0.398445
0.646991	-0.398445
0.646993	-0.313243
0.646991	-0.398366
0.451583	-0.093437
0.451583	-0.099511
0.451583	-0.099511
0.451583	-0.093425
0.451583	-0.091903
0.440565	-0.028488
0.434174	-0.009284
0.428620	0.041165
0.428732	0.043404
0.428732	0.043404
0.428732	0.090750
0.249275	0.273421
0.249275	0.273421
0.247261	0.271985
0.247261	0.271985
0.247261	0.272145
0.247261	0.283794
0.230647	0.368615
0.222154	0.426465
0.222154	0.426465
0.086708	0.706997
0.086708	0.707002
0.086708	0.707002
0.086708	0.707044
0.057291	0.742904
0.031034	0.837276
0.020067	0.886167

# gen = 50
0.646993	-0.397428
0.646993	-0.397428
0.642672	-0.408467
0.646993	-0.370287
0.642490	-0.375859
0.646993	-0.381686
0.646993	-0.390334
0.646991	-0.402995
0.646991	-0.401631
0.646991	-0.398445
0.646991	-0.398445
0.646991	-0.398445
0.646991	-0.398366
0.451583	-0.099534
0.451583	-0.099534
0.451583	-0.099511
0.451583	-0.099263
0.451583	-0.090843
0.451583	-0.090843
0.434174	-0.009284
0.427825	0.041117
0.427825	0.041117
0.428732	0.043404
0.428732	0.090750
0.249275	0.268508
0.247298	0.272038
0.247261	0.271985
0.247261	0.270690
0.247261	0.270690
0.247261	0.283794
0.230647	0.368615
0.222154	0.427006
0.222154	0.427006
0.086708	0.706997
0.086708	0.706943
0.086708	0.706943
0.086708	0.707044
0.057291	0.742904
0.031034	0.837276
0.020067	0.886167

# gen = 51
0.646993	-0.397428
0.646991	-0.418919
0.642672	-0.408467
0.646991	-0.418919
0.642490	-0.375859
0.646993	-0.388324
0.646993	-0.388324
0.646991	-0.395074
0.646991	-0.395074
0.646991	-0.417993
0.646991	-0.402995
0.646991	-0.402995
0.646991	-0.408584
0.646991	-0.408584
0.451583	-0.099534
0.451583	-0.099511
0.451583	-0.099284
0.451583	-0.099284
0.451583	-0.081909
0.434871	-0.015206
0.427825	0.041117
0.427825	0.041117
0.428732	0.037063
0.428732	0.037063
0.249275	0.268508
0.247298	0.272038
0.247261	0.271985
0.247261	0.270689
0.247261	0.269305
0.247261	0.269305
0.230647	0.367734
0.222154	0.427001
0.222154	0.444346
0.098964	0.696656
0.098964	0.696656
0.086708	0.706943
0.086708	0.707014
0.057291	0.742904
0.030629	0.816468
0.020067	0.884540

# gen = 52
0.646991	-0.421373
0.646991	-0.421373
0.642573	-0.399153
0.646991	-0.417941
0.642256	-0.405956
0.646993	-0.395467
0.646993	-0.395467
0.646991	-0.417993
0.646991	-0.417993
0.646991	-0.394732
0.646991	-0.417342
0.646991	-0.417342
0.646991	-0.410806
0.646991	-0.410806
0.451583	-0.099541
0.451583	-0.099541
0.451583	-0.099284
0.451583	-0.088329
0.451583	-0.088329
0.434676	-0.019194
0.434676	-0.019194
0.427615	0.043451
0.428732	0.036360
0.428732	0.016993
0.428732	0.016993
0.247261	0.269305
0.247231	0.267712
0.251548	0.256209
0.247261	0.268783
0.247261	0.268783
0.230647	0.367726
0.222154	0.406922
0.222154	0.406922
0.098964	0.696656
0.098964	0.696656
0.086708	0.706943
0.086708	0.707014
0.056690	0.722392
0.030629	0.816468
0.020067	0.884540

# gen = 53
0.646991	-0.421373
0.646991	-0.419936
0.642089	-0.407214
0.646991	-0.394991
0.642256	-0.405956
0.646993	-0.361788
0.646993	-0.361788
0.646991	-0.420366
0.646991	-0.418471
0.646991	-0.418471
0.646990	-0.427084
0.646991	-0.417342
0.646991	-0.411259
0.646991	-0.411259
0.451583	-0.099546
0.451583	-0.099546
0.451583	-0.099284
0.451583	-0.088946
0.451583	-0.088946
0.434676	-0.019194
0.434676	-0.019060
0.427615	0.043451
0.427615	0.054142
0.428732	0.042909
0.428732	0.042909
0.247230	0.269063
0.247231	0.267617
0.251548	0.256209
0.247231	0.267617
0.247232	0.274598
0.230584	0.355001
0.222081	0.403951
0.222081	0.403951
0.098964	0.696626
0.098964	0.696626
0.098964	0.696746
0.086708	0.707014
0.056690	0.722392
0.030629	0.812877
0.020025	0.860832

# gen = 54
0.646991	-0.421548
0.646991	-0.419936
0.642089	-0.407214
0.646991	-0.436766
0.641974	-0.398327
0.646993	-0.361788
0.646993	-0.361788
0.646991	-0.417558
0.646991	-0.417558
0.646991	-0.397007
0.646990	-0.427084
0.646991	-0.397007
0.646991	-0.421499
0.646991	-0.421499
0.451583	-0.103621
0.451583	-0.103621
0.451583	-0.099284
0.450959	-0.099189
0.450959	-0.099189
0.434676	-0.020778
0.434521	-0.016618
0.427615	0.043451
0.427371	0.094939
0.428732	0.063529
0.428732	0.063529
0.247230	0.269063
0.251548	0.265788
0.251548	0.256209
0.247231	0.267400
0.247232	0.269943
0.230584	0.343293
0.222081	0.408822
0.222081	0.408822
0.098964	0.696626
0.098964	0.696626
0.086709	0.684964
0.086709	0.684964
0.056690	0.722209
0.030629	0.812877
0.020025	0.860832

# gen = 55
0.646991	-0.438746
0.646991	-0.419936
0.642089	-0.407214
0.641967	-0.408098
0.641967	-0.408098
0.646991	-0.423545
0.646993	-0.345967
0.646991	-0.416540
0.646991	-0.427451
0.646991	-0.397007
0.646990	-0.427084
0.646991	-0.397007
0.646991	-0.397063
0.646991	-0.397063
0.451583	-0.103621
0.451583	-0.103621
0.451583	-0.099284
0.450959	-0.099742
0.450959	-0.099742
0.434676	-0.020778
0.428737	0.015472
0.427615	0.043451
0.427371	0.094939
0.428732	0.042056
0.428732	0.042056
0.247231	0.267400
0.247245	0.264006
0.251548	0.256209
0.247245	0.264006
0.247232	0.269929
0.230584	0.343159
0.222081	0.400700
0.222081	0.400700
0.098964	0.694327
0.098964	0.694327
0.086709	0.684964
0.086709	0.684964
0.056690	0.722209
0.030629	0.812877
0.010765	0.907564

# gen = 56
0.646991	-0.438746
0.646991	-0.426562
0.642089	-0.407214
0.641967	-0.408098
0.641967	-0.408098
0.646991	-0.432834
0.642277	-0.411505
0.646991	-0.417082
0.646991	-0.417082
0.646991	-0.401851
0.646990	-0.427084
0.646991	-0.397007
0.646991	-0.425149
0.646991	-0.425149
0.451583	-0.103621
0.451583	-0.103621
0.451583	-0.103495
0.450959	-0.099742
0.450959	-0.099742
0.434676	-0.020778
0.428737	0.015472
0.427615	0.043451
0.427371	0.094939
0.428732	0.037329
0.428732	0.037329
0.247231	0.261620
0.247245	0.263598
0.251548	0.248385
0.251548	0.248385
0.247232	0.269929
0.230584	0.336440
0.222081	0.400700
0.220624	0.430959
0.098964	0.694327
0.098964	0.694327
0.086709	0.684955
0.086709	0.684955
0.056690	0.722209
0.030629	0.812877
0.010765	0.932514

# gen = 57
0.646991	-0.438746
0.646991	-0.437627
0.642089	-0.407214
0.641967	-0.405323
0.641967	-0.405323
0.646991	-0.414817
0.642089	-0.412891
0.646991	-0.433442
0.646991	-0.433442
0.646991	-0.401851
0.646990	-0.427084
0.646990	-0.427084
0.646991	-0.395819
0.646991	-0.395819
0.451583	-0.103621
0.451583	-0.103715
0.451583	-0.103715
0.450959	-0.099742
0.441590	-0.071663
0.434676	-0.020778
0.428737	0.015472
0.427615	0.030777
0.427333	0.046491
0.428732	0.041570
0.428732	0.041570
0.250291	0.254556
0.250291	0.254556
0.251548	0.247705
0.251548	0.247705
0.246314	0.263899
0.230584	0.336440
0.222081	0.417346
0.220624	0.430959
0.093915	0.683876
0.086709	0.684517
0.086709	0.684940
0.086709	0.684940
0.056690	0.722209
0.030629	0.812877
0.010765	0.932463

# gen = 58
0.646991	-0.438746
0.646991	-0.437627
0.642012	-0.408705
0.641967	-0.403261
0.641967	-0.403261
0.646991	-0.417763
0.642089	-0.408724
0.641917	-0.416849
0.646991	-0.423472
0.646990	-0.427641
0.646990	-0.427641
0.646990	-0.427084
0.646990	-0.422854
0.646990	-0.422854
0.451583	-0.103621
0.451583	-0.103715
0.451583	-0.103715
0.450959	-0.097632
0.441590	-0.071663
0.434676	-0.020778
0.428737	0.015472
0.427333	0.046382
0.425855	0.072257
0.427333	0.049133
0.427333	0.049133
0.250253	0.249999
0.250253	0.249999
0.251548	0.247705
0.251548	0.247705
0.246314	0.263899
0.230584	0.336440
0.222081	0.400551
0.220624	0.430959
0.087374	0.671255
0.087374	0.671255
0.086709	0.684940
0.086709	0.684940
0.056690	0.722209
0.030629	0.812877
0.010765	0.960034

# gen = 59
0.646991	-0.438746
0.646991	-0.437651
0.641918	-0.416601
0.641918	-0.416601
0.641967	-0.403261
0.646990	-0.427084
0.641967	-0.400291
0.641917	-0.418148
0.646990	-0.427084
0.646990	-0.418975
0.642089	-0.404983
0.642089	-0.404983
0.646990	-0.422854
0.646990	-0.422854
0.451583	-0.103621
0.451583	-0.103715
0.451583	-0.103715
0.450959	-0.097632
0.441590	-0.071663
0.435325	-0.023838
0.428737	0.015472
0.427333	0.046382
0.425855	0.072257
0.427333	0.049133
0.427333	0.049133
0.250253	0.249998
0.250253	0.249998
0.251548	0.247705
0.251548	0.247705
0.246314	0.263899
0.230584	0.336440
0.220624	0.402645
0.220624	0.402645
0.087374	0.671255
0.087374	0.671255
0.086703	0.670459
0.086703	0.670459
0.056690	0.722209
0.030629	0.812877
0.010765	0.960034

# gen = 60
0.646990	-0.438872
0.646990	-0.431450
0.641917	-0.418358
0.641917	-0.418358
0.641594	-0.399006
0.642030	-0.418811
0.641918	-0.416601
0.641917	-0.418148
0.646990	-0.420169
0.646990	-0.418561
0.642089	-0.405154
0.642089	-0.404983
0.646990	-0.418503
0.646990	-0.418503
0.451583	-0.103621
0.451583	-0.103715
0.451583	-0.103715
0.450959	-0.097632
0.441590	-0.071663
0.435325	-0.023838
0.428623	0.012847
0.427333	0.046382
0.425855	0.072257
0.427333	0.046382
0.427333	0.049133
0.250253	0.249998
0.250253	0.249998
0.251548	0.247700
0.251548	0.247700
0.246314	0.263899
0.230584	0.331516
0.220624	0.397336
0.220624	0.397336
0.087374	0.671255
0.087374	0.671255
0.086703	0.670459
0.086703	0.670459
0.056690	0.722209
0.030629	0.812877
0.010765	0.960034

# gen = 61
0.646990	-0.440893
0.646990	-0.440893
0.641837	-0.412258
0.641837	-0.412258
0.641594	-0.399006
0.641917	-0.417044
0.641917	-0.417044
0.641917	-0.407946
0.646990	-0.416879
0.641918	-0.391333
0.642089	-0.405154
0.642089	-0.404983
0.642414	-0.400505
0.642414	-0.400505
0.451583	-0.103621
0.451583	-0.104302
0.451583	-0.103715
0.450959	-0.097632
0.441590	-0.072085
0.435325	-0.023838
0.428623	0.011808
0.427333	0.045332
0.425855	0.072257
0.425855	0.063815
0.425855	0.063815
0.250253	0.249998
0.250253	0.249998
0.251548	0.247700
0.251548	0.247700
0.246314	0.269757
0.230584	0.331516
0.220496	0.398566
0.220496	0.398566
0.086697	0.670919
0.086697	0.670919
0.086703	0.670459
0.086703	0.670459
0.056690	0.722209
0.030629	0.812877
0.010765	0.902267

# gen = 62
0.646990	-0.440893
0.646990	-0.440893
0.641594	-0.409840
0.641837	-0.411662
0.641594	-0.383722
0.641837	-0.411662
0.641911	-0.408542
0.641917	-0.402368
0.641928	-0.410393
0.641914	-0.418329
0.642089	-0.398566
0.642089	-0.398566
0.642085	-0.395820
0.642085	-0.395820
0.451583	-0.103621
0.451583	-0.104302
0.451583	-0.103715
0.450959	-0.097632
0.441590	-0.071960
0.435325	-0.030013
0.429126	0.005912
0.425942	0.046947
0.425855	0.072257
0.425855	0.088028
0.425855	0.088028
0.251548	0.247700
0.251548	0.247700
0.251548	0.247311
0.251548	0.247311
0.246314	0.269757
0.230584	0.331516
0.220496	0.398566
0.220496	0.398566
0.086697	0.670918
0.086697	0.670918
0.086703	0.670459
0.086703	0.670459
0.054935	0.713054
0.030629	0.812877
0.010765	0.902267

# gen = 63
0.646990	-0.440893
0.646990	-0.440893
0.641594	-0.415299
0.641594	-0.415299
0.641594	-0.398863
0.641598	-0.415741
0.641911	-0.417801
0.641837	-0.407812
0.641837	-0.407812
0.641914	-0.391496
0.642089	-0.400612
0.642089	-0.400612
0.642084	-0.395996
0.642084	-0.395996
0.451583	-0.103668
0.452868	-0.117116
0.451583	-0.103715
0.450959	-0.097632
0.441590	-0.071960
0.435325	-0.047190
0.429126	0.005912
0.425942	0.046947
0.425793	0.075290
0.425855	0.062897
0.425855	0.062897
0.251548	0.247688
0.251548	0.247688
0.251548	0.247311
0.251548	0.247311
0.246314	0.269757
0.230584	0.331516
0.220496	0.398548
0.220496	0.398548
0.085638	0.670132
0.085638	0.670132
0.085647	0.670211
0.085647	0.670211
0.054935	0.713054
0.030629	0.812877
0.000606	0.977152

# gen = 64
0.646990	-0.440893
0.646990	-0.440893
0.641594	-0.415299
0.641594	-0.414934
0.641594	-0.415299
0.641594	-0.415299
0.641911	-0.417794
0.641837	-0.392074
0.641837	-0.392074
0.641837	-0.406608
0.641837	-0.406608
0.642089	-0.400612
0.642084	-0.413147
0.642084	-0.413147
0.453075	-0.118019
0.453075	-0.118019
0.451583	-0.103715
0.450959	-0.117993
0.441590	-0.071960
0.435306	-0.030749
0.429126	0.005381
0.425942	0.044334
0.425793	0.058760
0.425793	0.040752
0.425793	0.040752
0.251548	0.247681
0.251548	0.247681
0.251548	0.247311
0.251548	0.247311
0.246314	0.263530
0.230584	0.331516
0.220496	0.398548
0.220496	0.398548
0.083078	0.669847
0.083078	0.669847
0.085638	0.670110
0.085638	0.670110
0.054935	0.713054
0.030629	0.812877
0.000606	0.975889

# gen = 65
0.646990	-0.440893
0.646990	-0.439586
0.641594	-0.414934
0.641594	-0.414934
0.641594	-0.415299
0.641594	-0.415299
0.641590	-0.415287
0.641594	-0.415299
0.641594	-0.415299
0.641836	-0.397251
0.641837	-0.406598
0.642085	-0.408334
0.642084	-0.413147
0.450947	-0.121238
0.453075	-0.118019
0.453075	-0.118019
0.453075	-0.107989
0.450959	-0.117993
0.441590	-0.086060
0.435306	-0.030749
0.429126	0.005381
0.425942	0.039286
0.425793	0.058244
0.425793	0.039666
0.425793	0.039666
0.251548	0.247680
0.251548	0.247679
0.251548	0.247311
0.251548	0.247311
0.246314	0.263530
0.230584	0.331044
0.220496	0.398548
0.220496	0.398548
0.083833	0.669786
0.083833	0.669786
0.085638	0.670110
0.085638	0.670110
0.054935	0.712542
0.030629	0.812877
0.000606	0.975889

# gen = 66
0.646990	-0.440893
0.646990	-0.440893
0.641594	-0.415329
0.641594	-0.415299
0.641594	-0.415300
0.641594	-0.415563
0.641590	-0.415287
0.641594	-0.415563
0.641594	-0.415299
0.641836	-0.397251
0.641836	-0.397251
0.642084	-0.414292
0.642084	-0.414292
0.450947	-0.121238
0.450947	-0.121238
0.453075	-0.118743
0.453075	-0.118743
0.445878	-0.103847
0.441590	-0.086060
0.435306	-0.030749
0.429126	0.005380
0.425942	0.038098
0.425793	0.039679
0.425793	0.059854
0.425793	0.059854
0.259891	0.242844
0.259891	0.242844
0.251548	0.247295
0.251548	0.247295
0.246314	0.267887
0.230584	0.331030
0.220496	0.398548
0.220496	0.398548
0.083833	0.669786
0.083833	0.669778
0.083833	0.669778
0.085638	0.670110
0.054935	0.712542
0.030629	0.812877
0.000606	0.975620

# gen = 67
0.646990	-0.440893
0.646990	-0.444479
0.641594	-0.415577
0.641594	-0.405646
0.641594	-0.405646
0.641594	-0.415563
0.641577	-0.418414
0.641594	-0.412035
0.641594	-0.412035
0.641588	-0.419053
0.641587	-0.418762
0.642084	-0.418627
0.642084	-0.418627
0.450947	-0.121238
0.450947	-0.121238
0.453075	-0.118743
0.453075	-0.118743
0.445878	-0.103847
0.441590	-0.090288
0.435306	-0.048876
0.429126	0.005380
0.425942	0.037583
0.425793	0.044258
0.425793	0.039078
0.425793	0.039078
0.259891	0.242844
0.259891	0.242844
0.251548	0.247295
0.251548	0.247295
0.246314	0.267887
0.230584	0.331030
0.220342	0.404297
0.220342	0.404297
0.083833	0.669778
0.083833	0.669778
0.083833	0.669778
0.083833	0.669778
0.054935	0.712542
0.030629	0.812877
0.000606	0.975464

# gen = 68
0.646990	-0.444229
0.646990	-0.444229
0.641594	-0.414071
0.641594	-0.399431
0.641594	-0.399431
0.641587	-0.418544
0.641577	-0.418414
0.641594	-0.415872
0.641594	-0.415872
0.641588	-0.419053
0.641587	-0.418762
0.641587	-0.389360
0.642084	-0.418627
0.642084	-0.418627
0.450947	-0.121238
0.450947	-0.121266
0.450947	-0.121266
0.445878	-0.104303
0.441590	-0.090288
0.435306	-0.048876
0.429126	0.005380
0.425942	0.037583
0.425793	0.057690
0.425790	0.047787
0.425793	0.076082
0.259891	0.242844
0.259891	0.242844
0.251548	0.247295
0.251548	0.247295
0.245333	0.262173
0.230584	0.331030
0.220342	0.399449
0.220342	0.399449
0.083833	0.669778
0.083833	0.669778
0.083833	0.669778
0.083833	0.669778
0.054935	0.711409
0.030629	0.812877
0.000606	0.975464

# gen = 69
0.646990	-0.444229
0.646990	-0.444229
0.641577	-0.418991
0.641594	-0.405063
0.641594	-0.405063
0.641587	-0.418544
0.641577	-0.418414
0.641594	-0.399478
0.641594	-0.399478
0.641588	-0.419053
0.641587	-0.418762
0.641587	-0.389360
0.641594	-0.411847
0.641594	-0.411847
0.450947	-0.121266
0.450947	-0.121266
0.450947	-0.121266
0.445865	-0.108426
0.441590	-0.089766
0.435306	-0.048876
0.429126	0.005380
0.425374	0.049709
0.425435	0.051091
0.425435	0.051091
0.425793	0.076082
0.259891	0.242844
0.259891	0.242838
0.259891	0.242838
0.251548	0.247295
0.245333	0.262097
0.230584	0.331030
0.219288	0.406916
0.220342	0.416698
0.082909	0.669771
0.082909	0.669771
0.083833	0.669778
0.083833	0.669778
0.054935	0.711409
0.030629	0.812877
0.000606	0.975464

# gen = 70
0.646990	-0.444229
0.646990	-0.447366
0.641370	-0.413161
0.641594	-0.405137
0.641594	-0.405137
0.641587	-0.418544
0.641577	-0.418414
0.641588	-0.411424
0.641588	-0.411424
0.641587	-0.419200
0.641587	-0.419200
0.641587	-0.389360
0.641587	-0.394493
0.641587	-0.394493
0.451631	-0.122194
0.451631	-0.122194
0.450947	-0.121266
0.445865	-0.108426
0.441590	-0.076683
0.435252	-0.048819
0.429126	0.005380
0.425374	0.049709
0.424476	0.053744
0.424476	0.053744
0.425793	0.076082
0.258052	0.242230
0.258052	0.242230
0.259891	0.242799
0.259891	0.242799
0.245333	0.262097
0.230584	0.330930
0.219288	0.406916
0.220342	0.416698
0.082853	0.669743
0.082853	0.669743
0.082909	0.669771
0.082909	0.669771
0.054935	0.711409
0.030629	0.800509
0.000606	0.975464

# gen = 71
0.646990	-0.444229
0.646990	-0.447366
0.641319	-0.417342
0.641590	-0.416788
0.641577	-0.418501
0.641577	-0.418501
0.641577	-0.418414
0.641587	-0.392782
0.641587	-0.391565
0.641587	-0.419200
0.641587	-0.419200
0.641587	-0.391565
0.641587	-0.416907
0.641587	-0.416907
0.451631	-0.122194
0.451631	-0.122194
0.450947	-0.121266
0.445865	-0.102862
0.441590	-0.076683
0.435252	-0.048736
0.429126	0.005380
0.425374	0.049709
0.424476	0.053773
0.424476	0.053773
0.425793	0.076068
0.258052	0.242230
0.258052	0.242230
0.258020	0.242209
0.258020	0.242209
0.245275	0.262271
0.231761	0.323968
0.219288	0.406916
0.220342	0.451362
0.082853	0.669743
0.082853	0.669742
0.082853	0.669743
0.082853	0.669743
0.054935	0.711407
0.030629	0.800509
0.000606	0.975464

# gen = 72
0.646990	-0.444457
0.646990	-0.444457
0.641313	-0.416987
0.641577	-0.418793
0.641577	-0.396214
0.641577	-0.418501
0.641576	-0.419138
0.641577	-0.419232
0.641587	-0.381312
0.641577	-0.415685
0.641577	-0.415685
0.641587	-0.416907
0.641587	-0.416907
0.641587	-0.416907
0.451631	-0.122194
0.451631	-0.122194
0.450947	-0.121266
0.445865	-0.103520
0.441590	-0.089567
0.435252	-0.048736
0.429126	0.005380
0.425570	0.041782
0.424476	0.053773
0.424476	0.053773
0.425793	0.076001
0.258052	0.242230
0.258052	0.242230
0.258020	0.242209
0.258020	0.242209
0.245275	0.262186
0.231761	0.323968
0.219288	0.406916
0.220342	0.451362
0.082853	0.669743
0.082853	0.669742
0.082853	0.669743
0.082853	0.669743
0.054935	0.711401
0.030629	0.800509
0.000606	0.975464

# gen = 73
0.646990	-0.444991
0.646990	-0.444991
0.641290	-0.416828
0.641577	-0.417493
0.641577	-0.417493
0.641577	-0.415731
0.641576	-0.419138
0.641576	-0.419167
0.641587	-0.399497
0.641577	-0.415685
0.641577	-0.415685
0.641587	-0.399497
0.641587	-0.416480
0.641587	-0.416480
0.455097	-0.123154
0.455097	-0.123154
0.450947	-0.121266
0.445865	-0.103520
0.441590	-0.089676
0.435242	-0.048912
0.429126	0.005380
0.425570	0.041756
0.424476	0.053640
0.424476	0.053640
0.425570	0.041756
0.258020	0.242210
0.258020	0.242210
0.258020	0.242209
0.258020	0.242209
0.245143	0.262600
0.231761	0.323968
0.219288	0.406899
0.219288	0.406899
0.082853	0.669743
0.082853	0.669742
0.082853	0.669743
0.082853	0.669743
0.054935	0.711396
0.030629	0.800509
0.000606	0.975464

# gen = 74
0.646990	-0.445080
0.646990	-0.445080
0.641290	-0.416828
0.641256	-0.398333
0.641307	-0.412049
0.641577	-0.405127
0.641576	-0.419139
0.641576	-0.419139
0.641587	-0.399553
0.641576	-0.418909
0.641576	-0.418909
0.641587	-0.417407
0.641587	-0.417980
0.641587	-0.417980
0.455097	-0.123154
0.455097	-0.123154
0.451059	-0.121715
0.445205	-0.106624
0.441590	-0.074927
0.435242	-0.048912
0.429126	0.005380
0.425570	0.041756
0.424476	0.053640
0.424476	0.053640
0.425570	0.041756
0.258020	0.242210
0.258020	0.242210
0.258020	0.242208
0.258020	0.242208
0.245143	0.262600
0.231761	0.324610
0.219288	0.406899
0.219288	0.406899
0.082853	0.669720
0.082853	0.669720
0.082853	0.669743
0.082853	0.669743
0.054933	0.711363
0.030629	0.800509
0.000606	0.975464

# gen = 75
0.646990	-0.445086
0.646990	-0.445086
0.641290	-0.416828
0.641236	-0.397084
0.641254	-0.417299
0.641254	-0.417299
0.641313	-0.417038
0.641256	-0.398333
0.641256	-0.398333
0.641576	-0.419297
0.641576	-0.419297
0.641587	-0.419781
0.641587	-0.414268
0.641587	-0.414268
0.455097	-0.123154
0.455097	-0.123154
0.451059	-0.121715
0.445205	-0.106624
0.441236	-0.087916
0.435242	-0.047159
0.429126	0.004886
0.425570	0.041756
0.424476	0.053625
0.424476	0.053625
0.425570	0.051025
0.258020	0.242208
0.258020	0.242208
0.258020	0.242208
0.258020	0.242208
0.245143	0.262600
0.231761	0.324610
0.219288	0.406899
0.219288	0.406899
0.082853	0.669720
0.082853	0.669720
0.082853	0.669743
0.082853	0.669743
0.054933	0.711363
0.030629	0.799973
0.000606	0.975464

# gen = 76
0.646990	-0.445086
0.646990	-0.445086
0.641255	-0.416953
0.641235	-0.407852
0.641254	-0.417299
0.641254	-0.417299
0.641255	-0.416953
0.641253	-0.417174
0.641253	-0.417174
0.641256	-0.398333
0.641256	-0.367035
0.641256	-0.367035
0.641587	-0.419730
0.641587	-0.419730
0.455097	-0.123161
0.455097	-0.123336
0.455097	-0.123336
0.445205	-0.106624
0.441236	-0.088594
0.435242	-0.047159
0.429126	0.004886
0.425570	0.041756
0.424475	0.056315
0.424475	0.056315
0.425570	0.051025
0.258020	0.242191
0.258020	0.242191
0.258020	0.242187
0.258020	0.242187
0.245143	0.262599
0.231761	0.323854
0.219288	0.406899
0.219288	0.417233
0.082853	0.669720
0.082853	0.669720
0.082853	0.669743
0.082853	0.669743
0.058998	0.700535
0.030629	0.799973
0.000606	0.975463

# gen = 77
0.646990	-0.447771
0.646990	-0.447771
0.641255	-0.416953
0.641154	-0.394236
0.641254	-0.417299
0.641254	-0.417299
0.641255	-0.414778
0.641253	-0.416158
0.641253	-0.416158
0.641256	-0.367138
0.641256	-0.391626
0.641256	-0.391626
0.641256	-0.417118
0.641256	-0.417118
0.455097	-0.123161
0.455097	-0.123336
0.455097	-0.123336
0.445205	-0.106624
0.441236	-0.088594
0.435242	-0.047159
0.429126	0.004886
0.425570	0.041756
0.424475	0.060521
0.424475	0.060521
0.425570	0.041823
0.258020	0.242191
0.258020	0.242191
0.258020	0.242187
0.258020	0.242187
0.244870	0.263528
0.231761	0.323854
0.219336	0.406648
0.219288	0.417233
0.082853	0.669699
0.082853	0.669699
0.082853	0.669711
0.082853	0.669711
0.058998	0.700496
0.030629	0.799973
0.000606	0.980604

# gen = 78
0.646990	-0.447771
0.646990	-0.447771
0.641254	-0.417303
0.641254	-0.417303
0.641100	-0.416279
0.641253	-0.413879
0.641254	-0.417364
0.641253	-0.416158
0.641253	-0.416158
0.641253	-0.416223
0.641256	-0.396564
0.641256	-0.396564
0.641256	-0.417118
0.641256	-0.417118
0.455097	-0.123237
0.455097	-0.123337
0.455097	-0.123337
0.445205	-0.106624
0.441236	-0.088594
0.435242	-0.047159
0.429126	0.004841
0.425570	0.041907
0.424475	0.060521
0.424475	0.067846
0.424475	0.067846
0.258020	0.242185
0.258020	0.242185
0.258020	0.242187
0.258020	0.242187
0.244870	0.263524
0.231761	0.323854
0.219681	0.403965
0.219288	0.407816
0.082853	0.669673
0.082853	0.669673
0.082853	0.669699
0.082853	0.669699
0.060270	0.697400
0.032163	0.793630
0.000606	0.980604

# gen = 79
0.646990	-0.447771
0.646990	-0.447772
0.641253	-0.417375
0.641254	-0.409221
0.641100	-0.416279
0.641117	-0.416357
0.641253	-0.416088
0.641253	-0.416158
0.641253	-0.416158
0.641253	-0.416223
0.641253	-0.417406
0.641253	-0.417406
0.641256	-0.409010
0.641256	-0.409010
0.455097	-0.123237
0.455097	-0.123337
0.455097	-0.123337
0.445205	-0.106495
0.441236	-0.088594
0.435242	-0.047159
0.429650	-0.000252
0.425570	0.046482
0.424475	0.060521
0.424475	0.053492
0.424475	0.053492
0.258020	0.242183
0.258020	0.242185
0.258020	0.242185
0.258020	0.242185
0.244870	0.263524
0.231761	0.323861
0.219681	0.403965
0.217420	0.424597
0.082853	0.669673
0.082853	0.669673
0.082853	0.669699
0.082853	0.669699
0.060270	0.697400
0.032163	0.793630
0.000606	0.980604

# gen = 80
0.646990	-0.447771
0.646990	-0.447872
0.641210	-0.414289
0.641210	-0.414289
0.641099	-0.393055
0.641099	-0.393055
0.641116	-0.405000
0.641110	-0.392490
0.641110	-0.392490
0.641253	-0.416706
0.641253	-0.416706
0.641253	-0.417406
0.641256	-0.417438
0.641256	-0.417438
0.455097	-0.123237
0.455097	-0.123337
0.455097	-0.123337
0.445175	-0.107193
0.441236	-0.080256
0.435242	-0.048957
0.429650	-0.000252
0.425440	0.043164
0.424475	0.060521
0.424475	0.067512
0.424475	0.067512
0.258020	0.242183
0.258020	0.242185
0.258020	0.242185
0.258020	0.242185
0.244870	0.263524
0.231761	0.323845
0.219681	0.403965
0.217420	0.438984
0.082853	0.669673
0.082853	0.669673
0.082853	0.669699
0.082853	0.669699
0.060270	0.697400
0.032163	0.793630
0.000606	0.975481

# gen = 81
0.646990	-0.447771
0.646990	-0.447872
0.641038	-0.413690
0.641116	-0.405002
0.640855	-0.411722
0.640855	-0.411722
0.641116	-0.405002
0.641100	-0.396105
0.641100	-0.396105
0.641112	-0.405031
0.641112	-0.405031
0.641253	-0.417406
0.641253	-0.417479
0.641253	-0.417479
0.455097	-0.123237
0.455097	-0.123337
0.455097	-0.123337
0.445175	-0.107195
0.441236	-0.080256
0.434926	-0.046499
0.429650	0.001436
0.425440	0.043095
0.424475	0.067389
0.424475	0.085461
0.424475	0.085461
0.258020	0.242183
0.258020	0.242185
0.258020	0.242185
0.258020	0.242185
0.244870	0.263524
0.231761	0.323845
0.219681	0.403965
0.217420	0.444799
0.082853	0.669660
0.082853	0.669660
0.082853	0.669673
0.082853	0.669673
0.060270	0.697400
0.032163	0.793630
0.000606	0.975406

# gen = 82
0.646990	-0.447771
0.646990	-0.437814
0.641038	-0.413690
0.641116	-0.405060
0.640855	-0.407990
0.640855	-0.411722
0.641116	-0.415367
0.640840	-0.402002
0.640840	-0.402002
0.641112	-0.405031
0.641112	-0.415996
0.641112	-0.415996
0.641253	-0.417486
0.641253	-0.417486
0.455097	-0.123237
0.455097	-0.123337
0.455097	-0.123337
0.445175	-0.107195
0.441236	-0.080256
0.434926	-0.040938
0.429650	0.001436
0.425440	0.043095
0.424461	0.053637
0.424461	0.053637
0.424475	0.085461
0.258020	0.242183
0.258020	0.242185
0.258020	0.242185
0.258020	0.242185
0.244870	0.263524
0.231761	0.323845
0.219681	0.403965
0.217420	0.445894
0.082853	0.669660
0.082853	0.669660
0.082853	0.669673
0.082853	0.669673
0.060270	0.697400
0.032163	0.793630
0.000606	0.975406

# gen = 83
0.646990	-0.447771
0.646990	-0.437814
0.640839	-0.414340
0.641116	-0.405060
0.640840	-0.403073
0.640840	-0.403073
0.641112	-0.405062
0.640840	-0.402002
0.640840	-0.402002
0.641112	-0.397142
0.641112	-0.397142
0.641112	-0.415996
0.640840	-0.413230
0.640840	-0.413230
0.454647	-0.123628
0.455097	-0.123341
0.455097	-0.123341
0.445175	-0.107195
0.441236	-0.078008
0.434926	-0.040938
0.429650	0.001436
0.425440	0.043095
0.424335	0.055143
0.424461	0.066133
0.424461	0.066133
0.258020	0.242183
0.258020	0.242185
0.258020	0.242185
0.258020	0.242185
0.244870	0.263524
0.231761	0.323844
0.219681	0.403965
0.217420	0.445894
0.193207	0.601368
0.082853	0.669660
0.082853	0.669661
0.082853	0.669661
0.060508	0.696782
0.032163	0.793630
0.000527	0.977038

# gen = 84
0.646990	-0.447771
0.646990	-0.437814
0.640828	-0.414163
0.641112	-0.397142
0.640840	-0.403073
0.640840	-0.403073
0.641112	-0.415460
0.640838	-0.414529
0.640838	-0.414529
0.640840	-0.405255
0.641112	-0.415798
0.641112	-0.415798
0.640840	-0.413230
0.640840	-0.413230
0.454647	-0.123628
0.455097	-0.123343
0.455097	-0.123343
0.445175	-0.107195
0.441236	-0.078008
0.434926	-0.040938
0.429650	0.001436
0.425256	0.045088
0.423752	0.069817
0.424335	0.055137
0.424335	0.055137
0.257792	0.242182
0.257792	0.242182
0.258020	0.242177
0.258020	0.242177
0.244870	0.263524
0.231761	0.323844
0.219755	0.403434
0.217175	0.447715
0.193207	0.601368
0.082853	0.669660
0.082853	0.669660
0.082853	0.669661
0.060508	0.696782
0.032163	0.793581
0.000527	0.977038

# gen = 85
0.646990	-0.447771
0.646990	-0.437814
0.640828	-0.414163
0.640828	-0.414218
0.640828	-0.414182
0.640828	-0.414182
0.641112	-0.409173
0.640834	-0.409144
0.640838	-0.414529
0.640840	-0.413303
0.640841	-0.405339
0.640841	-0.405339
0.640833	-0.411437
0.640833	-0.411437
0.454647	-0.123628
0.455097	-0.123343
0.455097	-0.123343
0.445175	-0.107195
0.441236	-0.078008
0.434926	-0.040938
0.429650	0.001436
0.425256	0.045088
0.423752	0.069885
0.424335	0.055036
0.424335	0.055036
0.257792	0.242182
0.257792	0.242182
0.258020	0.242173
0.258020	0.242173
0.244870	0.263485
0.231761	0.323842
0.219755	0.403434
0.217157	0.446724
0.193207	0.601368
0.082853	0.669657
0.082853	0.669657
0.082853	0.669661
0.060508	0.696782
0.032163	0.793581
0.000527	0.977038

# gen = 86
0.646990	-0.447771
0.646990	-0.437814
0.640828	-0.414163
0.640828	-0.414218
0.640828	-0.414182
0.640828	-0.414182
0.640844	-0.411459
0.640828	-0.409228
0.640828	-0.409228
0.640834	-0.395034
0.640840	-0.404937
0.640840	-0.404937
0.640833	-0.411437
0.640833	-0.411437
0.454647	-0.123628
0.455097	-0.123343
0.455097	-0.123343
0.445175	-0.107195
0.441236	-0.078008
0.434926	-0.040938
0.429650	-0.000202
0.425256	0.045088
0.423752	0.061689
0.423752	0.061689
0.424335	0.055036
0.257792	0.242182
0.257792	0.242182
0.258020	0.242173
0.258020	0.242173
0.244870	0.263485
0.231761	0.323840
0.219755	0.403425
0.217157	0.446685
0.192653	0.605151
0.082853	0.669657
0.082853	0.669657
0.082853	0.669661
0.060508	0.696782
0.032163	0.793581
0.000527	0.977038

# gen = 87
0.646990	-0.447771
0.646990	-0.437814
0.640828	-0.414163
0.640828	-0.414166
0.640828	-0.414166
0.640828	-0.414182
0.640844	-0.411508
0.640828	-0.414292
0.640828	-0.414292
0.640828	-0.399306
0.640828	-0.400241
0.640828	-0.400241
0.640828	-0.414184
0.640828	-0.414184
0.454647	-0.123628
0.452946	-0.123480
0.452946	-0.123480
0.445105	-0.105368
0.441236	-0.078008
0.434926	-0.040938
0.429650	-0.000202
0.425256	0.045085
0.423752	0.061689
0.423752	0.061689
0.424335	0.055036
0.258020	0.242173
0.258020	0.242173
0.258020	0.242173
0.258020	0.242173
0.244870	0.263485
0.231761	0.323840
0.219755	0.403425
0.217157	0.423499
0.192653	0.605151
0.082892	0.669657
0.082892	0.669657
0.082853	0.669661
0.060508	0.696782
0.032163	0.793581
0.000527	0.995449

# gen = 88
0.646990	-0.447771
0.646990	-0.437814
0.640828	-0.414163
0.640828	-0.399306
0.640828	-0.399306
0.640828	-0.414182
0.640828	-0.394778
0.640828	-0.409380
0.640828	-0.409380
0.640828	-0.402385
0.640828	-0.414507
0.640828	-0.414507
0.640828	-0.414338
0.640828	-0.414338
0.454647	-0.123628
0.452946	-0.123933
0.452946	-0.123933
0.445105	-0.105405
0.441236	-0.078008
0.434926	-0.040938
0.429650	-0.000202
0.425256	0.045085
0.423752	0.061687
0.423752	0.061687
0.424335	0.055036
0.258020	0.242170
0.258020	0.242170
0.258020	0.242173
0.258020	0.242173
0.244870	0.263484
0.231761	0.323840
0.219755	0.403425
0.217157	0.423499
0.192653	0.605151
0.082892	0.669657
0.082892	0.669657
0.082892	0.669657
0.060508	0.696782
0.032163	0.793581
0.000527	1.002982

# gen = 89
0.646990	-0.447851
0.646990	-0.447851
0.640828	-0.414163
0.640828	-0.413206
0.640828	-0.396728
0.640828	-0.414343
0.640828	-0.410912
0.640828	-0.409380
0.640828	-0.409380
0.640828	-0.410912
0.640828	-0.411033
0.640828	-0.411033
0.640828	-0.410846
0.640828	-0.410846
0.452946	-0.123912
0.452946	-0.123947
0.452946	-0.123933
0.445105	-0.105405
0.440723	-0.083968
0.434926	-0.040938
0.429650	-0.000202
0.425256	0.045085
0.423752	0.061379
0.423752	0.083995
0.423752	0.083995
0.258020	0.242170
0.258020	0.242170
0.258020	0.242173
0.258020	0.242173
0.244870	0.263484
0.231761	0.323840
0.219755	0.403425
0.217157	0.423499
0.192653	0.605151
0.082892	0.669657
0.082892	0.669657
0.082892	0.669657
0.060508	0.696782
0.032163	0.793579
0.000527	1.027862

# gen = 90
0.646990	-0.447851
0.646990	-0.447952
0.640828	-0.414422
0.640828	-0.413206
0.640828	-0.375257
0.640828	-0.385531
0.640828	-0.414410
0.640828	-0.414410
0.640828	-0.409380
0.640828	-0.414515
0.640828	-0.414504
0.640828	-0.414504
0.640828	-0.411398
0.640828	-0.411398
0.452946	-0.123933
0.452946	-0.123947
0.452946	-0.123933
0.445105	-0.104204
0.440723	-0.083968
0.434926	-0.040939
0.429650	-0.000202
0.425256	0.045085
0.423752	0.084003
0.423752	0.083995
0.423752	0.083995
0.258020	0.242170
0.258020	0.242170
0.258020	0.242173
0.258020	0.242173
0.244870	0.263484
0.231761	0.323840
0.219755	0.403424
0.217157	0.423499
0.192653	0.605151
0.082892	0.669657
0.082892	0.669657
0.082892	0.669657
0.060508	0.696782
0.032163	0.793424
0.000527	1.027862

# gen = 91
0.646990	-0.447952
0.646990	-0.447952
0.640828	-0.414006
0.640828	-0.404563
0.640828	-0.409440
0.640828	-0.409440
0.640828	-0.414365
0.640828	-0.408008
0.640828	-0.408008
0.640828	-0.398834
0.640828	-0.405898
0.640828	-0.405898
0.640828	-0.414853
0.640828	-0.414853
0.452946	-0.123937
0.452946	-0.123954
0.452946	-0.123937
0.445105	-0.104204
0.440723	-0.079549
0.434926	-0.040939
0.429650	-0.000202
0.425256	0.045085
0.423752	0.067306
0.423750	0.084018
0.423750	0.084018
0.258020	0.242170
0.258020	0.242170
0.258020	0.242171
0.258020	0.242171
0.244870	0.263484
0.231761	0.323840
0.219755	0.403424
0.217157	0.430381
0.192653	0.605151
0.082892	0.669657
0.082892	0.669657
0.082892	0.669657
0.060508	0.696782
0.032163	0.793424
0.000527	1.027862

# gen = 92
0.646990	-0.447952
0.646990	-0.447952
0.640828	-0.414450
0.640809	-0.414363
0.640809	-0.414363
0.640828	-0.409409
0.640828	-0.409409
0.640828	-0.402587
0.640828	-0.402587
0.640828	-0.409099
0.640828	-0.387673
0.640828	-0.387673
0.640828	-0.408534
0.640828	-0.408534
0.452946	-0.123964
0.452946	-0.123964
0.452946	-0.123937
0.445105	-0.104204
0.440723	-0.079549
0.434926	-0.040939
0.429650	0.002295
0.425256	0.044809
0.421491	0.092982
0.421491	0.092982
0.423750	0.084018
0.258020	0.242170
0.258020	0.242170
0.258020	0.242170
0.258020	0.242170
0.245130	0.262649
0.231761	0.323839
0.219755	0.403424
0.217157	0.430381
0.192653	0.605218
0.082892	0.669657
0.082892	0.669657
0.082892	0.669657
0.060508	0.696782
0.032163	0.793424
0.000527	1.027862

# gen = 93
0.646990	-0.447952
0.646990	-0.447983
0.640809	-0.414311
0.640808	-0.414133
0.640809	-0.414363
0.640828	-0.409099
0.640828	-0.409099
0.640828	-0.408525
0.640828	-0.408525
0.640828	-0.407494
0.640828	-0.381864
0.640828	-0.381864
0.640828	-0.408534
0.640828	-0.408534
0.452946	-0.123964
0.452946	-0.123964
0.452946	-0.123938
0.445105	-0.105401
0.439339	-0.074713
0.434926	-0.040939
0.429650	-0.000178
0.425256	0.044809
0.421491	0.092982
0.421491	0.094231
0.421491	0.094231
0.258020	0.242170
0.258020	0.242170
0.258020	0.242170
0.258020	0.242170
0.245130	0.262649
0.231761	0.323839
0.219755	0.403424
0.217089	0.423046
0.192653	0.605218
0.082892	0.669657
0.082892	0.669657
0.082892	0.669657
0.060508	0.696782
0.032163	0.793424
0.000527	1.003228

# gen = 94
0.646990	-0.447984
0.646990	-0.447984
0.640809	-0.414311
0.640808	-0.402627
0.640808	-0.402627
0.640809	-0.414077
0.640828	-0.381381
0.640828	-0.408536
0.640828	-0.408536
0.640828	-0.407494
0.640828	-0.387359
0.640828	-0.387359
0.640828	-0.398152
0.640828	-0.398152
0.452946	-0.123976
0.452946	-0.124006
0.452946	-0.124006
0.445105	-0.105401
0.439339	-0.074175
0.434926	-0.040947
0.429650	-0.000178
0.425256	0.044809
0.421491	0.087544
0.421456	0.095510
0.421456	0.095510
0.258020	0.242170
0.258020	0.242170
0.258020	0.242170
0.258020	0.242170
0.245130	0.262628
0.231761	0.323839
0.219755	0.403424
0.217089	0.423046
0.192653	0.605421
0.082892	0.669657
0.082892	0.669657
0.082892	0.669657
0.060508	0.696779
0.032163	0.793424
0.000527	1.003228

# gen = 95
0.646990	-0.447984
0.646990	-0.447985
0.640809	-0.414311
0.640808	-0.402627
0.640808	-0.402627
0.640809	-0.414077
0.640828	-0.391361
0.640828	-0.410679
0.640828	-0.410679
0.640828	-0.397687
0.640828	-0.401877
0.640828	-0.401877
0.640828	-0.396070
0.640828	-0.396070
0.452946	-0.124014
0.452946	-0.124014
0.452946	-0.124006
0.445105	-0.105401
0.439339	-0.074175
0.434926	-0.040947
0.429650	-0.000178
0.425256	0.044786
0.421491	0.087544
0.421456	0.095507
0.413005	0.201070
0.258020	0.242170
0.258020	0.242170
0.258020	0.242170
0.258020	0.242170
0.245130	0.262628
0.231761	0.323839
0.219755	0.403422
0.216545	0.427099
0.192653	0.605421
0.082892	0.669657
0.082892	0.669657
0.082892	0.669657
0.060508	0.696779
0.032163	0.793424
0.000117	1.015416

# gen = 96
0.646990	-0.447984
0.646990	-0.447985
0.640809	-0.414084
0.640808	-0.402627
0.640808	-0.402627
0.640809	-0.383458
0.640808	-0.408135
0.640828	-0.399905
0.640828	-0.399905
0.640828	-0.405604
0.640828	-0.399892
0.640828	-0.399892
0.640828	-0.400103
0.640828	-0.400103
0.452946	-0.124014
0.452946	-0.124014
0.452946	-0.124011
0.445105	-0.106718
0.439339	-0.074175
0.434926	-0.040947
0.429650	-0.000178
0.425256	0.044786
0.421456	0.088324
0.421456	0.088324
0.413005	0.201068
0.258020	0.242170
0.258020	0.242170
0.258020	0.242170
0.258020	0.242170
0.245130	0.262628
0.231761	0.323839
0.219755	0.403422
0.216545	0.427099
0.192653	0.605421
0.082892	0.669657
0.082892	0.669657
0.082892	0.669657
0.060508	0.696779
0.032163	0.793424
0.000117	1.015416

# gen = 97
0.646990	-0.447984
0.646990	-0.447985
0.640809	-0.414084
0.640808	-0.405010
0.640715	-0.376572
0.640715	-0.376572
0.640808	-0.408135
0.640828	-0.399999
0.640828	-0.399999
0.640828	-0.396477
0.640828	-0.403603
0.640828	-0.382909
0.640828	-0.409156
0.640828	-0.409156
0.452946	-0.124014
0.452946	-0.124014
0.452946	-0.124011
0.445105	-0.106718
0.439339	-0.074369
0.434926	-0.040980
0.429650	-0.000178
0.425256	0.044786
0.421456	0.088195
0.421456	0.088333
0.412779	0.197044
0.258020	0.242170
0.258020	0.242170
0.258020	0.242170
0.258020	0.242170
0.245130	0.262628
0.231761	0.323839
0.219755	0.403422
0.216545	0.427099
0.192653	0.605421
0.082892	0.669657
0.082892	0.669655
0.082892	0.669655
0.060508	0.696779
0.032163	0.793423
0.000117	1.015416

# gen = 98
0.646990	-0.447984
0.646990	-0.441414
0.640809	-0.414084
0.640713	-0.396668
0.640713	-0.396668
0.640584	-0.386474
0.640744	-0.383388
0.640808	-0.412530
0.640808	-0.412530
0.640807	-0.406427
0.640807	-0.406427
0.640828	-0.393692
0.640828	-0.399000
0.640828	-0.399000
0.452946	-0.124014
0.452946	-0.124014
0.452946	-0.124011
0.445105	-0.106718
0.439339	-0.074369
0.434926	-0.040980
0.429650	-0.000178
0.425256	0.044786
0.421218	0.090555
0.421218	0.090555
0.412176	0.205829
0.258020	0.242170
0.258020	0.242170
0.258020	0.242170
0.258020	0.242170
0.245130	0.262628
0.231761	0.323839
0.219755	0.403422
0.216339	0.433490
0.192653	0.605421
0.082892	0.669657
0.082892	0.669655
0.082892	0.669655
0.060832	0.696017
0.032163	0.793423
0.000117	1.015416

# gen = 99
0.646990	-0.447984
0.646990	-0.445541
0.640809	-0.414084
0.640713	-0.401191
0.640713	-0.401191
0.640584	-0.386474
0.640742	-0.413618
0.640578	-0.394293
0.640578	-0.394293
0.640807	-0.407977
0.640807	-0.407977
0.640828	-0.414871
0.640808	-0.400881
0.640808	-0.400881
0.452946	-0.124014
0.452946	-0.124015
0.452946	-0.124012
0.445105	-0.106718
0.439339	-0.074369
0.434926	-0.040980
0.429650	-0.000178
0.425256	0.044786
0.421218	0.090555
0.421218	0.090555
0.412176	0.205829
0.258020	0.242170
0.258020	0.242170
0.258020	0.242170
0.258020	0.242170
0.245130	0.262628
0.231761	0.324183
0.219755	0.403422
0.216339	0.430261
0.192653	0.605421
0.082892	0.669657
0.082892	0.669654
0.082892	0.669654
0.061166	0.695246
0.032163	0.793423
0.000117	1.015416

