# gen	hv_mean	hv_std	hv_min	hv_max
1	1.8040013355e+00	3.3465792818e-01	1.1159033236e+00	2.1900617014e+00
2	2.2109972111e+00	3.9846626265e-01	1.3120103664e+00	2.6173319902e+00
3	2.4889795132e+00	4.2556246398e-01	1.6142151361e+00	2.9962554431e+00
4	2.7290792331e+00	3.6623579142e-01	1.9178089037e+00	3.2665363748e+00
5	2.9563756002e+00	3.9836452072e-01	2.1525675440e+00	3.5015039302e+00
6	3.0573963726e+00	3.8927964674e-01	2.2657441126e+00	3.5927019973e+00
7	3.2009620466e+00	4.0378084779e-01	2.4189915582e+00	3.7302674745e+00
8	3.2893022952e+00	4.0486873612e-01	2.4576213071e+00	3.7929346602e+00
9	3.3598068063e+00	4.1046324964e-01	2.5691389060e+00	4.0015939160e+00
10	3.4382221946e+00	4.2630890673e-01	2.5891127367e+00	4.0656531991e+00
11	3.4628416353e+00	5.1649773446e-01	2.2832409304e+00	4.1502320351e+00
12	3.5300440320e+00	5.2185744373e-01	2.3528727634e+00	4.2181429480e+00
13	3.5862059907e+00	5.2210468149e-01	2.3805520057e+00	4.2635108009e+00
14	3.6245859099e+00	5.2852986393e-01	2.4185552810e+00	4.2948094307e+00
15	3.6560368009e+00	5.3174215618e-01	2.4378506353e+00	4.3364212584e+00
16	3.7016753888e+00	5.4445013550e-01	2.4773086028e+00	4.4120868667e+00
17	3.7257935454e+00	5.4836957079e-01	2.4768500729e+00	4.4431918318e+00
18	3.7510578120e+00	5.5007610586e-01	2.4918095217e+00	4.4659893239e+00
19	3.8181007513e+00	5.7349726643e-01	2.5183999899e+00	4.5476048296e+00
20	3.8382172018e+00	5.7510369570e-01	2.5368139596e+00	4.5413666965e+00
21	3.8642919949e+00	5.7056679122e-01	2.5436123909e+00	4.5234836832e+00
22	3.9161282660e+00	5.9197741114e-01	2.5497617841e+00	4.5356868004e+00
23	3.9405354163e+00	5.8919977590e-01	2.5734858153e+00	4.5509542341e+00
24	3.9578163939e+00	5.9400605744e-01	2.5809594871e+00	4.5802157454e+00
25	3.9688396930e+00	5.9084593668e-01	2.5897757179e+00	4.5845642883e+00
26	3.9855996712e+00	5.9170911365e-01	2.6143288612e+00	4.6070558624e+00
27	3.9981346394e+00	5.9288318199e-01	2.6205083834e+00	4.6191211980e+00
28	4.0144131942e+00	5.8544998163e-01	2.6606181480e+00	4.6428226495e+00
29	4.0243847794e+00	5.8916412064e-01	2.6609685761e+00	4.6651214390e+00
30	4.0334750974e+00	5.8890456498e-01	2.6702502482e+00	4.6805544986e+00
31	4.0409817572e+00	5.9065969184e-01	2.6739597309e+00	4.6965093191e+00
32	4.0577130665e+00	5.9257666054e-01	2.6836989443e+00	4.7029395595e+00
33	4.0635861495e+00	5.9340973295e-01	2.6853426402e+00	4.7142078013e+00
34	4.0735527197e+00	5.9414868851e-01	2.6873983741e+00	4.7163057790e+00
35	4.0857175871e+00	5.8191842900e-01	2.7493791050e+00	4.7352283669e+00
36	4.0988749875e+00	5.8451141861e-01	2.7495478364e+00	4.7370189910e+00
37	4.1091220389e+00	5.8519689075e-01	2.7554799296e+00	4.7395163774e+00
38	4.1222112655e+00	5.8273506130e-01	2.7636020201e+00	4.7478533852e+00
39	4.1275191603e+00	5.8388694632e-01	2.7673824667e+00	4.7591964247e+00
40	4.1329202431e+00	5.8498566882e-01	2.7718427535e+00	4.7647874572e+00
41	4.1410160895e+00	5.8582881091e-01	2.7775784650e+00	4.7717351349e+00
42	4.1459228569e+00	5.8456238020e-01	2.7844415022e+00	4.7742509008e+00
43	4.1525235420e+00	5.8316053154e-01	2.7996944192e+00	4.7786165119e+00
44	4.1596606899e+00	5.8296348586e-01	2.8147424742e+00	4.7909689008e+00
45	4.1873280114e+00	5.9548603784e-01	2.8157288834e+00	4.8105565954e+00
46	4.1905313745e+00	5.9552253624e-01	2.8212749876e+00	4.8172269434e+00
47	4.1936679161e+00	5.9682530916e-01	2.8220980506e+00	4.8236199183e+00
48	4.2002955095e+00	5.9173191020e-01	2.8439053704e+00	4.8273899232e+00
49	4.2232964305e+00	6.0902471908e-01	2.8469224169e+00	4.8416925554e+00
50	4.2268097905e+00	6.0856918126e-01	2.8490377058e+00	4.8416543826e+00
51	4.2293552868e+00	6.0949499575e-01	2.8513423976e+00	4.8526219101e+00
52	4.2329414600e+00	6.1010335213e-01	2.8548341783e+00	4.8632941767e+00
53	4.2373610378e+00	6.1290428202e-01	2.8551018569e+00	4.8645503027e+00
54	4.2396749744e+00	6.1423643863e-01	2.8551698512e+00	4.8655426705e+00
55	4.2422816643e+00	6.0982578400e-01	2.8744193515e+00	4.8666392760e+00
56	4.2454984171e+00	6.1253055223e-01	2.8749225494e+00	4.8739129081e+00
57	4.2478895718e+00	6.1357069828e-01	2.8751065338e+00	4.8741419330e+00
58	4.2540874181e+00	6.0716509156e-01	2.9061862386e+00	4.8795472180e+00
59	4.2565358126e+00	6.0660906504e-01	2.9115535037e+00	4.8806160267e+00
60	4.2573677092e+00	6.0817065520e-01	2.9079727568e+00	4.8833839818e+00
61	4.2582071774e+00	6.0856673584e-01	2.9080625218e+00	4.8830168496e+00
62	4.2591002657e+00	6.0921447518e-01	2.9088655693e+00	4.8856063578e+00
63	4.2627134982e+00	6.0339845358e-01	2.9346790381e+00	4.8861159081e+00
64	4.2648102739e+00	6.0448579055e-01	2.9352603093e+00	4.8877683383e+00
65	4.2668984247e+00	6.0505824793e-01	2.9352974393e+00	4.8887796488e+00
66	4.2676133455e+00	6.0521379649e-01	2.9354039423e+00	4.8899945454e+00
67	4.2717444946e+00	6.0272788394e-01	2.9355048348e+00	4.8899464708e+00
68	4.2724336436e+00	6.0284889063e-01	2.9359653413e+00	4.8900076462e+00
69	4.2735008469e+00	6.0255199330e-01	2.9359982859e+00	4.8897927225e+00
70	4.2747820609e+00	6.0379912265e-01	2.9361030427e+00	4.8904297924e+00
71	4.2751932576e+00	6.0382212388e-01	2.9361333060e+00	4.8908231798e+00
72	4.2757250503e+00	6.0399165966e-01	2.9362730773e+00	4.8910240725e+00
73	4.2830658137e+00	5.8687409820e-01	3.0060818061e+00	4.8911577033e+00
74	4.2836379104e+00	5.8692726165e-01	3.0059626060e+00	4.8911811733e+00
75	4.2844745149e+00	5.8743777599e-01	3.0065635875e+00	4.8947265506e+00
76	4.2845412908e+00	5.8754832742e-01	3.0065738954e+00	4.8947009060e+00
77	4.2852457506e+00	5.8750097554e-01	3.0064006391e+00	4.8946993508e+00
78	4.2865935672e+00	5.8745624506e-01	3.0067739422e+00	4.8946822460e+00
79	4.2878586688e+00	5.8811396386e-01	3.0068101478e+00	4.8948057390e+00
80	4.2889844751e+00	5.8841866485e-01	3.0084889375e+00	4.8950325205e+00
81	4.2894350698e+00	5.8835663228e-01	3.0084953876e+00	4.8963167119e+00
82	4.2901722304e+00	5.8883704416e-01	3.0084683474e+00	4.8974271788e+00
83	4.2905572523e+00	5.8862211917e-01	3.0092055837e+00	4.8974772647e+00
84	4.2905700604e+00	5.8856259205e-01	3.0093176891e+00	4.8974639097e+00
85	4.2927591437e+00	5.8575183865e-01	3.0235771107e+00	4.8998663849e+00
86	4.2931968118e+00	5.8590944638e-01	3.0237014640e+00	4.8998480296e+00
87	4.2947748893e+00	5.8518529571e-01	3.0279208428e+00	4.8998674196e+00
88	4.2948628838e+00	5.8535671096e-01	3.0279202275e+00	4.9001312447e+00
89	4.2947858769e+00	5.8532812022e-01	3.0275940775e+00	4.9005971584e+00
90	4.2951882637e+00	5.8514937933e-01	3.0289079770e+00	4.9006009853e+00
91	4.2948638153e+00	5.8490421829e-01	3.0289320186e+00	4.9007198941e+00
92	4.2949868251e+00	5.8517196634e-01	3.0287019644e+00	4.9008817267e+00
93	4.2951372645e+00	5.8524975350e-01	3.0287861243e+00	4.9008110739e+00
94	4.2954878321e+00	5.8550183771e-01	3.0287699886e+00	4.9017981125e+00
95	4.2957768876e+00	5.8543383161e-01	3.0295304927e+00	4.9019838922e+00
96	4.2959337349e+00	5.8507112823e-01	3.0311922340e+00	4.9022766951e+00
97	4.3123721244e+00	5.4792582863e-01	3.1909611968e+00	4.9023782829e+00
98	4.3125362521e+00	5.4801108171e-01	3.1909546635e+00	4.9024105864e+00
99	4.3125156029e+00	5.4798143936e-01	3.1909403698e+00	4.9023426645e+00
100	4.3127835961e+00	5.4769787868e-01	3.1929700112e+00	4.9031703815e+00
