# gen	zdt3_all_popmp40g100_seed01.out	zdt3_all_popmp40g100_seed02.out	zdt3_all_popmp40g100_seed03.out	zdt3_all_popmp40g100_seed04.out	zdt3_all_popmp40g100_seed05.out	zdt3_all_popmp40g100_seed06.out	zdt3_all_popmp40g100_seed07.out	zdt3_all_popmp40g100_seed08.out	zdt3_all_popmp40g100_seed09.out	zdt3_all_popmp40g100_seed099.out
1	1.9131044856e+00	1.6447436012e+00	1.4690281877e+00	2.0764389000e+00	1.1159033236e+00	2.1900617014e+00	1.7444411012e+00	2.1699967483e+00	1.9540184233e+00	1.7622768823e+00
2	2.1601784562e+00	2.5286657758e+00	1.8438656614e+00	2.5342735403e+00	1.3120103664e+00	2.5429566467e+00	2.2105361915e+00	2.6173319902e+00	2.1601454897e+00	2.2000079927e+00
3	2.7224357150e+00	2.6552693511e+00	2.0206067808e+00	2.8005267780e+00	1.6142151361e+00	2.8932484781e+00	2.4090087907e+00	2.9962554431e+00	2.2915810865e+00	2.4866475723e+00
4	2.9244729627e+00	2.7908220355e+00	2.3602933650e+00	2.8275064135e+00	1.9178089037e+00	2.9196515292e+00	2.6608771971e+00	3.2665363748e+00	2.9060947869e+00	2.7167287629e+00
5	3.1419751764e+00	3.2211581579e+00	2.5178063251e+00	3.1938787069e+00	2.1525675440e+00	3.1846403410e+00	2.7310503725e+00	3.5015039302e+00	3.0795287700e+00	2.8396466779e+00
6	3.1574700212e+00	3.2589907908e+00	2.5965640917e+00	3.2955114757e+00	2.2657441126e+00	3.3269525020e+00	2.9113581951e+00	3.5927019973e+00	3.2174199704e+00	2.9512505689e+00
7	3.2979019992e+00	3.4693198479e+00	2.7089455432e+00	3.3443593831e+00	2.4189915582e+00	3.5810128336e+00	3.1171593005e+00	3.7302674745e+00	3.3687897786e+00	2.9728727474e+00
8	3.5478100289e+00	3.5978864216e+00	2.8106358529e+00	3.4428256450e+00	2.4576213071e+00	3.4966836242e+00	3.2765395251e+00	3.7929346602e+00	3.4168807348e+00	3.0532051525e+00
9	3.5011044984e+00	3.6668635094e+00	2.8984472406e+00	3.4850420134e+00	2.5691389060e+00	3.6048103353e+00	3.3212085411e+00	4.0015939160e+00	3.4489469011e+00	3.1009122013e+00
10	3.5257125528e+00	3.8110553568e+00	2.9756978330e+00	3.5265169020e+00	2.5891127367e+00	3.7046825063e+00	3.3924363103e+00	4.0656531991e+00	3.5904791782e+00	3.2008753710e+00
11	3.6232509450e+00	3.8000422617e+00	3.0063369747e+00	3.5976418603e+00	2.2832409304e+00	3.7902998685e+00	3.4804549791e+00	4.1502320351e+00	3.6259545868e+00	3.2709619115e+00
12	3.7245287442e+00	3.8983964825e+00	3.0470776572e+00	3.6693036453e+00	2.3528727634e+00	3.8295650972e+00	3.6037586479e+00	4.2181429480e+00	3.6589038288e+00	3.2978905055e+00
13	3.7779527278e+00	3.9444510439e+00	3.0955142212e+00	3.7466443652e+00	2.3805520057e+00	3.8420520333e+00	3.6280193709e+00	4.2635108009e+00	3.7367775203e+00	3.4465858179e+00
14	3.7752115447e+00	4.0604390535e+00	3.1291745872e+00	3.8442173287e+00	2.4185552810e+00	3.8695009831e+00	3.6546522644e+00	4.2948094307e+00	3.7444379140e+00	3.4548607118e+00
15	3.8216739461e+00	4.0906839104e+00	3.1716986922e+00	3.8258185572e+00	2.4378506353e+00	3.9278896862e+00	3.6669493747e+00	4.3364212584e+00	3.7883220270e+00	3.4930599213e+00
16	3.9207264923e+00	4.1193662718e+00	3.1970435812e+00	3.8727871521e+00	2.4773086028e+00	3.9741823701e+00	3.7104589909e+00	4.4120868667e+00	3.8674777740e+00	3.4653157859e+00
17	3.9449285027e+00	4.1093436678e+00	3.2701040066e+00	3.9112980263e+00	2.4768500729e+00	4.0387961291e+00	3.7368600469e+00	4.4431918318e+00	3.8739451879e+00	3.4526179819e+00
18	3.9853128477e+00	4.1608359515e+00	3.2888421285e+00	3.9165040719e+00	2.4918095217e+00	4.0541774858e+00	3.7373198351e+00	4.4659893239e+00	3.8869350493e+00	3.5228519046e+00
19	3.9963765347e+00	4.1912804402e+00	3.3692712406e+00	3.9494628347e+00	2.5183999899e+00	4.2994141144e+00	3.7857343278e+00	4.5476048296e+00	3.9961237925e+00	3.5273394091e+00
20	4.0270262922e+00	4.2458306425e+00	3.3731193680e+00	3.9563097695e+00	2.5368139596e+00	4.3279023395e+00	3.8087474689e+00	4.5413666965e+00	4.0167356248e+00	3.5483198566e+00
21	4.1070979208e+00	4.2658508821e+00	3.4572783944e+00	3.9855971484e+00	2.5436123909e+00	4.3438002276e+00	3.8268281716e+00	4.5234836832e+00	4.0287676110e+00	3.5606035188e+00
22	4.1984893740e+00	4.2848151250e+00	3.4649599929e+00	4.3144530612e+00	2.5497617841e+00	4.3567742223e+00	3.8439092356e+00	4.5356868004e+00	4.0317229436e+00	3.5807101207e+00
23	4.2486842282e+00	4.2951796079e+00	3.4729634703e+00	4.3449928561e+00	2.5734858153e+00	4.3696593019e+00	3.8558207894e+00	4.5509542341e+00	4.0354072543e+00	3.6582066054e+00
24	4.2541052304e+00	4.3138981288e+00	3.4863240742e+00	4.3682287887e+00	2.5809594871e+00	4.3851395399e+00	3.8762076923e+00	4.5802157454e+00	4.0680635947e+00	3.6650216578e+00
25	4.2518552795e+00	4.3302002540e+00	3.5136577129e+00	4.3712991254e+00	2.5897757179e+00	4.3963817587e+00	3.8887558553e+00	4.5845642883e+00	4.0764770492e+00	3.6854298891e+00
26	4.2823950863e+00	4.3506452622e+00	3.5151938564e+00	4.3942322417e+00	2.6143288612e+00	4.4046042016e+00	3.9043330872e+00	4.6070558624e+00	4.0853026748e+00	3.6979055778e+00
27	4.2828473580e+00	4.3560459507e+00	3.5291777982e+00	4.4193679160e+00	2.6205083834e+00	4.4115070536e+00	3.9162684008e+00	4.6191211980e+00	4.1152495931e+00	3.7112527423e+00
28	4.3017744156e+00	4.3675009756e+00	3.5591731952e+00	4.4212790272e+00	2.6606181480e+00	4.4202190727e+00	3.9163938031e+00	4.6428226495e+00	4.1364214026e+00	3.7179292526e+00
29	4.3155602774e+00	4.3820532816e+00	3.5708484550e+00	4.4335981330e+00	2.6609685761e+00	4.4247394760e+00	3.9205133141e+00	4.6651214390e+00	4.1373960198e+00	3.7330488224e+00
30	4.3261300399e+00	4.3852332956e+00	3.5747650706e+00	4.4294982742e+00	2.6702502482e+00	4.4396727486e+00	3.9382887337e+00	4.6805544986e+00	4.1425418738e+00	3.7478161907e+00
31	4.3413270759e+00	4.3968376466e+00	3.5765238596e+00	4.4254897685e+00	2.6739597309e+00	4.4430959402e+00	3.9517754893e+00	4.6965093191e+00	4.1465715987e+00	3.7577271431e+00
32	4.4235635566e+00	4.4093538281e+00	3.6115405013e+00	4.4306960303e+00	2.6836989443e+00	4.4506845206e+00	3.9558847891e+00	4.7029395595e+00	4.1470741616e+00	3.7616947738e+00
33	4.4286808993e+00	4.4133745662e+00	3.6219337737e+00	4.4355710384e+00	2.6853426402e+00	4.4527793678e+00	3.9660109175e+00	4.7142078013e+00	4.1518526472e+00	3.7661078433e+00
34	4.4369811293e+00	4.4358469083e+00	3.6306105143e+00	4.4385017926e+00	2.6873983741e+00	4.4571321315e+00	3.9822321877e+00	4.7163057790e+00	4.1689598094e+00	3.7815585710e+00
35	4.4460075590e+00	4.4494556797e+00	3.6391717021e+00	4.4406325134e+00	2.7493791050e+00	4.4619055061e+00	3.9861045948e+00	4.7352283669e+00	4.1700942434e+00	3.7791966004e+00
36	4.4560715950e+00	4.4569910620e+00	3.6494137984e+00	4.4448383710e+00	2.7495478364e+00	4.4647715452e+00	3.9875782076e+00	4.7370189910e+00	4.2569630942e+00	3.7855553737e+00
37	4.4599151318e+00	4.4926344382e+00	3.6653268998e+00	4.4478224977e+00	2.7554799296e+00	4.4764590509e+00	3.9939491850e+00	4.7395163774e+00	4.2644102831e+00	3.7957065954e+00
38	4.4646925225e+00	4.5015768352e+00	3.6798173462e+00	4.4622463697e+00	2.7636020201e+00	4.4864590538e+00	4.0097558132e+00	4.7478533852e+00	4.2669919923e+00	3.8391173170e+00
39	4.4708016403e+00	4.5129355942e+00	3.6864497468e+00	4.4628939126e+00	2.7673824667e+00	4.4916034876e+00	4.0124737750e+00	4.7591964247e+00	4.2676465729e+00	3.8438079821e+00
40	4.4836367157e+00	4.5129773462e+00	3.6906401661e+00	4.4718419880e+00	2.7718427535e+00	4.4994594388e+00	4.0165427532e+00	4.7647874572e+00	4.2723485713e+00	3.8451252410e+00
41	4.5037026644e+00	4.5208139158e+00	3.6990030948e+00	4.4798674804e+00	2.7775784650e+00	4.5047046500e+00	4.0271107462e+00	4.7717351349e+00	4.2732194807e+00	3.8524252631e+00
42	4.5141341628e+00	4.5247967638e+00	3.7121312920e+00	4.4870748014e+00	2.7844415022e+00	4.5050869621e+00	4.0265674479e+00	4.7742509008e+00	4.2740406124e+00	3.8567041238e+00
43	4.5301940880e+00	4.5301633406e+00	3.7140645489e+00	4.4979592754e+00	2.7996944192e+00	4.5071576626e+00	4.0314911338e+00	4.7786165119e+00	4.2765225089e+00	3.8593719311e+00
44	4.5384634651e+00	4.5557313364e+00	3.7203056890e+00	4.4987738629e+00	2.8147424742e+00	4.5079653719e+00	4.0326901179e+00	4.7909689008e+00	4.2792009344e+00	3.8577647469e+00
45	4.5681315203e+00	4.5579726853e+00	3.7674251512e+00	4.6521303299e+00	2.8157288834e+00	4.5126522778e+00	4.0360242788e+00	4.8105565954e+00	4.2926807501e+00	3.8599776422e+00
46	4.5799115782e+00	4.5493326486e+00	3.7700414131e+00	4.6602327280e+00	2.8212749876e+00	4.5145957971e+00	4.0368287971e+00	4.8172269434e+00	4.2929095259e+00	3.8629593263e+00
47	4.5875333979e+00	4.5560032259e+00	3.7726975037e+00	4.6591828613e+00	2.8220980506e+00	4.5175775217e+00	4.0397840110e+00	4.8236199183e+00	4.2942310629e+00	3.8639516081e+00
48	4.5954511224e+00	4.5647246963e+00	3.7878807845e+00	4.6591024148e+00	2.8439053704e+00	4.5184272042e+00	4.0420642230e+00	4.8273899232e+00	4.2993772148e+00	3.8646321411e+00
49	4.7834541352e+00	4.5671085558e+00	3.7921532967e+00	4.6593130089e+00	2.8469224169e+00	4.5246518877e+00	4.0504875380e+00	4.8416925554e+00	4.3000262992e+00	3.8671546109e+00
50	4.7833046222e+00	4.5769782228e+00	3.8029691215e+00	4.6614516226e+00	2.8490377058e+00	4.5292808731e+00	4.0539559651e+00	4.8416543826e+00	4.3018966639e+00	3.8675687256e+00
51	4.7848996714e+00	4.5782884831e+00	3.8039778322e+00	4.6634914527e+00	2.8513423976e+00	4.5310145139e+00	4.0577836577e+00	4.8526219101e+00	4.3019751861e+00	3.8681577633e+00
52	4.7916072416e+00	4.5810474026e+00	3.8078767261e+00	4.6639701842e+00	2.8548341783e+00	4.5312973557e+00	4.0619571592e+00	4.8632941767e+00	4.3021400496e+00	3.8713901263e+00
53	4.8058940940e+00	4.6009689306e+00	3.8095154337e+00	4.6662930867e+00	2.8551018569e+00	4.5330731193e+00	4.0646785954e+00	4.8645503027e+00	4.3009651834e+00	3.8725697750e+00
54	4.8142523469e+00	4.6018634258e+00	3.8113683976e+00	4.6679595561e+00	2.8551698512e+00	4.5399238080e+00	4.0655932972e+00	4.8655426705e+00	4.3021005226e+00	3.8729758685e+00
55	4.8170399575e+00	4.6019921377e+00	3.8122258560e+00	4.6685116827e+00	2.8744193515e+00	4.5405623956e+00	4.0662348872e+00	4.8666392760e+00	4.3020010644e+00	3.8731900346e+00
56	4.8346360320e+00	4.6027437578e+00	3.8140448877e+00	4.6703924873e+00	2.8749225494e+00	4.5426675154e+00	4.0662335738e+00	4.8739129081e+00	4.3018754596e+00	3.8735550001e+00
57	4.8448720554e+00	4.6030057546e+00	3.8162991819e+00	4.6726659720e+00	2.8751065338e+00	4.5460492260e+00	4.0676189720e+00	4.8741419330e+00	4.3026018480e+00	3.8765342416e+00
58	4.8477850297e+00	4.6038014301e+00	3.8233288226e+00	4.6817049869e+00	2.9061862386e+00	4.5499476879e+00	4.0690435234e+00	4.8795472180e+00	4.3028872191e+00	3.8766420247e+00
59	4.8550213885e+00	4.6037793464e+00	3.8268424435e+00	4.6817955293e+00	2.9115535037e+00	4.5544398108e+00	4.0704616824e+00	4.8806160267e+00	4.3031631324e+00	3.8776852619e+00
60	4.8591517652e+00	4.6045040491e+00	3.8293683438e+00	4.6818936643e+00	2.9079727568e+00	4.5557083417e+00	4.0705538514e+00	4.8833839818e+00	4.3032647630e+00	3.8778755754e+00
61	4.8616254751e+00	4.6045293770e+00	3.8303875130e+00	4.6824456105e+00	2.9080625218e+00	4.5600889056e+00	4.0705434753e+00	4.8830168496e+00	4.3032489452e+00	3.8781231010e+00
62	4.8649232910e+00	4.6045685684e+00	3.8308459537e+00	4.6837542684e+00	2.9088655693e+00	4.5614993049e+00	4.0710733403e+00	4.8856063578e+00	4.3026532143e+00	3.8772127885e+00
63	4.8700223014e+00	4.6050855921e+00	3.8308010378e+00	4.6840821745e+00	2.9346790381e+00	4.5623354497e+00	4.0709236278e+00	4.8861159081e+00	4.3027374407e+00	3.8803524122e+00
64	4.8702471232e+00	4.6050512579e+00	3.8322854593e+00	4.6993390845e+00	2.9352603093e+00	4.5625660203e+00	4.0714148039e+00	4.8877683383e+00	4.3029273608e+00	3.8812429817e+00
65	4.8722288232e+00	4.6050569308e+00	3.8329402352e+00	4.7088878590e+00	2.9352974393e+00	4.5630727623e+00	4.0713002191e+00	4.8887796488e+00	4.3029814067e+00	3.8884389229e+00
66	4.8731635324e+00	4.6048825467e+00	3.8329422233e+00	4.7112300204e+00	2.9354039423e+00	4.5625486168e+00	4.0713272462e+00	4.8899945454e+00	4.3031391136e+00	3.8915016676e+00
67	4.8734079635e+00	4.6051868338e+00	3.8355614899e+00	4.7113747395e+00	2.9355048348e+00	4.5639576469e+00	4.0712609717e+00	4.8899464708e+00	4.3037366970e+00	3.9275072983e+00
68	4.8738413199e+00	4.6055179577e+00	3.8363434161e+00	4.7140584532e+00	2.9359653413e+00	4.5645680277e+00	4.0708246482e+00	4.8900076462e+00	4.3048844528e+00	3.9283251725e+00
69	4.8741823504e+00	4.6071630012e+00	3.8367339754e+00	4.7139956810e+00	2.9359982859e+00	4.5658774848e+00	4.0712159964e+00	4.8897927225e+00	4.3049953186e+00	3.9350536525e+00
70	4.8815423649e+00	4.6074268913e+00	3.8363665765e+00	4.7154743518e+00	2.9361030427e+00	4.5694784698e+00	4.0712700158e+00	4.8904297924e+00	4.3050486559e+00	3.9346804482e+00
71	4.8827928485e+00	4.6071438524e+00	3.8356375010e+00	4.7152132709e+00	2.9361333060e+00	4.5700134785e+00	4.0712416169e+00	4.8908231798e+00	4.3049802745e+00	3.9379532478e+00
72	4.8847934700e+00	4.6074189495e+00	3.8368295241e+00	4.7156729408e+00	2.9362730773e+00	4.5703026137e+00	4.0721230482e+00	4.8910240725e+00	4.3051208995e+00	3.9376919073e+00
73	4.8849683175e+00	4.6072761403e+00	3.8378964976e+00	4.7159694339e+00	3.0060818061e+00	4.5708567652e+00	4.0727655726e+00	4.8911577033e+00	4.3052977010e+00	3.9383881990e+00
74	4.8850995371e+00	4.6075107277e+00	3.8379907235e+00	4.7167873232e+00	3.0059626060e+00	4.5720811965e+00	4.0757482856e+00	4.8911811733e+00	4.3053859573e+00	3.9386315737e+00
75	4.8872772263e+00	4.6073855334e+00	3.8388559495e+00	4.7169568779e+00	3.0065635875e+00	4.5732721985e+00	4.0756034684e+00	4.8947265506e+00	4.3053977320e+00	3.9387060251e+00
76	4.8882037378e+00	4.6072423016e+00	3.8388786724e+00	4.7170259258e+00	3.0065738954e+00	4.5734976459e+00	4.0745524280e+00	4.8947009060e+00	4.3054376661e+00	3.9392997285e+00
77	4.8898910175e+00	4.6074096698e+00	3.8406034919e+00	4.7170152835e+00	3.0064006391e+00	4.5735752133e+00	4.0777002540e+00	4.8946993508e+00	4.3054643639e+00	3.9396982221e+00
78	4.8920090112e+00	4.6073172312e+00	3.8409778329e+00	4.7161630094e+00	3.0067739422e+00	4.5737562026e+00	4.0800503925e+00	4.8946822460e+00	4.3138401796e+00	3.9403656249e+00
79	4.8920200502e+00	4.6184975542e+00	3.8412316112e+00	4.7161822631e+00	3.0068101478e+00	4.5739601224e+00	4.0805288753e+00	4.8948057390e+00	4.3140217335e+00	3.9405285910e+00
80	4.8937058031e+00	4.6245113562e+00	3.8409637678e+00	4.7175564986e+00	3.0084889375e+00	4.5741014731e+00	4.0805359011e+00	4.8950325205e+00	4.3140075502e+00	3.9409409428e+00
81	4.8941079265e+00	4.6241353733e+00	3.8438404450e+00	4.7175564238e+00	3.0084953876e+00	4.5746036485e+00	4.0803987941e+00	4.8963167119e+00	4.3136830809e+00	3.9412129069e+00
82	4.8947947975e+00	4.6286303340e+00	3.8439342861e+00	4.7173855209e+00	3.0084683474e+00	4.5751093052e+00	4.0807279258e+00	4.8974271788e+00	4.3138685390e+00	3.9413760697e+00
83	4.8955383579e+00	4.6287564385e+00	3.8456701969e+00	4.7176474063e+00	3.0092055837e+00	4.5751034598e+00	4.0807875766e+00	4.8974772647e+00	4.3138910793e+00	3.9414951596e+00
84	4.8956039112e+00	4.6287819806e+00	3.8456303459e+00	4.7171830037e+00	3.0093176891e+00	4.5752321670e+00	4.0808474126e+00	4.8974639097e+00	4.3139801240e+00	3.9416600605e+00
85	4.8979807059e+00	4.6295203340e+00	3.8457819265e+00	4.7173562996e+00	3.0235771107e+00	4.5764204037e+00	4.0813249931e+00	4.8998663849e+00	4.3139391621e+00	3.9418241164e+00
86	4.8988965727e+00	4.6317579880e+00	3.8457280010e+00	4.7173239499e+00	3.0237014640e+00	4.5764251638e+00	4.0818609743e+00	4.8998480296e+00	4.3140035674e+00	3.9424224069e+00
87	4.8987161022e+00	4.6398345228e+00	3.8483374130e+00	4.7176222969e+00	3.0279208428e+00	4.5764451689e+00	4.0818574463e+00	4.8998674196e+00	4.3144303393e+00	3.9427173413e+00
88	4.9001312447e+00	4.6378763698e+00	3.8477899151e+00	4.7175547850e+00	3.0279202275e+00	4.5779240879e+00	4.0822079614e+00	4.9001189152e+00	4.3144142969e+00	3.9426910341e+00
89	4.8984675073e+00	4.6382662994e+00	3.8477975661e+00	4.7176569071e+00	3.0275940775e+00	4.5779715198e+00	4.0822469609e+00	4.9005971584e+00	4.3144902078e+00	3.9427705646e+00
90	4.8990483510e+00	4.6399974744e+00	3.8481497713e+00	4.7176129387e+00	3.0289079770e+00	4.5779865898e+00	4.0822974980e+00	4.9006009853e+00	4.3143927143e+00	3.9428883370e+00
91	4.8988556919e+00	4.6382863593e+00	3.8483984110e+00	4.7173737594e+00	3.0289320186e+00	4.5764766373e+00	4.0822518702e+00	4.9007198941e+00	4.3144554147e+00	3.9428880963e+00
92	4.8991688851e+00	4.6398688657e+00	3.8481079989e+00	4.7173413280e+00	3.0287019644e+00	4.5765413867e+00	4.0824732801e+00	4.9008817267e+00	4.3144605508e+00	3.9423222642e+00
93	4.8999547922e+00	4.6401889394e+00	3.8481765565e+00	4.7174235018e+00	3.0287861243e+00	4.5766108410e+00	4.0825239411e+00	4.9008110739e+00	4.3144631159e+00	3.9424337586e+00
94	4.9017981125e+00	4.6402119451e+00	3.8482212759e+00	4.7174830095e+00	3.0287699886e+00	4.5768222193e+00	4.0831383552e+00	4.9012835273e+00	4.3146041938e+00	3.9425456938e+00
95	4.9019838922e+00	4.6402455172e+00	3.8486606317e+00	4.7186107753e+00	3.0295304927e+00	4.5772185584e+00	4.0832756350e+00	4.9012797970e+00	4.3147513860e+00	3.9422121909e+00
96	4.9022766951e+00	4.6398950400e+00	3.8486288124e+00	4.7184841805e+00	3.0311922340e+00	4.5773380759e+00	4.0832393841e+00	4.9014486169e+00	4.3147126901e+00	3.9421216200e+00
97	4.9023782829e+00	4.6446491847e+00	3.8488148218e+00	4.7181348880e+00	3.1909611968e+00	4.5773572790e+00	4.0832585452e+00	4.9011884016e+00	4.3147113762e+00	3.9422672678e+00
98	4.9024105864e+00	4.6447579519e+00	3.8489076177e+00	4.7181289365e+00	3.1909546635e+00	4.5778726719e+00	4.0836735498e+00	4.9017543603e+00	4.3147115313e+00	3.9421906516e+00
99	4.9023426645e+00	4.6447479554e+00	3.8488958586e+00	4.7180631779e+00	3.1909403698e+00	4.5776194383e+00	4.0838693097e+00	4.9017802645e+00	4.3147038349e+00	3.9421931553e+00
100	4.9031703815e+00	4.6447962649e+00	3.8489616481e+00	4.7182206130e+00	3.1929700112e+00	4.5776978363e+00	4.0829797598e+00	4.9020017069e+00	4.3147995325e+00	3.9422382072e+00
