# gen	hv_mean	hv_std	hv_min	hv_max
0	0.0000000000e+00	0.0000000000e+00	0.0000000000e+00	0.0000000000e+00
1	0.0000000000e+00	0.0000000000e+00	0.0000000000e+00	0.0000000000e+00
2	2.4559814400e-02	4.9565079488e-02	0.0000000000e+00	1.5424322100e-01
3	1.1318115411e-01	1.3330182203e-01	0.0000000000e+00	3.5946761812e-01
4	1.8153214749e-01	1.4966295880e-01	0.0000000000e+00	5.1113932568e-01
5	1.9734644371e-01	8.9435455856e-02	0.0000000000e+00	2.9148345435e-01
6	2.9006134966e-01	1.4396264674e-01	0.0000000000e+00	4.9771330910e-01
7	4.1126088236e-01	1.6237085554e-01	2.6852918904e-01	7.6492661000e-01
8	4.3315741727e-01	1.5679879718e-01	1.2476863205e-01	6.6644782020e-01
9	5.1055838058e-01	1.4299982511e-01	1.9758795177e-01	7.2864272152e-01
10	5.7341378038e-01	1.5687554527e-01	3.4972737476e-01	8.9045796316e-01
11	6.0469584191e-01	1.6139602840e-01	2.7739412253e-01	8.0439487631e-01
12	6.3101713366e-01	1.5789408964e-01	3.9769324953e-01	8.2511388572e-01
13	6.5557025844e-01	1.5937642097e-01	3.7455558112e-01	8.3645410186e-01
14	6.9014856751e-01	1.7307421465e-01	4.2005073749e-01	9.8628465179e-01
15	7.0742950447e-01	1.7374549950e-01	4.4242493523e-01	9.8681628375e-01
16	7.6877373628e-01	1.5466487069e-01	5.2706229046e-01	1.0374201075e+00
17	7.6246469243e-01	1.3262473283e-01	5.7070419699e-01	1.0493231885e+00
18	7.9343874667e-01	1.4046987142e-01	5.7110727553e-01	1.0684651061e+00
19	8.2398770097e-01	1.5968952813e-01	5.9579073994e-01	1.0850863860e+00
20	8.4371899148e-01	1.4244218063e-01	5.9325680592e-01	1.0981621979e+00
21	8.4592375210e-01	1.3313160172e-01	6.1998745072e-01	1.0888248506e+00
22	8.7011590082e-01	1.2162101311e-01	7.0706645116e-01	1.1100212804e+00
23	8.7661858079e-01	1.1627340811e-01	7.1800048366e-01	1.1056818715e+00
24	8.9128994538e-01	1.2326226993e-01	7.2749283625e-01	1.1212032295e+00
25	8.9482327517e-01	1.2296989588e-01	7.4323055281e-01	1.1356485698e+00
26	9.1419354656e-01	1.3099015154e-01	7.5602088125e-01	1.1536381326e+00
27	9.2092123964e-01	1.3276049492e-01	7.5110573842e-01	1.1658942742e+00
28	9.1506703623e-01	1.1200457983e-01	7.6603171630e-01	1.0689822169e+00
29	9.3029594340e-01	1.3160834525e-01	7.7140266259e-01	1.1900415716e+00
30	9.3749157250e-01	1.2741809171e-01	7.8665127538e-01	1.1926231416e+00
31	9.5110732678e-01	1.2287523693e-01	8.0173132587e-01	1.1870525428e+00
32	9.5431481185e-01	1.2548099161e-01	8.0513958242e-01	1.1987610416e+00
33	9.5529464911e-01	1.2404339255e-01	8.1941627046e-01	1.2035277092e+00
34	9.6326015030e-01	1.2317384107e-01	8.1928517276e-01	1.2038074273e+00
35	9.6325084375e-01	1.2543184590e-01	8.1173615434e-01	1.2056295153e+00
36	9.7379085619e-01	1.2261903276e-01	8.2567820456e-01	1.2074007947e+00
37	9.7590459968e-01	1.2046229704e-01	8.2684902141e-01	1.2048168639e+00
38	9.8009874344e-01	1.1778516970e-01	8.2528061467e-01	1.2021711760e+00
39	9.8404254653e-01	1.1193590493e-01	8.2363339953e-01	1.1833682973e+00
40	9.8812374722e-01	1.1411854033e-01	8.2746718784e-01	1.1881987881e+00
41	9.9169791147e-01	1.1388778029e-01	8.3489796665e-01	1.1893130724e+00
42	9.9381189338e-01	1.1396512398e-01	8.3394883820e-01	1.1996001794e+00
43	9.9686630653e-01	1.1429546361e-01	8.3668353556e-01	1.1985337531e+00
44	9.9065326720e-01	9.0965476851e-02	8.4342942420e-01	1.1584394949e+00
45	9.9478822874e-01	9.1607900306e-02	8.4322612703e-01	1.1548878686e+00
46	9.9594918231e-01	9.2336804508e-02	8.4320243085e-01	1.1565584799e+00
47	9.9666786280e-01	9.1702449249e-02	8.4742064045e-01	1.1565320452e+00
48	9.9823914359e-01	8.9523182560e-02	8.4557999226e-01	1.1422133350e+00
49	1.0003516349e+00	9.1361677183e-02	8.4300947982e-01	1.1522293070e+00
50	1.0010024920e+00	9.1537797461e-02	8.4366456486e-01	1.1515149134e+00
51	1.0017248399e+00	9.0335742597e-02	8.4567279831e-01	1.1460883967e+00
52	1.0045515868e+00	9.1374512588e-02	8.4487526316e-01	1.1494095240e+00
53	1.0056496790e+00	9.1847978834e-02	8.4626870392e-01	1.1519783749e+00
54	1.0056551697e+00	9.0760014998e-02	8.4640731750e-01	1.1498323678e+00
55	1.0090502296e+00	9.3787043952e-02	8.4559908435e-01	1.1585645941e+00
56	1.0098136036e+00	9.5608156067e-02	8.4606604677e-01	1.1605249171e+00
57	1.0092091688e+00	9.4695613434e-02	8.4714855084e-01	1.1608162785e+00
58	1.0106361460e+00	9.4292177143e-02	8.4754942994e-01	1.1623866140e+00
59	1.0109736114e+00	9.4103744141e-02	8.4799219896e-01	1.1617499802e+00
60	1.0059424592e+00	9.6861549791e-02	8.4748248273e-01	1.1594993863e+00
61	1.0052722985e+00	9.7561643333e-02	8.5761483044e-01	1.1618560887e+00
62	1.0078170339e+00	9.6675092577e-02	8.6305431076e-01	1.1638378246e+00
63	1.0068446466e+00	9.5948317307e-02	8.6292349852e-01	1.1629834043e+00
64	1.0055929668e+00	9.1445958758e-02	8.7483716205e-01	1.1540151378e+00
65	1.0073991333e+00	9.2227860570e-02	8.7889702872e-01	1.1540932401e+00
66	1.0114079468e+00	8.8302094739e-02	9.0012294719e-01	1.1608570881e+00
67	1.0114863821e+00	8.8911670794e-02	8.9942821797e-01	1.1641971304e+00
68	1.0124526723e+00	8.7914333276e-02	9.0047907435e-01	1.1638592131e+00
69	1.0111924534e+00	8.7019523716e-02	9.0038869072e-01	1.1632076364e+00
70	1.0092048232e+00	8.6123629975e-02	8.9966127996e-01	1.1574773757e+00
71	1.0096300080e+00	8.6426662844e-02	9.0028468550e-01	1.1602354254e+00
72	1.0101451955e+00	8.6452038806e-02	8.9965446996e-01	1.1588681347e+00
73	1.0094395192e+00	8.4779252116e-02	8.9968854578e-01	1.1588079940e+00
74	1.0084566719e+00	8.5347966319e-02	9.0017478318e-01	1.1639878777e+00
75	1.0094014717e+00	8.6566374681e-02	8.9963809328e-01	1.1649284324e+00
76	1.0060496928e+00	8.6016972993e-02	8.9973264309e-01	1.1605041600e+00
77	1.0070207308e+00	8.4603877731e-02	9.0746280429e-01	1.1572735225e+00
78	1.0069901340e+00	8.3787786690e-02	9.0610629824e-01	1.1566170139e+00
79	1.0062339153e+00	8.2497846840e-02	9.0612947704e-01	1.1540761319e+00
80	1.0076426800e+00	8.2642831517e-02	9.0570793529e-01	1.1557616666e+00
81	1.0085292310e+00	8.4390443901e-02	9.0636877157e-01	1.1624206109e+00
82	1.0081444269e+00	8.4749664912e-02	9.0638400295e-01	1.1610712819e+00
83	1.0086186869e+00	8.4302628912e-02	9.0691991427e-01	1.1603554033e+00
84	1.0079482561e+00	8.3328907531e-02	9.0565286715e-01	1.1612466048e+00
85	1.0076019804e+00	8.2623903277e-02	9.0542066676e-01	1.1605358576e+00
86	1.0059064267e+00	8.2040339017e-02	9.0573843333e-01	1.1603028740e+00
87	1.0056130775e+00	8.2799625947e-02	9.0573698811e-01	1.1575584342e+00
88	1.0032565070e+00	8.0528410482e-02	9.0504555544e-01	1.1454183079e+00
89	1.0035492579e+00	7.9665394816e-02	9.0553166728e-01	1.1428110228e+00
90	1.0031906649e+00	7.9773710038e-02	9.0514087915e-01	1.1429409658e+00
91	1.0018286857e+00	8.0985766027e-02	9.0512712807e-01	1.1457549062e+00
92	1.0012609193e+00	8.0124559071e-02	9.0515563290e-01	1.1441277150e+00
93	9.9698319997e-01	7.4549632223e-02	9.0566212674e-01	1.1459869038e+00
94	9.9740121820e-01	7.5453577619e-02	9.0534048075e-01	1.1505090445e+00
95	9.9688367532e-01	7.4551962911e-02	9.0390101836e-01	1.1465691219e+00
96	9.9616681487e-01	7.3637546480e-02	9.0400064790e-01	1.1432368146e+00
97	9.9484011574e-01	7.3689504563e-02	9.0397193940e-01	1.1453492346e+00
98	9.9478553123e-01	7.6370989934e-02	8.9411261122e-01	1.1474961316e+00
99	9.9510322223e-01	7.7585144223e-02	8.9435979548e-01	1.1502751205e+00
