# gen	zdt3_all_popmp40g100_seed01.out	zdt3_all_popmp40g100_seed02.out	zdt3_all_popmp40g100_seed03.out	zdt3_all_popmp40g100_seed04.out	zdt3_all_popmp40g100_seed05.out	zdt3_all_popmp40g100_seed06.out	zdt3_all_popmp40g100_seed07.out	zdt3_all_popmp40g100_seed08.out	zdt3_all_popmp40g100_seed09.out	zdt3_all_popmp40g100_seed099.out
0	0.0000000000e+00	0.0000000000e+00	0.0000000000e+00	0.0000000000e+00	0.0000000000e+00	0.0000000000e+00	0.0000000000e+00	0.0000000000e+00	0.0000000000e+00	0.0000000000e+00
1	0.0000000000e+00	0.0000000000e+00	0.0000000000e+00	0.0000000000e+00	0.0000000000e+00	0.0000000000e+00	0.0000000000e+00	0.0000000000e+00	0.0000000000e+00	0.0000000000e+00
2	0.0000000000e+00	0.0000000000e+00	0.0000000000e+00	5.5119033750e-02	0.0000000000e+00	3.6235889250e-02	0.0000000000e+00	1.5424322100e-01	0.0000000000e+00	0.0000000000e+00
3	0.0000000000e+00	0.0000000000e+00	9.3044226000e-02	1.8209037825e-01	0.0000000000e+00	1.0162500150e-01	3.2199729705e-01	3.5946761812e-01	4.8532141472e-02	2.5054878750e-02
4	0.0000000000e+00	5.1113932568e-01	2.8180063807e-01	2.1609429402e-01	0.0000000000e+00	2.0534751460e-01	1.8701153542e-01	2.0424188761e-01	1.4304412386e-01	6.6642155617e-02
5	0.0000000000e+00	2.3332774488e-01	2.9148345435e-01	2.7925535044e-01	1.3687765115e-01	2.4172011001e-01	1.9591421429e-01	1.5677917767e-01	2.8214677285e-01	1.5595996147e-01
6	0.0000000000e+00	2.8773042885e-01	2.8955819492e-01	4.9771330910e-01	1.8234162017e-01	3.1998955332e-01	3.6117550782e-01	2.4375643289e-01	4.8167483378e-01	2.3667361574e-01
7	2.6852918904e-01	3.9758875836e-01	5.3244657799e-01	7.6492661000e-01	2.7518877471e-01	3.3498089743e-01	5.5195788710e-01	2.7987516803e-01	4.2027515708e-01	2.8683980384e-01
8	1.2476863205e-01	4.6413373181e-01	5.9343741439e-01	6.6644782020e-01	4.3158339718e-01	4.5225802014e-01	5.3809347156e-01	2.8975286033e-01	4.5119506524e-01	3.1990375977e-01
9	1.9758795177e-01	5.4770575501e-01	5.4775762057e-01	7.2864272152e-01	4.5023405615e-01	5.6473644038e-01	6.2119770375e-01	5.0436244196e-01	5.5501234896e-01	3.8834676575e-01
10	3.4972737476e-01	5.6369714593e-01	4.7457099827e-01	8.9045796316e-01	4.5413256825e-01	6.1637146397e-01	7.3962105571e-01	5.8583017143e-01	6.1180057442e-01	4.4792848792e-01
11	2.7739412253e-01	5.6623783682e-01	4.8566301560e-01	7.6270092671e-01	5.7937239533e-01	6.4833658367e-01	8.0439487631e-01	7.6294963514e-01	6.7483396933e-01	4.8507505772e-01
12	3.9769324953e-01	5.9923280830e-01	4.2289092667e-01	8.2511388572e-01	5.5822090107e-01	6.5129625922e-01	8.1388719101e-01	7.7124323157e-01	7.5588369371e-01	5.1470918975e-01
13	3.7455558112e-01	6.5868091219e-01	4.5659153862e-01	8.3333286225e-01	6.8116591699e-01	6.7098523069e-01	8.3645410186e-01	8.1715302511e-01	7.0044863764e-01	5.2633477791e-01
14	4.2005073749e-01	6.6634912651e-01	4.7571212344e-01	9.8628465179e-01	6.7869632012e-01	7.7265227553e-01	8.2202420458e-01	8.2319407735e-01	7.0795707747e-01	5.4856508086e-01
15	4.4242493523e-01	6.8987502496e-01	4.8398262176e-01	9.8681628375e-01	6.8455514204e-01	7.5823798045e-01	8.3924306596e-01	8.7410097749e-01	7.5734802161e-01	5.5771099148e-01
16	6.2033496404e-01	8.4341463245e-01	6.3436416462e-01	1.0374201075e+00	6.9423871793e-01	7.6114160844e-01	8.5257380659e-01	9.3019338186e-01	7.8699368893e-01	5.2706229046e-01
17	6.5865784305e-01	7.9545041953e-01	6.4725115528e-01	1.0493231885e+00	6.9400426864e-01	7.8702272673e-01	8.5011186736e-01	7.8925623135e-01	7.8286502690e-01	5.7070419699e-01
18	6.9221707282e-01	8.1938487591e-01	6.4194215428e-01	1.0684651061e+00	7.5032304422e-01	8.3026000374e-01	8.9314782411e-01	8.6720011183e-01	8.0033999815e-01	5.7110727553e-01
19	7.1446333616e-01	8.6788185552e-01	6.3165646610e-01	1.0850863860e+00	7.5824980423e-01	8.4236418220e-01	9.0890799923e-01	1.0379417799e+00	7.9753446044e-01	5.9579073994e-01
20	7.7412459203e-01	8.7711793787e-01	7.4998071669e-01	1.0981621979e+00	7.7649705352e-01	8.6161304138e-01	9.2547999672e-01	1.0011422011e+00	7.7981537168e-01	5.9325680592e-01
21	8.2846131282e-01	8.8855953548e-01	7.4781185980e-01	1.0888248506e+00	7.6811709631e-01	8.3795954955e-01	9.1397337948e-01	9.9289806329e-01	7.7264442293e-01	6.1998745072e-01
22	8.1952965720e-01	9.1118475723e-01	7.5067124202e-01	1.1100212804e+00	8.0364356105e-01	8.7144812558e-01	9.5507396628e-01	9.8195009623e-01	7.9056987109e-01	7.0706645116e-01
23	8.4511435434e-01	9.1632492316e-01	7.5864192525e-01	1.1056818715e+00	8.1500805439e-01	8.8262795839e-01	9.3957534908e-01	9.9071653408e-01	7.9449435398e-01	7.1800048366e-01
24	8.5387202575e-01	9.7195330948e-01	7.4888663360e-01	1.1212032295e+00	8.3895140442e-01	8.9602358940e-01	9.4399036665e-01	1.0123558221e+00	7.9817023665e-01	7.2749283625e-01
25	8.4763277170e-01	9.7684056405e-01	7.5658148123e-01	1.1356485698e+00	8.2795182912e-01	9.0199589625e-01	9.6183883260e-01	9.9316323444e-01	8.0334901964e-01	7.4323055281e-01
26	8.6048927352e-01	1.0263778475e+00	7.6718266919e-01	1.1536381326e+00	8.3859970770e-01	9.1893912740e-01	9.9502422266e-01	1.0194093700e+00	8.0625423375e-01	7.5602088125e-01
27	8.7895445686e-01	1.0024703225e+00	7.6455335022e-01	1.1658942742e+00	8.5132410628e-01	9.2091139707e-01	1.0010732924e+00	1.0486355422e+00	8.2428991620e-01	7.5110573842e-01
28	8.8166624438e-01	9.9633626916e-01	7.7160630192e-01	1.0689822169e+00	8.5390434226e-01	9.2272750924e-01	1.0047368982e+00	1.0549776383e+00	8.2970122564e-01	7.6603171630e-01
29	8.8907356587e-01	9.9230235801e-01	7.7140266259e-01	1.1900415716e+00	8.6184184948e-01	9.3727057215e-01	9.8563985628e-01	1.0613749472e+00	8.4053058968e-01	7.7348146114e-01
30	9.0987675908e-01	9.8889947983e-01	7.8665127538e-01	1.1926231416e+00	8.5004100782e-01	9.4597361509e-01	9.9198041907e-01	1.0652515481e+00	8.4517664006e-01	7.9844183898e-01
31	9.7469563921e-01	9.9801124079e-01	8.4405292588e-01	1.1870525428e+00	8.3835118462e-01	9.6182431136e-01	1.0009865608e+00	1.0712751048e+00	8.3309243173e-01	8.0173132587e-01
32	9.7136495086e-01	9.9912688450e-01	8.5318075864e-01	1.1987610416e+00	8.4208055081e-01	9.4591724895e-01	1.0075846900e+00	1.0857059790e+00	8.3428643171e-01	8.0513958242e-01
33	9.9178431980e-01	9.0755877513e-01	8.5335570985e-01	1.2035277092e+00	8.4981360569e-01	9.5989353621e-01	1.0199197443e+00	1.0929706493e+00	8.5470617120e-01	8.1941627046e-01
34	9.9814556834e-01	9.2177520945e-01	8.6224257305e-01	1.2038074273e+00	8.6343294442e-01	9.7423160316e-01	1.0327382673e+00	1.0997891558e+00	8.5715358137e-01	8.1928517276e-01
35	1.0256843585e+00	9.1979771030e-01	8.7024807524e-01	1.2056295153e+00	8.5079538099e-01	9.4773911855e-01	1.0320757927e+00	1.1004618958e+00	8.6834043583e-01	8.1173615434e-01
36	1.0416860646e+00	9.2094185097e-01	8.8496331585e-01	1.2074007947e+00	8.6606953400e-01	9.8366783919e-01	1.0344368664e+00	1.1044530422e+00	8.6861104944e-01	8.2567820456e-01
37	1.0356949700e+00	9.3559942458e-01	8.8953563937e-01	1.2048168639e+00	8.7275584185e-01	9.6866357682e-01	1.0387838741e+00	1.1116655396e+00	8.7468124509e-01	8.2684902141e-01
38	1.0293273578e+00	9.3596519600e-01	8.9802619822e-01	1.2021711760e+00	8.8698376196e-01	9.9057269341e-01	1.0418382132e+00	1.1124738417e+00	8.7834838144e-01	8.2528061467e-01
39	1.0335651302e+00	9.4939294282e-01	9.2202065274e-01	1.1833682973e+00	8.9150697911e-01	9.9685875104e-01	1.0494800448e+00	1.1105007162e+00	8.8009855148e-01	8.2363339953e-01
40	1.0485142613e+00	9.4538347922e-01	9.2747383991e-01	1.1881987881e+00	8.9432113052e-01	9.9769777778e-01	1.0483248006e+00	1.1230040774e+00	8.8085212952e-01	8.2746718784e-01
41	1.0578241094e+00	9.5710444745e-01	9.2744600182e-01	1.1893130724e+00	8.9450085087e-01	9.9841041912e-01	1.0521923754e+00	1.1251328802e+00	8.8015699136e-01	8.3489796665e-01
42	1.0228091373e+00	9.6926094240e-01	9.3077830260e-01	1.1996001794e+00	9.0537586915e-01	1.0067029315e+00	1.0547782246e+00	1.1329224455e+00	8.8194206325e-01	8.3394883820e-01
43	1.0299890304e+00	9.6904005777e-01	9.3231772566e-01	1.1985337531e+00	9.0970705774e-01	1.0091317386e+00	1.0575188687e+00	1.1418409495e+00	8.8390034820e-01	8.3668353556e-01
44	1.0360922906e+00	9.7163898313e-01	1.0015105055e+00	1.0152018131e+00	9.1094427150e-01	1.0130607500e+00	1.0627486257e+00	1.1584394949e+00	8.9346651348e-01	8.4342942420e-01
45	1.0410635088e+00	9.7231725995e-01	1.0040323173e+00	1.0207274627e+00	9.1810254372e-01	1.0136851256e+00	1.0827512618e+00	1.1548878686e+00	8.9708881195e-01	8.4322612703e-01
46	1.0481082582e+00	9.8515566017e-01	1.0094633759e+00	1.0271058080e+00	9.1409324136e-01	1.0072369824e+00	1.0751612999e+00	1.1565584799e+00	8.9340628644e-01	8.4320243085e-01
47	1.0559126149e+00	9.8865497164e-01	1.0101625935e+00	1.0275257076e+00	9.1685876430e-01	9.8606764577e-01	1.0797051755e+00	1.1565320452e+00	8.9783846913e-01	8.4742064045e-01
48	1.0576141214e+00	9.7938622995e-01	1.0259125959e+00	1.0312966621e+00	9.2100335085e-01	9.9588129540e-01	1.0820339367e+00	1.1422133350e+00	9.0146991636e-01	8.4557999226e-01
49	1.0657643568e+00	9.8205854488e-01	1.0299333106e+00	1.0318374868e+00	9.2340330458e-01	9.9959526116e-01	1.0732380835e+00	1.1522293070e+00	9.0244721371e-01	8.4300947982e-01
50	1.0707274064e+00	9.8326711490e-01	1.0250301341e+00	1.0332838981e+00	9.2459767682e-01	1.0019348639e+00	1.0746947261e+00	1.1515149134e+00	9.0130962151e-01	8.4366456486e-01
51	1.0678091400e+00	9.7590921465e-01	1.0300260760e+00	1.0359354852e+00	9.2658137360e-01	1.0096160847e+00	1.0771374702e+00	1.1460883967e+00	9.0247235998e-01	8.4567279831e-01
52	1.0722292761e+00	9.9571751198e-01	1.0339563437e+00	1.0376121382e+00	9.2463676181e-01	1.0060107302e+00	1.0779009966e+00	1.1494095240e+00	9.0316732231e-01	8.4487526316e-01
53	1.0853756535e+00	9.9537715598e-01	1.0321156551e+00	1.0369890654e+00	9.2580480363e-01	1.0065827821e+00	1.0715689861e+00	1.1519783749e+00	9.0443560944e-01	8.4626870392e-01
54	1.0820051716e+00	9.9518008156e-01	1.0340112664e+00	1.0370127976e+00	9.2989214067e-01	1.0076462619e+00	1.0704804742e+00	1.1498323678e+00	9.0408381741e-01	8.4640731750e-01
55	1.0871423687e+00	9.9452197463e-01	1.0370424420e+00	1.0363271184e+00	9.3096585056e-01	1.0195684855e+00	1.0779969689e+00	1.1585645941e+00	9.0277340885e-01	8.4559908435e-01
56	1.0896349182e+00	9.9178977458e-01	1.0399903697e+00	1.0232324329e+00	9.3101946238e-01	1.0209212257e+00	1.0931808527e+00	1.1605249171e+00	9.0177603551e-01	8.4606604677e-01
57	1.0914423064e+00	9.8715106016e-01	1.0470941682e+00	1.0224406827e+00	9.3062242199e-01	1.0213734515e+00	1.0805500025e+00	1.1608162785e+00	9.0345276522e-01	8.4714855084e-01
58	1.0928465956e+00	9.8721744884e-01	1.0426123046e+00	1.0225514527e+00	9.3877971937e-01	1.0277800448e+00	1.0811837310e+00	1.1623866140e+00	9.0345411941e-01	8.4754942994e-01
59	1.0948417852e+00	9.8598322417e-01	1.0386360343e+00	1.0283629145e+00	9.3988735210e-01	1.0291729070e+00	1.0796983320e+00	1.1617499802e+00	9.0341138584e-01	8.4799219896e-01
60	1.0995747862e+00	9.8266508496e-01	1.0495483500e+00	1.0355566080e+00	9.4159587838e-01	9.5450724591e-01	1.0856422723e+00	1.1594993863e+00	9.0335249725e-01	8.4748248273e-01
61	1.0994880889e+00	9.7793011667e-01	1.0490702763e+00	1.0319363021e+00	9.4287108141e-01	9.4276539306e-01	1.0922191656e+00	1.1618560887e+00	8.9697164212e-01	8.5761483044e-01
62	1.1053046263e+00	9.8256094557e-01	1.0520793179e+00	1.0348400156e+00	9.4413165867e-01	9.4076220509e-01	1.0883843482e+00	1.1638378246e+00	9.0321508657e-01	8.6305431076e-01
63	1.1047820981e+00	9.8131852900e-01	1.0493684156e+00	1.0315895818e+00	9.4619405493e-01	9.4155913763e-01	1.0855713023e+00	1.1629834043e+00	9.0215644421e-01	8.6292349852e-01
64	1.1034886765e+00	9.8574465046e-01	1.0498365195e+00	1.0136259712e+00	9.4521118285e-01	9.4304858766e-01	1.0832374869e+00	1.1540151378e+00	9.0288429340e-01	8.7483716205e-01
65	1.1143356096e+00	9.8649762050e-01	1.0503913797e+00	1.0148891800e+00	9.4520587452e-01	9.4432088234e-01	1.0834133219e+00	1.1540932401e+00	9.0194719521e-01	8.7889702872e-01
66	1.1142691305e+00	9.8575874382e-01	1.0503445967e+00	1.0150815674e+00	9.4517625900e-01	9.4376566910e-01	1.0813128846e+00	1.1608570881e+00	9.0012294719e-01	9.1739058141e-01
67	1.1132310949e+00	9.8253354748e-01	1.0508261277e+00	1.0157465061e+00	9.4548125736e-01	9.4436421722e-01	1.0812770829e+00	1.1641971304e+00	8.9942821797e-01	9.1777863881e-01
68	1.1119855915e+00	9.8131844667e-01	1.0505347563e+00	1.0166040895e+00	9.4699132414e-01	9.4503149770e-01	1.0837872596e+00	1.1638592131e+00	9.0047907435e-01	9.2393546995e-01
69	1.1049231384e+00	9.8116333674e-01	1.0488436281e+00	1.0156613869e+00	9.4745094530e-01	9.4182189596e-01	1.0838201427e+00	1.1632076364e+00	9.0038869072e-01	9.2464373271e-01
70	1.1051633649e+00	9.7429437527e-01	1.0426811885e+00	1.0162308215e+00	9.4747263133e-01	9.3640611079e-01	1.0839421623e+00	1.1574773757e+00	8.9966127996e-01	9.2871892136e-01
71	1.1074418273e+00	9.7456341920e-01	1.0427099503e+00	1.0183074434e+00	9.4728133966e-01	9.3757193592e-01	1.0797053169e+00	1.1602354254e+00	9.0028468550e-01	9.2819873685e-01
72	1.1080092506e+00	9.7904219216e-01	1.0450575929e+00	1.0197361888e+00	9.4483770077e-01	9.3757797776e-01	1.0801123360e+00	1.1588681347e+00	8.9965446996e-01	9.2855611157e-01
73	1.1063046154e+00	9.8036928778e-01	1.0450580539e+00	1.0205988819e+00	9.4496442936e-01	9.4425937311e-01	1.0678963567e+00	1.1588079940e+00	8.9968854578e-01	9.2644765357e-01
74	1.1028972663e+00	9.7964370052e-01	1.0380459112e+00	1.0206913851e+00	9.4148253288e-01	9.4448018100e-01	1.0673224982e+00	1.1639878777e+00	9.0017478318e-01	9.2584058316e-01
75	1.1044679614e+00	9.7905614369e-01	1.0391472672e+00	1.0206036880e+00	9.4136396051e-01	9.4451804365e-01	1.0750719141e+00	1.1649284324e+00	8.9963809328e-01	9.2521921277e-01
76	1.1073537822e+00	9.6724861122e-01	1.0193142730e+00	1.0206166232e+00	9.4082053785e-01	9.4367633797e-01	1.0750133735e+00	1.1605041600e+00	8.9973264309e-01	9.2621658577e-01
77	1.1083861414e+00	9.6732757441e-01	1.0195558569e+00	1.0195638637e+00	9.4214875852e-01	9.4441986104e-01	1.0781618000e+00	1.1572735225e+00	9.0746280429e-01	9.2590712578e-01
78	1.1049536046e+00	9.7068419955e-01	1.0197712084e+00	1.0197656591e+00	9.4288677126e-01	9.4457724372e-01	1.0775261635e+00	1.1566170139e+00	9.0610629824e-01	9.2701317803e-01
79	1.1069015238e+00	9.7493453249e-01	1.0191759444e+00	1.0192686263e+00	9.4329955157e-01	9.4346634409e-01	1.0678011299e+00	1.1540761319e+00	9.0612947704e-01	9.2728589180e-01
80	1.1031627332e+00	9.8050700969e-01	1.0224536339e+00	1.0188671043e+00	9.4299561415e-01	9.4529264955e-01	1.0742336797e+00	1.1557616666e+00	9.0570793529e-01	9.2744477380e-01
81	1.1067070944e+00	9.8024270649e-01	1.0209034909e+00	1.0185816794e+00	9.4268926478e-01	9.4531535564e-01	1.0746519454e+00	1.1624206109e+00	9.0636877157e-01	9.2741139079e-01
82	1.1072181024e+00	9.8023378391e-01	1.0267238177e+00	1.0190805440e+00	9.3883819257e-01	9.4191707003e-01	1.0725108276e+00	1.1610712819e+00	9.0638400295e-01	9.2746664559e-01
83	1.1057754089e+00	9.8615798095e-01	1.0288162600e+00	1.0163520857e+00	9.3907269992e-01	9.4134500498e-01	1.0738265540e+00	1.1603554033e+00	9.0691991427e-01	9.2756555721e-01
84	1.0963860334e+00	9.8937528119e-01	1.0308647399e+00	1.0111582665e+00	9.3687080552e-01	9.4565465978e-01	1.0746270380e+00	1.1612466048e+00	9.0565286715e-01	9.2764626470e-01
85	1.0967079342e+00	9.8905993378e-01	1.0268332788e+00	1.0158831556e+00	9.3891000953e-01	9.4688920365e-01	1.0696367139e+00	1.1605358576e+00	9.0542066676e-01	9.2614304969e-01
86	1.0956617997e+00	9.9020720197e-01	1.0127053231e+00	1.0122710849e+00	9.3996290061e-01	9.4707705242e-01	1.0695617241e+00	1.1603028740e+00	9.0573843333e-01	9.2557587281e-01
87	1.0998179636e+00	9.8884198370e-01	1.0123059010e+00	1.0123664597e+00	9.3999155948e-01	9.4715334978e-01	1.0719795336e+00	1.1575584342e+00	9.0573698811e-01	9.2037860220e-01
88	1.0985569984e+00	9.8878550665e-01	1.0122603760e+00	1.0062132495e+00	9.3644488360e-01	9.4758205598e-01	1.0718311543e+00	1.1454183079e+00	9.0504555544e-01	9.2042698237e-01
89	1.1001137921e+00	9.8748450530e-01	1.0123910736e+00	1.0059216996e+00	9.3716957381e-01	9.4781375991e-01	1.0718834314e+00	1.1428110228e+00	9.0553166728e-01	9.2437205314e-01
90	1.1014447606e+00	9.8446164006e-01	1.0137924357e+00	1.0058797970e+00	9.3711281458e-01	9.4771958299e-01	1.0690913518e+00	1.1429409658e+00	9.0514087915e-01	9.2432242169e-01
91	1.0981520208e+00	9.8278078758e-01	1.0133243675e+00	1.0071845239e+00	9.3479212362e-01	9.3676834082e-01	1.0692807421e+00	1.1457549062e+00	9.0512712807e-01	9.2512191658e-01
92	1.0940239180e+00	9.8301400818e-01	1.0133376184e+00	1.0072541708e+00	9.3304334462e-01	9.3825913205e-01	1.0691578281e+00	1.1441277150e+00	9.0515563290e-01	9.2523582500e-01
93	1.0564701649e+00	9.8294596683e-01	1.0130504006e+00	1.0071280064e+00	9.3371525639e-01	9.4355575264e-01	1.0556319694e+00	1.1459869038e+00	9.0566212674e-01	9.2568545188e-01
94	1.0566725461e+00	9.8692255307e-01	1.0130467300e+00	1.0021654674e+00	9.3477898833e-01	9.4360119590e-01	1.0557564169e+00	1.1505090445e+00	9.0534048075e-01	9.2521875916e-01
95	1.0558507968e+00	9.8584639571e-01	1.0135907847e+00	1.0020337956e+00	9.3668674168e-01	9.4355077754e-01	1.0556486026e+00	1.1465691219e+00	9.0390101836e-01	9.2515871824e-01
96	1.0546632393e+00	9.8528739993e-01	1.0133344750e+00	9.9972880443e-01	9.3792988013e-01	9.4274599843e-01	1.0556317556e+00	1.1432368146e+00	9.0400064790e-01	9.2510913347e-01
97	1.0496311919e+00	9.8108439023e-01	1.0133910079e+00	9.9967561925e-01	9.3831176724e-01	9.3960033399e-01	1.0522538385e+00	1.1453492346e+00	9.0397193940e-01	9.2513183440e-01
98	1.0544042771e+00	9.7929705793e-01	1.0134008433e+00	9.9972296800e-01	9.3815516900e-01	9.3966945479e-01	1.0563553162e+00	1.1474961316e+00	8.9411261122e-01	9.2524148314e-01
99	1.0580631697e+00	9.7921227156e-01	1.0132306810e+00	9.9999665209e-01	9.3746378988e-01	9.4100221713e-01	1.0559736379e+00	1.1502751205e+00	8.9435979548e-01	9.2145488719e-01
