# gen	zdt3_all_popmp40g100_seed01.out	zdt3_all_popmp40g100_seed02.out	zdt3_all_popmp40g100_seed03.out	zdt3_all_popmp40g100_seed04.out	zdt3_all_popmp40g100_seed05.out	zdt3_all_popmp40g100_seed06.out	zdt3_all_popmp40g100_seed07.out	zdt3_all_popmp40g100_seed08.out	zdt3_all_popmp40g100_seed09.out	zdt3_all_popmp40g100_seed099.out
0	3.4540021361e+00	2.8359668621e+00	3.4007563446e+00	3.4248448380e+00	3.4014653815e+00	3.6038536173e+00	3.5658346427e+00	3.2569242538e+00	3.6905817659e+00	3.5678408925e+00
1	3.6505219093e+00	3.9133531194e+00	3.8328115022e+00	3.8519388123e+00	3.6107539214e+00	3.8610717447e+00	4.0083528948e+00	3.8899813691e+00	4.2218674364e+00	4.1332861318e+00
2	4.1009248397e+00	3.9651976272e+00	3.9335076241e+00	4.3528654154e+00	4.0662016772e+00	4.3709750679e+00	4.3272974164e+00	4.2539483144e+00	4.2789955553e+00	4.3876838546e+00
3	4.6921674612e+00	4.1460552473e+00	4.4965355378e+00	4.7092222094e+00	4.3620732925e+00	4.3254646476e+00	4.5891560740e+00	4.6101492142e+00	4.5474892815e+00	4.6275243444e+00
4	4.8210102150e+00	4.5309889190e+00	4.6645785531e+00	4.9210520335e+00	4.6481013790e+00	4.7077737763e+00	4.6275194487e+00	4.6362822443e+00	4.7163508053e+00	4.6454871024e+00
5	4.8248480955e+00	4.8738572431e+00	4.7960449322e+00	5.1151626920e+00	4.8231677739e+00	4.8547001072e+00	4.7703638581e+00	4.7188551048e+00	4.9151966400e+00	4.8332002006e+00
6	4.9553282962e+00	4.9235262765e+00	4.9937757184e+00	5.0655508819e+00	5.0105545373e+00	5.0959840730e+00	5.0908934667e+00	4.8132044604e+00	5.1892099668e+00	4.9032663409e+00
7	5.1640889246e+00	5.0686984688e+00	5.2745338883e+00	5.1774275783e+00	5.1238046947e+00	5.0326834080e+00	5.3621091959e+00	4.9129429856e+00	5.2140214325e+00	4.9642354869e+00
8	5.2383266562e+00	5.1935439185e+00	5.1675854571e+00	5.4318870199e+00	5.3252590880e+00	5.1774521369e+00	5.3549870818e+00	5.1263347359e+00	5.2145348246e+00	5.0481855189e+00
9	5.1502092384e+00	5.2294242963e+00	5.1749981791e+00	5.5639989966e+00	5.3369341595e+00	5.3637538873e+00	5.5490919960e+00	5.4353023081e+00	5.3667385826e+00	5.1677427949e+00
10	5.3220757923e+00	5.3134759521e+00	5.1663330074e+00	5.7228538467e+00	5.2829319649e+00	5.4304244328e+00	5.6839072750e+00	5.5339931572e+00	5.4535786830e+00	5.2387724429e+00
11	5.3016201512e+00	5.4517859532e+00	5.1970426439e+00	5.6363921890e+00	5.4007598813e+00	5.5541234389e+00	5.7293099229e+00	5.7533186193e+00	5.5141651620e+00	5.2852927267e+00
12	5.3911148196e+00	5.5259959292e+00	5.2737737115e+00	5.7779850279e+00	5.4007063112e+00	5.5933656993e+00	5.7673749616e+00	5.7614222489e+00	5.6574568694e+00	5.4098171450e+00
13	5.3629132556e+00	5.6049828430e+00	5.3399864296e+00	5.8000534244e+00	5.5322898705e+00	5.6028327384e+00	5.7983455248e+00	5.8161134681e+00	5.6036094019e+00	5.4233533348e+00
14	5.4087624626e+00	5.6223730358e+00	5.3775655027e+00	5.9642002743e+00	5.5399492488e+00	5.7389583870e+00	5.7857383352e+00	5.8224452773e+00	5.6233020159e+00	5.4513946016e+00
15	5.5868257872e+00	5.6483589124e+00	5.3854620644e+00	5.9682243007e+00	5.6240192789e+00	5.7323452898e+00	5.8111111981e+00	5.8614169646e+00	5.7161595324e+00	5.4533674270e+00
16	5.5475010276e+00	5.8046702208e+00	5.5501048578e+00	6.0250891171e+00	5.6367869614e+00	5.7322995103e+00	5.8353544118e+00	5.9367468648e+00	5.7459152624e+00	5.4099209752e+00
17	5.6206731478e+00	5.7715876500e+00	5.5652718299e+00	6.0393885654e+00	5.6366653348e+00	5.7635325922e+00	5.8252056517e+00	5.7964327625e+00	5.7417866003e+00	5.4525143091e+00
18	5.6453402123e+00	5.7959431228e+00	5.5817443400e+00	6.0623788813e+00	5.6984413707e+00	5.8103982580e+00	5.8771831783e+00	5.8927138570e+00	5.7627583654e+00	5.4573887054e+00
19	5.6825315089e+00	5.8468319294e+00	5.5714586518e+00	6.0790001612e+00	5.7093902367e+00	5.8290674900e+00	5.8941923447e+00	6.0766179169e+00	5.7599528277e+00	5.4979654875e+00
20	5.7558214094e+00	5.8553185383e+00	5.7397317760e+00	6.0984260640e+00	5.7303731613e+00	5.8527157894e+00	5.9094358577e+00	6.0398904744e+00	5.7422337389e+00	5.4952062179e+00
21	5.8577636357e+00	5.8708579753e+00	5.7393262188e+00	6.0875014156e+00	5.7219932041e+00	5.8290622975e+00	5.9011165793e+00	6.0357496163e+00	5.7350627902e+00	5.5287430869e+00
22	5.8551724243e+00	5.8959479475e+00	5.7421608638e+00	6.1183040190e+00	5.7591447443e+00	5.8638129135e+00	5.9407872319e+00	6.0239699265e+00	5.7536102273e+00	5.6422609187e+00
23	5.8818307608e+00	5.9023256118e+00	5.7524798543e+00	6.1153020155e+00	5.7736907483e+00	5.8758268441e+00	5.9266006426e+00	6.0351889440e+00	5.7588062135e+00	5.6547596547e+00
24	5.8852226407e+00	5.9655164994e+00	5.7432279302e+00	6.1308233734e+00	5.8001094852e+00	5.8901036914e+00	5.9310220458e+00	6.0562482220e+00	5.7624820961e+00	5.6642520073e+00
25	5.8903948357e+00	5.9773293394e+00	5.7509227778e+00	6.1434659542e+00	5.7912312218e+00	5.8982403194e+00	5.9539213308e+00	6.0398990649e+00	5.7678473914e+00	5.6851022956e+00
26	5.9002908716e+00	6.0281178898e+00	5.7627446869e+00	6.1641847481e+00	5.8033310934e+00	5.9168492822e+00	5.9936415140e+00	6.0712607172e+00	5.7714434629e+00	5.6990945640e+00
27	5.9263321854e+00	6.0046198111e+00	5.7601367485e+00	6.1768363928e+00	5.8165656366e+00	5.9200303431e+00	5.9996905838e+00	6.1018203882e+00	5.7952368340e+00	5.6946325902e+00
28	5.9301416393e+00	5.9977991152e+00	5.7672433094e+00	6.0799243354e+00	5.8191458726e+00	5.9221904978e+00	6.0033541896e+00	6.1102370461e+00	5.8006481435e+00	5.7118745366e+00
29	5.9414986276e+00	5.9937843459e+00	5.7670396851e+00	6.2029014662e+00	5.8287904450e+00	5.9416985269e+00	5.9897589120e+00	6.1173127337e+00	5.8114775075e+00	5.7211028808e+00
30	5.9603617778e+00	5.9918820446e+00	5.7823880038e+00	6.2022292823e+00	5.8185181988e+00	5.9504015698e+00	5.9981621218e+00	6.1207950636e+00	5.8161235579e+00	5.7491043066e+00
31	6.0278048343e+00	6.0033182181e+00	5.8410580197e+00	6.1985048803e+00	5.8077325560e+00	5.9683662535e+00	6.0082649984e+00	6.1291675537e+00	5.8036102987e+00	5.7523937935e+00
32	6.0256820508e+00	6.0046606491e+00	5.8531674586e+00	6.2118235482e+00	5.8115980097e+00	5.9527692019e+00	6.0173265365e+00	6.1455072640e+00	5.8048273695e+00	5.7566282403e+00
33	6.0484935199e+00	5.9130925398e+00	5.8528609487e+00	6.2169285038e+00	5.8192127502e+00	5.9667454892e+00	6.0325980917e+00	6.1524668066e+00	5.8245027194e+00	5.7754872513e+00
34	6.0556894373e+00	5.9310766281e+00	5.8629414279e+00	6.2172082219e+00	5.8344799137e+00	5.9813049645e+00	6.0458945901e+00	6.1605733913e+00	5.8270004408e+00	5.7733378093e+00
35	6.0850035814e+00	5.9296621908e+00	5.8715454510e+00	6.2203265767e+00	5.8209268094e+00	5.9554253346e+00	6.0418176392e+00	6.1617886991e+00	5.8381872953e+00	5.7658914537e+00
36	6.1002493047e+00	5.9308063315e+00	5.8892336883e+00	6.2234867821e+00	5.8360213250e+00	5.9941899038e+00	6.0452076248e+00	6.1664606433e+00	5.8392213096e+00	5.7831920902e+00
37	6.0944212313e+00	5.9456315691e+00	5.8938060119e+00	6.2214151137e+00	5.8428655336e+00	5.9806370114e+00	6.0571780622e+00	6.1741510108e+00	5.8452915052e+00	5.7843629071e+00
38	6.0896267967e+00	5.9459973405e+00	5.9054410177e+00	6.2190200879e+00	5.8588166575e+00	6.0035542003e+00	6.0604673171e+00	6.1757367966e+00	5.8489586416e+00	5.7830101136e+00
39	6.0946830109e+00	5.9594250873e+00	5.9294354723e+00	6.2004021218e+00	5.8633398746e+00	6.0128914147e+00	6.0689164119e+00	6.1740814348e+00	5.8507088116e+00	5.7813825917e+00
40	6.1096321420e+00	5.9554156237e+00	5.9386163619e+00	6.2074731256e+00	5.8678032647e+00	6.0144041174e+00	6.0706453517e+00	6.1873059659e+00	5.8514623897e+00	5.7860223796e+00
41	6.1189419901e+00	5.9671365919e+00	5.9386205571e+00	6.2097277323e+00	5.8689369313e+00	6.0146011308e+00	6.0734181298e+00	6.1894878371e+00	5.8507664612e+00	5.7940322776e+00
42	6.0865099057e+00	5.9793676860e+00	5.9422592928e+00	6.2254150346e+00	5.8798119496e+00	6.0228697384e+00	6.0768388882e+00	6.1980528125e+00	5.8525515331e+00	5.7934408748e+00
43	6.0940451400e+00	5.9821308265e+00	5.9434564163e+00	6.2243486084e+00	5.8842214620e+00	6.0255330858e+00	6.0795795323e+00	6.2070732312e+00	5.8545117623e+00	5.7960838941e+00
44	6.1034398819e+00	5.9847297518e+00	6.0129377813e+00	6.0410166683e+00	5.8854709016e+00	6.0294620971e+00	6.0858154835e+00	6.2245081131e+00	5.8680091452e+00	5.8026816092e+00
45	6.1105862543e+00	5.9854080287e+00	6.0154595931e+00	6.0499586273e+00	5.8951899762e+00	6.0299556501e+00	6.1058181197e+00	6.2213587811e+00	5.8712733754e+00	5.8024783121e+00
46	6.1184931382e+00	6.0007448309e+00	6.0208906517e+00	6.0563369726e+00	5.8909677966e+00	6.0234037893e+00	6.0982281578e+00	6.2230293925e+00	5.8675908499e+00	5.8027386860e+00
47	6.1267203435e+00	6.0043223325e+00	6.0216762029e+00	6.0567568722e+00	5.8940288027e+00	6.0022344527e+00	6.1036074234e+00	6.2233997380e+00	5.8733726998e+00	5.8068930169e+00
48	6.1286715805e+00	5.9959748337e+00	6.0403607682e+00	6.0605355796e+00	5.8996236879e+00	6.0122844756e+00	6.1069498161e+00	6.2091132564e+00	5.8770041470e+00	5.8050523687e+00
49	6.1369872562e+00	5.9986471486e+00	6.0442716652e+00	6.0610764043e+00	5.9020491135e+00	6.0183534749e+00	6.0993818660e+00	6.2192831145e+00	5.8779814443e+00	5.8024818562e+00
50	6.1420910149e+00	5.9999832058e+00	6.0394135186e+00	6.0625228156e+00	5.9033266672e+00	6.0214416983e+00	6.1010401141e+00	6.2183826062e+00	5.8768438521e+00	5.8033079438e+00
51	6.1391727485e+00	5.9936842525e+00	6.0445887538e+00	6.0651744027e+00	5.9063029545e+00	6.0291229191e+00	6.1040296780e+00	6.2129560895e+00	5.8780065906e+00	5.8053161772e+00
52	6.1435928846e+00	6.0136229969e+00	6.0490585392e+00	6.0677099298e+00	5.9043583427e+00	6.0255175645e+00	6.1047932044e+00	6.2162772168e+00	5.8787015529e+00	5.8045186421e+00
53	6.1569339709e+00	6.0135308388e+00	6.0472178506e+00	6.0670907034e+00	5.9055263846e+00	6.0260908786e+00	6.0984611939e+00	6.2188460676e+00	5.8800512320e+00	5.8059120829e+00
54	6.1535634891e+00	6.0133337644e+00	6.0496837508e+00	6.0671144356e+00	5.9097664507e+00	6.0271543583e+00	6.0973726820e+00	6.2167000605e+00	5.8796788227e+00	5.8060506964e+00
55	6.1587316977e+00	6.0126756575e+00	6.0527396425e+00	6.0665063755e+00	5.9109638013e+00	6.0390915919e+00	6.1051035083e+00	6.2254322869e+00	5.8783684141e+00	5.8052663651e+00
56	6.1619233154e+00	6.0099434574e+00	6.0568790377e+00	6.0544969458e+00	5.9110267287e+00	6.0412677772e+00	6.1202873922e+00	6.2273926099e+00	5.8773710408e+00	5.8057333290e+00
57	6.1639273208e+00	6.0053047430e+00	6.0689030279e+00	6.0537485277e+00	5.9106296883e+00	6.0421695961e+00	6.1077649623e+00	6.2278522213e+00	5.8790477705e+00	5.8068158330e+00
58	6.1653225499e+00	6.0053613654e+00	6.0644240942e+00	6.0538592977e+00	5.9210139611e+00	6.0502395470e+00	6.1083986908e+00	6.2294225567e+00	5.8790491247e+00	5.8072167121e+00
59	6.1675358725e+00	6.0042112958e+00	6.0610389374e+00	6.0596763488e+00	5.9221615603e+00	6.0516324093e+00	6.1069132919e+00	6.2287859230e+00	5.8790063911e+00	5.8076598237e+00
60	6.1720507405e+00	6.0009266924e+00	6.0718388360e+00	6.0671413336e+00	5.9238700866e+00	5.9769667482e+00	6.1128572321e+00	6.2265353290e+00	5.8789475025e+00	5.8071501075e+00
61	6.1719640432e+00	5.9962295871e+00	6.0713607623e+00	6.0635429643e+00	5.9254713171e+00	5.9652248953e+00	6.1196042686e+00	6.2288920315e+00	5.8725666474e+00	5.8173155898e+00
62	6.1798135382e+00	6.0008604160e+00	6.0745721757e+00	6.0664466778e+00	5.9267318944e+00	5.9632217074e+00	6.1156445183e+00	6.2308737673e+00	5.8788100918e+00	5.8245369781e+00
63	6.1792979216e+00	5.9996179994e+00	6.0719160395e+00	6.0631962440e+00	5.9287942906e+00	5.9640186399e+00	6.1128314724e+00	6.2300193470e+00	5.8777514495e+00	5.8244061658e+00
64	6.1780044999e+00	6.0040441209e+00	6.0723293773e+00	6.0463736018e+00	5.9278114186e+00	5.9657138723e+00	6.1104976570e+00	6.2216233527e+00	5.8784792986e+00	5.8392701285e+00
65	6.1902869366e+00	6.0047970909e+00	6.0728842375e+00	6.0476368106e+00	5.9278061102e+00	5.9670671968e+00	6.1106734919e+00	6.2232673906e+00	5.8775422005e+00	5.8445453713e+00
66	6.1902304190e+00	6.0040741858e+00	6.0733966700e+00	6.0478646721e+00	5.9277764947e+00	5.9665119836e+00	6.1085278444e+00	6.2300312386e+00	5.8757179524e+00	5.8963765218e+00
67	6.1893770256e+00	6.0008489745e+00	6.0741888578e+00	6.0485296108e+00	5.9280815532e+00	5.9671128606e+00	6.1084920427e+00	6.2350127772e+00	5.8750232232e+00	5.8967490103e+00
68	6.1886571418e+00	5.9996338736e+00	6.0739134280e+00	6.0494028352e+00	5.9295927468e+00	5.9678770974e+00	6.1112068599e+00	6.2346603457e+00	5.8760740796e+00	5.9052658527e+00
69	6.1819633121e+00	5.9995092945e+00	6.0722222998e+00	6.0484613496e+00	5.9300537803e+00	5.9646889363e+00	6.1112402539e+00	6.2340087690e+00	5.8759836960e+00	5.9056570580e+00
70	6.1819891619e+00	5.9926419257e+00	6.0660598602e+00	6.0490307842e+00	5.9300754664e+00	5.9592929541e+00	6.1113622735e+00	6.2282785083e+00	5.8753189455e+00	5.9108376359e+00
71	6.1853398533e+00	5.9929109696e+00	6.0660886219e+00	6.0511074061e+00	5.9298869844e+00	5.9604587792e+00	6.1071254281e+00	6.2310365580e+00	5.8759423510e+00	5.9103174514e+00
72	6.1859463266e+00	5.9973897426e+00	6.0684362646e+00	6.0525509061e+00	5.9274433455e+00	5.9604979512e+00	6.1078571375e+00	6.2297500867e+00	5.8753121355e+00	5.9108684532e+00
73	6.1842784426e+00	5.9987481353e+00	6.0684367256e+00	6.0534135991e+00	5.9275700741e+00	5.9671926437e+00	6.0956411582e+00	6.2298219407e+00	5.8753462113e+00	5.9087704226e+00
74	6.1806132946e+00	5.9980225480e+00	6.0614245828e+00	6.0535063127e+00	5.9240881776e+00	5.9674134516e+00	6.0950672997e+00	6.2348720084e+00	5.8758324487e+00	5.9081633522e+00
75	6.1821948377e+00	5.9974349912e+00	6.0625259389e+00	6.0534186156e+00	5.9239709274e+00	5.9674513142e+00	6.1028167156e+00	6.2358125631e+00	5.8752957588e+00	5.9075419818e+00
76	6.1856493548e+00	5.9856269178e+00	6.0444282570e+00	6.0534320466e+00	5.9234275198e+00	5.9666101044e+00	6.1045336792e+00	6.2314934807e+00	5.8753903086e+00	5.9085393548e+00
77	6.1866817289e+00	5.9857058810e+00	6.0446698409e+00	6.0523794674e+00	5.9247558306e+00	5.9673566625e+00	6.1089945845e+00	6.2283348881e+00	5.8858173476e+00	5.9082298948e+00
78	6.1832491321e+00	5.9947568910e+00	6.0450963688e+00	6.0525813830e+00	5.9254939786e+00	5.9675398431e+00	6.1083589480e+00	6.2279230466e+00	5.8845421388e+00	5.9093359471e+00
79	6.1852392114e+00	6.0020775827e+00	6.0445011049e+00	6.0520846206e+00	5.9259068791e+00	5.9664289435e+00	6.0986339144e+00	6.2253821646e+00	5.8845689447e+00	5.9096086608e+00
80	6.1815004208e+00	6.0079953194e+00	6.0496963450e+00	6.0516831587e+00	5.9256029717e+00	5.9682552489e+00	6.1050664642e+00	6.2278460394e+00	5.8840624786e+00	5.9098580684e+00
81	6.1850447821e+00	6.0089198693e+00	6.0481462019e+00	6.0513979142e+00	5.9252966374e+00	5.9682779550e+00	6.1054847300e+00	6.2345734676e+00	5.8847233149e+00	5.9098246854e+00
82	6.1858489579e+00	6.0089109467e+00	6.0551921029e+00	6.0518968088e+00	5.9214455802e+00	5.9648796694e+00	6.1033626639e+00	6.2332241387e+00	5.8847385463e+00	5.9098799402e+00
83	6.1843386818e+00	6.0148351437e+00	6.0572845453e+00	6.0491683505e+00	5.9216800875e+00	5.9643123222e+00	6.1046783903e+00	6.2325082601e+00	5.8852744576e+00	5.9099788519e+00
84	6.1749605451e+00	6.0184596215e+00	6.0593330251e+00	6.0439745313e+00	5.9194782081e+00	5.9686219770e+00	6.1054788742e+00	6.2395026188e+00	5.8840074105e+00	5.9100844107e+00
85	6.1753495024e+00	6.0181464076e+00	6.0553015640e+00	6.0486995857e+00	5.9215174122e+00	5.9698589098e+00	6.1004885502e+00	6.2387918716e+00	5.8837752101e+00	5.9085811957e+00
86	6.1742745199e+00	6.0202711422e+00	6.0411736084e+00	6.0450875150e+00	5.9225703032e+00	5.9700467586e+00	6.1004135604e+00	6.2385588880e+00	5.8842239120e+00	5.9080140188e+00
87	6.1784493449e+00	6.0179563139e+00	6.0407741863e+00	6.0451829199e+00	5.9225989621e+00	5.9701242880e+00	6.1030368667e+00	6.2358144481e+00	5.8842224668e+00	5.9027918968e+00
88	6.1772051926e+00	6.0180684324e+00	6.0407369100e+00	6.0390299200e+00	5.9190522862e+00	5.9705529942e+00	6.1026829905e+00	6.2251888965e+00	5.8835820185e+00	5.9028402770e+00
89	6.1787627226e+00	6.0175699613e+00	6.0408676076e+00	6.0387383701e+00	5.9197769764e+00	5.9707900771e+00	6.1027352676e+00	6.2225816114e+00	5.8840171460e+00	5.9068267266e+00
90	6.1800939465e+00	6.0137445658e+00	6.0422689697e+00	6.0386964675e+00	5.9197202172e+00	5.9707035930e+00	6.0999431880e+00	6.2227086411e+00	5.8836263578e+00	5.9067770952e+00
91	6.1768005456e+00	6.0127263909e+00	6.0418039967e+00	6.0400019006e+00	5.9173995262e+00	5.9597525912e+00	6.1002679085e+00	6.2257236278e+00	5.8836126067e+00	5.9075765901e+00
92	6.1726720973e+00	6.0131274258e+00	6.0418460054e+00	6.0400716827e+00	5.9156507472e+00	5.9612433824e+00	6.1001449945e+00	6.2241169309e+00	5.8836411116e+00	5.9076904985e+00
93	6.1351183442e+00	6.0130699921e+00	6.0415587876e+00	6.0399455333e+00	5.9163226590e+00	5.9665400331e+00	6.0866761256e+00	6.2253525537e+00	5.8841814718e+00	5.9081401254e+00
94	6.1353207253e+00	6.0170465783e+00	6.0415551170e+00	6.0349829943e+00	5.9173863910e+00	5.9665854763e+00	6.0868701088e+00	6.2298746944e+00	5.8839007629e+00	5.9076734327e+00
95	6.1344989761e+00	6.0159704209e+00	6.0420991717e+00	6.0348513226e+00	5.9192941443e+00	5.9665350580e+00	6.0867622945e+00	6.2259347718e+00	5.8824617558e+00	5.9076133917e+00
96	6.1333114186e+00	6.0154114252e+00	6.0418428620e+00	6.0325463915e+00	5.9205372828e+00	5.9657302789e+00	6.0867457330e+00	6.2226058204e+00	5.8825613853e+00	5.9075638070e+00
97	6.1282793711e+00	6.0112084155e+00	6.0418993949e+00	6.0324932063e+00	5.9209191699e+00	5.9625846144e+00	6.0836702391e+00	6.2247174973e+00	5.8825427045e+00	5.9075865079e+00
98	6.1330524563e+00	6.0094210832e+00	6.0419092303e+00	6.0325405701e+00	5.9207625716e+00	5.9626538254e+00	6.0877717168e+00	6.2268643943e+00	5.8725980899e+00	5.9076961566e+00
99	6.1367113489e+00	6.0093362968e+00	6.0417390679e+00	6.0328142541e+00	5.9200712075e+00	5.9639865877e+00	6.0870877054e+00	6.2296466041e+00	5.8728452742e+00	5.9039095607e+00
