# gen	hv_mean	hv_std	hv_min	hv_max
1	3.1333488379e+00	1.9122522256e-01	2.6981152159e+00	3.3181875914e+00
2	3.5472538484e+00	2.2271117712e-01	3.1597005096e+00	3.8646614730e+00
3	3.8439656725e+00	1.9504278480e-01	3.4594806480e+00	4.1463315438e+00
4	4.1169501376e+00	1.8693928507e-01	3.8447656192e+00	4.3997920611e+00
5	4.3606592214e+00	1.0730755509e-01	4.1733446713e+00	4.5356521838e+00
6	4.4841467705e+00	1.5062337734e-01	4.1905184585e+00	4.6824935598e+00
7	4.6440927713e+00	1.6766906825e-01	4.3330121239e+00	4.8243743064e+00
8	4.7419176190e+00	1.4285086608e-01	4.5036372713e+00	4.9894912976e+00
9	4.8254943345e+00	1.7699356013e-01	4.5375426710e+00	5.0713489385e+00
10	4.9149511239e+00	1.9144122367e-01	4.5620468792e+00	5.1242355845e+00
11	4.9288449361e+00	2.0989225200e-01	4.6206488475e+00	5.2187579219e+00
12	5.0094778473e+00	2.1103050080e-01	4.7245243623e+00	5.3750484982e+00
13	5.0688472030e+00	2.1466732368e-01	4.7490775384e+00	5.4018456728e+00
14	5.1114065565e+00	2.0837266771e-01	4.7945362023e+00	5.4313881431e+00
15	5.1459728777e+00	2.1032554025e-01	4.8324942222e+00	5.4451184170e+00
16	5.1937137653e+00	2.0338104806e-01	4.8752981351e+00	5.4918111011e+00
17	5.2211830501e+00	2.0622094623e-01	4.8799754381e+00	5.5261407419e+00
18	5.2491156621e+00	2.0453588178e-01	4.8952566338e+00	5.5211683903e+00
19	5.3290042200e+00	2.4152002523e-01	4.9311830080e+00	5.5841392784e+00
20	5.3509897193e+00	2.4141519081e-01	4.9543814034e+00	5.6164835166e+00
21	5.3837281724e+00	2.3442117653e-01	4.9657354397e+00	5.6349654352e+00
22	5.4437921302e+00	2.0294066854e-01	4.9718848329e+00	5.6479394300e+00
23	5.4719728155e+00	1.9501239790e-01	4.9992171742e+00	5.6615657743e+00
24	5.4908878154e+00	1.9888329658e-01	5.0121989446e+00	5.6775359233e+00
25	5.5030726750e+00	2.0011883389e-01	5.0251906390e+00	5.6892957284e+00
26	5.5214355822e+00	1.9482609178e-01	5.0533144113e+00	5.6987893949e+00
27	5.5364581445e+00	1.9898347433e-01	5.0619311509e+00	5.7148769953e+00
28	5.5552403177e+00	1.8782020067e-01	5.1153416612e+00	5.7160926296e+00
29	5.5655892196e+00	1.8962597765e-01	5.1156920893e+00	5.7208151078e+00
30	5.5759709438e+00	1.9068775129e-01	5.1278164652e+00	5.7408541166e+00
31	5.5841163942e+00	1.9064547711e-01	5.1340714536e+00	5.7558242976e+00
32	5.6021267485e+00	1.8273828668e-01	5.1453163606e+00	5.7607223531e+00
33	5.6089519859e+00	1.8508322484e-01	5.1471866772e+00	5.7726201291e+00
34	5.6197252452e+00	1.8732808094e-01	5.1490453871e+00	5.7909532879e+00
35	5.6345860220e+00	1.6542610804e-01	5.2366231890e+00	5.7951694478e+00
36	5.6497583259e+00	1.7183282394e-01	5.2352673088e+00	5.7941874192e+00
37	5.6618712398e+00	1.7314219972e-01	5.2409002594e+00	5.8012983750e+00
38	5.6768264404e+00	1.7546412065e-01	5.2492852953e+00	5.8225876621e+00
39	5.6829198428e+00	1.7528109368e-01	5.2559353206e+00	5.8254745720e+00
40	5.6887534419e+00	1.7432399904e-01	5.2620545759e+00	5.8301241221e+00
41	5.6980594609e+00	1.7283531840e-01	5.2712885540e+00	5.8427663780e+00
42	5.7033244125e+00	1.7060863648e-01	5.2797401577e+00	5.8414357180e+00
43	5.7109388995e+00	1.6453608738e-01	5.3007039198e+00	5.8469598584e+00
44	5.7189543196e+00	1.5994052549e-01	5.3204874008e+00	5.8481588425e+00
45	5.7477562130e+00	1.6605479402e-01	5.3214941692e+00	5.8593873032e+00
46	5.7512902914e+00	1.6393187241e-01	5.3314495755e+00	5.8621978602e+00
47	5.7544900549e+00	1.6411603250e-01	5.3319181430e+00	5.8648539507e+00
48	5.7626246912e+00	1.5710553095e-01	5.3623194647e+00	5.8843324436e+00
49	5.7914759199e+00	1.5819854470e-01	5.3677516325e+00	5.8992869111e+00
50	5.7958224069e+00	1.5876828497e-01	5.3699093387e+00	5.9063809902e+00
51	5.7984579391e+00	1.5921494041e-01	5.3723525490e+00	5.9074381673e+00
52	5.8022978322e+00	1.5930121643e-01	5.3774972489e+00	5.9115300371e+00
53	5.8072650479e+00	1.6020669549e-01	5.3777783896e+00	5.9217382940e+00
54	5.8095918883e+00	1.6133050690e-01	5.3778463839e+00	5.9301038124e+00
55	5.8129446636e+00	1.5407250538e-01	5.4039555233e+00	5.9328914231e+00
56	5.8164991783e+00	1.5647298019e-01	5.4046646149e+00	5.9534140739e+00
57	5.8191120783e+00	1.5784035807e-01	5.4048641120e+00	5.9636761831e+00
58	5.8270690782e+00	1.4751287876e-01	5.4477831328e+00	5.9665964942e+00
59	5.8299860262e+00	1.4622208671e-01	5.4568588864e+00	5.9738325149e+00
60	5.8307347776e+00	1.4857535149e-01	5.4517761504e+00	5.9779710312e+00
61	5.8315725203e+00	1.4899720892e-01	5.4518659153e+00	5.9804366015e+00
62	5.8325376737e+00	1.4935175053e-01	5.4532118827e+00	5.9837344174e+00
63	5.8373934190e+00	1.3965718157e-01	5.4892877213e+00	5.9889092879e+00
64	5.8394961150e+00	1.4028106460e-01	5.4898689925e+00	5.9891343676e+00
65	5.8419887674e+00	1.4055820181e-01	5.4899061225e+00	5.9911160676e+00
66	5.8429319292e+00	1.4069067264e-01	5.4900126256e+00	5.9921043429e+00
67	5.8485881046e+00	1.3959598172e-01	5.4901135180e+00	5.9923491456e+00
68	5.8493984050e+00	1.3974322095e-01	5.4905741246e+00	5.9927893920e+00
69	5.8507491394e+00	1.3969658291e-01	5.4906089458e+00	5.9931500361e+00
70	5.8519993099e+00	1.4065726123e-01	5.4907160544e+00	6.0005238058e+00
71	5.8525362630e+00	1.4076587928e-01	5.4907463178e+00	6.0017662899e+00
72	5.8530725246e+00	1.4110621901e-01	5.4908907679e+00	6.0038069218e+00
73	5.8632541791e+00	1.1419579049e-01	5.5885919268e+00	6.0039832264e+00
74	5.8638366273e+00	1.1438152457e-01	5.5884727267e+00	6.0041158174e+00
75	5.8647297535e+00	1.1480507263e-01	5.5894314021e+00	6.0065710108e+00
76	5.8647967900e+00	1.1490814309e-01	5.5894439118e+00	6.0074979271e+00
77	5.8658235499e+00	1.1561551398e-01	5.5892706805e+00	6.0092064278e+00
78	5.8674346020e+00	1.1565475815e-01	5.5896441337e+00	6.0113244220e+00
79	5.8689024138e+00	1.1482431093e-01	5.5896805645e+00	6.0113354588e+00
80	5.8701790553e+00	1.1404361386e-01	5.5919996659e+00	6.0130227849e+00
81	5.8708925340e+00	1.1465565718e-01	5.5920061661e+00	6.0134249083e+00
82	5.8716706775e+00	1.1456498344e-01	5.5919791510e+00	6.0141117793e+00
83	5.8722019795e+00	1.1471126411e-01	5.5928354328e+00	6.0148662793e+00
84	5.8722148125e+00	1.1466561485e-01	5.5929475381e+00	6.0149293107e+00
85	5.8753033477e+00	1.1001241275e-01	5.6129578397e+00	6.0173065249e+00
86	5.8758032649e+00	1.0995894773e-01	5.6130821929e+00	6.0183503923e+00
87	5.8777155935e+00	1.0807094441e-01	5.6188947206e+00	6.0181688454e+00
88	5.8777890514e+00	1.0838923707e-01	5.6188941053e+00	6.0195846842e+00
89	5.8777958054e+00	1.0831814150e-01	5.6185679553e+00	6.0180887157e+00
90	5.8782225323e+00	1.0798172567e-01	5.6198818548e+00	6.0186695869e+00
91	5.8778758020e+00	1.0805677868e-01	5.6199058964e+00	6.0184769373e+00
92	5.8780338474e+00	1.0807951721e-01	5.6196758422e+00	6.0187901058e+00
93	5.8781921089e+00	1.0815784825e-01	5.6197600021e+00	6.0195760000e+00
94	5.8785491450e+00	1.0848050292e-01	5.6197438664e+00	6.0214193204e+00
95	5.8788694252e+00	1.0832690874e-01	5.6207415983e+00	6.0216051001e+00
96	5.8790825624e+00	1.0780906577e-01	5.6229659614e+00	6.0218979029e+00
97	5.9025846347e+00	6.1129658833e-02	5.8329899024e+00	6.0219994907e+00
98	5.9027711249e+00	6.1176123196e-02	5.8330986696e+00	6.0220317942e+00
99	5.9027452712e+00	6.1178061249e-02	5.8330886731e+00	6.0219638723e+00
100	5.9029916972e+00	6.1175667161e-02	5.8331369826e+00	6.0227915893e+00
