# gen	zdt3_all_popmp40g100_seed01.out	zdt3_all_popmp40g100_seed02.out	zdt3_all_popmp40g100_seed03.out	zdt3_all_popmp40g100_seed04.out	zdt3_all_popmp40g100_seed05.out	zdt3_all_popmp40g100_seed06.out	zdt3_all_popmp40g100_seed07.out	zdt3_all_popmp40g100_seed08.out	zdt3_all_popmp40g100_seed09.out	zdt3_all_popmp40g100_seed099.out
1	2.9944521816e+00	2.6981152159e+00	3.2049515438e+00	3.0874159254e+00	3.1348182208e+00	3.2569371332e+00	3.3112971958e+00	3.0407704275e+00	3.3181875914e+00	3.2865429439e+00
2	3.1597005096e+00	3.6145191773e+00	3.6470156042e+00	3.5306017616e+00	3.3959290230e+00	3.6460422938e+00	3.8313574508e+00	3.4881056694e+00	3.2946055215e+00	3.8646614730e+00
3	3.7188047624e+00	3.7552778413e+00	3.8343038721e+00	3.8241214788e+00	3.7531282207e+00	4.0274026260e+00	4.0314226205e+00	3.8893831118e+00	3.4594806480e+00	4.1463315438e+00
4	3.9558424576e+00	3.8595093527e+00	4.2246168447e+00	3.8447656192e+00	4.1439389872e+00	4.0286254734e+00	4.2725356120e+00	4.1834692261e+00	4.2564057420e+00	4.3997920611e+00
5	4.1733446713e+00	4.3307164229e+00	4.3831428173e+00	4.2304003122e+00	4.4373393443e+00	4.3186701458e+00	4.3317178522e+00	4.4145679166e+00	4.4510405478e+00	4.5356521838e+00
6	4.1905184585e+00	4.3685490558e+00	4.4488957326e+00	4.3533475708e+00	4.6340564100e+00	4.4802843556e+00	4.5657542782e+00	4.5012315321e+00	4.6163367518e+00	4.6824935598e+00
7	4.3330121239e+00	4.5838531086e+00	4.6042838257e+00	4.4004274118e+00	4.8243743064e+00	4.7687667501e+00	4.7904718714e+00	4.6532801001e+00	4.7814254121e+00	4.7010328032e+00
8	4.5838142454e+00	4.7196307331e+00	4.7451706654e+00	4.5036372713e+00	4.8860818146e+00	4.6482030896e+00	4.9894912976e+00	4.7209948195e+00	4.8271046085e+00	4.7950476449e+00
9	4.5375426710e+00	4.7886078209e+00	4.8555843824e+00	4.5485548975e+00	5.0713489385e+00	4.7764453204e+00	5.0341603136e+00	4.9348093334e+00	4.8611013374e+00	4.8467883295e+00
10	4.5620468792e+00	4.9341166257e+00	4.9221251415e+00	4.5963512824e+00	5.0913227693e+00	4.8951346418e+00	5.1242355845e+00	5.0350440048e+00	5.0167287275e+00	4.9724055824e+00
11	4.6601853735e+00	4.9270802702e+00	4.9591678641e+00	4.6696674454e+00	4.6206488475e+00	4.9894436194e+00	5.2187579219e+00	5.1321971149e+00	5.0548332719e+00	5.0564676324e+00
12	4.7641922804e+00	5.0309594739e+00	5.0062754751e+00	4.7518778153e+00	4.7245243623e+00	5.0316053560e+00	5.3750484982e+00	5.2178378666e+00	5.0934878555e+00	5.0989694892e+00
13	4.8171596511e+00	5.0820092017e+00	5.0560100866e+00	4.8377731823e+00	4.7490775384e+00	5.0474402799e+00	5.4018456728e+00	5.2632057195e+00	5.1823294376e+00	5.2516212601e+00
14	4.8144270721e+00	5.2040052011e+00	5.0987739749e+00	4.9477951935e+00	4.7945362023e+00	5.0756948321e+00	5.4313881431e+00	5.2991555328e+00	5.1899898314e+00	5.2582995818e+00
15	4.8610235167e+00	5.2357984039e+00	5.1430196459e+00	4.9208885401e+00	4.8324942222e+00	5.1430860333e+00	5.4451184170e+00	5.3407673606e+00	5.2346455912e+00	5.3028870458e+00
16	4.9619478378e+00	5.2651511438e+00	5.1718177418e+00	4.9691759050e+00	4.8752981351e+00	5.1939607851e+00	5.4918111011e+00	5.4177560851e+00	5.3229617034e+00	5.2672572143e+00
17	4.9861498483e+00	5.2570913734e+00	5.2448781672e+00	5.0100510050e+00	4.8799754381e+00	5.2683218286e+00	5.5261407419e+00	5.4596465561e+00	5.3294963558e+00	5.2500791867e+00
18	5.0329007733e+00	5.3144348163e+00	5.2663688444e+00	5.0161619476e+00	4.8952566338e+00	5.2868466847e+00	5.5211683903e+00	5.4826768324e+00	5.3424862173e+00	5.3328554808e+00
19	5.0439001873e+00	5.3459565196e+00	5.3731362328e+00	5.0505739117e+00	4.9311830080e+00	5.5841392784e+00	5.5760135291e+00	5.5671240390e+00	5.4799765846e+00	5.3380389092e+00
20	5.0750987328e+00	5.4009757982e+00	5.3769843602e+00	5.0574208465e+00	4.9543814034e+00	5.6164835166e+00	5.5990266702e+00	5.5683428580e+00	5.5007202550e+00	5.3604627524e+00
21	5.1559971566e+00	5.4211034993e+00	5.5168362370e+00	5.0892426372e+00	4.9657354397e+00	5.6349654352e+00	5.6170999710e+00	5.5505202728e+00	5.5127522412e+00	5.3730288336e+00
22	5.2474389071e+00	5.4419529828e+00	5.5245178356e+00	5.4928436370e+00	4.9718848329e+00	5.6479394300e+00	5.6360311000e+00	5.5637364354e+00	5.5157075738e+00	5.3958685675e+00
23	5.2979249424e+00	5.4530776591e+00	5.5325213130e+00	5.5269698403e+00	4.9992171742e+00	5.6615657743e+00	5.6479426538e+00	5.5783064815e+00	5.5197718649e+00	5.5024304517e+00
24	5.3034682358e+00	5.4723214566e+00	5.5469234939e+00	5.5507107932e+00	5.0121989446e+00	5.6775359233e+00	5.6664794917e+00	5.6085761682e+00	5.5596979930e+00	5.5109656532e+00
25	5.3006676702e+00	5.4904515650e+00	5.5764521417e+00	5.5537811299e+00	5.0251906390e+00	5.6892957284e+00	5.6790322471e+00	5.6131006758e+00	5.5681114475e+00	5.5346435053e+00
26	5.3314190522e+00	5.5113493289e+00	5.5779882851e+00	5.5760335026e+00	5.0533144113e+00	5.6987893949e+00	5.6982419540e+00	5.6361418435e+00	5.5783383750e+00	5.5527396746e+00
27	5.3317608537e+00	5.5171021852e+00	5.5932861064e+00	5.6021997672e+00	5.0619311509e+00	5.7066706217e+00	5.7148769953e+00	5.6509680157e+00	5.6159046737e+00	5.5698810755e+00
28	5.3508562875e+00	5.5284730930e+00	5.6293380303e+00	5.6042602252e+00	5.1153416612e+00	5.7160926296e+00	5.7150023976e+00	5.6753891545e+00	5.6405939233e+00	5.5770557750e+00
29	5.3646831090e+00	5.5428321443e+00	5.6410709904e+00	5.6165793310e+00	5.1156920893e+00	5.7208151078e+00	5.7191219086e+00	5.6988075820e+00	5.6415685405e+00	5.5947213934e+00
30	5.3754002538e+00	5.5460175457e+00	5.6449876223e+00	5.6132036474e+00	5.1278164652e+00	5.7386645752e+00	5.7408541166e+00	5.7146067616e+00	5.6467143945e+00	5.6114440562e+00
31	5.3905248969e+00	5.5580442324e+00	5.6468537261e+00	5.6079664852e+00	5.1340714536e+00	5.7420877668e+00	5.7558242976e+00	5.7303487945e+00	5.6507441194e+00	5.6246981698e+00
32	5.4782936047e+00	5.5712146174e+00	5.6832355274e+00	5.6138698930e+00	5.1453163606e+00	5.7509180071e+00	5.7607223531e+00	5.7380467508e+00	5.6509845700e+00	5.6286658005e+00
33	5.4841629716e+00	5.5752991845e+00	5.6975935594e+00	5.6193529203e+00	5.1471866772e+00	5.7531949405e+00	5.7726201291e+00	5.7503451885e+00	5.6557771499e+00	5.6339871381e+00
34	5.4925524632e+00	5.5977715266e+00	5.7077872021e+00	5.6224114161e+00	5.1490453871e+00	5.7575477042e+00	5.7909532879e+00	5.7522784893e+00	5.6724295557e+00	5.6544754201e+00
35	5.5016100386e+00	5.6124407001e+00	5.7176330958e+00	5.6245421369e+00	5.2366231890e+00	5.7624511239e+00	5.7951694478e+00	5.7718962511e+00	5.6735996444e+00	5.6498945926e+00
36	5.5117403222e+00	5.6201345555e+00	5.7285193886e+00	5.6292374804e+00	5.2352673088e+00	5.7656771260e+00	5.7941874192e+00	5.7739796982e+00	5.7824737322e+00	5.6563662278e+00
37	5.5155556494e+00	5.6641078874e+00	5.7476323685e+00	5.6327460822e+00	5.2409002594e+00	5.7790302798e+00	5.8012983750e+00	5.7768445101e+00	5.7903872917e+00	5.6702096948e+00
38	5.5203391233e+00	5.6730974733e+00	5.7621228148e+00	5.6473633906e+00	5.2492852953e+00	5.7898827513e+00	5.8225876621e+00	5.7854394237e+00	5.7929690008e+00	5.7251774684e+00
39	5.5265369895e+00	5.6844562323e+00	5.7721396283e+00	5.6481055864e+00	5.2559353206e+00	5.7956192808e+00	5.8254745720e+00	5.7972020700e+00	5.7936235814e+00	5.7301051669e+00
40	5.5394026051e+00	5.6844979843e+00	5.7763300475e+00	5.6571234871e+00	5.2620545759e+00	5.8052673424e+00	5.8301241221e+00	5.8029645991e+00	5.7983255798e+00	5.7314440754e+00
41	5.5594685538e+00	5.6923345538e+00	5.7887051552e+00	5.6659950240e+00	5.2712885540e+00	5.8109082401e+00	5.8427663780e+00	5.8103014912e+00	5.7991964893e+00	5.7396301693e+00
42	5.5699000523e+00	5.6963174019e+00	5.8038214373e+00	5.6736329444e+00	5.2797401577e+00	5.8109876959e+00	5.8414357180e+00	5.8128458979e+00	5.8000171381e+00	5.7445456817e+00
43	5.5860563583e+00	5.7022476076e+00	5.8060845144e+00	5.6865565969e+00	5.3007039198e+00	5.8130443558e+00	5.8469598584e+00	5.8176299967e+00	5.8024990346e+00	5.7476067530e+00
44	5.5947841013e+00	5.7316797914e+00	5.8119572326e+00	5.6873711844e+00	5.3204874008e+00	5.8139898233e+00	5.8481588425e+00	5.8300373888e+00	5.8051786479e+00	5.7458987830e+00
45	5.6320531646e+00	5.7339211402e+00	5.8593873032e+00	5.8407276514e+00	5.3214941692e+00	5.8186767293e+00	5.8522166435e+00	5.8500764530e+00	5.8210600908e+00	5.7479487845e+00
46	5.6439143887e+00	5.7226919234e+00	5.8621978602e+00	5.8501200888e+00	5.3314495755e+00	5.8205434093e+00	5.8530211618e+00	5.8569639187e+00	5.8210701186e+00	5.7509304686e+00
47	5.6515683790e+00	5.7300656733e+00	5.8648539507e+00	5.8490702221e+00	5.3319181430e+00	5.8234642149e+00	5.8559763757e+00	5.8633568936e+00	5.8223916555e+00	5.7522350415e+00
48	5.6595018822e+00	5.7393833355e+00	5.8843324436e+00	5.8489897756e+00	5.3623194647e+00	5.8243138974e+00	5.8588573880e+00	5.8673410402e+00	5.8283623350e+00	5.7528453496e+00
49	5.8992869111e+00	5.7420264779e+00	5.8917634673e+00	5.8492032974e+00	5.3677516325e+00	5.8306774158e+00	5.8680096919e+00	5.8816610660e+00	5.8290114194e+00	5.7553678195e+00
50	5.8991435716e+00	5.7540277442e+00	5.9063809902e+00	5.8513419110e+00	5.3699093387e+00	5.8366896405e+00	5.8723612089e+00	5.8817059454e+00	5.8308817842e+00	5.7557819342e+00
51	5.9007438714e+00	5.7553738856e+00	5.9074381673e+00	5.8533817411e+00	5.3723525490e+00	5.8388629869e+00	5.8763338932e+00	5.8925730271e+00	5.8309603063e+00	5.7565589627e+00
52	5.9074514416e+00	5.7584308446e+00	5.9115300371e+00	5.8538604726e+00	5.3774972489e+00	5.8391458288e+00	5.8809006596e+00	5.9032452936e+00	5.8311251698e+00	5.7597913256e+00
53	5.9217382940e+00	5.7829102780e+00	5.9137494352e+00	5.8565076963e+00	5.3777783896e+00	5.8409215924e+00	5.8836220958e+00	5.9045014196e+00	5.8299503036e+00	5.7609709743e+00
54	5.9301038124e+00	5.7838746282e+00	5.9156023991e+00	5.8581756181e+00	5.3778463839e+00	5.8477730223e+00	5.8845367976e+00	5.9054937875e+00	5.8311353661e+00	5.7613770679e+00
55	5.9328914231e+00	5.7840033402e+00	5.9170736675e+00	5.8587277447e+00	5.4039555233e+00	5.8484116099e+00	5.8851783876e+00	5.9065903929e+00	5.8310233126e+00	5.7615912340e+00
56	5.9534140739e+00	5.7847549603e+00	5.9189193016e+00	5.8606378592e+00	5.4046646149e+00	5.8505255460e+00	5.8853312184e+00	5.9138640250e+00	5.8308977078e+00	5.7619824757e+00
57	5.9636761831e+00	5.7850169570e+00	5.9224559890e+00	5.8633211495e+00	5.4048641120e+00	5.8543909106e+00	5.8867166165e+00	5.9140930500e+00	5.8316240962e+00	5.7649617189e+00
58	5.9665964942e+00	5.7858126326e+00	5.9347813017e+00	5.8723765271e+00	5.4477831328e+00	5.8585534431e+00	5.8882191423e+00	5.9195891392e+00	5.8319094673e+00	5.7650695020e+00
59	5.9738325149e+00	5.7857878002e+00	5.9382980759e+00	5.8724670696e+00	5.4568588864e+00	5.8640225464e+00	5.8896373013e+00	5.9206579479e+00	5.8321853806e+00	5.7661127392e+00
60	5.9779710312e+00	5.7865361881e+00	5.9414602002e+00	5.8725673152e+00	5.4517761504e+00	5.8652910772e+00	5.8897294703e+00	5.9234259029e+00	5.8322870112e+00	5.7663034293e+00
61	5.9804366015e+00	5.7865709547e+00	5.9423583733e+00	5.8732217042e+00	5.4518659153e+00	5.8696716411e+00	5.8897190942e+00	5.9230587708e+00	5.8322711934e+00	5.7665509549e+00
62	5.9837344174e+00	5.7866208026e+00	5.9428168140e+00	5.8745386456e+00	5.4532118827e+00	5.8710820404e+00	5.8903713237e+00	5.9256482789e+00	5.8316754625e+00	5.7656770688e+00
63	5.9889092879e+00	5.7871378263e+00	5.9429897137e+00	5.8748665517e+00	5.4892877213e+00	5.8719181852e+00	5.8901317613e+00	5.9261578293e+00	5.8317596889e+00	5.7707756243e+00
64	5.9891343676e+00	5.7871034921e+00	5.9445330807e+00	5.8901234617e+00	5.4898689925e+00	5.8721487558e+00	5.8906229374e+00	5.9278102595e+00	5.8319496090e+00	5.7716661937e+00
65	5.9911160676e+00	5.7871091650e+00	5.9451289111e+00	5.9001030795e+00	5.4899061225e+00	5.8727763651e+00	5.8905083526e+00	5.9291304244e+00	5.8320036549e+00	5.7821055318e+00
66	5.9921043429e+00	5.7869347809e+00	5.9451308991e+00	5.9024452409e+00	5.4900126256e+00	5.8722998128e+00	5.8905353796e+00	5.9311904541e+00	5.8321613618e+00	5.7865043942e+00
67	5.9923491456e+00	5.7872435632e+00	5.9483520573e+00	5.9026033555e+00	5.4901135180e+00	5.8737088429e+00	5.8904365906e+00	5.9311423795e+00	5.8327589452e+00	5.8371726477e+00
68	5.9927893920e+00	5.7875746828e+00	5.9494683479e+00	5.9052870692e+00	5.4905741246e+00	5.8743205916e+00	5.8900002671e+00	5.9320894680e+00	5.8339067010e+00	5.8379734063e+00
69	5.9931500361e+00	5.7892197264e+00	5.9498760653e+00	5.9052302032e+00	5.4906089458e+00	5.8756869964e+00	5.8905387897e+00	5.9318667110e+00	5.8340175668e+00	5.8472963531e+00
70	6.0005238058e+00	5.7894922094e+00	5.9495086663e+00	5.9067093336e+00	5.4907160544e+00	5.8793005747e+00	5.8905931766e+00	5.9325037810e+00	5.8340709040e+00	5.8465745932e+00
71	6.0017662899e+00	5.7892096186e+00	5.9487795909e+00	5.9064482527e+00	5.4907463178e+00	5.8798472147e+00	5.8905647776e+00	5.9328971683e+00	5.8340408026e+00	5.8510625971e+00
72	6.0038069218e+00	5.7894847158e+00	5.9499716140e+00	5.9069079226e+00	5.4908907679e+00	5.8801363499e+00	5.8914462089e+00	5.9330980610e+00	5.8341814275e+00	5.8508012565e+00
73	6.0039832264e+00	5.7893419066e+00	5.9510385874e+00	5.9072099871e+00	5.5885919268e+00	5.8807099605e+00	5.8923222458e+00	5.9332753100e+00	5.8343582291e+00	5.8517104113e+00
74	6.0041158174e+00	5.7895853025e+00	5.9511328133e+00	5.9080307006e+00	5.5884727267e+00	5.8819422020e+00	5.8953049588e+00	5.9333700173e+00	5.8344464854e+00	5.8519652493e+00
75	6.0065710108e+00	5.7894601082e+00	5.9519980394e+00	5.9082003348e+00	5.5894314021e+00	5.8831332040e+00	5.8951601416e+00	5.9368453331e+00	5.8344582601e+00	5.8520397007e+00
76	6.0074979271e+00	5.7893168764e+00	5.9520207623e+00	5.9082693826e+00	5.5894439118e+00	5.8833586514e+00	5.8941091012e+00	5.9368196885e+00	5.8344981942e+00	5.8526334041e+00
77	6.0092064278e+00	5.7894840924e+00	5.9556133231e+00	5.9082589276e+00	5.5892706805e+00	5.8834365100e+00	5.8985338438e+00	5.9368749042e+00	5.8345248920e+00	5.8530318976e+00
78	6.0113244220e+00	5.7893916538e+00	5.9559876640e+00	5.9074067216e+00	5.5896441337e+00	5.8836192819e+00	5.9018278979e+00	5.9368966819e+00	5.8445482622e+00	5.8536993005e+00
79	6.0113354588e+00	5.8021746552e+00	5.9564687344e+00	5.9074260206e+00	5.5896805645e+00	5.8838383542e+00	5.9023063807e+00	5.9371522213e+00	5.8447794816e+00	5.8538622666e+00
80	6.0130227849e+00	5.8090526063e+00	5.9562008910e+00	5.9088003583e+00	5.5919996659e+00	5.8839797050e+00	5.9023134066e+00	5.9373790029e+00	5.8447675141e+00	5.8542746183e+00
81	6.0134249083e+00	5.8087737964e+00	5.9611414551e+00	5.9088003062e+00	5.5920061661e+00	5.8844818804e+00	5.9021762995e+00	5.9390832632e+00	5.8443911635e+00	5.8546461013e+00
82	6.0141117793e+00	5.8136033585e+00	5.9612352962e+00	5.9086676450e+00	5.5919791510e+00	5.8849875371e+00	5.9025054313e+00	5.9402306908e+00	5.8445766216e+00	5.8548092642e+00
83	6.0148662793e+00	5.8137294630e+00	5.9642903098e+00	5.9089295417e+00	5.5928354328e+00	5.8849816917e+00	5.9025787838e+00	5.9402807767e+00	5.8445991619e+00	5.8549283541e+00
84	6.0149293107e+00	5.8137550051e+00	5.9642504588e+00	5.9084651392e+00	5.5929475381e+00	5.8851131699e+00	5.9026386198e+00	5.9402674217e+00	5.8446882066e+00	5.8550932549e+00
85	6.0173065249e+00	5.8146079582e+00	5.9644020395e+00	5.9086384350e+00	5.6129578397e+00	5.8863014067e+00	5.9031162002e+00	5.9457711968e+00	5.8446472447e+00	5.8552846311e+00
86	6.0183503923e+00	5.8173386379e+00	5.9643481140e+00	5.9086061478e+00	5.6130821929e+00	5.8863075699e+00	5.9036521815e+00	5.9457528415e+00	5.8447116500e+00	5.8558829216e+00
87	6.0181688454e+00	5.8270856204e+00	5.9669575260e+00	5.9089044948e+00	5.6188947206e+00	5.8863275750e+00	5.9036486534e+00	5.9457722315e+00	5.8452184119e+00	5.8561778559e+00
88	6.0195846842e+00	5.8248602006e+00	5.9664100281e+00	5.9088369942e+00	5.6188941053e+00	5.8878072176e+00	5.9041469589e+00	5.9460237272e+00	5.8452023695e+00	5.8561242285e+00
89	6.0180887157e+00	5.8252975812e+00	5.9664265573e+00	5.9089391957e+00	5.6185679553e+00	5.8878546495e+00	5.9040381681e+00	5.9472320452e+00	5.8453094273e+00	5.8562037591e+00
90	6.0186695869e+00	5.8272546276e+00	5.9667787625e+00	5.9088952273e+00	5.6198818548e+00	5.8878728789e+00	5.9040887052e+00	5.9472358721e+00	5.8451807868e+00	5.8563670211e+00
91	6.0184769373e+00	5.8253176411e+00	5.9670274021e+00	5.9086560480e+00	5.6199058964e+00	5.8863674448e+00	5.9040430774e+00	5.9473533051e+00	5.8452434873e+00	5.8563667804e+00
92	6.0187901058e+00	5.8270866574e+00	5.9667403214e+00	5.9086238833e+00	5.6196758422e+00	5.8864323354e+00	5.9043618147e+00	5.9475779417e+00	5.8452486234e+00	5.8558009483e+00
93	6.0195760000e+00	5.8274539623e+00	5.9668398315e+00	5.9087061081e+00	5.6197600021e+00	5.8865017897e+00	5.9044124758e+00	5.9475072888e+00	5.8452511884e+00	5.8559124427e+00
94	6.0214193204e+00	5.8274799535e+00	5.9668845509e+00	5.9087656215e+00	5.6197438664e+00	5.8867131857e+00	5.9050678761e+00	5.9479797422e+00	5.8454129557e+00	5.8560243779e+00
95	6.0216051001e+00	5.8275135256e+00	5.9673239067e+00	5.9098933873e+00	5.6207415983e+00	5.8871095248e+00	5.9052551650e+00	5.9479760120e+00	5.8455851569e+00	5.8556908750e+00
96	6.0218979029e+00	5.8271630484e+00	5.9672920874e+00	5.9097667925e+00	5.6229659614e+00	5.8872290422e+00	5.9052189140e+00	5.9481448318e+00	5.8455467391e+00	5.8556003041e+00
97	6.0219994907e+00	5.8329899024e+00	5.9674780968e+00	5.9094175227e+00	5.8522988150e+00	5.8872482454e+00	5.9052382805e+00	5.9478846166e+00	5.8455454252e+00	5.8557459519e+00
98	6.0220317942e+00	5.8330986696e+00	5.9675708927e+00	5.9094115713e+00	5.8522922817e+00	5.8877636382e+00	5.9058707834e+00	5.9484505753e+00	5.8455517064e+00	5.8556693357e+00
99	6.0219638723e+00	5.8330886731e+00	5.9675591336e+00	5.9093458182e+00	5.8522779880e+00	5.8875104576e+00	5.9060665433e+00	5.9484764795e+00	5.8454919075e+00	5.8556718394e+00
100	6.0227915893e+00	5.8331369826e+00	5.9676249232e+00	5.9095032533e+00	5.8543076544e+00	5.8875888556e+00	5.9049595598e+00	5.9486996571e+00	5.8455876050e+00	5.8557168913e+00
